6.839891875356215678e+02
6.761066627441106220e+02
6.765651068418642353e+02
5.211312069916667724e+02
5.099535442106396204e+02
5.038197315928236435e+02
5.045493251916893200e+02
5.041538342260134868e+02
4.987936767841000574e+02
4.940800834001610156e+02
3.348198177449369837e+02
3.328979047826306896e+02
3.303559617111585567e+02
3.298569568433805443e+02
3.299906371055287195e+02
3.251345429362777963e+02
2.522256108167889010e+02
1.646358237344176700e+02
1.662466798601807056e+02
1.623843504758328606e+02
1.636247754942214385e+02
1.603170875622633957e+02
1.586499414024739565e+02
2.335926327417330028e-01
1.564051416218678048e-01
1.253353515865151535e-01
1.069296973373420473e-01
9.426308186109823295e-02
8.480727541914827305e-02
7.737752722420580820e-02
7.133050562377425685e-02
6.628069347069125150e-02
6.198010663500052447e-02
5.826047027114141658e-02
5.500272830056059103e-02
5.211977665518723046e-02
4.954611294250650666e-02
4.723133712587988114e-02
4.513590950823588577e-02
4.322829002011546046e-02
4.148295424190682340e-02
3.987898368952198097e-02
3.839904267958912931e-02
3.702862175572093489e-02
3.575546886559628768e-02
3.456915530582902601e-02
3.346074005852957278e-02
3.242250706901053658e-02
3.144775735108471665e-02
3.053064282788821651e-02
