5.925783106753616802e-03
6.798464415563141780e-03
7.700612631148301065e-03
1.105307511866326572e-02
2.433793948835803397e-02
3.056645081930327995e-02
2.115371264622751754e-02
1.534714962310896290e-02
1.392251124928981995e-02
1.635900320008941769e-02
2.278963816734707118e-02
3.041180697014462392e-02
3.421736176299722959e-02
3.577171410431496945e-02
4.213021643722538595e-02
5.449747850369692642e-02
6.341704564357664164e-02
6.383888577593244129e-02
6.271936184349949372e-02
6.699410602086569577e-02
7.795736992868811110e-02
9.019135201615852138e-02
9.623868819075609427e-02
9.772330523095798527e-02
1.044999106305774528e-01
1.206754610069279282e-01
1.349707633217867853e-01
1.378050066212046787e-01
1.363255703071882541e-01
1.411049362974750865e-01
1.546121518022231800e-01
1.697491960409139855e-01
1.773025949293277892e-01
1.785677430579744318e-01
1.846034990571722156e-01
2.018322224364051676e-01
2.194950137497334308e-01
2.245018574249802168e-01
2.226103353794122441e-01
2.268669784336452278e-01
2.411815900327096140e-01
2.576751995044697652e-01
2.659967473170018470e-01
2.669224155265388365e-01
2.717319858095539886e-01
2.881412371710893039e-01
3.070189829353889843e-01
3.136804251596075899e-01
3.115701493731655169e-01
3.147461347826099320e-01
