1.511182864536811214e-02
2.556941757187685890e-02
1.272903034531931155e-01
1.344411159721526587e+02
1.681484756372115612e+02
1.236171256375786669e+02
6.014520507300152730e+01
1.599918413378247917e-01
9.267765667015515074e-02
8.706149152847804384e-02
9.933909433810741985e-02
1.158478125670848874e-01
1.260437285815522723e-01
1.302095750972867283e-01
1.409724501374717553e-01
1.841049202752012282e-01
2.123714913023800888e-01
2.060595011234885032e-01
1.957510103143011992e-01
2.002278236148497259e-01
2.201993376393617807e-01
2.431307889841433367e-01
2.555584211961714480e-01
2.584919347754501273e-01
2.658508555306777210e-01
2.973243724199544635e-01
3.336366474517247216e-01
3.387454217642639209e-01
3.296011036107784342e-01
3.327022856759396796e-01
3.528202920480384419e-01
3.764613775722341349e-01
3.885902083737204360e-01
3.900373428156486688e-01
3.945626777062590240e-01
4.180142430048059965e-01
4.510347397609655862e-01
4.616830833449281357e-01
4.540978000916253143e-01
4.547474252922020788e-01
4.723129850061960067e-01
4.943369460377460278e-01
5.054269562336376476e-01
5.056714432203520682e-01
5.078549632662323621e-01
5.252405451599930775e-01
5.525305381457912279e-01
5.645252760286048055e-01
5.587344214086064076e-01
5.574176794393483902e-01
