-9.108955592040945959e-05
9.153691032048882903e-05
2.748880461878044912e-04
4.589132988175315120e-04
6.435627888983219691e-04
8.287874044439202947e-04
1.014538894947847325e-03
1.200769964417203184e-03
1.387434363124384618e-03
1.574486977966804702e-03
1.761883921306495182e-03
1.949582618133050005e-03
2.137541891457095389e-03
2.325722045774858415e-03
2.514084948495698413e-03
2.702594109203815265e-03
2.891214756631343974e-03
3.079913913211829168e-03
3.268660467120820812e-03
3.457425241656153503e-03
3.646181061871756057e-03
3.834902818336427543e-03
4.023567527923654907e-03
4.212154391517008989e-03
4.400644848545853804e-03
4.589022628238792478e-03
4.777273797523573506e-03
4.965386805463101183e-03
5.153352524167154058e-03
5.341164286087662916e-03
5.528817917628936485e-03
5.716311769007775823e-03
5.903646740301526918e-03
6.090826303618568360e-03
6.277856521358371467e-03
6.464746060494741542e-03
6.651506202865808959e-03
6.838150851412816422e-03
7.024696532372365354e-03
7.211162393369496826e-03
7.397570197421821092e-03
7.583944312839596691e-03
7.770311699020204799e-03
7.956701888139905421e-03
8.143146962770408948e-03
8.329681529417820585e-03
8.516342688033251562e-03
8.703169997504200950e-03
8.890205437189990789e-03
9.077493364525901498e-03
9.265080468760178434e-03
9.453015720883861661e-03
9.641350319807173719e-03
9.830137634857738504e-03
1.001943314469211366e-02
1.020929437267015238e-02
1.039978081881898220e-02
1.059095388844344399e-02
1.078287681751288751e-02
1.097561459489893032e-02
1.116923388159962727e-02
1.136380292703620398e-02
1.155939148256646121e-02
1.175607071230500011e-02
1.195391310140370145e-02
1.215299236190192644e-02
1.235338333627855611e-02
1.255516189885641509e-02
1.275840485516588352e-02
1.296318983943911540e-02
1.316959521034788416e-02
1.337769994514981242e-02
1.358758353236577676e-02
1.379932586315235632e-02
1.401300712150521655e-02
1.422870767343797915e-02
1.444650795528579224e-02
1.466648836129413880e-02
1.488872913060368397e-02
1.511331023382567196e-02
1.534031125930512829e-02
1.556981129925394391e-02
1.580188883587352322e-02
1.603662162761843035e-02
1.627408659574225425e-02
1.651435971125958524e-02
1.675751588246177093e-02
1.700362884312411893e-02
1.725277104152422858e-02
1.750501353043554253e-02
1.776042585816295372e-02
1.801907596081586682e-02
1.828103005588177510e-02
1.854635253725556154e-02
1.881510587181911554e-02
1.908735049770937664e-02
1.936314472435052281e-02
1.964254463439529808e-02
1.992560398764520180e-02
2.021237412708387637e-02
2.050290388709608003e-02
2.079723950397793786e-02
2.109542452883306218e-02
2.139749974295024337e-02
2.170350307572599391e-02
2.201346952524496636e-02
2.232743108158397050e-02
2.264541665291308625e-02
2.296745199449801156e-02
2.329355964063739570e-02
2.362375883964062950e-02
2.395806549189383183e-02
2.429649209109974173e-02
2.463904766874325247e-02
2.498573774183543428e-02
2.533656426403374518e-02
2.569152558015663779e-02
2.605061638417272007e-02
2.641382768072020326e-02
2.678114675019660496e-02
2.715255711749309242e-02
2.752803852440344201e-02
2.790756690576445820e-02
2.829111436939690805e-02
2.867864917985141204e-02
2.907013574605143980e-02
2.946553461284739939e-02
2.986480245653821974e-02
3.026789208440416878e-02
3.067475243828199361e-02
3.108532860223500727e-02
3.149956181435809022e-02
3.191738948273892262e-02
3.233874520562629584e-02
3.276355879584458286e-02
3.319175630947546196e-02
3.362326007884774981e-02
3.405798874985599412e-02
3.449585732366178270e-02
3.493677720277466037e-02
3.538065624154884681e-02
3.582739880113683384e-02
3.627690580888831562e-02
3.672907482224507802e-02
3.718380009712030088e-02
3.764097266078869630e-02
3.810048038930968772e-02
3.856220808945454159e-02
3.902603758517630972e-02
3.949184780860570676e-02
3.995951489556004432e-02
4.042891228558032068e-02
4.089991082645383358e-02
4.137237888321743107e-02
4.184618245163784778e-02
4.232118527608363934e-02
4.279724897182446419e-02
4.327423315165734863e-02
4.375199555685238550e-02
4.423039219233726449e-02
4.470927746608133191e-02
4.518850433259258281e-02
4.566792444047140798e-02
4.614738828391895531e-02
4.662674535812727505e-02
4.710584431843978237e-02
4.758453314318389360e-02
4.806265930004860465e-02
4.854006991589665532e-02
4.901661194987427805e-02
4.949213236966243379e-02
4.996647833073608602e-02
5.043949735846342541e-02
5.091103753286363442e-02
5.138094767587486622e-02
5.184907754088818876e-02
5.231527800441582166e-02
5.277940125962099494e-02
5.324130101153778938e-02
5.370083267373226832e-02
5.415785356615754331e-02
5.461222311399316354e-02
5.506380304715929874e-02
5.551245760031053855e-02
5.595805371295270447e-02
5.640046122949704532e-02
5.683955309888011342e-02
5.727520557349885522e-02
5.770729840715516090e-02
5.813571505168546594e-02
5.856034285197209144e-02
5.898107323902190835e-02
5.939780192076660192e-02
5.981042907027589450e-02
6.021885951105176993e-02
6.062300289904798412e-02
6.102277390110444344e-02
6.141809236944095751e-02
6.180888351188085217e-02
6.219507805746760098e-02
6.257661241714052025e-02
6.295294100143800087e-02
6.332357641930097536e-02
6.368854159922587854e-02
6.404786536880702208e-02
6.440158243251903336e-02
6.474973334231259869e-02
6.509236446110033825e-02
6.542952791906309074e-02
6.576128156290517168e-02
6.608768889805349822e-02
6.640881902391715386e-02
6.672474656223048584e-02
6.703555157863028136e-02
6.734131949753763280e-02
6.764214101046461813e-02
6.793811197791432832e-02
6.822933332494951486e-02
6.851591093067233018e-02
6.879795551169642920e-02
6.907558249984036003e-02
6.934891191423342427e-02
6.961806822798610739e-02
6.988318022968598164e-02
7.014438087989827153e-02
7.040180716291133400e-02
7.065559993396086647e-02
7.090590376215022417e-02
7.115286676934839960e-02
7.139664046528815255e-02
7.163737957911897603e-02
7.187524188770333389e-02
7.211038804089575649e-02
7.234298138407457834e-02
7.257318777820187528e-02
7.280117541769115519e-02
7.302711464632993810e-02
7.325117777155831789e-02
7.347353887735552647e-02
7.369437363601494262e-02
7.391385911907777384e-02
7.413217360767276887e-02
7.434949640257149106e-02
7.456600763416254551e-02
7.478188807264274374e-02
7.499731893866168342e-02
7.521248171466976551e-02
7.542755795720368361e-02
7.564272911035141433e-02
7.585817632063918126e-02
7.607408025351092284e-02
7.629062091168559157e-02
7.650797745554682727e-02
7.672632802578194244e-02
7.694584956846628465e-02
7.716671766274907363e-02
7.738910635136431182e-02
7.761318797407890102e-02
7.783913300426159587e-02
7.806710988872800350e-02
7.829728489097020905e-02
7.852982193793622834e-02
7.876488247044743929e-02
7.900262529739587869e-02
7.924320645379756556e-02
7.948677906281420569e-02
7.973349320182498978e-02
7.998349577261021359e-02
8.023693037575196918e-02
8.049393718926878272e-02
8.075465285156613326e-02
8.101921034874859373e-02
8.128773890630558441e-02
8.156036388523113523e-02
8.183720668259497621e-02
8.211838463655873888e-02
8.240401093588900494e-02
8.269419453392989894e-02
8.298904006707497061e-02
8.328864777769662275e-02
8.359311344155329060e-02
8.390252829963507075e-02
8.421697899445046431e-02
8.453654751070049933e-02
8.486131112035932844e-02
8.519134233207759088e-02
8.552670884492408199e-02
8.586747350638712639e-02
8.621369427463410062e-02
8.656542418496893099e-02
8.692271132044870896e-02
8.728559878661013016e-02
8.765412469028466269e-02
8.802832212242450716e-02
8.840821914491447941e-02
8.879383878132629526e-02
8.918519901154531304e-02
8.958231277024197858e-02
8.998518794915066898e-02
9.039382740306867170e-02
9.080822895957929575e-02
9.122838543241784670e-02
9.165428463845581852e-02
9.208590941824756904e-02
9.252323766009928896e-02
9.296624232762318307e-02
9.341489149073889386e-02
9.386914836006776675e-02
9.432897132470108303e-02
9.479431399328697161e-02
9.526512523841046409e-02
9.574134924424271276e-02
9.622292555739631048e-02
9.670978914097383417e-02
9.720187043179562281e-02
9.769909540073440368e-02
9.820138561616231776e-02
9.870865831046793382e-02
9.922082644961993658e-02
9.973779880574218382e-02
1.002594800326876978e-01
1.007857707445740658e-01
1.013165675972564905e-01
1.018517633727218374e-01
1.023912470663517205e-01
1.029349039770801610e-01
1.034826158003425700e-01
1.040342607238742278e-01
1.045897135262556787e-01
1.051488456782405656e-01
1.057115254467642096e-01
1.062776180016828942e-01
1.068469855251321654e-01
1.074194873235443382e-01
1.079949799422081913e-01
1.085733172824117077e-01
1.091543507210599451e-01
1.097379292327700373e-01
1.103238995143860368e-01
1.109121061118134577e-01
1.115023915492299178e-01
1.120945964604951328e-01
1.126885597227871294e-01
1.132841185923421090e-01
1.138811088422977402e-01
1.144793649024804516e-01
1.150787200011562650e-01
1.156790063085832987e-01
1.162800550823381851e-01
1.168816968142964985e-01
1.174837613791996915e-01
1.180860781846679863e-01
1.186884763226208062e-01
1.192907847219306650e-01
1.198928323022487863e-01
1.204944481288432456e-01
1.210954615683801361e-01
1.216957024454636827e-01
1.222950011998396036e-01
1.228931890441262720e-01
1.234900981219000382e-01
1.240855616660336835e-01
1.246794141570966019e-01
1.252714914817016911e-01
1.258616310905882330e-01
1.264496721563372894e-01
1.270354557305120036e-01
1.276188249000509423e-01
1.281996249427737045e-01
1.287777034817838562e-01
1.293529106386164251e-01
1.299250991849132397e-01
1.304941246924995468e-01
1.310598456815939006e-01
1.316221237670356370e-01
1.321808238022896820e-01
1.327358140210650461e-01
1.332869661763342872e-01
1.338341556765858531e-01
1.343772617190774898e-01
1.349161674199479410e-01
1.354507599409355834e-01
1.359809306125936423e-01
1.365065750537304279e-01
1.370275932869324809e-01
1.375438898499921070e-01
1.380553739030552229e-01
1.385619593312807929e-01
1.390635648428899529e-01
1.395601140624109782e-01
1.400515356189468985e-01
1.405377632293456358e-01
1.410187357760717131e-01
1.414943973796933818e-01
1.419646974658028693e-01
1.424295908262502852e-01
1.428890376745854951e-01
1.433430036955765097e-01
1.437914600887071348e-01
1.442343836055475226e-01
1.446717565809361172e-01
1.451035669578362164e-01
1.455298083058975678e-01
1.459504798335444775e-01
1.463655863936519363e-01
1.467751384826876393e-01
1.471791522333556479e-01
1.475776494006850736e-01
1.479706573415859872e-01
1.483582089878332511e-01
1.487403428125879667e-01
1.491171027903492874e-01
1.494885383505266674e-01
1.498547043245506138e-01
1.502156608866787035e-01
1.505714734885061912e-01
1.509222127873124375e-01
1.512679545683082161e-01
1.516087796608900362e-01
1.519447738490344868e-01
1.522760277759369618e-01
1.526026368430479785e-01
1.529247011036396486e-01
1.532423251510537376e-01
1.535556180018122774e-01
1.538646929737190749e-01
1.541696675591963661e-01
1.544706632939787383e-01
1.547678056213952491e-01
1.550612237524222614e-01
1.553510505217177151e-01
1.556374222398551055e-01
1.559204785419638917e-01
1.562003622329930508e-01
1.564772191298535731e-01
1.567511979006055434e-01
1.570224499010068886e-01
1.572911290085745595e-01
1.575573914544465826e-01
1.578213956532690254e-01
1.580833020313436865e-01
1.583432728532543354e-01
1.586014720472588291e-01
1.588580650296371743e-01
1.591132185282480016e-01
1.593671004055359219e-01
1.596198794812151434e-01
1.598717253548447292e-01
1.601228082285435228e-01
1.603732987300681145e-01
1.606233677364403700e-01
1.608731861983727640e-01
1.611229249656973561e-01
1.613727546139724911e-01
1.616228452725034792e-01
1.618733664539575567e-01
1.621244868857405486e-01
1.623763743433541684e-01
1.626291954858760658e-01
1.628831156937453617e-01
1.631382989090182090e-01
1.633949074782334865e-01
1.636531019980618229e-01
1.639130411638503038e-01
1.641748816211998641e-01
1.644387778207405670e-01
1.647048818761596145e-01
1.649733434256597242e-01
1.652443094968876203e-01
1.655179243754967278e-01
1.657943294773711607e-01
1.660736632246584410e-01
1.663560609256053979e-01
1.666416546583693314e-01
1.669305731587751307e-01
1.672229417121293693e-01
1.675188820491144703e-01
1.678185122458379919e-01
1.681219466280381436e-01
1.684292956794992691e-01
1.687406659546986099e-01
1.690561599957227656e-01
1.693758762534363083e-01
1.696999090129458487e-01
1.700283483233422377e-01
1.703612799317537618e-01
1.706987852216654833e-01
1.710409411555560144e-01
1.713878202217755664e-01
1.717394903857094590e-01
1.720960150451853465e-01
1.724574529901088393e-01
1.728238583662926597e-01
1.731952806434846615e-01
1.735717645875529680e-01
1.739533502367665019e-01
1.743400728822226409e-01
1.747319630522732314e-01
1.751290465010524322e-01
1.755313442009251990e-01
1.759388723389452291e-01
1.763516423172029057e-01
1.767696607570683476e-01
1.771929295072549593e-01
1.776214456557017041e-01
1.780552015452039338e-01
1.784941847927628000e-01
1.789383783126139438e-01
1.793877603428757350e-01
1.798423044758106215e-01
1.803019796916147666e-01
1.807667503957304245e-01
1.812365764596082229e-01
1.817114132649075842e-01
1.821912117510464668e-01
1.826759184661357338e-01
1.831654756211507085e-01
1.836598211474056441e-01
1.841588887571898869e-01
1.846626080076123610e-01
1.851709043675333621e-01
1.856836992875989800e-01
1.862009102732999910e-01
1.867224509610256877e-01
1.872482311970533608e-01
1.877781571194736543e-01
1.883121312429298921e-01
1.888500525461973556e-01
1.893918165625225747e-01
1.899373154726693436e-01
1.904864382006372647e-01
1.910390705119977550e-01
1.915950951148028825e-01
1.921543917630001985e-01
1.927168373622996089e-01
1.932823060784720770e-01
1.938506694479451564e-01
1.944217964907561935e-01
1.949955538256598064e-01
1.955718057874462623e-01
1.961504145463366378e-01
1.967312402294105755e-01
1.973141410440015786e-01
1.978989734029583669e-01
1.984855920517503147e-01
1.990738501972608709e-01
1.996635996382818412e-01
2.002546908975315620e-01
2.008469733551971892e-01
2.014402953838176913e-01
2.020345044845179849e-01
2.026294474244150212e-01
2.032249703751287662e-01
2.038209190522950465e-01
2.044171388559994362e-01
2.050134750119532168e-01
2.056097727133818776e-01
2.062058772634469683e-01
2.068016342181495659e-01
2.073968895294890924e-01
2.079914896888717113e-01
2.085852818705817846e-01
2.091781140751534096e-01
2.097698352725883009e-01
2.103602955452190670e-01
2.109493462301148536e-01
2.115368400608601540e-01
2.121226313085979864e-01
2.127065759221684615e-01
2.132885316671859766e-01
2.138683582639502312e-01
2.144459175239834536e-01
2.150210734850790395e-01
2.155936925447177188e-01
2.161636435916411969e-01
2.167307981355142132e-01
2.172950304344252181e-01
2.178562176201630507e-01
2.184142398210311420e-01
2.189689802821079834e-01
2.195203254827902128e-01
2.200681652514060449e-01
2.206123928768326525e-01
2.211529052169376452e-01
2.216896028036521304e-01
2.222223899446071904e-01
2.227511748211243869e-01
2.232758695824759165e-01
2.237963904362432199e-01
2.243126577346159500e-01
2.248245960566197521e-01
2.253321342859928578e-01
2.258352056846983924e-01
2.263337479619242920e-01
2.268277033384777930e-01
2.273170186064252807e-01
2.278016451839557366e-01
2.282815391652868175e-01
2.287566613656246695e-01
2.292269773610049466e-01
2.296924575230063770e-01
2.301530770482618227e-01
2.306088159826913397e-01
2.310596592403879601e-01
2.315055966172197000e-01
2.319466227989497309e-01
2.323827373639815175e-01
2.328139447806660822e-01
2.332402543991392019e-01
2.336616804377142920e-01
2.340782419638374190e-01
2.344899628696033300e-01
2.348968718418609214e-01
2.352990023269545539e-01
2.356963924901187557e-01
2.360890851695960357e-01
2.364771278254937936e-01
2.368605724835357584e-01
2.372394756736362353e-01
2.376138983635542878e-01
2.379839058875403701e-01
2.383495678701943454e-01
2.387109581456205998e-01
2.390681546719160000e-01
2.394212394411956435e-01
2.397702983852467717e-01
2.401154212769318619e-01
2.404567016274787861e-01
2.407942365798345641e-01
2.411281267981926213e-01
2.414584763538520917e-01
2.417853926075863580e-01
2.421089860886826983e-01
2.424293703707893766e-01
2.427466619447951057e-01
2.430609800888590133e-01
2.433724467357964993e-01
2.436811863380385912e-01
2.439873257302271892e-01
2.442909939898232352e-01
2.445923222957024912e-01
2.448914437851144044e-01
2.451884934090331480e-01
2.454836077862241339e-01
2.457769250561221419e-01
2.460685847307595431e-01
2.463587275459226955e-01
2.466474953116826185e-01
2.469350307625970409e-01
2.472214774075971455e-01
2.475069793799424822e-01
2.477916812872367203e-01
2.480757280618155480e-01
2.483592648116221824e-01
2.486424366717492340e-01
2.489253886568110197e-01
2.492082655143554870e-01
2.494912115793992413e-01
2.497743706303330313e-01
2.500578857462374405e-01
2.503418991659012161e-01
2.506265521485531167e-01
2.509119848365246597e-01
2.511983361199610076e-01
2.514857435036859101e-01
2.517743429763845686e-01
2.520642688821843613e-01
2.523556537947893030e-01
2.526486283942428468e-01
2.529433213464160612e-01
2.532398591853812775e-01
2.535383661986987391e-01
2.538389643156997444e-01
2.541417729989279284e-01
2.544469091387406845e-01
2.547544869511459975e-01
2.550646178790008101e-01
2.553774104965602643e-01
2.556929704175006091e-01
2.560114002063988980e-01
2.563327992938015942e-01
2.566572638948223517e-01
2.569848869314144135e-01
2.573157579582407983e-01
2.576499630922999273e-01
2.579875849461938930e-01
2.583287025651630486e-01
2.586733913678580521e-01
2.590217230908704593e-01
2.593737657370376315e-01
2.597295835275128528e-01
2.600892368576135372e-01
2.604527822564615125e-01
2.608202723503703080e-01
2.611917558300116404e-01
2.615672774213315677e-01
2.619468778602163095e-01
2.623305938708637708e-01
2.627184581478947401e-01
2.631104993421187199e-01
2.635067420499954682e-01
2.639072068067147558e-01
2.643119100828994483e-01
2.647208642849148141e-01
2.651340777586923547e-01
2.655515547971218915e-01
2.659732956509033297e-01
2.663992965428840787e-01
2.668295496857886473e-01
2.672640433033477425e-01
2.677027616547740241e-01
2.681456850625343336e-01
2.685927899433777633e-01
2.690440488426115717e-01
2.694994304715230271e-01
2.699588997479502872e-01
2.704224178399388112e-01
2.708899422124353418e-01
2.713614266769861505e-01
2.718368214443633857e-01
2.723160731800926548e-01
2.727991250628307718e-01
2.732859168455383791e-01
2.737763849193883825e-01
2.742704623803633446e-01
2.747680790984909915e-01
2.752691617896523280e-01
2.757736340899230587e-01
2.762814166323706022e-01
2.767924271262554026e-01
2.773065804385956845e-01
2.778237886779952870e-01
2.783439612807250274e-01
2.788670050989194849e-01
2.793928244909369418e-01
2.799213214136768713e-01
2.804523955169151428e-01
2.809859442395115092e-01
2.815218629074267565e-01
2.820600448335381927e-01
2.826003814190822805e-01
2.831427622567290747e-01
2.836870752351949854e-01
2.842332066452688544e-01
2.847810412872551211e-01
2.853304625796704297e-01
2.858813526691648121e-01
2.864335925415488759e-01
2.869870621338814765e-01
2.875416404474866461e-01
2.880972056618165134e-01
2.886536352491160251e-01
2.892108060897273791e-01
2.897685945879970859e-01
2.903268767886235668e-01
2.908855284934472873e-01
2.914444253784715944e-01
2.920034431111053763e-01
2.925624574674425826e-01
2.931213444495635034e-01
2.936799804026632987e-01
2.942382421319724717e-01
2.947960070193189619e-01
2.953531531392461495e-01
2.959095593745462160e-01
2.964651055311293693e-01
2.970196724521225740e-01
2.975731421310345848e-01
2.981253978239268854e-01
2.986763241604666330e-01
2.992258072537139491e-01
2.997737348085891540e-01
3.003199962288205516e-01
3.008644827223767582e-01
3.014070874051391069e-01
3.019477054028174567e-01
3.024862339509102327e-01
3.030225724926556286e-01
3.035566227748269785e-01
3.040882889412699353e-01
3.046174776241346027e-01
3.051440980325603736e-01
3.056680620388487757e-01
3.061892842619677868e-01
3.067076821482552784e-01
3.072231760492682984e-01
3.077356892966869317e-01
3.082451482741337401e-01
3.087514824858657025e-01
3.092546246222378503e-01
3.097545106218437816e-01
3.102510797302768797e-01
3.107442745554078734e-01
3.112340411191356626e-01
3.117203289055328064e-01
3.122030909053135073e-01
3.126822836565781305e-01
3.131578672817549869e-01
3.136298055207411561e-01
3.140980657601737391e-01
3.145626190586876536e-01
3.150234401683793539e-01
3.154805075521214253e-01
3.159338033970202630e-01
3.163833136237075294e-01
3.168290278917018643e-01
3.172709396006567761e-01
3.177090458875910794e-01
3.181433476200219435e-01
3.185738493851388853e-01
3.190005594748634987e-01
3.194234898669323641e-01
3.198426562020169062e-01
3.202580777568779791e-01
3.206697774135691681e-01
3.210777816248118199e-01
3.214821203755386936e-01
3.218828271405906882e-01
3.222799388387898034e-01
3.226734957833023998e-01
3.230635416283924588e-01
3.234501233127318187e-01
3.238332909991861186e-01
3.242130980112967187e-01
3.245896007664685889e-01
3.249628587059818496e-01
3.253329342219390963e-01
3.256998925811844803e-01
3.260638018463788423e-01
3.264247327942559895e-01
3.267827588312739451e-01
3.271379559066234233e-01
3.274904024229119415e-01
3.278401791443925628e-01
3.281873691031411688e-01
3.285320575030217238e-01
3.288743316218170065e-01
3.292142807114515346e-01
3.295519958966015572e-01
3.298875700716632497e-01
3.302210977963664362e-01
3.305526751900502713e-01
3.308823998247996112e-01
3.312103706175215656e-01
3.315366877211887164e-01
3.318614524152390111e-01
3.321847669954494098e-01
3.325067346632482046e-01
3.328274594146816145e-01
3.331470459291938635e-01
3.334655994582735872e-01
3.337832257141410963e-01
3.341000307586403650e-01
3.344161208923643880e-01
3.347316025442552689e-01
3.350465821617136797e-01
3.353611661013669032e-01
3.356754605206375697e-01
3.359895712702143378e-01
3.363036037874971296e-01
3.366176629912307483e-01
3.369318531772833580e-01
3.372462779158513779e-01
3.375610399500494907e-01
3.378762410960507445e-01
3.381919821448684527e-01
3.385083627658753702e-01
3.388254814121118841e-01
3.391434352275390918e-01
3.394623199562336602e-01
3.397822298536923302e-01
3.401032576002540608e-01
3.404254942167312947e-01
3.407490289823578156e-01
3.410739493550396517e-01
3.414003408940522455e-01
3.417282871851856640e-01
3.420578697684188985e-01
3.423891680681681038e-01
3.427222593261445294e-01
3.430572185368876426e-01
3.433941183860098612e-01
3.437330291911500080e-01
3.440740188457296345e-01
3.444171527655195408e-01
3.447624938380089432e-01
3.451101023746396823e-01
3.454600360659412228e-01
3.458123499395076017e-01
3.461670963209584340e-01
3.465243247977047858e-01
3.468840821857708256e-01
3.472464124994443235e-01
3.476113569239127621e-01
3.479789537908200003e-01
3.483492385567652505e-01
3.487222437847026235e-01
3.490979991282934236e-01
3.494765313191310341e-01
3.498578641569085601e-01
3.502420185024057719e-01
3.506290122733923820e-01
3.510188604433464032e-01
3.514115750430144569e-01
3.518071651647518561e-01
3.522056369696449085e-01
3.526069936973867947e-01
3.530112356788688288e-01
3.534183603514260419e-01
3.538283622767999237e-01
3.542412331616593413e-01
3.546569618807304813e-01
3.550755345024676490e-01
3.554969343172373897e-01
3.559211418679582017e-01
3.563481349831472134e-01
3.567778888123862568e-01
3.572103758640807758e-01
3.576455660455284402e-01
3.580834267052090958e-01
3.585239226772880539e-01
3.589670163282412396e-01
3.594126676055620084e-01
3.598608340885287582e-01
3.603114710409189847e-01
3.607645314656786617e-01
3.612199661614583501e-01
3.616777237809212231e-01
3.621377508908574239e-01
3.625999920339784133e-01
3.630643897922978258e-01
3.635308848521516811e-01
3.639994160706916393e-01
3.644699205438035605e-01
3.649423336754589187e-01
3.654165892483212108e-01
3.658926194956568789e-01
3.663703551743706655e-01
3.668497256392020400e-01
3.673306589179237136e-01
3.678130817875475689e-01
3.682969198513974529e-01
3.687820976170466114e-01
3.692685385749863158e-01
3.697561652779899344e-01
3.702448994210811861e-01
3.707346619220475148e-01
3.712253730024026588e-01
3.717169522687626682e-01
3.722093187944746084e-01
3.727023912015368090e-01
3.731960877426416801e-01
3.736903263833202260e-01
3.741850248840603577e-01
3.746801008823363865e-01
3.751754719745479250e-01
3.756710557976605802e-01
3.761667701105431139e-01
3.766625328749455548e-01
3.771582623359843733e-01
3.776538771020598872e-01
3.781492962242112288e-01
3.786444392746770582e-01
3.791392264247663846e-01
3.796335785218021286e-01
3.801274171651709555e-01
3.806206647813423771e-01
3.811132446978053867e-01
3.816050812158515715e-01
3.820960996821218814e-01
3.825862265588455546e-01
3.830753894926905989e-01
3.835635173822007360e-01
3.840505404436724834e-01
3.845363902754772578e-01
3.850209999207157008e-01
3.855043039281906836e-01
3.859862384115295697e-01
3.864667411065638714e-01
3.869457514267395926e-01
3.874232105165824613e-01
3.878990613031763068e-01
3.883732485455577699e-01
3.888457188819942623e-01
3.893164208751138666e-01
3.897853050547970266e-01
3.902523239588313597e-01
3.907174321712949538e-01
3.911805863585235965e-01
3.916417453027953854e-01
3.921008699335652992e-01
3.925579233562834780e-01
3.930128708787130609e-01
3.934656800348030892e-01
3.939163206060491973e-01
3.943647646402792528e-01
3.948109864679609782e-01
3.952549627159063217e-01
3.956966723184294210e-01
3.961360965259128619e-01
3.965732189108526207e-01
3.970080253712440221e-01
3.974405041314987841e-01
3.978706457406921970e-01
3.982984430683575994e-01
3.987238912976525107e-01
3.991469879160787215e-01
3.995677327036384341e-01
3.999861277185385866e-01
4.004021772804251533e-01
4.008158879512400130e-01
4.012272685135747086e-01
4.016363299468403980e-01
4.020430854009031663e-01
4.024475501676370026e-01
4.028497416501275463e-01
4.032496793297020155e-01
4.036473847308759133e-01
4.040428813841392408e-01
4.044361947867858298e-01
4.048273523616823244e-01
4.052163834142228360e-01
4.056033190873278294e-01
4.059881923147370397e-01
4.063710377725429090e-01
4.067518918290522478e-01
4.071307924931097943e-01
4.075077793608448129e-01
4.078828935610341322e-01
4.082561776990722979e-01
4.086276757996578635e-01
4.089974332482366748e-01
4.093654967313482551e-01
4.097319141759205863e-01
4.100967346875441510e-01
4.104600084878800015e-01
4.108217868512549220e-01
4.111821220405249555e-01
4.115410672422565863e-01
4.118986765014156504e-01
4.122550046554769310e-01
4.126101072681962467e-01
4.129640405630485844e-01
4.133168613564226490e-01
4.136686269906668656e-01
4.140193952670481181e-01
4.143692243787335805e-01
4.147181728438575909e-01
4.150662994387563920e-01
4.154136631314133687e-01
4.157603230152782103e-01
4.161063382434972979e-01
4.164517679634980318e-01
4.167966712522843675e-01
4.171411070522363929e-01
4.174851341076442068e-01
4.178288109020051877e-01
4.181721955961339443e-01
4.185153459671553389e-01
4.188583193485240219e-01
4.192011725709492431e-01
4.195439619045153723e-01
4.198867430018933256e-01
4.202295708426906362e-01
4.205724996792030712e-01
4.209155829833015616e-01
4.212588733947930653e-01
4.216024226711243550e-01
4.219462816385586290e-01
4.222905001448311602e-01
4.226351270133648086e-01
4.229802099990098707e-01
4.233257957454534814e-01
4.236719297442366194e-01
4.240186562954293414e-01
4.243660184700974725e-01
4.247140580743868910e-01
4.250628156155047410e-01
4.254123302693173514e-01
4.257626398499343434e-01
4.261137807809880496e-01
4.264657880687867664e-01
4.268186952773587173e-01
4.271725345053059009e-01
4.275273363645730740e-01
4.278831299610839078e-01
4.282399428772847294e-01
4.285978011565185763e-01
4.289567292893818884e-01
4.293167502018906401e-01
4.296778852455886977e-01
4.300401541895038093e-01
4.304035752139827586e-01
4.307681649064218909e-01
4.311339382587986435e-01
4.315009086670829053e-01
4.318690879324746934e-01
4.322384862644106374e-01
4.326091122853985560e-01
4.329809730375935306e-01
4.333540739911492246e-01
4.337284190542682882e-01
4.341040105849207631e-01
4.344808494043190805e-01
4.348589348119316078e-01
4.352382646021646373e-01
4.356188350826115663e-01
4.360006410938408461e-01
4.363836760306769591e-01
4.367679318650037334e-01
4.371533991699452226e-01
4.375400671454579005e-01
4.379279236453375024e-01
4.383169552054480000e-01
4.387071470732917255e-01
4.390984832388014070e-01
4.394909464662806187e-01
4.398845183275370552e-01
4.402791792360645218e-01
4.406749084823151641e-01
4.410716842699489160e-01
4.414694837530095395e-01
4.418682830740536804e-01
4.422680574030910527e-01
4.426687809773599547e-01
4.430704271418073326e-01
4.434729683902924879e-01
4.438763764074660223e-01
4.442806221111506026e-01
4.446856756953589951e-01
4.450915066737526349e-01
4.454980839234981005e-01
4.459053757295565745e-01
4.463133498292899404e-01
4.467219734572556167e-01
4.471312133903386776e-01
4.475410359929246074e-01
4.479514072622630128e-01
4.483622928738091318e-01
4.487736582266124152e-01
4.491854684886162907e-01
4.495976886418509011e-01
4.500102835274413238e-01
4.504232178904450379e-01
4.508364564243290129e-01
4.512499638152098758e-01
4.516637047856479903e-01
4.520776441380294219e-01
4.524917467974973739e-01
4.529059778542983139e-01
4.533203026055800944e-01
4.537346865965758980e-01
4.541490956610423346e-01
4.545634959610633796e-01
4.549778540260112081e-01
4.553921367907407536e-01
4.558063116328809894e-01
4.562203464092839944e-01
4.566342094914617178e-01
4.570478698001030349e-01
4.574612968385458611e-01
4.578744607251488130e-01
4.582873322246767689e-01
4.586998827784165567e-01
4.591120845332721245e-01
4.595239103695314409e-01
4.599353339275475960e-01
4.603463296330263521e-01
4.607568727211657222e-01
4.611669392594055505e-01
4.615765061688794635e-01
4.619855512445198986e-01
4.623940531738102155e-01
4.628019915541099483e-01
4.632093469086140392e-01
4.636161007009149682e-01
4.640222353480656370e-01
4.644277342322631341e-01
4.648325817111027547e-01
4.652367631262981362e-01
4.656402648110429254e-01
4.660430740958270146e-01
4.664451793128450152e-01
4.668465697989496732e-01
4.672472358971062611e-01
4.676471689564236645e-01
4.680463613307730419e-01
4.684448063759143466e-01
4.688424984452490563e-01
4.692394328841169582e-01
4.696356060227588891e-01
4.700310151678792625e-01
4.704256585927879541e-01
4.708195355263218307e-01
4.712126461403671751e-01
4.716049915361064659e-01
4.719965737290288121e-01
4.723873956326491985e-01
4.727774610411117351e-01
4.731667746105008288e-01
4.735553418391134084e-01
4.739431690465278901e-01
4.743302633516954803e-01
4.747166326499081546e-01
4.751022855888025198e-01
4.754872315434270913e-01
4.758714805903414558e-01
4.762550434808772160e-01
4.766379316135349598e-01
4.770201570056136209e-01
4.774017322640820016e-01
4.777826705557755016e-01
4.781629855768745330e-01
4.785426915218635724e-01
4.789218030518809233e-01
4.793003352625642144e-01
4.796783036514484788e-01
4.800557240849572249e-01
4.804326127650311307e-01
4.808089861954600863e-01
4.811848611479245807e-01
4.815602546278878737e-01
4.819351838402712307e-01
4.823096661551153908e-01
4.826837190730615124e-01
4.830573601909651238e-01
4.834306071674978611e-01
4.838034776888584521e-01
4.841759894346184812e-01
4.845481600438032999e-01
4.849200070812447194e-01
4.852915480041699592e-01
4.856628001292149222e-01
4.860337805997707594e-01
4.864045063538502411e-01
4.867749940923620233e-01
4.871452602480401683e-01
4.875153209548050981e-01
4.878851920179332335e-01
4.882548888847235702e-01
4.886244266160175709e-01
4.889938198583900775e-01
4.893630828171713354e-01
4.897322292302856983e-01
4.901012723429700735e-01
4.904702248833898715e-01
4.908390990392228481e-01
4.912079064351897451e-01
4.915766581115585954e-01
4.919453645038072143e-01
4.923140354231776428e-01
4.926826800384815908e-01
4.930513068589330583e-01
4.934199237181411402e-01
4.937885377592858838e-01
4.941571554214925222e-01
4.945257824273288083e-01
4.948944237716541572e-01
4.952630837116047680e-01
4.956317657578781510e-01
4.960004726672713193e-01
4.963692064365106127e-01
4.967379682973442900e-01
4.971067587129369691e-01
4.974755773756118771e-01
4.978444232057848140e-01
4.982132943523285284e-01
4.985821881941656653e-01
4.989511013431804365e-01
4.993200296484283651e-01
4.996889682016829592e-01
5.000579113442009671e-01
5.004268526748274493e-01
5.007957850593456328e-01
5.011647006410846483e-01
5.015335908527713826e-01
5.019024464296266697e-01
5.022712574236678496e-01
5.026400132191741754e-01
5.030087025493763520e-01
5.033773135142718402e-01
5.037458335995825820e-01
5.041142496967490061e-01
5.044825481241232978e-01
5.048507146490890385e-01
5.052187345113061667e-01
5.055865924468274653e-01
5.059542727132853024e-01
5.063217591159434594e-01
5.066890350346100469e-01
5.070560834514707960e-01
5.074228869796619801e-01
5.077894278926868843e-01
5.081556881545057358e-01
5.085216494503543849e-01
5.088872932182058051e-01
5.092526006808340000e-01
5.096175528784525621e-01
5.099821307018428396e-01
5.103463149259945819e-01
5.107100862441549260e-01
5.110734253022430895e-01
5.114363127335996850e-01
5.117987291940353511e-01
5.121606553970987630e-01
5.125220721494971876e-01
5.128829603867193221e-01
5.132433012086468072e-01
5.136030759152769853e-01
5.139622660423632805e-01
5.143208533970100582e-01
5.146788200931433632e-01
5.150361485867731570e-01
5.153928217110708143e-01
5.157488227110906820e-01
5.161041352782786973e-01
5.164587435844389951e-01
5.168126323153989787e-01
5.171657867040950762e-01
5.175181925631651136e-01
5.178698363169393915e-01
5.182207050327694020e-01
5.185707864517268284e-01
5.189200690184880838e-01
5.192685419104676736e-01
5.196161950661570827e-01
5.199630192125199724e-01
5.203090058914914273e-01
5.206541474855432838e-01
5.209984372421687659e-01
5.213418692973668112e-01
5.216844386980314940e-01
5.220261414231934793e-01
5.223669744040644325e-01
5.227069355429370123e-01
5.230460237308074412e-01
5.233842388636980036e-01
5.237215818577247717e-01
5.240580546627713332e-01
5.243936602748584530e-01
5.247284027470442425e-01
5.250622871989705231e-01
5.253953198249221579e-01
5.257275079004468665e-01
5.260588597874766847e-01
5.263893849379679413e-01
5.267190938959547264e-01
5.270479982982041456e-01
5.273761108731711555e-01
5.277034454385116646e-01
5.280300168969951358e-01
5.283558412308324570e-01
5.286809354944805861e-01
5.290053178058287120e-01
5.293290073358476455e-01
5.296520242966460401e-01
5.299743899279938386e-01
5.302961264822423360e-01
5.306172572077887395e-01
5.309378063308918261e-01
5.312577990360489721e-01
5.315772614448421862e-01
5.318962205933179810e-01
5.322147044078597844e-01
5.325327416796781232e-01
5.328503620378064465e-01
5.331675959207928805e-01
5.334844745469418115e-01
5.338010298832600586e-01
5.341172946131498289e-01
5.344333021027458663e-01
5.347490863660415705e-01
5.350646820289197692e-01
5.353801242918569958e-01
5.356954488916780832e-01
5.360106920621370286e-01
5.363258904935110927e-01
5.366410812912243422e-01
5.369563019335041876e-01
5.372715902281584022e-01
5.375869842685760958e-01
5.379025223888809215e-01
5.382182431183517579e-01
5.385341851352212217e-01
5.388503872198127098e-01
5.391668882071223301e-01
5.394837269388741419e-01
5.398009422151812675e-01
5.401185727457162855e-01
5.404366571006316011e-01
5.407552336611907151e-01
5.410743405701399222e-01
5.413940156819896377e-01
5.417142965131225285e-01
5.420352201919702573e-01
5.423568234091136198e-01
5.426791423675798587e-01
5.430022127332074788e-01
5.433260695852715205e-01
5.436507473673704016e-01
5.439762798386607034e-01
5.443027000254625491e-01
5.446300401733934482e-01
5.449583316999659921e-01
5.452876051477546504e-01
5.456178901382784385e-01
5.459492153265199654e-01
5.462816083562178626e-01
5.466150958160231887e-01
5.469497031964500877e-01
5.472854548478329750e-01
5.476223739392296341e-01
5.479604824184225453e-01
5.482998009728985433e-01
5.486403489921289900e-01
5.489821445309261971e-01
5.493252042741167962e-01
5.496695435025196197e-01
5.500151760602258744e-01
5.503621143232826363e-01
5.507103691698758130e-01
5.510599499519017730e-01
5.514108644681856575e-01
5.517631189391123403e-01
5.521167179829908900e-01
5.524716645940392912e-01
5.528279601219616701e-01
5.531856042533735973e-01
5.535445949948492039e-01
5.539049286578645592e-01
5.542665998454052723e-01
5.546296014405815988e-01
5.549939245969246482e-01
5.553595587306996428e-01
5.557264915150914586e-01
5.560947088762577817e-01
5.564641949914215235e-01
5.568349322888388464e-01
5.572069014497669226e-01
5.575800814124989291e-01
5.579544493782300218e-01
5.583299808191104496e-01
5.587066494881589573e-01
5.590844274313058193e-01
5.594632850013845360e-01
5.598431908741325902e-01
5.602241120663211671e-01
5.606060139556980904e-01
5.609888603031609744e-01
5.613726132767391519e-01
5.617572334776848031e-01
5.621426799684219322e-01
5.625289103026234194e-01
5.629158805570735336e-01
5.633035453654486879e-01
5.636918579541740915e-01
5.640807701799419593e-01
5.644702325692410039e-01
5.648601943596067709e-01
5.652506035427182773e-01
5.656414069092485786e-01
5.660325500954246358e-01
5.664239776312893770e-01
5.668156329906384183e-01
5.672074586424915577e-01
5.675993961042458125e-01
5.679913859962453238e-01
5.683833680978973568e-01
5.687752814051814099e-01
5.691670641895603122e-01
5.695586540581865087e-01
5.699499880153950926e-01
5.703410025254047611e-01
5.707316335761771775e-01
5.711218167443825600e-01
5.715114872613515917e-01
5.719005800800343042e-01
5.722890299428471383e-01
5.726767714503828710e-01
5.730637391308015527e-01
5.734498675100185849e-01
5.738350911824396938e-01
5.742193448822923152e-01
5.746025635554155020e-01
5.749846824313979976e-01
5.753656370961122146e-01
5.757453635644482759e-01
5.761237983532168094e-01
5.765008785541307912e-01
5.768765419067565237e-01
5.772507268714477391e-01
5.776233727020387843e-01
5.779944195183313038e-01
5.783638083782134398e-01
5.787314813493942278e-01
5.790973815805655622e-01
5.794614533720539029e-01
5.798236422457152539e-01
5.801838950141018358e-01
5.805421598487863211e-01
5.808983863476728793e-01
5.812525256014160480e-01
5.816045302585943766e-01
5.819543545897396530e-01
5.823019545501288974e-01
5.826472878411557144e-01
5.829903139702419246e-01
5.833309943093061278e-01
5.836692921515187482e-01
5.840051727664463677e-01
5.843386034533692985e-01
5.846695535928079224e-01
5.849979946960941479e-01
5.853239004529739997e-01
5.856472467770956758e-01
5.859680118494234868e-01
5.862861761594304610e-01
5.866017225439945637e-01
5.869146362240045267e-01
5.872249048385271841e-01
5.875325184765869402e-01
5.878374697063752929e-01
5.881397536019117300e-01
5.884393677671613254e-01
5.887363123574014256e-01
5.890305900979513343e-01
5.893222063001126720e-01
5.896111688744056778e-01
5.898974883408765191e-01
5.901811778366776728e-01
5.904622531206682456e-01
5.907407325752038751e-01
5.910166372049541206e-01
5.912899906327926391e-01
5.915608190927450494e-01
5.918291514199796044e-01
5.920950190377922695e-01
5.923584559417083284e-01
5.926194986805062292e-01
5.928781863343706160e-01
5.931345604900486457e-01
5.933886652130373474e-01
5.936405470169556775e-01
5.938902548298392592e-01
5.941378399577548208e-01
5.943833560453797293e-01
5.946268590338579241e-01
5.948684071159153763e-01
5.951080606880834178e-01
5.953458823003618949e-01
5.955819366031216422e-01
5.958162902915098424e-01
5.960490120471442221e-01
5.962801724774848822e-01
5.965098440526273027e-01
5.967381010397876384e-01
5.969650194354647610e-01
5.971906768953838540e-01
5.974151526621869213e-01
5.976385274911699685e-01
5.978608835738352667e-01
5.980823044596776938e-01
5.983028749759693454e-01
5.985226811458563834e-01
5.987418101047694563e-01
5.989603500152040905e-01
5.991783899800307012e-01
5.993960199543508782e-01
5.996133306561288734e-01
5.998304134754604000e-01
6.000473603828941904e-01
6.002642638365516259e-01
6.004812166884829772e-01
6.006983120900788453e-01
6.009156433968174671e-01
6.011333040724249344e-01
6.013513875924483276e-01
6.015699873474518178e-01
6.017891965459449821e-01
6.020091081170408920e-01
6.022298146130635743e-01
6.024514081121585818e-01
6.026739801209706204e-01
6.028976214776180509e-01
6.031224222548998704e-01
6.033484716639940793e-01
6.035758579586048000e-01
6.038046683398321512e-01
6.040349888616840524e-01
6.042669043374402360e-01
6.045004982469739385e-01
6.047358526450352656e-01
6.049730480707091740e-01
6.052121634580280851e-01
6.054532760479678366e-01
6.056964613017790100e-01
6.059417928157908584e-01
6.061893422378965557e-01
6.064391791855625602e-01
6.066913711656978236e-01
6.069459834962895872e-01
6.072030792299931701e-01
6.074627190796919596e-01
6.077249613460700139e-01
6.079898618474972594e-01
6.082574738519179736e-01
6.085278480111975252e-01
6.088010322977031041e-01
6.090770719433724611e-01
6.093560093812735445e-01
6.096378841896854528e-01
6.099227330387622104e-01
6.102105896399208085e-01
6.105014846978720211e-01
6.107954458655202590e-01
6.110924977015481652e-01
6.113926616310025874e-01
6.116959559087082887e-01
6.120023955856208620e-01
6.123119924782756129e-01
6.126247551411541092e-01
6.129406888421231603e-01
6.132597955410785673e-01
6.135820738716006861e-01
6.139075191258049902e-01
6.142361232423694251e-01
6.145678747978007284e-01
6.149027590007989374e-01
6.152407576900706943e-01
6.155818493351297160e-01
6.159260090406337707e-01
6.162732085537465654e-01
6.166234162750119374e-01
6.169765972722693892e-01
6.173327132981103471e-01
6.176917228104374935e-01
6.180535809963760840e-01
6.184182397994437697e-01
6.187856479500395412e-01
6.191557509991365560e-01
6.195284913552228101e-01
6.199038083244914343e-01
6.202816381542710644e-01
6.206619140795570644e-01
6.210445663728032528e-01
6.214295223967774007e-01
6.218167066605546633e-01
6.222060408786140862e-01
6.225974440329300474e-01
6.229908324380473150e-01
6.233861198092285338e-01
6.237832173333874852e-01
6.241820337429688781e-01
6.245824753926163542e-01
6.249844463387090876e-01
6.253878484214283606e-01
6.257925813496549861e-01
6.261985427884195765e-01
6.266056284487913075e-01
6.270137321804460928e-01
6.274227460663850398e-01
6.278325605201642290e-01
6.282430643853256225e-01
6.286541450369658168e-01
6.290656884854817221e-01
6.294775794822209392e-01
6.298897016271811644e-01
6.303019374784475382e-01
6.307141686634243349e-01
6.311262759916991261e-01
6.315381395695216504e-01
6.319496389156171734e-01
6.323606530784631197e-01
6.327710607547818444e-01
6.331807404091345237e-01
6.335895703945337853e-01
6.339974290741146046e-01
6.344041949434064964e-01
6.348097467533957428e-01
6.352139636341680440e-01
6.356167252189504069e-01
6.360179117684481298e-01
6.364174042954211519e-01
6.368150846893267936e-01
6.372108358408703488e-01
6.376045417663187553e-01
6.379960877316221968e-01
6.383853603758760098e-01
6.387722478344057819e-01
6.391566398608823363e-01
6.395384279487912327e-01
6.399175054517296513e-01
6.402937677026261376e-01
6.406671121316811490e-01
6.410374383828574274e-01
6.414046484287965200e-01
6.417686466840955006e-01
6.421293401166769943e-01
6.424866383571825601e-01
6.428404538063079432e-01
6.431907017398477144e-01
6.435373004113691398e-01
6.438801711523061133e-01
6.442192384695089036e-01
6.445544301399204201e-01
6.448856773023980971e-01
6.452129145464597926e-01
6.455360799979321662e-01
6.458551154011793471e-01
6.461699661981576970e-01
6.464805816037322295e-01
6.467869146775138134e-01
6.470889223919258360e-01
6.473865656963824211e-01
6.476798095776441500e-01
6.479686231160057819e-01
6.482529795374827319e-01
6.485328562616963222e-01
6.488082349455586151e-01
6.490791015224239846e-01
6.493454462370527036e-01
6.496072636757881380e-01
6.498645527923827547e-01
6.501173169290577203e-01
6.503655638329441935e-01
6.506093056678241560e-01
6.508485590210273397e-01
6.510833449056283584e-01
6.513136887577655187e-01
6.515396204291472593e-01
6.517611741746651699e-01
6.519783886352252811e-01
6.521913068156011128e-01
6.523999760575651674e-01
6.526044480080397392e-01
6.528047785825252802e-01
6.530010279236528881e-01
6.531932603550418825e-01
6.533815443303405690e-01
6.535659523776200519e-01
6.537465610391408610e-01
6.539234508065014939e-01
6.540967060513223075e-01
6.542664149513748306e-01
6.544326694124749100e-01
6.545955649859633851e-01
6.547552007820218734e-01
6.549116793788849478e-01
6.550651067280268691e-01
6.552155920553992541e-01
6.553632477589106387e-01
6.555081893021681427e-01
6.556505351046748586e-01
6.557904064285260404e-01
6.559279272618474543e-01
6.560632241989863278e-01
6.561964263176158774e-01
6.563276650529932255e-01
6.564570740693314033e-01
6.565847891286356042e-01
6.567109479570256703e-01
6.568356901086027655e-01
6.569591568273291937e-01
6.570814909067306253e-01
6.572028365477258216e-01
6.573233392148938314e-01
6.574431454909417383e-01
6.575624029300346507e-01
6.576812599097405787e-01
6.577998654819143809e-01
6.579183692228141034e-01
6.580369210822771819e-01
6.581556712325253855e-01
6.582747699164128719e-01
6.583943672955461235e-01
6.585146132982238054e-01
6.586356574675467090e-01
6.587576488096742455e-01
6.588807356426089612e-01
6.590050654454377987e-01
6.591307847082916727e-01
6.592580387833379962e-01
6.593869717365343774e-01
6.595177262008042884e-01
6.596504432303951226e-01
6.597852621567785736e-01
6.599223204461013292e-01
6.600617535584558659e-01
6.602036948090199697e-01
6.603482752312044290e-01
6.604956234419931960e-01
6.606458655095037713e-01
6.607991248231002146e-01
6.609555219658453940e-01
6.611151745897811960e-01
6.612781972938832631e-01
6.614447015048681155e-01
6.616147953610975740e-01
6.617885835994479216e-01
6.619661674454768718e-01
6.621476445067360217e-01
6.623331086696413461e-01
6.625226499996914598e-01
6.627163546452379261e-01
6.629143047449284065e-01
6.631165783389174617e-01
6.633232492837302097e-01
6.635343871710965846e-01
6.637500572506525032e-01
6.639703203566984513e-01
6.641952328389204574e-01
6.644248464973134816e-01
6.646592085211495693e-01
6.648983614323018543e-01
6.651423430326734998e-01
6.653911863560697526e-01
6.656449196242806288e-01
6.659035662076300266e-01
6.661671445899191024e-01
6.664356683377523627e-01
6.667091460744070108e-01
6.669875814581429641e-01
6.672709731650334763e-01
6.675593148763636631e-01
6.678525952704539304e-01
6.681507980192535889e-01
6.684539017892232593e-01
6.687618802470296497e-01
6.690747020696694580e-01
6.693923309592355597e-01
6.697147256621656108e-01
6.700418399932304148e-01
6.703736228638330630e-01
6.707100183150622730e-01
6.710509655551981645e-01
6.713963990017031147e-01
6.717462483277174545e-01
6.721004385131215120e-01
6.724588898998768993e-01
6.728215182519332593e-01
6.731882348194284660e-01
6.735589464073141741e-01
6.739335554482477342e-01
6.743119600797318203e-01
6.746940542256112394e-01
6.750797276815871939e-01
6.754688662050127856e-01
6.758613516086997564e-01
6.762570618587628868e-01
6.766558711764885103e-01
6.770576501440022099e-01
6.774622658139111131e-01
6.778695818226114778e-01
6.782794585074340965e-01
6.786917530272156274e-01
6.791063194866169273e-01
6.795230090638213483e-01
6.799416701416025610e-01
6.803621484416990661e-01
6.807842871624218972e-01
6.812079271192619245e-01
6.816329068886646247e-01
6.820590629544889261e-01
6.824862298574307928e-01
6.829142403470358502e-01
6.833429255362337695e-01
6.837721150584448182e-01
6.842016372268084901e-01
6.846313191957846822e-01
6.850609871246355898e-01
6.854904663429439715e-01
6.859195815178877886e-01
6.863481568230895835e-01
6.867760161089941917e-01
6.872029830745918222e-01
6.876288814402482519e-01
6.880535351217242912e-01
6.884767684047921055e-01
6.888984061208034415e-01
6.893182738226135697e-01
6.897361979609666349e-01
6.901520060609995788e-01
6.905655268987049844e-01
6.909765906773810418e-01
6.913850292035290668e-01
6.917906760623431239e-01
6.921933667923851896e-01
6.925929390593825730e-01
6.929892328289262160e-01
6.933820905377923172e-01
6.937713572638466442e-01
6.941568808942131241e-01
6.945385122915392895e-01
6.949161054582240205e-01
6.952895176983511227e-01
6.956586097770491861e-01
6.960232460773356777e-01
6.963832947540138374e-01
6.967386278843934466e-01
6.970891216160080006e-01
6.974346563106166297e-01
6.977751166847392383e-01
6.981103919462907648e-01
6.984403759272010959e-01
6.987649672118829702e-01
6.990840692612623197e-01
6.993975905323190911e-01
6.997054445928621025e-01
7.000075502314317966e-01
7.003038315621707977e-01
7.005942181244222411e-01
7.008786449770538773e-01
7.011570527871955338e-01
7.014293879133952636e-01
7.016956024829148486e-01
7.019556544631857520e-01
7.022095077272034747e-01
7.024571321127583978e-01
7.026985034754265058e-01
7.029336037352582611e-01
7.031624209169218265e-01
7.033849491834276435e-01
7.036011888631339417e-01
7.038111464702596631e-01
7.040148347185057887e-01
7.042122725279731377e-01
7.044034850253149127e-01
7.045885035369778837e-01
7.047673655756596656e-01
7.049401148198013445e-01
7.051068010863432711e-01
7.052674802964638001e-01
7.054222144346369294e-01
7.055710715007295075e-01
7.057141254554575305e-01
7.058514561589610548e-01
7.059831493029036231e-01
7.061092963357349372e-01
7.062299943816190417e-01
7.063453461528055310e-01
7.064554598556860299e-01
7.065604490906089996e-01
7.066604327455556778e-01
7.067555348837322171e-01
7.068458846254135342e-01
7.069316160238960922e-01
7.070128679359435342e-01
7.070897838866920804e-01
7.071625119293605266e-01
7.072312044997897118e-01
7.072960182659540074e-01
7.073571139728684898e-01
7.074146562827554607e-01
7.074688136108584491e-01
7.075197579571652629e-01
7.075676647339306236e-01
7.076127125896491954e-01
7.076550832292198834e-01
7.076949612309844095e-01
7.077325338603890348e-01
7.077679908809106912e-01
7.078015243622002295e-01
7.078333284857467600e-01
7.078635993483757272e-01
7.078925347636473298e-01
7.079203340615192186e-01
7.079471978864604331e-01
7.079733279942568291e-01
7.079989270476862995e-01
7.080241984114019616e-01
7.080493459461729699e-01
7.080745738026739122e-01
7.081000862152522224e-01
7.081260872955608132e-01
7.081527808266776525e-01
7.081803700575721727e-01
7.082090574984301057e-01
7.082390447167810077e-01
7.082705321349689331e-01
7.083037188287542030e-01
7.083388023277230605e-01
7.083759784172962704e-01
7.084154409428038424e-01
7.084573816156698456e-01
7.085019898219799828e-01
7.085494524335782529e-01
7.085999536218758887e-01
7.086536746745413229e-01
7.087107938152510389e-01
7.087714860266374206e-01
7.088359228766982767e-01
7.089042723486151942e-01
7.089766986743522015e-01
7.090533621719914414e-01
7.091344190871164965e-01
7.092200214382040624e-01
7.093103168662524549e-01
7.094054484887759582e-01
7.095055547581856636e-01
7.096107693247777348e-01
7.097212209043499698e-01
7.098370331505892139e-01
7.099583245323568548e-01
7.100852082157729228e-01
7.102177919514767179e-01
7.103561779669003151e-01
7.105004628637519026e-01
7.106507375207051780e-01
7.108070870014056020e-01
7.109695904678610123e-01
7.111383210991972792e-01
7.113133460159442034e-01
7.114947262097375269e-01
7.116825164786668712e-01
7.118767653681814522e-01
7.120775151175651185e-01
7.122848016121499093e-01
7.124986543410622986e-01
7.127190963608500685e-01
7.129461442647271330e-01
7.131798081574696191e-01
7.134200916361894684e-01
7.136669917767715088e-01
7.139204991261320910e-01
7.141805977001387529e-01
7.144472649872821712e-01
7.147204719582611609e-01
7.150001830811281156e-01
7.152863563421674176e-01
7.155789432726109567e-01
7.158778889810260004e-01
7.161831321912233150e-01
7.164946052860738934e-01
7.168122343567555621e-01
7.171359392577516534e-01
7.174656336673177481e-01
7.178012251535617061e-01
7.181426152460679280e-01
7.184896995128042807e-01
7.188423676428090658e-01
7.192005035339039676e-01
7.195639853859785440e-01
7.199326857994587936e-01
7.203064718790903598e-01
7.206852053428374205e-01
7.210687426359854157e-01
7.214569350502044731e-01
7.218496288477271872e-01
7.222466653903190092e-01
7.226478812732686219e-01
7.230531084640030581e-01
7.234621744454969861e-01
7.238749023642860880e-01
7.242911111829568593e-01
7.247106158371152684e-01
7.251332273967441289e-01
7.255587532316616350e-01
7.259869971812804579e-01
7.264177597282426291e-01
7.268508381761251691e-01
7.272860268307641540e-01
7.277231171853852931e-01
7.281618981092561338e-01
7.286021560397095698e-01
7.290436751774282964e-01
7.294862376849564622e-01
7.299296238881343157e-01
7.303736124802626684e-01
7.308179807292036756e-01
7.312625046867067269e-01
7.317069594002658661e-01
7.321511191270866359e-01
7.325947575499909270e-01
7.330376479952673829e-01
7.334795636519713113e-01
7.339202777928215404e-01
7.343595639961892907e-01
7.347971963691302122e-01
7.352329497713685491e-01
7.356666000396971938e-01
7.360979242128997679e-01
7.365267007567291024e-01
7.369527097889820855e-01
7.373757333040997786e-01
7.377955553973920555e-01
7.382119624884198039e-01
7.386247435434236674e-01
7.390336902964962373e-01
7.394385974692641028e-01
7.398392629888614902e-01
7.402354882038291173e-01
7.406270780979660184e-01
7.410138415014366764e-01
7.413955912994130149e-01
7.417721446375180605e-01
7.421433231240668338e-01
7.425089530288619954e-01
7.428688654781803180e-01
7.432228966457359309e-01
7.435708879394611337e-01
7.439126861836620197e-01
7.442481437964838520e-01
7.445771189624017516e-01
7.448994757994085170e-01
7.452150845207148322e-01
7.455238215908221999e-01
7.458255698755913432e-01
7.461202187861197821e-01
7.464076644163679664e-01
7.466878096740250381e-01
7.469605644047574433e-01
7.472258455093108154e-01
7.474835770535797064e-01
7.477336903712248350e-01
7.479761241587572496e-01
7.482108245630527676e-01
7.484377452608361736e-01
7.486568475303876369e-01
7.488681003149051385e-01
7.490714802778424275e-01
7.492669718496767217e-01
7.494545672664378877e-01
7.496342665995237020e-01
7.498060777769275376e-01
7.499700165958598230e-01
7.501261067265290183e-01
7.502743797071715903e-01
7.504148749302950172e-01
7.505476396200987388e-01
7.506727288009538146e-01
7.507902052572712481e-01
7.509001394843726196e-01
7.510026096307220733e-01
7.510977014313973132e-01
7.511855081329377182e-01
7.512661304096135417e-01
7.513396762712272192e-01
7.514062609624343470e-01
7.514660068540233162e-01
7.515190433257499247e-01
7.515655066414170804e-01
7.516055398159622314e-01
7.516392924748922511e-01
7.516669207061787983e-01
7.516885869048215429e-01
7.517044596102717691e-01
7.517147133368611289e-01
7.517195283976085829e-01
7.517190907213595619e-01
7.517135916638038040e-01
7.517032278123458866e-01
7.516882007852048186e-01
7.516687170250693217e-01
7.516449875873003617e-01
7.516172279233026554e-01
7.515856576590826954e-01
7.515505003692841690e-01
7.515119833472598820e-01
7.514703373709377132e-01
7.514257964654889044e-01
7.513785976623545970e-01
7.513289807554122124e-01
7.512771880545165981e-01
7.512234641364441412e-01
7.511680555939743709e-01
7.511112107828996631e-01
7.510531795677946043e-01
7.509942130664259974e-01
7.509345633932675845e-01
7.508744834024843051e-01
7.508142264305297520e-01
7.507540460388348880e-01
7.506941957565882451e-01
7.506349288242348816e-01
7.505764979377507196e-01
7.505191549940073426e-01
7.504631508375403381e-01
7.504087350089896358e-01
7.503561554954372159e-01
7.503056584828926567e-01
7.502574881111963023e-01
7.502118862316062842e-01
7.501690921673533907e-01
7.501293424771091622e-01
7.500928707220542169e-01
7.500599072363423048e-01
7.500306789014359321e-01
7.500054089243475275e-01
7.499843166201081157e-01
7.499676171985834028e-01
7.499555215558242338e-01
7.499482360700395756e-01
7.499459624026725280e-01
7.499488973042256479e-01
7.499572324254644151e-01
7.499711541338744958e-01
7.499908433355353399e-01
7.500164753026898889e-01
7.500482195068514102e-01
7.500862394578868830e-01
7.501306925489237276e-01
7.501817299072763845e-01
7.502394962515297472e-01
7.503041297547834443e-01
7.503757619142201740e-01
7.504545174268859586e-01
7.505405140720451396e-01
7.506338625999404712e-01
7.507346666270360291e-01
7.508430225379547629e-01
7.509590193938899816e-01
7.510827388478171773e-01
7.512142550662623819e-01
7.513536346579814396e-01
7.515009366091638388e-01
7.516562122255903144e-01
7.518195050815164038e-01
7.519908509752357695e-01
7.521702778917007670e-01
7.523578059717304090e-01
7.525534474880870572e-01
7.527572068284484885e-01
7.529690804850925900e-01
7.531890570513688488e-01
7.534171172250816451e-01
7.536532338184289692e-01
7.538973717749071213e-01
7.541494881928261229e-01
7.544095323555399801e-01
7.546774457684430892e-01
7.549531622024747701e-01
7.552366077444088166e-01
7.555277008536587235e-01
7.558263524255806054e-01
7.561324658614863026e-01
7.564459371448717384e-01
7.567666549243610152e-01
7.570945006028060309e-01
7.574293484329153170e-01
7.577710656190159710e-01
7.581195124252273487e-01
7.584745422897170020e-01
7.588360019450777205e-01
7.592037315448250112e-01
7.595775647958895593e-01
7.599573290970329520e-01
7.603428456830885196e-01
7.607339297751416485e-01
7.611303907362003685e-01
7.615320322327188141e-01
7.619386524015285822e-01
7.623500440222419350e-01
7.627659946951415026e-01
7.631862870241488128e-01
7.636106988050961331e-01
7.640390032190769176e-01
7.644709690305115934e-01
7.649063607904369455e-01
7.653449390440731914e-01
7.657864605432844751e-01
7.662306784633849954e-01
7.666773426241983991e-01
7.671261997153269174e-01
7.675769935254925791e-01
7.680294651756198743e-01
7.684833533557007268e-01
7.689383945651850905e-01
7.693943233566460371e-01
7.698508725827197807e-01
7.703077736459251756e-01
7.707647567514066544e-01
7.712215511621323127e-01
7.716778854564929624e-01
7.721334877882020109e-01
7.725880861479430539e-01
7.730414086269454810e-01
7.734931836818215167e-01
7.739431404009213811e-01
7.743910087714025448e-01
7.748365199472730946e-01
7.752794065178465477e-01
7.757194027764300337e-01
7.761562449889436444e-01
7.765896716623192919e-01
7.770194238122036801e-01
7.774452452299089877e-01
7.778668827480552661e-01
7.782840865048645806e-01
7.786966102067380824e-01
7.791042113886692544e-01
7.795066516723263561e-01
7.799036970216883802e-01
7.802951179954000782e-01
7.806806899960527790e-01
7.810601935159044995e-01
7.814334143785961473e-01
7.818001439767654492e-01
7.821601795051358330e-01
7.825133241887503033e-01
7.828593875061160556e-01
7.831981854069138826e-01
7.835295405240081390e-01
7.838532823793760151e-01
7.841692475837378495e-01
7.844772800296526682e-01
7.847772310775220639e-01
7.850689597346685034e-01
7.853523328267528747e-01
7.856272251616314151e-01
7.858935196851353222e-01
7.861511076287326372e-01
7.863998886486160966e-01
7.866397709562147345e-01
7.868706714396980217e-01
7.870925157765031877e-01
7.873052385363066286e-01
7.875087832747813543e-01
7.877031026174652339e-01
7.878881583338748218e-01
7.880639214016127436e-01
7.882303720603867081e-01
7.883874998557260927e-01
7.885353036724238596e-01
7.886737917575323831e-01
7.888029817327539828e-01
7.889229005963867003e-01
7.890335847146190407e-01
7.891350798020992929e-01
7.892274408919714990e-01
7.893107322951475879e-01
7.893850275490759127e-01
7.894504093557286328e-01
7.895069695092780115e-01
7.895548088130830422e-01
7.895940369864704600e-01
7.896247725610281432e-01
7.896471427669680132e-01
7.896612834092826549e-01
7.896673387340049644e-01
7.896654612849318688e-01
7.896558117505407814e-01
7.896385588017833523e-01
7.896138789206037512e-01
7.895819562196051411e-01
7.895429822529387298e-01
7.894971558188597083e-01
7.894446827540690936e-01
7.893857757200672953e-01
7.893206539819945800e-01
7.892495431800543582e-01
7.891726750939545010e-01
7.890902874005585321e-01
7.890026234252298654e-01
7.889099318870280708e-01
7.888124666381755024e-01
7.887104863981770908e-01
7.886042544827969181e-01
7.884940385284431308e-01
7.883801102121259508e-01
7.882627449675130293e-01
7.881422216972382433e-01
7.880188224821238485e-01
7.878928322873803847e-01
7.877645386663338911e-01
7.876342314620334850e-01
7.875022025069937648e-01
7.873687453216078325e-01
7.872341548114465404e-01
7.870987269637892414e-01
7.869627585440082118e-01
7.868265467917541223e-01
7.866903891176564301e-01
7.865545828006159645e-01
7.864194246862215021e-01
7.862852108865363565e-01
7.861522364814768071e-01
7.860207952224049777e-01
7.858911792378753258e-01
7.857636787421371505e-01
7.856385817464943688e-01
7.855161737739282390e-01
7.853967375772608062e-01
7.852805528609665409e-01
7.851678960072019375e-01
7.850590398059082986e-01
7.849542531896807063e-01
7.848538009732093368e-01
7.847579435977862783e-01
7.846669368810614831e-01
7.845810317721289007e-01
7.845004741123113856e-01
7.844255044015693290e-01
7.843563575711518521e-01
7.842932627620553543e-01
7.842364431101092048e-01
7.841861155371594450e-01
7.841424905491949371e-01
7.841057720408031173e-01
7.840761571068026736e-01
7.840538358605979585e-01
7.840389912596112953e-01
7.840317989379912422e-01
7.840324270463145950e-01
7.840410360988470106e-01
7.840577788280165272e-01
7.840828000463535563e-01
7.841162365160359027e-01
7.841582168258200980e-01
7.842088612757864841e-01
7.842682817695081354e-01
7.843365817139684726e-01
7.844138559272904043e-01
7.845001905540009979e-01
7.845956629880703748e-01
7.847003418039126821e-01
7.848142866947542817e-01
7.849375484190832530e-01
7.850701687547307905e-01
7.852121804606515543e-01
7.853636072465275397e-01
7.855244637500982119e-01
7.856947555220994417e-01
7.858744790190186347e-01
7.860636216034324608e-01
7.862621615520686280e-01
7.864700680713960779e-01
7.866873013208328658e-01
7.869138124436119153e-01
7.871495436049844585e-01
7.873944280381255378e-01
7.876483900972794938e-01
7.879113453184747318e-01
7.881832004874913533e-01
7.884638537153088045e-01
7.887531945205989992e-01
7.890511039196839160e-01
7.893574545235193529e-01
7.896721106418493896e-01
7.899949283944793788e-01
7.903257558294853879e-01
7.906644330484187133e-01
7.910107923384555040e-01
7.913646583112743382e-01
7.917258480487796568e-01
7.920941712555207292e-01
7.924694304176482795e-01
7.928514209685484371e-01
7.932399314608340468e-01
7.936347437447714981e-01
7.940356331529994094e-01
7.944423686914932059e-01
7.948547132365009205e-01
7.952724237377382099e-01
7.956952514272790378e-01
7.961229420342290641e-01
7.965552360053749226e-01
7.969918687310932892e-01
7.974325707768079585e-01
7.978770681197593362e-01
7.983250823910568172e-01
7.987763311225446472e-01
7.992305279987739208e-01
7.996873831135249411e-01
8.001466032310358134e-01
8.006078920515431463e-01
8.010709504810080706e-01
8.015354769050098138e-01
8.020011674663869439e-01
8.024677163464835061e-01
8.029348160499474307e-01
8.034021576926204666e-01
8.038694312925869223e-01
8.043363260637683698e-01
8.048025307123176653e-01
8.052677337350078179e-01
8.057316237198799413e-01
8.061938896485796313e-01
8.066542212001337475e-01
8.071123090559921831e-01
8.075678452060695012e-01
8.080205232552755135e-01
8.084700387305525648e-01
8.089160893878157843e-01
8.093583755187103712e-01
8.097966002567487109e-01
8.102304698824660534e-01
8.106596941274000212e-01
8.110839864765253537e-01
8.115030644685623518e-01
8.119166499942647164e-01
8.123244695919109581e-01
8.127262547398552694e-01
8.131217421458527550e-01
8.135106740325088737e-01
8.138927984188784048e-01
8.142678693975229365e-01
8.146356474068150444e-01
8.149958994982096083e-01
8.153483995979262655e-01
8.156929287628074121e-01
8.160292754300007001e-01
8.163572356600374835e-01
8.166766133730736232e-01
8.169872205778427876e-01
8.172888775929458838e-01
8.175814132604017903e-01
8.178646651507253118e-01
8.181384797596193970e-01
8.184027126956674447e-01
8.186572288589153423e-01
8.189019026099084719e-01
8.191366179290495708e-01
8.193612685658739903e-01
8.195757581780889200e-01
8.197800004599864465e-01
8.199739192602431004e-01
8.201574486885789828e-01
8.203305332113690618e-01
8.204931277357994102e-01
8.206451976825293038e-01
8.207867190465634177e-01
8.209176784464551346e-01
8.210380731613862171e-01
8.211479111562429711e-01
8.212472110945838732e-01
8.213360023393447840e-01
8.214143249412615422e-01
8.214822296150647851e-01
8.215397777033579541e-01
8.215870411281076535e-01
8.216241023300034918e-01
8.216510541955206470e-01
8.216679999718319305e-01
8.216750531697241122e-01
8.216723374544372405e-01
8.216599865248379597e-01
8.216381439807398657e-01
8.216069631787816796e-01
8.215666070770082374e-01
8.215172480681856015e-01
8.214590678023283576e-01
8.213922569983793665e-01
8.213170152456517048e-01
8.212335507948136382e-01
8.211420803393254531e-01
8.210428287869113717e-01
8.209360290220832912e-01
8.208219216594305756e-01
8.207007547884488385e-01
8.205727837100467159e-01
8.204382706651058843e-01
8.202974845555210948e-01
8.201507006581174597e-01
8.199982003316870216e-01
8.198402707176994930e-01
8.196772044351512410e-01
8.195092992695662826e-01
8.193368578571651462e-01
8.191601873640541598e-01
8.189795991612673909e-01
8.187954084958124490e-01
8.186079341583514246e-01
8.184174981477705391e-01
8.182244253332016104e-01
8.180290431138730334e-01
8.178316810771750767e-01
8.176326706554200019e-01
8.174323447817140043e-01
8.172310375453442077e-01
8.170290838469975725e-01
8.168268190544623053e-01
8.166245786589330091e-01
8.164226979324997746e-01
8.162215115870963267e-01
8.160213534354077147e-01
8.158225560539975607e-01
8.156254504489535151e-01
8.154303657247268244e-01
8.152376287560467727e-01
8.150475638636351938e-01
8.148604924938314120e-01
8.146767329024604543e-01
8.144965998433471022e-01
8.143204042616591920e-01
8.141484529923537217e-01
8.139810484641121224e-01
8.138184884088792703e-01
8.136610655773024448e-01
8.135090674603933092e-01
8.133627760174213517e-01
8.132224674104493456e-01
8.130884117456320670e-01
8.129608728214066105e-01
8.128401078838518590e-01
8.127263673893392326e-01
8.126198947745217893e-01
8.125209262340606919e-01
8.124296905058394636e-01
8.123464086642047111e-01
8.122712939210159355e-01
8.122045514347784323e-01
8.121463781278501770e-01
8.120969625119049962e-01
8.120564845216446948e-01
8.120251153568516234e-01
8.120030173328534051e-01
8.119903437393845014e-01
8.119872387079700715e-01
8.119938370878063694e-01
8.120102643302602452e-01
8.120366363817392852e-01
8.120730595853939970e-01
8.121196305911995150e-01
8.121764362747037058e-01
8.122435536643972664e-01
8.123210498775967903e-01
8.124089820649409432e-01
8.125073973634078239e-01
8.126163328579310008e-01
8.127358155514143867e-01
8.128658623433595576e-01
8.130064800168808059e-01
8.131576652341863110e-01
8.133194045403675521e-01
8.134916743756737123e-01
8.136744410960095042e-01
8.138676610017734347e-01
8.140712803748584303e-01
8.142852355239429407e-01
8.145094528378602483e-01
8.147438488470684081e-01
8.149883302932123819e-01
8.152427942066531319e-01
8.155071279920123040e-01
8.157812095214802550e-01
8.160649072361190193e-01
8.163580802548389137e-01
8.166605784911533661e-01
8.169722427776371365e-01
8.172929049979118510e-01
8.176223882262434461e-01
8.179605068745519070e-01
8.183070668469012432e-01
8.186618657013091660e-01
8.190246928188258391e-01
8.193953295797617997e-01
8.197735495470890310e-01
8.201591186568615299e-01
8.205517954155756577e-01
8.209513311043734607e-01
8.213574699900116904e-01
8.217699495425565548e-01
8.221885006595570644e-01
8.226128478967480451e-01
8.230427097050279084e-01
8.234777986737169542e-01
8.239178217799434378e-01
8.243624806439036057e-01
8.248114717900689730e-01
8.252644869140035588e-01
8.257212131547839729e-01
8.261813333727832109e-01
8.266445264326953701e-01
8.271104674915763511e-01
8.275788282918012939e-01
8.280492774587082661e-01
8.285214808026371003e-01
8.289951016254091254e-01
8.294698010307661740e-01
8.299452382386576232e-01
8.304210709032200377e-01
8.308969554340390751e-01
8.313725473206459160e-01
8.318475014597181971e-01
8.323214724851544233e-01
8.327941151001057030e-01
8.332650844114031230e-01
8.337340362654401815e-01
8.342006275857665187e-01
8.346645167114554731e-01
8.351253637366944371e-01
8.355828308505035551e-01
8.360365826766931185e-01
8.364862866137461328e-01
8.369316131739235054e-01
8.373722363215667652e-01
8.378078338100964917e-01
8.382380875173225387e-01
8.386626837786923527e-01
8.390813137180919146e-01
8.394936735759332969e-01
8.398994650338573731e-01
8.402983955359166757e-01
8.406901786057399129e-01
8.410745341592593682e-01
8.414511888125448813e-01
8.418198761845128164e-01
8.421803371939502458e-01
8.425323203503884972e-01
8.428755820387170417e-01
8.432098867968134126e-01
8.435350075858831786e-01
8.438507260532821519e-01
8.441568327871986632e-01
8.444531275629514333e-01
8.447394195804276418e-01
8.450155276925046532e-01
8.452812806236875698e-01
8.455365171791249246e-01
8.457810864431758446e-01
8.460148479675506650e-01
8.462376719485620313e-01
8.464494393930750427e-01
8.466500422731642050e-01
8.468393836687606591e-01
8.470173778986547219e-01
8.471839506387552898e-01
8.473390390282697915e-01
8.474825917629393857e-01
8.476145691754515266e-01
8.477349433027536740e-01
8.478436979401091644e-01
8.479408286818475027e-01
8.480263429485577209e-01
8.481002600007307990e-01
8.481626109386939394e-01
8.482134386889714772e-01
8.482527979767038318e-01
8.482807552844919829e-01
8.482973887974236682e-01
8.483027883343849940e-01
8.482970552657735919e-01
8.482803024176432949e-01
8.482526539623909123e-01
8.482142452960461654e-01
8.481652229024825296e-01
8.481057442045121242e-01
8.480359774022032671e-01
8.479561012985554758e-01
8.478663051128405570e-01
8.477667882816815048e-01
8.476577602483388318e-01
8.475394402405396210e-01
8.474120570367731364e-01
8.472758487218141621e-01
8.471310624316330529e-01
8.469779540879998070e-01
8.468167881232040450e-01
8.466478371953707338e-01
8.464713818945759360e-01
8.462877104403314643e-01
8.460971183708236865e-01
8.458999082242981693e-01
8.456963892131033056e-01
8.454868768907655152e-01
8.452716928125876272e-01
8.450511641902811455e-01
8.448256235410995796e-01
8.445954083317861461e-01
8.443608606180732501e-01
8.441223266800328418e-01
8.438801566537683652e-01
8.436347041600755770e-01
8.433863259303526760e-01
8.431353814304272110e-01
8.428822324826137358e-01
8.426272428865795305e-01
8.423707780395177647e-01
8.421132045559389656e-01
8.418548898877287190e-01
8.415962019447718045e-01
8.413375087167036526e-01
8.410791778960768905e-01
8.408215765035782496e-01
8.405650705155762736e-01
8.403100244942762753e-01
8.400568012213183167e-01
8.398057613345810690e-01
8.395572629692422684e-01
8.393116614028619527e-01
8.390693087051750432e-01
8.388305533929429902e-01
8.385957400899264336e-01
8.383652091926219185e-01
8.381392965417711061e-01
8.379183331001567314e-01
8.377026446367601409e-01
8.374925514176878583e-01
8.372883679040736826e-01
8.370904024571106383e-01
8.368989570504941078e-01
8.367143269905314984e-01
8.365368006439766191e-01
8.363666591738878608e-01
8.362041762836098791e-01
8.360496179690117824e-01
8.359032422792505024e-01
8.357652990859982811e-01
8.356360298614278204e-01
8.355156674649026893e-01
8.354044359385881524e-01
8.353025503120581341e-01
8.352102164158683451e-01
8.351276307042925229e-01
8.350549800871289730e-01
8.349924417708265434e-01
8.349401831087930326e-01
8.348983614608591619e-01
8.348671240623239953e-01
8.348466079019558617e-01
8.348369396095640660e-01
8.348382353527843414e-01
8.348506007431581999e-01
8.348741307516254206e-01
8.349089096331121507e-01
8.349550108606054177e-01
8.350124970683197034e-01
8.350814200041145607e-01
8.351618204911654963e-01
8.352537283986745109e-01
8.353571626218152524e-01
8.354721310706381132e-01
8.355986306680687203e-01
8.357366473569731724e-01
8.358861561158998921e-01
8.360471209840911744e-01
8.362194950949577432e-01
8.364032207186520296e-01
8.365982293131770664e-01
8.368044415842579298e-01
8.370217675538562663e-01
8.372501066372202150e-01
8.374893477285081378e-01
8.377393692947292525e-01
8.380000394782969320e-01
8.382712162077559093e-01
8.385527473168741253e-01
8.388444706718587440e-01
8.391462143068730839e-01
8.394577965674654418e-01
8.397790262621953605e-01
8.401097028221340413e-01
8.404496164681667381e-01
8.407985483862139287e-01
8.411562709102795576e-01
8.415225477129102405e-01
8.418971340034164808e-01
8.422797767335803432e-01
8.426702148106812729e-01
8.430681793179846117e-01
8.434733937423244399e-01
8.438855742088504641e-01
8.443044297228494699e-01
8.447296624184830183e-01
8.451609678141676074e-01
8.455980350749257024e-01
8.460405472809480187e-01
8.464881817029183964e-01
8.469406100833754003e-01
8.473974989242467615e-01
8.478585097805653170e-01
8.483232995596865500e-01
8.487915208264751321e-01
8.492628221137044076e-01
8.497368482379428212e-01
8.502132406203399828e-01
8.506916376125177592e-01
8.511716748269186894e-01
8.516529854717858061e-01
8.521352006901590226e-01
8.526179499030168696e-01
8.531008611560855215e-01
8.535835614699904816e-01
8.540656771937062963e-01
8.545468343608491057e-01
8.550266590485888774e-01
8.555047777387729813e-01
8.559808176810885794e-01
8.564544072579078904e-01
8.569251763502934160e-01
8.573927567050936283e-01
8.578567823026139738e-01
8.583168897245523343e-01
8.587727185216615933e-01
8.592239115810644812e-01
8.596701154925825428e-01
8.601109809137506002e-01
8.605461629331214723e-01
8.609753214314423975e-01
8.613981214402814945e-01
8.618142334976113261e-01
8.622233340001617119e-01
8.626251055517060173e-01
8.630192373071998713e-01
8.634054253121441480e-01
8.637833728367902975e-01
8.641527907047659163e-01
8.645133976155277011e-01
8.648649204604144103e-01
8.652070946317156341e-01
8.655396643242410093e-01
8.658623828292781877e-01
8.661750128200083054e-01
8.664773266284244713e-01
8.667691065130260775e-01
8.670501449169920605e-01
8.673202447163825823e-01
8.675792194580378425e-01
8.678268935866726430e-01
8.680631026609442191e-01
8.682876935578676125e-01
8.685005246655950195e-01
8.687014660638943120e-01
8.688903996921240047e-01
8.690672195044737425e-01
8.692318316120444255e-01
8.693841544115978870e-01
8.695241187006441663e-01
8.696516677787049510e-01
8.697667575344782964e-01
8.698693565187818333e-01
8.699594460029529408e-01
8.700370200228300099e-01
8.701020854078438393e-01
8.701546617954036833e-01
8.701947816303450267e-01
8.702224901494004516e-01
8.702378453507630951e-01
8.702409179485173230e-01
8.702317913122918913e-01
8.702105613917303639e-01
8.701773366263052534e-01
8.701322378402458479e-01
8.700753981228477318e-01
8.700069626942130707e-01
8.699270887567305266e-01
8.698359453322024315e-01
8.697337130853179943e-01
8.696205841330573172e-01
8.694967618409636945e-01
8.693624606059378035e-01
8.692179056264526249e-01
8.690633326599499497e-01
8.688989877681798646e-01
8.687251270506526346e-01
8.685420163665906745e-01
8.683499310458651088e-01
8.681491555892262291e-01
8.679399833582581714e-01
8.677227162557630269e-01
8.674976643964258383e-01
8.672651457691145094e-01
8.670254858903279072e-01
8.667790174500793476e-01
8.665260799502354505e-01
8.662670193360384463e-01
8.660021876213002123e-01
8.657319425075677977e-01
8.654566469982016841e-01
8.651766690075315402e-01
8.648923809657087514e-01
8.646041594199660452e-01
8.643123846325302395e-01
8.640174401759441736e-01
8.637197125262123798e-01
8.634195906542923016e-01
8.631174656165303549e-01
8.628137301444964713e-01
8.625087782346427812e-01
8.622030047385125240e-01
8.618968049537325538e-01
8.615905742164486902e-01
8.612847074956382354e-01
8.609795989896378288e-01
8.606756417256038461e-01
8.603732271619719540e-01
8.600727447948357529e-01
8.597745817680235714e-01
8.594791224880224956e-01
8.591867482433404035e-01
8.588978368294026833e-01
8.586127621788728348e-01
8.583318939978579198e-01
8.580555974084560500e-01
8.577842325978159987e-01
8.575181544739971518e-01
8.572577123291045265e-01
8.570032495096950864e-01
8.567551030949436264e-01
8.565136035826597105e-01
8.562790745834696349e-01
8.560518325232515657e-01
8.558321863542444063e-01
8.556204372746942788e-01
8.554168784575475470e-01
8.552217947880413895e-01
8.550354626104612610e-01
8.548581494843472406e-01
8.546901139498752631e-01
8.545316053029543557e-01
nan
nan
nan
nan
nan
nan
nan
nan
nan
nan
nan
nan
nan
nan
nan
nan
nan
nan
nan
nan
nan
nan
nan
nan
nan
nan
nan
nan
nan
nan
nan
nan
nan
nan
nan
nan
nan
nan
nan
nan
nan
nan
nan
nan
nan
nan
nan
nan
nan
nan
nan
nan
nan
nan
nan
nan
nan
nan
nan
nan
nan
nan
nan
nan
nan
nan
nan
nan
nan
nan
nan
nan
nan
nan
nan
nan
nan
nan
nan
nan
nan
nan
nan
nan
nan
nan
nan
nan
nan
nan
nan
nan
nan
nan
nan
nan
nan
nan
nan
nan
nan
nan
nan
nan
nan
nan
nan
nan
nan
nan
nan
nan
nan
nan
nan
nan
nan
nan
nan
nan
nan
nan
nan
nan
nan
nan
nan
nan
nan
nan
nan
nan
nan
nan
nan
nan
nan
nan
nan
nan
nan
nan
nan
nan
nan
nan
nan
nan
nan
nan
nan
nan
nan
nan
nan
nan
nan
nan
nan
nan
nan
nan
nan
nan
nan
nan
nan
nan
nan
nan
nan
nan
nan
nan
nan
nan
nan
nan
nan
nan
nan
nan
nan
nan
nan
nan
nan
nan
nan
nan
nan
nan
nan
nan
nan
nan
nan
nan
nan
nan
