1.499995410079169034e-04
4.927486247425783006e-04
8.359547325444971477e-04
1.179580887762599062e-03
1.523627729687948573e-03
1.868139625288423034e-03
2.213074408499160484e-03
2.558431770292024510e-03
2.904216359001843273e-03
3.250462123034925099e-03
3.597132365793065389e-03
3.944227737630034980e-03
4.291748890578039877e-03
4.639718288891536702e-03
4.988130897236153771e-03
5.336971205295970577e-03
5.686239871587117634e-03
6.035937556321924191e-03
6.386073812615356005e-03
6.736666117968637124e-03
7.087689379724482208e-03
7.439144264680175311e-03
7.791031441358953202e-03
8.143351580004454249e-03
8.496105352594707227e-03
8.849322518743818478e-03
9.202976781425231678e-03
9.557066646228129514e-03
9.911592791854051399e-03
1.026655589875713481e-02
1.062195664915388527e-02
1.097779572702028972e-02
1.133408191649554198e-02
1.169082755672756768e-02
1.204801352418560789e-02
1.240564050971704191e-02
1.276370920595693015e-02
1.312222030733356526e-02
1.348117451007380119e-02
1.384057251220061069e-02
1.420041501355218116e-02
1.456070271577014630e-02
1.492145766959152020e-02
1.528266224332908152e-02
1.564431406639310573e-02
1.600641384751133600e-02
1.636896229724627005e-02
1.673196012800381993e-02
1.709540805403708674e-02
1.745930679144747089e-02
1.782365705819533019e-02
1.818845957410863967e-02
1.855371506087100109e-02
1.891942424204873241e-02
1.928560722325811660e-02
1.965224675095944562e-02
2.001934208348021826e-02
2.038689395173109986e-02
2.075490308851368759e-02
2.112337022853671975e-02
2.149229610841651983e-02
2.186168146668188150e-02
2.223152704378339450e-02
2.260174444367812896e-02
2.297227982783711653e-02
2.334318713423511049e-02
2.371433365264041804e-02
2.408577622095120496e-02
2.445751660202222233e-02
2.482943732396369896e-02
2.520167535398631919e-02
2.557408113490144963e-02
2.594669152968398507e-02
2.631950869513266511e-02
2.669243887993011377e-02
2.706558909789080758e-02
2.743878380084918689e-02
2.781218437012134004e-02
2.818558588739539239e-02
2.855915004566789150e-02
2.893269852281665777e-02
2.930633577338892515e-02
2.967996950203488637e-02
3.005358595809015654e-02
3.042724168667820805e-02
3.080077934507952087e-02
3.117435368949084129e-02
3.154782334944838951e-02
3.192114058556794198e-02
3.229447704325560942e-02
3.266762860584604411e-02
3.304057946551086644e-02
3.341350040346036110e-02
3.378620350661432070e-02
3.415866639238029911e-02
3.453096978285685736e-02
3.490309726530815837e-02
3.527494684200593866e-02
3.564650423234549947e-02
3.601786731291500843e-02
3.638898346566876718e-02
3.675977295014298818e-02
3.713022270142318781e-02
3.750035378274940712e-02
3.787026490835132542e-02
3.823980581140573598e-02
3.860896489361387296e-02
3.897773094545375905e-02
3.934612012695981598e-02
3.971424636972176181e-02
4.008195514830381612e-02
4.044923701551228490e-02
4.081608299108530069e-02
4.118248457922435435e-02
4.154851702725359530e-02
4.191419007879892966e-02
4.227940294935961241e-02
4.264414921921289015e-02
4.300842301991214534e-02
4.337221904928423299e-02
4.373555737158674184e-02
4.409857289029250893e-02
4.446110472196629360e-02
4.482314989147528905e-02
4.518470604231916710e-02
4.554577144842864023e-02
4.590634502537116468e-02
4.626646880365736791e-02
4.662625727486435778e-02
4.698556066339931725e-02
4.734438041085442528e-02
4.770271863255781675e-02
4.806057812493969017e-02
4.841796237220652444e-02
4.877487555226744931e-02
4.913148955881330160e-02
4.948768979700113313e-02
4.984344094356041310e-02
5.019874978420779676e-02
5.055362380384198495e-02
5.090807118814000276e-02
5.126210082433324544e-02
5.161572230118016691e-02
5.196915806484936340e-02
5.232221972061368298e-02
5.267491028082660343e-02
5.302724185040852412e-02
5.337922721267562842e-02
5.373087982472624091e-02
5.408221381200029043e-02
5.443324396199145099e-02
5.478415961098592746e-02
5.513486046478255354e-02
5.548530845093879726e-02
5.583552060363183855e-02
5.618551456730536131e-02
5.653530858590327668e-02
5.688492149126633812e-02
5.723437269074538314e-02
5.758373103564151663e-02
5.793315181868963215e-02
5.828247356633853293e-02
5.863171749358264684e-02
5.898090531252009328e-02
5.933005921586698150e-02
5.967920185971964386e-02
6.002835634560788058e-02
6.037754620184010435e-02
6.072685829588375661e-02
6.107641844978073387e-02
6.142608600441468170e-02
6.177588562557878582e-02
6.212584230213002989e-02
6.247598132404319493e-02
6.282632825988243574e-02
6.317690893367733374e-02
6.352774940129535253e-02
6.387887592623697763e-02
6.423049250136680932e-02
6.458248031257540767e-02
6.493483064998506471e-02
6.528757000370477570e-02
6.564072494818407044e-02
6.599432211600464449e-02
6.634838817130650490e-02
6.670294978285551402e-02
6.705803359683160103e-02
6.741366620930477893e-02
6.776998341567463946e-02
6.812697215436158693e-02
6.848458344506558326e-02
6.884284310427069009e-02
6.920177676686911639e-02
6.956140985810765898e-02
6.992176756542867189e-02
7.028287481024597660e-02
7.064475621969856789e-02
7.100743609837345538e-02
7.137093840006780709e-02
7.173528669960016479e-02
7.210059448888284095e-02
7.246682787154257177e-02
7.283396792476160009e-02
7.320203624031940137e-02
7.357105390599527617e-02
7.394104147872204713e-02
7.431201895800310098e-02
7.468400575958256127e-02
7.505702068943942429e-02
7.543108191810499186e-02
7.580620695534823206e-02
7.618241262524594326e-02
7.655971504168168629e-02
7.693812958429280258e-02
7.731767087489171963e-02
7.769835275438863320e-02
7.808018826026952297e-02
7.846318960460529901e-02
7.884736815267157084e-02
7.923273440217593055e-02
7.961929796312028351e-02
8.000706753834263552e-02
8.039605090473966875e-02
8.078625489521895631e-02
8.117768538137948298e-02
8.157034725696687971e-02
8.196424442211069916e-02
8.235937976838547669e-02
8.275575516469646509e-02
8.315337144401580005e-02
8.355222839101039689e-02
8.396112312280945567e-02
8.437465915160236030e-02
8.478868947327433681e-02
8.520321493959315262e-02
8.561823640449195416e-02
8.603375472409191538e-02
8.644977075669024735e-02
8.686628536278062640e-02
8.728329940505230589e-02
8.770081374840055233e-02
8.811882925992642335e-02
8.853734680895275488e-02
8.895636726702194075e-02
8.937589150791014347e-02
8.979592040762129912e-02
9.021645484441065399e-02
9.063749569877543877e-02
9.105904385347285412e-02
9.148110019352206912e-02
9.190366560620466529e-02
9.232674098108439864e-02
9.275032721000320279e-02
9.317442518709095900e-02
9.359903580877326768e-02
9.402415997377722157e-02
9.444979858314095367e-02
9.487595254021297109e-02
9.530262275066614386e-02
9.572981012250147970e-02
9.615748028512816070e-02
9.658559272319044986e-02
9.701413539779135675e-02
9.744309525564420760e-02
9.787245852660197976e-02
9.830228086900150153e-02
9.873247501971271767e-02
9.916302395191611829e-02
9.959390967117509597e-02
1.000251132276102073e-01
1.004566147289882583e-01
1.008883933547159995e-01
1.013204273707366543e-01
1.017527130002053859e-01
1.021852696539009564e-01
1.026180109643124450e-01
1.030509117091082949e-01
1.034839458399374745e-01
1.039170865024350299e-01
1.043503060570538654e-01
1.047835761006656874e-01
1.052169468049690693e-01
1.056503206568191189e-01
1.060836552151940282e-01
1.065169192524708652e-01
1.069500808966485916e-01
1.073831076573166232e-01
1.078160318701664178e-01
1.082487916429379915e-01
1.086813153956909250e-01
1.091135684348381041e-01
1.095455155875226794e-01
1.099771568242751130e-01
1.104085001904480112e-01
1.108394293470156278e-01
1.112699075022931527e-01
1.116998975379595027e-01
1.121294530588425875e-01
1.125584831765789051e-01
1.129869119508164488e-01
1.134147012763122575e-01
1.138419113466166976e-01
1.142684503130877438e-01
1.146942344375943001e-01
1.151192467602377700e-01
1.155435647209963612e-01
1.159670118794093874e-01
1.163895496873423863e-01
1.168113097768628261e-01
1.172320892216018873e-01
1.176518653528098035e-01
1.180707508609037948e-01
1.184885356456637506e-01
1.189052898530478242e-01
1.193209724434873831e-01
1.197354693762839872e-01
1.201489208386681273e-01
1.205610863652486486e-01
1.209721567460184666e-01
1.213818945352578282e-01
1.217904665981754952e-01
1.221976577031467226e-01
1.226036483335199989e-01
1.230081916534790931e-01
1.234115123543582104e-01
1.238133707768007685e-01
1.242138824510494732e-01
1.246129927840560203e-01
1.250105966878185537e-01
1.254069041609255919e-01
1.258016840709819117e-01
1.261949668831501281e-01
1.265868875239610780e-01
1.269772630087084853e-01
1.273660889377967731e-01
1.277535711501414095e-01
1.281395028158129890e-01
1.285238822567031924e-01
1.289067929818841218e-01
1.292882771261667507e-01
1.296682203744921047e-01
1.300466266456326014e-01
1.304235632069530304e-01
1.307991157424261974e-01
1.311731595789333849e-01
1.315457042649561537e-01
1.319167607154696498e-01
1.322864653643474053e-01
1.326547880669681767e-01
1.330216719550105786e-01
1.333871335015006654e-01
1.337511905226029807e-01
1.341139233175954182e-01
1.344754355611859076e-01
1.348356132986923139e-01
1.351944796995800946e-01
1.355520592204073616e-01
1.359083775937246497e-01
1.362635352961687474e-01
1.366176283689801707e-01
1.369705536126399892e-01
1.373223417006972369e-01
1.376730244887338639e-01
1.380226349959570165e-01
1.383712073856422364e-01
1.387189629999259211e-01
1.390657984365002431e-01
1.394117132430352513e-01
1.397567458249260319e-01
1.401009355969593528e-01
1.404443229571616936e-01
1.407869492595812400e-01
1.411290582122142201e-01
1.414705389373016597e-01
1.418113958812672326e-01
1.421516737297559008e-01
1.424914179548719684e-01
1.428306747824437117e-01
1.431694911583909491e-01
1.435080354304962835e-01
1.438463777767264862e-01
1.441844313521334353e-01
1.445222453523151707e-01
1.448598694961746869e-01
1.451973539881059594e-01
1.455347494795145025e-01
1.458721070297286371e-01
1.462096998011537252e-01
1.465474169190885689e-01
1.468852566704108575e-01
1.472232709839460529e-01
1.475615119793654006e-01
1.479000319256371654e-01
1.482388831990979483e-01
1.485781182411718415e-01
1.489180441696265067e-01
1.492584958561391506e-01
1.495994920667815808e-01
1.499410846530508934e-01
1.502833253068693864e-01
1.506262655177268428e-01
1.509699565297202284e-01
1.513144492985523115e-01
1.516600026593597494e-01
1.520065452622119118e-01
1.523540416678708098e-01
1.527025407879032404e-01
1.530520910260573242e-01
1.534027402364777082e-01
1.537545356821379272e-01
1.541075239935139063e-01
1.544618216241104847e-01
1.548176222701398430e-01
1.551747505594396337e-01
1.555332497111101553e-01
1.558931621096151243e-01
1.562545292664092589e-01
1.566173917819790873e-01
1.569817893084237692e-01
1.573477605125201961e-01
1.577154494712360577e-01
1.580849523253433642e-01
1.584561349800646113e-01
1.588290313472651150e-01
1.592036741832878466e-01
1.595800950566186316e-01
1.599583243162718826e-01
1.603383910609408325e-01
1.607203231089002760e-01
1.611041469687251038e-01
1.614901148987910595e-01
1.618780333199030252e-01
1.622679084744220734e-01
1.626597609640598741e-01
1.630536099586386012e-01
1.634494731728382000e-01
1.638473668438746866e-01
1.642473057101849765e-01
1.646493029911051398e-01
1.650533703675278741e-01
1.654595915496930303e-01
1.658680144191040373e-01
1.662785243275133329e-01
1.666911263434187607e-01
1.671058239325149408e-01
1.675226189454168679e-01
1.679415116065259284e-01
1.683625005039968148e-01
1.687855825808994847e-01
1.692107531275051091e-01
1.696380057747832737e-01
1.700673324890793481e-01
1.704987235679944479e-01
1.709321676374866428e-01
1.713677085386360321e-01
1.718053040592566472e-01
1.722448979258648372e-01
1.726864720069178905e-01
1.731300065245990893e-01
1.735754800597055780e-01
1.740228695577912266e-01
1.744721503365818105e-01
1.749232960946602855e-01
1.753762789214208251e-01
1.758310693083207088e-01
1.762876361614214016e-01
1.767459468151739710e-01
1.772059670475707449e-01
1.776676610965230996e-01
1.781309916775861701e-01
1.785959200029325622e-01
1.790624058016829778e-01
1.795304073414505375e-01
1.799999579782198822e-01
1.804709631898491207e-01
1.809433584081545643e-01
1.814251718995667506e-01
1.819142676071299203e-01
1.824036143360741047e-01
1.828931857198183852e-01
1.833830078428377863e-01
1.838729960146201492e-01
1.843631200787352320e-01
1.848533489714945244e-01
1.853436507463377403e-01
1.858339925991163710e-01
1.863243408942478752e-01
1.868146611917136379e-01
1.873049182749189079e-01
1.877950761793159007e-01
1.882850982218542413e-01
1.887749470311697042e-01
1.892645845785114744e-01
1.897539722093883885e-01
1.902430988687551228e-01
1.907319323482044027e-01
1.912203963254068828e-01
1.917084499711692036e-01
1.921960519984298177e-01
1.926831606975851763e-01
1.931697339723414952e-01
1.936557293760285958e-01
1.941411041483682709e-01
1.946258152526605389e-01
1.951098194133542574e-01
1.955930731539534673e-01
1.960755710033075250e-01
1.965572658724328292e-01
1.970380788526979732e-01
1.975179660466039877e-01
1.979968835492764700e-01
1.984747874877137441e-01
1.989516340601651390e-01
1.994273795755612255e-01
1.999019804929602628e-01
2.003753934609848741e-01
2.008476370661962385e-01
2.013186282357699586e-01
2.017883026910773925e-01
2.022566182290526093e-01
2.027235330317773698e-01
2.031890057050060872e-01
2.036529953164274431e-01
2.041154614335700668e-01
2.045764263979277242e-01
2.050358210994065455e-01
2.054935741187968734e-01
2.059496473912603154e-01
2.064040035351391023e-01
2.068566058870702218e-01
2.073074185365539890e-01
2.077565047388929553e-01
2.082037407502035364e-01
2.086490838980115115e-01
2.090925016121121249e-01
2.095339622376299893e-01
2.099734634475494133e-01
2.104110402082097764e-01
2.108465704100130900e-01
2.112800263490162145e-01
2.117113813787141474e-01
2.121406633433071676e-01
2.125678775776558282e-01
2.129929172514326563e-01
2.134157601899207002e-01
2.138364178671392501e-01
2.142549585917503663e-01
2.146712428723565047e-01
2.150852533476257378e-01
2.154970699871139317e-01
2.159066563144376172e-01
2.163139239866198604e-01
2.167189245912635176e-01
2.171217087669861101e-01
2.175221410446688264e-01
2.179203078283775685e-01
2.183162218020853196e-01
2.187097625248359822e-01
2.191011201643657813e-01
2.194901327691984871e-01
2.198768794550951533e-01
2.202613789094804986e-01
2.206435691831478696e-01
2.210235822313943999e-01
2.214012849781408221e-01
2.217768501012198357e-01
2.221501484304748697e-01
2.225213157604779557e-01
2.228903068360055251e-01
2.232571380253747240e-01
2.236219328458874944e-01
2.239845503268467208e-01
2.243452240225831673e-01
2.247038470420266165e-01
2.250604069230155435e-01
2.254151758243063686e-01
2.257679743001210770e-01
2.261188400670310905e-01
2.264679964833686832e-01
2.268153636061878142e-01
2.271609437464408021e-01
2.275048175568059605e-01
2.278471897158629300e-01
2.281879348575450717e-01
2.285271063534652924e-01
2.288647588990575521e-01
2.292011445463060237e-01
2.295361477148016860e-01
2.298698129756020503e-01
2.302022000869132778e-01
2.305333797251558625e-01
2.308636048221037740e-01
2.311927469443657568e-01
2.315208700628330618e-01
2.318480390181880679e-01
2.321743194708338898e-01
2.324998747652355924e-01
2.328247992518841514e-01
2.331490465874690443e-01
2.334726852744049008e-01
2.337957843513149836e-01
2.341184133395111111e-01
2.344406840633639355e-01
2.347628150034479777e-01
2.350846968943907100e-01
2.354064006396958675e-01
2.357279973291288577e-01
2.360495581837400714e-01
2.363711545007853854e-01
2.366929448504098144e-01
2.370150791846095117e-01
2.373374727363490866e-01
2.376601964430273828e-01
2.379833210197315196e-01
2.383069169048774860e-01
2.386310542061369500e-01
2.389558280045509520e-01
2.392815306633324646e-01
2.396079919200653219e-01
2.399352798079044113e-01
2.402634617418775154e-01
2.405926044675750219e-01
2.409227740104038507e-01
2.412540356254089247e-01
2.415866069282059936e-01
2.419205461650171252e-01
2.422557762249013535e-01
2.425923584610236716e-01
2.429303531959918772e-01
2.432698196764964127e-01
2.436108160287477897e-01
2.439533992147897568e-01
2.442978473639914050e-01
2.446440926558786089e-01
2.449920945487054080e-01
2.453419045019460398e-01
2.456935725908375723e-01
2.460471474691110494e-01
2.464026763327431535e-01
2.467602048847616913e-01
2.471199998023132505e-01
2.474819946342392551e-01
2.478461210301039497e-01
2.482124178928861724e-01
2.485809224626371883e-01
2.489516702888356914e-01
2.493246952040173436e-01
2.497000292985096515e-01
2.500778426128598131e-01
2.504582244084372356e-01
2.508410025139329314e-01
2.512262012814225898e-01
2.516138432077226206e-01
2.520039489174548120e-01
2.523965371474419239e-01
2.527916247323487298e-01
2.531892265916146911e-01
2.535896491151663490e-01
2.539926498143370015e-01
2.543981962913806072e-01
2.548062951452523262e-01
2.552169510148485365e-01
2.556301665746170126e-01
2.560459425315229076e-01
2.564642776232690657e-01
2.568851686178330596e-01
2.573089105287937883e-01
2.577352062851421266e-01
2.581640316628599496e-01
2.585953750474057067e-01
2.590292228791792883e-01
2.594655596618069548e-01
2.599043679715433708e-01
2.603456284680789601e-01
2.607893199065094425e-01
2.612355340501262280e-01
2.616842895061131102e-01
2.621353933030987626e-01
2.625888162687712857e-01
2.630445274185857496e-01
2.635024939760255425e-01
2.639626813940865180e-01
2.644250533779295420e-01
2.648895719087078771e-01
2.653561972685667403e-01
2.658248880668074854e-01
2.662957479498895275e-01
2.667686438236640534e-01
2.672434607349920554e-01
2.677201505771940049e-01
2.681986637384625727e-01
2.686789491353405168e-01
2.691609542472030991e-01
2.696446251517758963e-01
2.701299065616749040e-01
2.706167418619218612e-01
2.711050731484234699e-01
2.715948412674293877e-01
2.720859858559079303e-01
2.725784453828490328e-01
2.730721650694154512e-01
2.735671523231013591e-01
2.740632511391938309e-01
2.745603957039959298e-01
2.750585192808865376e-01
2.755575542569697056e-01
2.760574321904178952e-01
2.765580838585894874e-01
2.770594393067558059e-01
2.775614278975344629e-01
2.780639783609550886e-01
2.785670188450706242e-01
2.790704769672200936e-01
2.795742798657727679e-01
2.800783542524405423e-01
2.805826264650419510e-01
2.810870643595160256e-01
2.815916087146781432e-01
2.820961379264401714e-01
2.826005769962640635e-01
2.831048507965783223e-01
2.836181014358873931e-01
2.841372739470493514e-01
2.846549290804429866e-01
2.851710205074875493e-01
2.856855023882713951e-01
2.861983294141094980e-01
2.867094568496866280e-01
2.872188405748339335e-01
2.877264371257675091e-01
2.882322243913890691e-01
2.887361819965228449e-01
2.892382261578203551e-01
2.897383164363389607e-01
2.902364132473485014e-01
2.907324778978670476e-01
2.912264726234548018e-01
2.917183606241842142e-01
2.922081060997667734e-01
2.926956742837667491e-01
2.931810314769300874e-01
2.936641450795081099e-01
2.941449836225951131e-01
2.946235167984310177e-01
2.950997387329041821e-01
2.955736469161054369e-01
2.960451657977500872e-01
2.965142699928415837e-01
2.969809354122234790e-01
2.974451392859107646e-01
2.979068601851664333e-01
2.983660780432937365e-01
2.988227741750735245e-01
2.992769312948946325e-01
2.997285335334873846e-01
3.001775664532688737e-01
3.006240952293923741e-01
3.010680338875157958e-01
3.015093683340650532e-01
3.019480899806556984e-01
3.023841917258289769e-01
3.028176679616692013e-01
3.032485145789034497e-01
3.036767289704744854e-01
3.041023100336375240e-01
3.045253218709000897e-01
3.049457325939650687e-01
3.053635153729852281e-01
3.057786751101054801e-01
3.061912181991792714e-01
3.066011525186052022e-01
3.070084874226703953e-01
3.074132407318530547e-01
3.078155176716568242e-01
3.082152316519517488e-01
3.086123978113768374e-01
3.090070326985290272e-01
3.093991542543124140e-01
3.097887817928290932e-01
3.101760278837220053e-01
3.105608520640994463e-01
3.109432478234652741e-01
3.113232397474801072e-01
3.117008536785563777e-01
3.120761808356695699e-01
3.124492587780054453e-01
3.128200431281040750e-01
3.131885644673682023e-01
3.135548544847883701e-01
3.139190971940457597e-01
3.142811788549180196e-01
3.146411301661875548e-01
3.149990058526037640e-01
3.153549790091487726e-01
3.157089314741492458e-01
3.160609016891282597e-01
3.164110726215676461e-01
3.167593912712387549e-01
3.171058472789713978e-01
3.174506464561395180e-01
3.177937182150019080e-01
3.181350756493817045e-01
3.184749562265314360e-01
3.188131864401890780e-01
3.191499900699303893e-01
3.194853159086494809e-01
3.198192612016441672e-01
3.201518872047171005e-01
3.204832221962252703e-01
3.208133563900974483e-01
3.211423351331672560e-01
3.214701882510240250e-01
3.217970699593744044e-01
3.221228670130729110e-01
3.224479028338527176e-01
3.227720106206508621e-01
3.230953144614239214e-01
3.234180020759302998e-01
3.237399655675869958e-01
3.240613270274397273e-01
3.243822905625397546e-01
3.247027499546626395e-01
3.250227762338901982e-01
3.253425916587595612e-01
3.256621928037244373e-01
3.259815831237511397e-01
3.263008338103132733e-01
3.266201229690295360e-01
3.269395236572585350e-01
3.272590062488780482e-01
3.275786410790884062e-01
3.278984980373351732e-01
3.282187594478167547e-01
3.285394820058344933e-01
3.288606430712990303e-01
3.291823104505045006e-01
3.295045512191348003e-01
3.298274316726177435e-01
3.301511672849770651e-01
3.304757438615346654e-01
3.308011643682327030e-01
3.311274916431883319e-01
3.314547874851039300e-01
3.317831126098733652e-01
3.321125330316736513e-01
3.324433241943209882e-01
3.327753307655647586e-01
3.331086087685171115e-01
3.334432129175262105e-01
3.337791965821694795e-01
3.341166117525105062e-01
3.344555090058074498e-01
3.347961096945830661e-01
3.351383785249297809e-01
3.354822832868917803e-01
3.358278685039322031e-01
3.361751771140337741e-01
3.365242504448231475e-01
3.368751281901776196e-01
3.372278483882391598e-01
3.375826940066237736e-01
3.379394991705142459e-01
3.382982609854794376e-01
3.386590104405742263e-01
3.390217767562675455e-01
3.393865873714896342e-01
3.397534679322242734e-01
3.401224422814257409e-01
3.404937669311627335e-01
3.408673137289517374e-01
3.412430238156658469e-01
3.416209133903771455e-01
3.420009967990984556e-01
3.423832865338787279e-01
3.427677932333170752e-01
3.431545256844381608e-01
3.435436262073907621e-01
3.439351718826619830e-01
3.443289655488925849e-01
3.447250081677142308e-01
3.451232988617560782e-01
3.455238349252698349e-01
3.459266118360990738e-01
3.463316232688546936e-01
3.467388611093678019e-01
3.471486172415019222e-01
3.475606381228288910e-01
3.479748545301866169e-01
3.483912508066651093e-01
3.488098095855909353e-01
3.492305118128657959e-01
3.496533367704488526e-01
3.500782621008422524e-01
3.505052814005447104e-01
3.509346979619376583e-01
3.513661395468030690e-01
3.517995769062238764e-01
3.522349792843004757e-01
3.526723144495240714e-01
3.531115487270395370e-01
3.535526470317402747e-01
3.539955729022048470e-01
3.544402885353807875e-01
3.548870830869550463e-01
3.553356120621229408e-01
3.557858069342403340e-01
3.562376242896645451e-01
3.566910195606531886e-01
3.571459470652997847e-01
3.576023600479476539e-01
3.580602107202222051e-01
3.585194503025121993e-01
3.589801267900092352e-01
3.594423175237950741e-01
3.599057392306839187e-01
3.603703390294665798e-01
3.608360632720353234e-01
3.613028575881993554e-01
3.617706669308669021e-01
3.622394356213942679e-01
3.627091073951482780e-01
3.631796254472607899e-01
3.636509324784418240e-01
3.641231789004872876e-01
3.645961522931888688e-01
3.650697304022758605e-01
3.655438539752013938e-01
3.660184635137366804e-01
3.664934993207287217e-01
3.669689015467778592e-01
3.674446102366875078e-01
3.679205653757633421e-01
3.683967069358615731e-01
3.688729749211796527e-01
3.693493094137227928e-01
3.698256597989273420e-01
3.703021163854016695e-01
3.707784480796350035e-01
3.712545955011401499e-01
3.717304995948345070e-01
3.722061016746218698e-01
3.726813434664448810e-01
3.731561671507370725e-01
3.736305154042784960e-01
3.741043314414236320e-01
3.745775590546154277e-01
3.750501426542569572e-01
3.755220273078290205e-01
3.759931587782692208e-01
3.764634835615745523e-01
3.769329489236021846e-01
3.774015029360577866e-01
3.778690945116436328e-01
3.783356734382863351e-01
3.788011904125661022e-01
3.792655970721245939e-01
3.797288460272696398e-01
3.801908908915054841e-01
3.806516863111737425e-01
3.811111879940920488e-01
3.815693527371886162e-01
3.820261384531091764e-01
3.824815242156578421e-01
3.829355971561301253e-01
3.833892699004579629e-01
3.838576898412371374e-01
3.843232544977399634e-01
3.847859627938563509e-01
3.852458152988471607e-01
3.857028142261451631e-01
3.861569634305441756e-01
3.866082684036367123e-01
3.870567362676140544e-01
3.875023757673481395e-01
3.879452329906489805e-01
3.883853146563776004e-01
3.888226035254702673e-01
3.892571147194991976e-01
3.896888649183483100e-01
3.901178723424294503e-01
3.905441567332808006e-01
3.909677393325297068e-01
3.913886428593653655e-01
3.918068914864254459e-01
3.922225108141539351e-01
3.926355278436863827e-01
3.930459709482523323e-01
3.934538698431644388e-01
3.938592682097288300e-01
3.942622485300988355e-01
3.946627811841358913e-01
3.950609009265171334e-01
3.954566436835320609e-01
3.958500465150973646e-01
3.962411475756448809e-01
3.966299860738098371e-01
3.970166022310654963e-01
3.974010372392517976e-01
3.977833332171352154e-01
3.981635331659414412e-01
3.985417324026134800e-01
3.989179588330906689e-01
3.992922227166211258e-01
3.996645701218719537e-01
4.000350477650371772e-01
4.004037029605715947e-01
4.007705835714108211e-01
4.011357379584790106e-01
4.014992149298086677e-01
4.018610902647723471e-01
4.022214594384578845e-01
4.025802994103959698e-01
4.029376602591940859e-01
4.032935922501355019e-01
4.036481457822986840e-01
4.040013713355634639e-01
4.043533194174739887e-01
4.047041205365478067e-01
4.050537785001724345e-01
4.054023097586534341e-01
4.057497643999232739e-01
4.060961922749866115e-01
4.064416429454751345e-01
4.067862314058823259e-01
4.071300047834722768e-01
4.074729469812627958e-01
4.078151058863550560e-01
4.081565288400257341e-01
4.084973160189795394e-01
4.088375545952882550e-01
4.091771950581226669e-01
4.095162820737690001e-01
4.098548641222539146e-01
4.101931427932601348e-01
4.105309966761687690e-01
4.108684670095312796e-01
4.112056550876321825e-01
4.115426670175319490e-01
4.118794127009961503e-01
4.122159519388048921e-01
4.125524871430374940e-01
4.128888635652032679e-01
4.132251798499608775e-01
4.135615743146350276e-01
4.138979065886700948e-01
4.142344021277146737e-01
4.145709595805353587e-01
4.149076728065215214e-01
4.152445900093173492e-01
4.155816962224643252e-01
4.159190976846462995e-01
4.162567652903943483e-01
4.165947650152530546e-01
4.169331550248858154e-01
4.172718561100603463e-01
4.176111216818167993e-01
4.179507534544626424e-01
4.182909019880409751e-01
4.186316372277840703e-01
4.189728583015803753e-01
4.193146838582504365e-01
4.196572190111498291e-01
4.200003519488884063e-01
4.203441156322331729e-01
4.206886878816276099e-01
4.210340282850077998e-01
4.213801000830630361e-01
4.217269321705514606e-01
4.220745881043934666e-01
4.224232257567952509e-01
4.227727119565272140e-01
4.231230711945626055e-01
4.234743267249159171e-01
4.238265005572730004e-01
4.241797296090057401e-01
4.245340031950421977e-01
4.248892631912659645e-01
4.252455268544221845e-01
4.256028101552962184e-01
4.259611277793478035e-01
4.263204931288222532e-01
4.266810794667925677e-01
4.270427884858725154e-01
4.274055883129699307e-01
4.277694874198016972e-01
4.281344929975183788e-01
4.285006109664699636e-01
4.288678459872365956e-01
4.292362014729049768e-01
4.296058858528826185e-01
4.299767256359985357e-01
4.303486998699859178e-01
4.307218071311624819e-01
4.310960447990270783e-01
4.314714090754443454e-01
4.318478950048603160e-01
4.322254964955687395e-01
4.326042824705544909e-01
4.329843574995244637e-01
4.333655341732418620e-01
4.337478019462379653e-01
4.341311492300061747e-01
4.345155634199917571e-01
4.349010309233198868e-01
4.352875371873894395e-01
4.356750667291036105e-01
4.360636821252388273e-01
4.364535101535911288e-01
4.368443195730209450e-01
4.372360911788535365e-01
4.376288049672309999e-01
4.380224401683641133e-01
4.384169752803399600e-01
4.388123881032734985e-01
4.392086557738428265e-01
4.396057548001695015e-01
4.400039884215340980e-01
4.404030179050006932e-01
4.408028122476972399e-01
4.412033453319672560e-01
4.416045905703853691e-01
4.420065209425505515e-01
4.424091090318282848e-01
4.428123270622084107e-01
4.432161469349911176e-01
4.436207099077531524e-01
4.440260065727332783e-01
4.444318237854381071e-01
4.448381319565029024e-01
4.452449013428387836e-01
4.456521020842525438e-01
4.460597042397005385e-01
4.464676778232097298e-01
4.468759928393462033e-01
4.472846193182937746e-01
4.476937787708719085e-01
4.481033028010679153e-01
4.485130495589577659e-01
4.489229888905594823e-01
4.493330908304584703e-01
4.497433256345044761e-01
4.501536638118084355e-01
4.505640761559999152e-01
4.509745337757167238e-01
4.513850081242971601e-01
4.517956357457548755e-01
4.522064071687845743e-01
4.526171086355386119e-01
4.530277126343911220e-01
4.534381921384882386e-01
4.538485206311873021e-01
4.542586721304608943e-01
4.546686212122976745e-01
4.550783430330369583e-01
4.554878133506394811e-01
4.558970085448776910e-01
4.563060525334294848e-01
4.567149317668086628e-01
4.571234611903580713e-01
4.575316193090943617e-01
4.579393853482542909e-01
4.583467392676492391e-01
4.587536617748571022e-01
4.591601343371691790e-01
4.595661391923073769e-01
4.599716593579608048e-01
4.603766786400413924e-01
4.607811816397748839e-01
4.611851537594666706e-01
4.615887518599683936e-01
4.619918323865559451e-01
4.623943312671652262e-01
4.627962368043796459e-01
4.631975381367348099e-01
4.635982252379773350e-01
4.639982889151430534e-01
4.643977208053824413e-01
4.647965133716023267e-01
4.651946598969138869e-01
4.655921544779730858e-01
4.659889920171018662e-01
4.663851682133253185e-01
4.667806795523012919e-01
4.671755232951606551e-01
4.675696974663194894e-01
4.679632008401968246e-01
4.683560329269966793e-01
4.687481939575002254e-01
4.691396848668427655e-01
4.695305072775106670e-01
4.699206634813086758e-01
4.703101564205998120e-01
4.706989896686448738e-01
4.710871674092078631e-01
4.714746944154060149e-01
4.718615760278752624e-01
4.722478181321929647e-01
4.726334271358030303e-01
4.730184099442131807e-01
4.734027739367459020e-01
4.737865269417347314e-01
4.741696772112464764e-01
4.745522333954395044e-01
4.749342538594518714e-01
4.753158630416876029e-01
4.757086453657184411e-01
4.761069240677882064e-01
4.765032486844285042e-01
4.768977299813048631e-01
4.772903574636262469e-01
4.776811834790215539e-01
4.780702608217497485e-01
4.784576426769771018e-01
4.788433825646676301e-01
4.792275342830611962e-01
4.796101518519511053e-01
4.799912894556577214e-01
4.803710013858693006e-01
4.807493419843364979e-01
4.811263655855795296e-01
4.815021264595265027e-01
4.818766787542581032e-01
4.822500764388608641e-01
4.826223732465082517e-01
4.829936820059006486e-01
4.833640102835745633e-01
4.837333965626187116e-01
4.841018930692624345e-01
4.844695515137713571e-01
4.848364230358730431e-01
4.852025581506052010e-01
4.855680066949097373e-01
4.859328177748469813e-01
4.862970397135994993e-01
4.866607200001724642e-01
4.870239052390605838e-01
4.873866411006886334e-01
4.877490497504257672e-01
4.881111042223875707e-01
4.884728398903768198e-01
4.888342982135827075e-01
4.891955194845247767e-01
4.895565427857615504e-01
4.899174059479636245e-01
4.902781455090137186e-01
4.906387966745784368e-01
4.909993932798406568e-01
4.913600364534846943e-01
4.917207174478230858e-01
4.920814364361734139e-01
4.924422214179124957e-01
4.928030988518314892e-01
4.931640936264651831e-01
4.935252290320464308e-01
4.938865267339604959e-01
4.942480705246996564e-01
4.946098642294605163e-01
4.949718748536369173e-01
4.953341173299590228e-01
4.956966048576876283e-01
4.960593488859037503e-01
4.964223596779440140e-01
4.967857745241517353e-01
4.971494691770939056e-01
4.975134479515859187e-01
4.978777133540985833e-01
4.982422660763352606e-01
4.986072011947011440e-01
4.989724728206477167e-01
4.993380225024837138e-01
4.997038436433303144e-01
5.000699596938742442e-01
5.004364673588488355e-01
5.008032153616057691e-01
5.011701898539124844e-01
5.015374568234547414e-01
5.019050289517121843e-01
5.022727748723638808e-01
5.026407144185793818e-01
5.030089613180315222e-01
5.033773135142718402e-01
5.037458335995825820e-01
5.041142496967490061e-01
5.044825481241232978e-01
5.048507146490890385e-01
5.052187345113061667e-01
5.055865924468274653e-01
5.059542727132853024e-01
5.063217591159434594e-01
5.066890350346100469e-01
5.070560834514707960e-01
5.074228869796619801e-01
5.077894278926868843e-01
5.081556881545057358e-01
5.085216494503543849e-01
5.088872932182058051e-01
5.092526006808340000e-01
5.096175528784525621e-01
5.099821307018428396e-01
5.103463149259945819e-01
5.107100862441549260e-01
5.110734253022430895e-01
5.114363127335996850e-01
5.117987291940353511e-01
5.121606553970987630e-01
5.125220721494971876e-01
5.128829603867193221e-01
5.132433012086468072e-01
5.136030759152769853e-01
5.139622660423632805e-01
5.143208533970100582e-01
5.146788200931433632e-01
5.150361485867731570e-01
5.153928217110708143e-01
5.157488227110906820e-01
5.161041352782786973e-01
5.164587435844389951e-01
5.168126323153989787e-01
5.171657867040950762e-01
5.175181925631651136e-01
5.178698363169393915e-01
5.182207050327694020e-01
5.185707864517268284e-01
5.189200690184880838e-01
5.192685419104676736e-01
5.196161950661570827e-01
5.199630192125199724e-01
5.203090058914914273e-01
5.206541474855432838e-01
5.209984372421687659e-01
5.213418692973668112e-01
5.216844386980314940e-01
5.220261414231934793e-01
5.223669744040644325e-01
5.227069355429370123e-01
5.230460237308074412e-01
5.233842388636980036e-01
5.237215818577247717e-01
5.240580546627713332e-01
5.243936602748584530e-01
5.247284027470442425e-01
5.250622871989705231e-01
5.253953198249221579e-01
5.257275079004468665e-01
5.260588597874766847e-01
5.263893849379679413e-01
5.267190938959547264e-01
5.270479982982041456e-01
5.273761108731711555e-01
5.277034454385116646e-01
5.280300168969951358e-01
5.283558412308324570e-01
5.286809354944805861e-01
5.290053178058287120e-01
5.293290073358476455e-01
5.296520242966460401e-01
5.299743899279938386e-01
5.302961264822423360e-01
5.306172572077887395e-01
5.309378063308918261e-01
5.312577990360489721e-01
5.315772614448421862e-01
5.318962205933179810e-01
5.322147044078597844e-01
5.325327416796781232e-01
5.328503620378064465e-01
5.331675959207928805e-01
5.334844745469418115e-01
5.338010298832600586e-01
5.341172946131498289e-01
5.344333021027458663e-01
5.347490863660415705e-01
5.350646820289197692e-01
5.353801242918569958e-01
5.356954488916780832e-01
5.360106920621370286e-01
5.363258904935110927e-01
5.366410812912243422e-01
5.369563019335041876e-01
5.372715902281584022e-01
5.375869842685760958e-01
5.379025223888809215e-01
5.382182431183517579e-01
5.385341851352212217e-01
5.388503872198127098e-01
5.391668882071223301e-01
5.394837269388741419e-01
5.398009422151812675e-01
5.401185727457162855e-01
5.404366571006316011e-01
5.407552336611907151e-01
5.410743405701399222e-01
5.413940156819896377e-01
5.417142965131225285e-01
5.420352201919702573e-01
5.423568234091136198e-01
5.426791423675798587e-01
5.430022127332074788e-01
5.433260695852715205e-01
5.436507473673704016e-01
5.439762798386607034e-01
5.443027000254625491e-01
5.446300401733934482e-01
5.449583316999659921e-01
5.452876051477546504e-01
5.456178901382784385e-01
5.459492153265199654e-01
5.462816083562178626e-01
5.466150958160231887e-01
5.469497031964500877e-01
5.472854548478329750e-01
5.476223739392296341e-01
5.479604824184225453e-01
5.482998009728985433e-01
5.486403489921289900e-01
5.489821445309261971e-01
5.493252042741167962e-01
5.496695435025196197e-01
5.500151760602258744e-01
5.503621143232826363e-01
5.507103691698758130e-01
5.510599499519017730e-01
5.514108644681856575e-01
5.517631189391123403e-01
5.521167179829908900e-01
5.524716645940392912e-01
5.528279601219616701e-01
5.531856042533735973e-01
5.535445949948492039e-01
5.539049286578645592e-01
5.542665998454052723e-01
5.546296014405815988e-01
5.549939245969246482e-01
5.553595587306996428e-01
5.557264915150914586e-01
5.561002464823854297e-01
5.564863619115691939e-01
5.568719777556612183e-01
5.572571423866921059e-01
5.576419031242656477e-01
5.580263061847847705e-01
5.584103966318603174e-01
5.587942183277749830e-01
5.591778138861802638e-01
5.595612246260119882e-01
5.599444918662810355e-01
5.603277177283687571e-01
5.607108742047637318e-01
5.610939970020054623e-01
5.614771203214681261e-01
5.618602768216263144e-01
5.622434975817047764e-01
5.626268120669706274e-01
5.630102480955097022e-01
5.633938318066857853e-01
5.637775876311952317e-01
5.641615382628060171e-01
5.645457046317532424e-01
5.649301058798714692e-01
5.653147593374814317e-01
5.656996805020118035e-01
5.660848830183418112e-01
5.664704352268350451e-01
5.668563100142869349e-01
5.672424954781201123e-01
5.676289976937689552e-01
5.680158208133156972e-01
5.684029670568748749e-01
5.687904367057639021e-01
5.691782280976949160e-01
5.695663376236828057e-01
5.699547597269460919e-01
5.703434869036585475e-01
5.707325097055324647e-01
5.711218204557959588e-01
5.715114872613515917e-01
5.719005800800343042e-01
5.722890299428471383e-01
5.726767714503828710e-01
5.730637391308015527e-01
5.734498675100185849e-01
5.738350911824396938e-01
5.742193448822923152e-01
5.746025635554155020e-01
5.749846824313979976e-01
5.753656370961122146e-01
5.757453635644482759e-01
5.761237983532168094e-01
5.765008785541307912e-01
5.768765419067565237e-01
5.772507268714477391e-01
5.776233727020387843e-01
5.779944195183313038e-01
5.783638083782134398e-01
5.787314813493942278e-01
5.790973815805655622e-01
5.794614533720539029e-01
5.798236422457152539e-01
5.801838950141018358e-01
5.805421598487863211e-01
5.808983863476728793e-01
5.812525256014160480e-01
5.816045302585943766e-01
5.819543545897396530e-01
5.823019545501288974e-01
5.826472878411557144e-01
5.829903139702419246e-01
5.833309943093061278e-01
5.836692921515187482e-01
5.840051727664463677e-01
5.843386034533692985e-01
5.846695535928079224e-01
5.849979946960941479e-01
5.853239004529739997e-01
5.856472467770956758e-01
5.859680118494234868e-01
5.862861761594304610e-01
5.866017225439945637e-01
5.869146362240045267e-01
5.872249048385271841e-01
5.875325184765869402e-01
5.878374697063752929e-01
5.881397536019117300e-01
5.884393677671613254e-01
5.887363123574014256e-01
5.890305900979513343e-01
5.893222063001126720e-01
5.896111688744056778e-01
5.898974883408765191e-01
5.901811778366776728e-01
5.904622531206682456e-01
5.907407325752038751e-01
5.910166372049541206e-01
5.912899906327926391e-01
5.915608190927450494e-01
5.918291514199796044e-01
5.920950190377922695e-01
5.923584559417083284e-01
5.926194986805062292e-01
5.928781863343706160e-01
5.931345604900486457e-01
5.933886652130373474e-01
5.936405470169556775e-01
5.938902548298392592e-01
5.941378399577548208e-01
5.943833560453797293e-01
5.946268590338579241e-01
5.948684071159153763e-01
5.951080606880834178e-01
5.953458823003618949e-01
5.955819366031216422e-01
5.958162902915098424e-01
5.960490120471442221e-01
5.962801724774848822e-01
5.965098440526273027e-01
5.967381010397876384e-01
5.969650194354647610e-01
5.971906768953838540e-01
5.974151526621869213e-01
5.976385274911699685e-01
5.978608835738352667e-01
5.980823044596776938e-01
5.983028749759693454e-01
5.985226811458563834e-01
5.987418101047694563e-01
5.989603500152040905e-01
5.991783899800307012e-01
5.993960199543508782e-01
5.996133306561288734e-01
5.998304134754604000e-01
6.000473603828941904e-01
6.002642638365516259e-01
6.004812166884829772e-01
6.006983120900788453e-01
6.009156433968174671e-01
6.011333040724249344e-01
6.013513875924483276e-01
6.015699873474518178e-01
6.017891965459449821e-01
6.020091081170408920e-01
6.022298146130635743e-01
6.024514081121585818e-01
6.026739801209706204e-01
6.028976214776180509e-01
6.031224222548998704e-01
6.033484716639940793e-01
6.035758579586048000e-01
6.038046683398321512e-01
6.040349888616840524e-01
6.042669043374402360e-01
6.045004982469739385e-01
6.047358526450352656e-01
6.049730480707091740e-01
6.052121634580280851e-01
6.054532760479678366e-01
6.056964613017790100e-01
6.059417928157908584e-01
6.061893422378965557e-01
6.064391791855625602e-01
6.066913711656978236e-01
6.069459834962895872e-01
6.072030792299931701e-01
6.074627190796919596e-01
6.077249613460700139e-01
6.079898618474972594e-01
6.082574738519179736e-01
6.085278480111975252e-01
6.088010322977031041e-01
6.090770719433724611e-01
6.093560093812735445e-01
6.096378841896854528e-01
6.099227330387622104e-01
6.102105896399208085e-01
6.105014846978720211e-01
6.107954458655202590e-01
6.110924977015481652e-01
6.113926616310025874e-01
6.116959559087082887e-01
6.120023955856208620e-01
6.123119924782756129e-01
6.126247551411541092e-01
6.129406888421231603e-01
6.132597955410785673e-01
6.135820738716006861e-01
6.139075191258049902e-01
6.142361232423694251e-01
6.145678747978007284e-01
6.149027590007989374e-01
6.152407576900706943e-01
6.155818493351297160e-01
6.159260090406337707e-01
6.162732085537465654e-01
6.166234162750119374e-01
6.169765972722693892e-01
6.173327132981103471e-01
6.176917228104374935e-01
6.180535809963760840e-01
6.184182397994437697e-01
6.187856479500395412e-01
6.191557509991365560e-01
6.195284913552228101e-01
6.199038083244914343e-01
6.202816381542710644e-01
6.206619140795570644e-01
6.210445663728032528e-01
6.214326051583742849e-01
6.218356665690278895e-01
6.222386145710199212e-01
6.226414889492042359e-01
6.230443279653585797e-01
6.234471683158651079e-01
6.238500450908079920e-01
6.242529917347985347e-01
6.246560400092333598e-01
6.250592199563675955e-01
6.254625598649141693e-01
6.258660862374714196e-01
6.262698237595789585e-01
6.266737952706669113e-01
6.270780217366227483e-01
6.274825222243849421e-01
6.278873138782059549e-01
6.282924118978543415e-01
6.286978295187037880e-01
6.291035779937108607e-01
6.295096665773056710e-01
6.299161025111794654e-01
6.303229062759856394e-01
6.307301133388614200e-01
6.311376769975931555e-01
6.315455963411065188e-01
6.319538684041479115e-01
6.323624881648726159e-01
6.327714485445525838e-01
6.331807404091345237e-01
6.335895703945337853e-01
6.339974290741146046e-01
6.344041949434064964e-01
6.348097467533957428e-01
6.352139636341680440e-01
6.356167252189504069e-01
6.360179117684481298e-01
6.364174042954211519e-01
6.368150846893267936e-01
6.372108358408703488e-01
6.376045417663187553e-01
6.379960877316221968e-01
6.383853603758760098e-01
6.387722478344057819e-01
6.391566398608823363e-01
6.395384279487912327e-01
6.399175054517296513e-01
6.402937677026261376e-01
6.406671121316811490e-01
6.410374383828574274e-01
6.414046484287965200e-01
6.417686466840955006e-01
6.421293401166769943e-01
6.424866383571825601e-01
6.428404538063079432e-01
6.431907017398477144e-01
6.435373004113691398e-01
6.438801711523061133e-01
6.442192384695089036e-01
6.445544301399204201e-01
6.448856773023980971e-01
6.452129145464597926e-01
6.455360799979321662e-01
6.458551154011793471e-01
6.461699661981576970e-01
6.464805816037322295e-01
6.467869146775138134e-01
6.470889223919258360e-01
6.473865656963824211e-01
6.476798095776441500e-01
6.479686231160057819e-01
6.482529795374827319e-01
6.485328562616963222e-01
6.488082349455586151e-01
6.490791015224239846e-01
6.493454462370527036e-01
6.496072636757881380e-01
6.498645527923827547e-01
6.501173169290577203e-01
6.503655638329441935e-01
6.506093056678241560e-01
6.508485590210273397e-01
6.510833449056283584e-01
6.513136887577655187e-01
6.515396204291472593e-01
6.517611741746651699e-01
6.519783886352252811e-01
6.521913068156011128e-01
6.523999760575651674e-01
6.526044480080397392e-01
6.528047785825252802e-01
6.530010279236528881e-01
6.531932603550418825e-01
6.533815443303405690e-01
6.535659523776200519e-01
6.537465610391408610e-01
6.539234508065014939e-01
6.540967060513223075e-01
6.542664149513748306e-01
6.544326694124749100e-01
6.545955649859633851e-01
6.547552007820218734e-01
6.549116793788849478e-01
6.550651067280268691e-01
6.552155920553992541e-01
6.553632477589106387e-01
6.555081893021681427e-01
6.556505351046748586e-01
6.557904064285260404e-01
6.559279272618474543e-01
6.560632241989863278e-01
6.561964263176158774e-01
6.563276650529932255e-01
6.564570740693314033e-01
6.565847891286356042e-01
6.567109479570256703e-01
6.568356901086027655e-01
6.569591568273291937e-01
6.570814909067306253e-01
6.572028365477258216e-01
6.573233392148938314e-01
6.574431454909417383e-01
6.575624029300346507e-01
6.576812599097405787e-01
6.577998654819143809e-01
6.579183692228141034e-01
6.580369210822771819e-01
6.581556712325253855e-01
6.582747699164128719e-01
6.583943672955461235e-01
6.585146132982238054e-01
6.586356574675467090e-01
6.587576488096742455e-01
6.588807356426089612e-01
6.590050654454377987e-01
6.591307847082916727e-01
6.592580387833379962e-01
6.593869717365343774e-01
6.595177262008042884e-01
6.596504432303951226e-01
6.597852621567785736e-01
6.599223204461013292e-01
6.600617535584558659e-01
6.602036948090199697e-01
6.603482752312044290e-01
6.604956234419931960e-01
6.606458655095037713e-01
6.607991248231002146e-01
6.609555219658453940e-01
6.611151745897811960e-01
6.612781972938832631e-01
6.614447015048681155e-01
6.616147953610975740e-01
6.617885835994479216e-01
6.619661674454768718e-01
6.621476445067360217e-01
6.623331086696413461e-01
6.625226499996914598e-01
6.627163546452379261e-01
6.629143047449284065e-01
6.631165783389174617e-01
6.633232492837302097e-01
6.635343871710965846e-01
6.637500572506525032e-01
6.639703203566984513e-01
6.641952328389204574e-01
6.644248464973134816e-01
6.646592085211495693e-01
6.648983614323018543e-01
6.651423430326734998e-01
6.653911863560697526e-01
6.656449196242806288e-01
6.659035662076300266e-01
6.661671445899191024e-01
6.664356683377523627e-01
6.667091460744070108e-01
6.669875814581429641e-01
6.672709731650334763e-01
6.675593148763636631e-01
6.678525952704539304e-01
6.681507980192535889e-01
6.684539017892232593e-01
6.687618802470296497e-01
6.690747020696694580e-01
6.693923309592355597e-01
6.697147256621656108e-01
6.700418399932304148e-01
6.703736228638330630e-01
6.707100183150622730e-01
6.710509655551981645e-01
6.713963990017031147e-01
6.717462483277174545e-01
6.721004385131215120e-01
6.724588898998768993e-01
6.728215182519332593e-01
6.731882348194284660e-01
6.735589464073141741e-01
6.739335554482477342e-01
6.743119600797318203e-01
6.746940542256112394e-01
6.750797276815871939e-01
6.754688662050127856e-01
6.758613516086997564e-01
6.762570618587628868e-01
6.766558711764885103e-01
6.770623738877401543e-01
6.774821972069922094e-01
6.779020682889482785e-01
6.783220222630153007e-01
6.787420925090492663e-01
6.791623106192390402e-01
6.795827063617170261e-01
6.800033076459039982e-01
6.804241404897453105e-01
6.808452289886939290e-01
6.812665952865815111e-01
6.816882595484339280e-01
6.821102399351561818e-01
6.825325525801604343e-01
6.829552115679442537e-01
6.833782786377635698e-01
6.838017189044673927e-01
6.842255350252255397e-01
6.846497327159475343e-01
6.850743155667231576e-01
6.854992850325662967e-01
6.859246404262380192e-01
6.863503789130871446e-01
6.867764955080197797e-01
6.872029830745918222e-01
6.876288814402482519e-01
6.880535351217242912e-01
6.884767684047921055e-01
6.888984061208034415e-01
6.893182738226135697e-01
6.897361979609666349e-01
6.901520060609995788e-01
6.905655268987049844e-01
6.909765906773810418e-01
6.913850292035290668e-01
6.917906760623431239e-01
6.921933667923851896e-01
6.925929390593825730e-01
6.929892328289262160e-01
6.933820905377923172e-01
6.937713572638466442e-01
6.941568808942131241e-01
6.945385122915392895e-01
6.949161054582240205e-01
6.952895176983511227e-01
6.956586097770491861e-01
6.960232460773356777e-01
6.963832947540138374e-01
6.967386278843934466e-01
6.970891216160080006e-01
6.974346563106166297e-01
6.977751166847392383e-01
6.981103919462907648e-01
6.984403759272010959e-01
6.987649672118829702e-01
6.990840692612623197e-01
6.993975905323190911e-01
6.997054445928621025e-01
7.000075502314317966e-01
7.003038315621707977e-01
7.005942181244222411e-01
7.008786449770538773e-01
7.011570527871955338e-01
7.014293879133952636e-01
7.016956024829148486e-01
7.019556544631857520e-01
7.022095077272034747e-01
7.024571321127583978e-01
7.026985034754265058e-01
7.029336037352582611e-01
7.031624209169218265e-01
7.033849491834276435e-01
7.036011888631339417e-01
7.038111464702596631e-01
7.040148347185057887e-01
7.042122725279731377e-01
7.044034850253149127e-01
7.045885035369778837e-01
7.047673655756596656e-01
7.049401148198013445e-01
7.051068010863432711e-01
7.052674802964638001e-01
7.054222144346369294e-01
7.055710715007295075e-01
7.057141254554575305e-01
7.058514561589610548e-01
7.059831493029036231e-01
7.061092963357349372e-01
7.062299943816190417e-01
7.063453461528055310e-01
7.064554598556860299e-01
7.065604490906089996e-01
7.066604327455556778e-01
7.067555348837322171e-01
7.068458846254135342e-01
7.069316160238960922e-01
7.070128679359435342e-01
7.070897838866920804e-01
7.071625119293605266e-01
7.072312044997897118e-01
7.072960182659540074e-01
7.073571139728684898e-01
7.074146562827554607e-01
7.074688136108584491e-01
7.075197579571652629e-01
7.075676647339306236e-01
7.076127125896491954e-01
7.076550832292198834e-01
7.076949612309844095e-01
7.077325338603890348e-01
7.077679908809106912e-01
7.078015243622002295e-01
7.078333284857467600e-01
7.078635993483757272e-01
7.078925347636473298e-01
7.079203340615192186e-01
7.079471978864604331e-01
7.079733279942568291e-01
7.079989270476862995e-01
7.080241984114019616e-01
7.080493459461729699e-01
7.080745738026739122e-01
7.081000862152522224e-01
7.081260872955608132e-01
7.081527808266776525e-01
7.081803700575721727e-01
7.082090574984301057e-01
7.082390447167810077e-01
7.082705321349689331e-01
7.083037188287542030e-01
7.083388023277230605e-01
7.083759784172962704e-01
7.084154409428038424e-01
7.084573816156698456e-01
7.085019898219799828e-01
7.085494524335782529e-01
7.085999536218758887e-01
7.086536746745413229e-01
7.087107938152510389e-01
7.087714860266374206e-01
7.088359228766982767e-01
7.089042723486151942e-01
7.089766986743522015e-01
7.090533621719914414e-01
7.091344190871164965e-01
7.092200214382040624e-01
7.093103168662524549e-01
7.094054484887759582e-01
7.095055547581856636e-01
7.096107693247777348e-01
7.097212209043499698e-01
7.098370331505892139e-01
7.099583245323568548e-01
7.100852082157729228e-01
7.102177919514767179e-01
7.103561779669003151e-01
7.105004628637519026e-01
7.106507375207051780e-01
7.108070870014056020e-01
7.109695904678610123e-01
7.111383210991972792e-01
7.113133460159442034e-01
7.114947262097375269e-01
7.116825164786668712e-01
7.118767653681814522e-01
7.120775151175651185e-01
7.122848016121499093e-01
7.124986543410622986e-01
7.127190963608500685e-01
7.129461442647271330e-01
7.131798081574696191e-01
7.134200916361894684e-01
7.136669917767715088e-01
7.139204991261320910e-01
7.141805977001387529e-01
7.144472649872821712e-01
7.147204719582611609e-01
7.150001830811281156e-01
7.152863563421674176e-01
7.155789432726109567e-01
7.158778889810260004e-01
7.161831321912233150e-01
7.164946052860738934e-01
7.168122343567555621e-01
7.171359392577516534e-01
7.174656336673177481e-01
7.178012251535617061e-01
7.181426152460679280e-01
7.184896995128042807e-01
7.188423676428090658e-01
7.192005035339039676e-01
7.195639853859785440e-01
7.199326857994587936e-01
7.203064718790903598e-01
7.206852053428374205e-01
7.210687426359854157e-01
7.214569350502044731e-01
7.218496288477271872e-01
7.222466653903190092e-01
7.226478812732686219e-01
7.230531084640030581e-01
7.234621744454969861e-01
7.238749023642860880e-01
7.242956452173976434e-01
7.247300745715061776e-01
7.251646407026608454e-01
7.255993814210648374e-01
7.260343670232871638e-01
7.264695810015675548e-01
7.269050500985294594e-01
7.273407990633653508e-01
7.277768506214707944e-01
7.282132254462250209e-01
7.286499421326646520e-01
7.290870171731786975e-01
7.295244649351873001e-01
7.299622976410904407e-01
7.304005253499710193e-01
7.308391559416682615e-01
7.312781951028322069e-01
7.317176463150949495e-01
7.321575108454518865e-01
7.325977877386857795e-01
7.330384738120263588e-01
7.334795636519713113e-01
7.339202777928215404e-01
7.343595639961892907e-01
7.347971963691302122e-01
7.352329497713685491e-01
7.356666000396971938e-01
7.360979242128997679e-01
7.365267007567291024e-01
7.369527097889820855e-01
7.373757333040997786e-01
7.377955553973920555e-01
7.382119624884198039e-01
7.386247435434236674e-01
7.390336902964962373e-01
7.394385974692641028e-01
7.398392629888614902e-01
7.402354882038291173e-01
7.406270780979660184e-01
7.410138415014366764e-01
7.413955912994130149e-01
7.417721446375180605e-01
7.421433231240668338e-01
7.425089530288619954e-01
7.428688654781803180e-01
7.432228966457359309e-01
7.435708879394611337e-01
7.439126861836620197e-01
7.442481437964838520e-01
7.445771189624017516e-01
7.448994757994085170e-01
7.452150845207148322e-01
7.455238215908221999e-01
7.458255698755913432e-01
7.461202187861197821e-01
7.464076644163679664e-01
7.466878096740250381e-01
7.469605644047574433e-01
7.472258455093108154e-01
7.474835770535797064e-01
7.477336903712248350e-01
7.479761241587572496e-01
7.482108245630527676e-01
7.484377452608361736e-01
7.486568475303876369e-01
7.488681003149051385e-01
7.490714802778424275e-01
7.492669718496767217e-01
7.494545672664378877e-01
7.496342665995237020e-01
7.498060777769275376e-01
7.499700165958598230e-01
7.501261067265290183e-01
7.502743797071715903e-01
7.504148749302950172e-01
7.505476396200987388e-01
7.506727288009538146e-01
7.507902052572712481e-01
7.509001394843726196e-01
7.510026096307220733e-01
7.510977014313973132e-01
7.511855081329377182e-01
7.512661304096135417e-01
7.513396762712272192e-01
7.514062609624343470e-01
7.514660068540233162e-01
7.515190433257499247e-01
7.515655066414170804e-01
7.516055398159622314e-01
7.516392924748922511e-01
7.516669207061787983e-01
7.516885869048215429e-01
7.517044596102717691e-01
7.517147133368611289e-01
7.517195283976085829e-01
7.517190907213595619e-01
7.517135916638038040e-01
7.517032278123458866e-01
7.516882007852048186e-01
7.516687170250693217e-01
7.516449875873003617e-01
7.516172279233026554e-01
7.515856576590826954e-01
7.515505003692841690e-01
7.515119833472598820e-01
7.514703373709377132e-01
7.514257964654889044e-01
7.513785976623545970e-01
7.513289807554122124e-01
7.512771880545165981e-01
7.512234641364441412e-01
7.511680555939743709e-01
7.511112107828996631e-01
7.510531795677946043e-01
7.509942130664259974e-01
7.509345633932675845e-01
7.508744834024843051e-01
7.508142264305297520e-01
7.507540460388348880e-01
7.506941957565882451e-01
7.506349288242348816e-01
7.505764979377507196e-01
7.505191549940073426e-01
7.504631508375403381e-01
7.504087350089896358e-01
7.503561554954372159e-01
7.503056584828926567e-01
7.502574881111963023e-01
7.502118862316062842e-01
7.501690921673533907e-01
7.501293424771091622e-01
7.500928707220542169e-01
7.500599072363423048e-01
7.500306789014359321e-01
7.500054089243475275e-01
7.499843166201081157e-01
7.499676171985834028e-01
7.499555215558242338e-01
7.499482360700395756e-01
7.499459624026725280e-01
7.499488973042256479e-01
7.499572324254644151e-01
7.499711541338744958e-01
7.499908433355353399e-01
7.500164753026898889e-01
7.500482195068514102e-01
7.500862394578868830e-01
7.501306925489237276e-01
7.501817299072763845e-01
7.502394962515297472e-01
7.503041297547834443e-01
7.503757619142201740e-01
7.504545174268859586e-01
7.505405140720451396e-01
7.506338625999404712e-01
7.507346666270360291e-01
7.508430225379547629e-01
7.509590193938899816e-01
7.510827388478171773e-01
7.512142550662623819e-01
7.513536346579814396e-01
7.515009366091638388e-01
7.516562122255903144e-01
7.518195050815164038e-01
7.519908509752357695e-01
7.521702778917007670e-01
7.523578059717304090e-01
7.525534474880870572e-01
7.527572068284484885e-01
7.529690804850925900e-01
7.531890570513688488e-01
7.534171172250816451e-01
7.536532338184289692e-01
7.538973717749071213e-01
7.541494881928261229e-01
7.544095323555399801e-01
7.546774457684430892e-01
7.549531622024747701e-01
7.552366077444088166e-01
7.555277008536587235e-01
7.558263524255806054e-01
7.561324658614863026e-01
7.564459371448717384e-01
7.567666549243610152e-01
7.570945006028060309e-01
7.574293484329153170e-01
7.577710656190159710e-01
7.581195124252273487e-01
7.584745422897170020e-01
7.588360019450777205e-01
7.592037315448250112e-01
7.595775647958895593e-01
7.599573290970329520e-01
7.603428456830885196e-01
7.607339297751416485e-01
7.611303907362003685e-01
7.615320322327188141e-01
7.619386524015285822e-01
7.623500440222419350e-01
7.627659946951415026e-01
7.631862870241488128e-01
7.636106988050961331e-01
7.640431739995172666e-01
7.644900014760640516e-01
7.649370235843215848e-01
7.653842712624616684e-01
7.658317734565349699e-01
7.662795570857625638e-01
7.667276470096604513e-01
7.671760659972699514e-01
7.676248346983267634e-01
7.680739716165276842e-01
7.685234930848738877e-01
7.689734132431234048e-01
7.694237440173430365e-01
7.698744951015941140e-01
7.703256739418165022e-01
7.707772857218735396e-01
7.712293333518076555e-01
7.716818174582149581e-01
7.721347363769370808e-01
7.725880861479430539e-01
7.730414086269454810e-01
7.734931836818215167e-01
7.739431404009213811e-01
7.743910087714025448e-01
7.748365199472730946e-01
7.752794065178465477e-01
7.757194027764300337e-01
7.761562449889436444e-01
7.765896716623192919e-01
7.770194238122036801e-01
7.774452452299089877e-01
7.778668827480552661e-01
7.782840865048645806e-01
7.786966102067380824e-01
7.791042113886692544e-01
7.795066516723263561e-01
7.799036970216883802e-01
7.802951179954000782e-01
7.806806899960527790e-01
7.810601935159044995e-01
7.814334143785961473e-01
7.818001439767654492e-01
7.821601795051358330e-01
7.825133241887503033e-01
7.828593875061160556e-01
7.831981854069138826e-01
7.835295405240081390e-01
7.838532823793760151e-01
7.841692475837378495e-01
7.844772800296526682e-01
7.847772310775220639e-01
7.850689597346685034e-01
7.853523328267528747e-01
7.856272251616314151e-01
7.858935196851353222e-01
7.861511076287326372e-01
7.863998886486160966e-01
7.866397709562147345e-01
7.868706714396980217e-01
7.870925157765031877e-01
7.873052385363066286e-01
7.875087832747813543e-01
7.877031026174652339e-01
7.878881583338748218e-01
7.880639214016127436e-01
7.882303720603867081e-01
7.883874998557260927e-01
7.885353036724238596e-01
7.886737917575323831e-01
7.888029817327539828e-01
7.889229005963867003e-01
7.890335847146190407e-01
7.891350798020992929e-01
7.892274408919714990e-01
7.893107322951475879e-01
7.893850275490759127e-01
7.894504093557286328e-01
7.895069695092780115e-01
7.895548088130830422e-01
7.895940369864704600e-01
7.896247725610281432e-01
7.896471427669680132e-01
7.896612834092826549e-01
7.896673387340049644e-01
7.896654612849318688e-01
7.896558117505407814e-01
7.896385588017833523e-01
7.896138789206037512e-01
7.895819562196051411e-01
7.895429822529387298e-01
7.894971558188597083e-01
7.894446827540690936e-01
7.893857757200672953e-01
7.893206539819945800e-01
7.892495431800543582e-01
7.891726750939545010e-01
7.890902874005585321e-01
7.890026234252298654e-01
7.889099318870280708e-01
7.888124666381755024e-01
7.887104863981770908e-01
7.886042544827969181e-01
7.884940385284431308e-01
7.883801102121259508e-01
7.882627449675130293e-01
7.881422216972382433e-01
7.880188224821238485e-01
7.878928322873803847e-01
7.877645386663338911e-01
7.876342314620334850e-01
7.875022025069937648e-01
7.873687453216078325e-01
7.872341548114465404e-01
7.870987269637892414e-01
7.869627585440082118e-01
7.868265467917541223e-01
7.866903891176564301e-01
7.865545828006159645e-01
7.864194246862215021e-01
7.862852108865363565e-01
7.861522364814768071e-01
7.860207952224049777e-01
7.858911792378753258e-01
7.857636787421371505e-01
7.856385817464943688e-01
7.855161737739282390e-01
7.853967375772608062e-01
7.852805528609665409e-01
7.851678960072019375e-01
7.850590398059082986e-01
7.849542531896807063e-01
7.848538009732093368e-01
7.847579435977862783e-01
7.846669368810614831e-01
7.845810317721289007e-01
7.845004741123113856e-01
7.844255044015693290e-01
7.843563575711518521e-01
7.842932627620553543e-01
7.842364431101092048e-01
7.841861155371594450e-01
7.841424905491949371e-01
7.841057720408031173e-01
7.840761571068026736e-01
7.840538358605979585e-01
7.840389912596112953e-01
7.840317989379912422e-01
7.840324270463145950e-01
7.840410360988470106e-01
7.840577788280165272e-01
7.840828000463535563e-01
7.841162365160359027e-01
7.841582168258200980e-01
7.842088612757864841e-01
7.842682817695081354e-01
7.843365817139684726e-01
7.844138559272904043e-01
7.845001905540009979e-01
7.845956629880703748e-01
7.847003418039126821e-01
7.848142866947542817e-01
7.849375484190832530e-01
7.850701687547307905e-01
7.852121804606515543e-01
7.853636072465275397e-01
7.855244637500982119e-01
7.856947555220994417e-01
7.858744790190186347e-01
7.860636216034324608e-01
7.862621615520686280e-01
7.864700680713960779e-01
7.866873013208328658e-01
7.869138124436119153e-01
7.871495436049844585e-01
7.873944280381255378e-01
7.876483900972794938e-01
7.879113453184747318e-01
7.881832004874913533e-01
7.884638537153088045e-01
7.887531945205989992e-01
7.890511039196839160e-01
7.893574545235193529e-01
7.896721106418493896e-01
7.899949283944793788e-01
7.903257558294853879e-01
7.906644330484187133e-01
7.910107923384555040e-01
7.913646583112743382e-01
7.917258480487796568e-01
7.920941712555207292e-01
7.924694304176482795e-01
7.928514209685484371e-01
7.932399314608340468e-01
7.936347437447714981e-01
7.940356331529994094e-01
7.944423686914932059e-01
7.948547132365009205e-01
7.952724237377382099e-01
7.956952514272790378e-01
7.961229420342290641e-01
7.965552360053749226e-01
7.969918687310932892e-01
7.974454552057519408e-01
7.979027124196678145e-01
7.983602235724374108e-01
7.988180173678904872e-01
7.992761204213232329e-01
7.997345572266068014e-01
8.001933501252618264e-01
8.006525192778297662e-01
8.011120826370434767e-01
8.015720559234473797e-01
8.020324526029409817e-01
8.024932838666631874e-01
8.029545586129589463e-01
8.034162834316627144e-01
8.038784625905801562e-01
8.043410980241838537e-01
8.048041893246133949e-01
8.052677337350078179e-01
8.057316237198799413e-01
8.061938896485796313e-01
8.066542212001337475e-01
8.071123090559921831e-01
8.075678452060695012e-01
8.080205232552755135e-01
8.084700387305525648e-01
8.089160893878157843e-01
8.093583755187103712e-01
8.097966002567487109e-01
8.102304698824660534e-01
8.106596941274000212e-01
8.110839864765253537e-01
8.115030644685623518e-01
8.119166499942647164e-01
8.123244695919109581e-01
8.127262547398552694e-01
8.131217421458527550e-01
8.135106740325088737e-01
8.138927984188784048e-01
8.142678693975229365e-01
8.146356474068150444e-01
8.149958994982096083e-01
8.153483995979262655e-01
8.156929287628074121e-01
8.160292754300007001e-01
8.163572356600374835e-01
8.166766133730736232e-01
8.169872205778427876e-01
8.172888775929458838e-01
8.175814132604017903e-01
8.178646651507253118e-01
8.181384797596193970e-01
8.184027126956674447e-01
8.186572288589153423e-01
8.189019026099084719e-01
8.191366179290495708e-01
8.193612685658739903e-01
8.195757581780889200e-01
8.197800004599864465e-01
8.199739192602431004e-01
8.201574486885789828e-01
8.203305332113690618e-01
8.204931277357994102e-01
8.206451976825293038e-01
8.207867190465634177e-01
8.209176784464551346e-01
8.210380731613862171e-01
8.211479111562429711e-01
8.212472110945838732e-01
8.213360023393447840e-01
8.214143249412615422e-01
8.214822296150647851e-01
8.215397777033579541e-01
8.215870411281076535e-01
8.216241023300034918e-01
8.216510541955206470e-01
8.216679999718319305e-01
8.216750531697241122e-01
8.216723374544372405e-01
8.216599865248379597e-01
8.216381439807398657e-01
8.216069631787816796e-01
8.215666070770082374e-01
8.215172480681856015e-01
8.214590678023283576e-01
8.213922569983793665e-01
8.213170152456517048e-01
8.212335507948136382e-01
8.211420803393254531e-01
8.210428287869113717e-01
8.209360290220832912e-01
8.208219216594305756e-01
8.207007547884488385e-01
8.205727837100467159e-01
8.204382706651058843e-01
8.202974845555210948e-01
8.201507006581174597e-01
8.199982003316870216e-01
8.198402707176994930e-01
8.196772044351512410e-01
8.195092992695662826e-01
8.193368578571651462e-01
8.191601873640541598e-01
8.189795991612673909e-01
8.187954084958124490e-01
8.186079341583514246e-01
8.184174981477705391e-01
8.182244253332016104e-01
8.180290431138730334e-01
8.178316810771750767e-01
8.176326706554200019e-01
8.174323447817140043e-01
8.172310375453442077e-01
8.170290838469975725e-01
8.168268190544623053e-01
8.166245786589330091e-01
8.164226979324997746e-01
8.162215115870963267e-01
8.160213534354077147e-01
8.158225560539975607e-01
8.156254504489535151e-01
8.154303657247268244e-01
8.152376287560467727e-01
8.150475638636351938e-01
8.148604924938314120e-01
8.146767329024604543e-01
8.144965998433471022e-01
8.143204042616591920e-01
8.141484529923537217e-01
8.139810484641121224e-01
8.138184884088792703e-01
8.136610655773024448e-01
8.135090674603933092e-01
8.133627760174213517e-01
8.132224674104493456e-01
8.130884117456320670e-01
8.129608728214066105e-01
8.128401078838518590e-01
8.127263673893392326e-01
8.126198947745217893e-01
8.125209262340606919e-01
8.124296905058394636e-01
8.123464086642047111e-01
8.122712939210159355e-01
8.122045514347784323e-01
8.121463781278501770e-01
8.120969625119049962e-01
8.120564845216446948e-01
8.120251153568516234e-01
8.120030173328534051e-01
8.119903437393845014e-01
8.119872387079700715e-01
8.119938370878063694e-01
8.120102643302602452e-01
8.120366363817392852e-01
8.120730595853939970e-01
8.121196305911995150e-01
8.121764362747037058e-01
8.122435536643972664e-01
8.123210498775967903e-01
8.124089820649409432e-01
8.125073973634078239e-01
8.126163328579310008e-01
8.127358155514143867e-01
8.128658623433595576e-01
8.130064800168808059e-01
8.131576652341863110e-01
8.133194045403675521e-01
8.134916743756737123e-01
8.136744410960095042e-01
8.138676610017734347e-01
8.140712803748584303e-01
8.142852355239429407e-01
8.145094528378602483e-01
8.147438488470684081e-01
8.149883302932123819e-01
8.152427942066531319e-01
8.155071279920123040e-01
8.157812095214802550e-01
8.160649072361190193e-01
8.163580802548389137e-01
8.166605784911533661e-01
8.169722427776371365e-01
8.172929049979118510e-01
8.176223882262434461e-01
8.179605068745519070e-01
8.183070668469012432e-01
8.186618657013091660e-01
8.190246928188258391e-01
8.193953295797617997e-01
8.197735495470890310e-01
8.201591186568615299e-01
8.205517954155756577e-01
8.209513311043734607e-01
8.213574699900116904e-01
8.217699495425565548e-01
8.221885006595570644e-01
8.226128478967480451e-01
8.230427097050279084e-01
8.234777986737169542e-01
8.239178217799434378e-01
8.243624806439036057e-01
8.248234664410605266e-01
8.252892343375590745e-01
8.257552859613221941e-01
8.262216493549536800e-01
8.266883504146720352e-01
8.271554128576783516e-01
8.276228581918423366e-01
8.280907056872959249e-01
8.285589723503723469e-01
8.290276728996126554e-01
8.294968197440624191e-01
8.299664229638212820e-01
8.304364902927217074e-01
8.309070585203444104e-01
8.313781157326729510e-01
8.318496458174500230e-01
8.323216469981409293e-01
8.327941151001057030e-01
8.332650844114031230e-01
8.337340362654401815e-01
8.342006275857665187e-01
8.346645167114554731e-01
8.351253637366944371e-01
8.355828308505035551e-01
8.360365826766931185e-01
8.364862866137461328e-01
8.369316131739235054e-01
8.373722363215667652e-01
8.378078338100964917e-01
8.382380875173225387e-01
8.386626837786923527e-01
8.390813137180919146e-01
8.394936735759332969e-01
8.398994650338573731e-01
8.402983955359166757e-01
8.406901786057399129e-01
8.410745341592593682e-01
8.414511888125448813e-01
8.418198761845128164e-01
8.421803371939502458e-01
8.425323203503884972e-01
8.428755820387170417e-01
8.432098867968134126e-01
8.435350075858831786e-01
8.438507260532821519e-01
8.441568327871986632e-01
8.444531275629514333e-01
8.447394195804276418e-01
8.450155276925046532e-01
8.452812806236875698e-01
8.455365171791249246e-01
8.457810864431758446e-01
8.460148479675506650e-01
8.462376719485620313e-01
8.464494393930750427e-01
8.466500422731642050e-01
8.468393836687606591e-01
8.470173778986547219e-01
8.471839506387552898e-01
8.473390390282697915e-01
8.474825917629393857e-01
8.476145691754515266e-01
8.477349433027536740e-01
8.478436979401091644e-01
8.479408286818475027e-01
8.480263429485577209e-01
8.481002600007307990e-01
8.481626109386939394e-01
8.482134386889714772e-01
8.482527979767038318e-01
8.482807552844919829e-01
8.482973887974236682e-01
8.483027883343849940e-01
8.482970552657735919e-01
8.482803024176432949e-01
8.482526539623909123e-01
8.482142452960461654e-01
8.481652229024825296e-01
8.481057442045121242e-01
8.480359774022032671e-01
8.479561012985554758e-01
8.478663051128405570e-01
8.477667882816815048e-01
8.476577602483388318e-01
8.475394402405396210e-01
8.474120570367731364e-01
8.472758487218141621e-01
8.471310624316330529e-01
8.469779540879998070e-01
8.468167881232040450e-01
8.466478371953707338e-01
8.464713818945759360e-01
8.462877104403314643e-01
8.460971183708236865e-01
8.458999082242981693e-01
8.456963892131033056e-01
8.454868768907655152e-01
8.452716928125876272e-01
8.450511641902811455e-01
8.448256235410995796e-01
8.445954083317861461e-01
8.443608606180732501e-01
8.441223266800328418e-01
8.438801566537683652e-01
8.436347041600755770e-01
8.433863259303526760e-01
8.431353814304272110e-01
8.428822324826137358e-01
8.426272428865795305e-01
8.423707780395177647e-01
8.421132045559389656e-01
8.418548898877287190e-01
8.415962019447718045e-01
8.413375087167036526e-01
8.410791778960768905e-01
8.408215765035782496e-01
8.405650705155762736e-01
8.403100244942762753e-01
8.400568012213183167e-01
8.398057613345810690e-01
8.395572629692422684e-01
8.393116614028619527e-01
8.390693087051750432e-01
8.388305533929429902e-01
8.385957400899264336e-01
8.383652091926219185e-01
8.381392965417711061e-01
8.379183331001567314e-01
8.377026446367601409e-01
8.374925514176878583e-01
8.372883679040736826e-01
8.370904024571106383e-01
8.368989570504941078e-01
8.367143269905314984e-01
8.365368006439766191e-01
8.363666591738878608e-01
8.362041762836098791e-01
8.360496179690117824e-01
8.359032422792505024e-01
8.357652990859982811e-01
8.356360298614278204e-01
8.355156674649026893e-01
8.354044359385881524e-01
8.353025503120581341e-01
8.352102164158683451e-01
8.351276307042925229e-01
8.350549800871289730e-01
8.349924417708265434e-01
8.349401831087930326e-01
8.348983614608591619e-01
8.348671240623239953e-01
8.348466079019558617e-01
8.348369396095640660e-01
8.348382353527843414e-01
8.348506007431581999e-01
8.348741307516254206e-01
8.349089096331121507e-01
8.349550108606054177e-01
8.350124970683197034e-01
8.350814200041145607e-01
8.351618204911654963e-01
8.352537283986745109e-01
8.353571626218152524e-01
8.354721310706381132e-01
8.355986306680687203e-01
8.357366473569731724e-01
8.358861561158998921e-01
8.360471209840911744e-01
8.362194950949577432e-01
8.364032207186520296e-01
8.365982293131770664e-01
8.368044415842579298e-01
8.370217675538562663e-01
8.372501066372202150e-01
8.374893477285081378e-01
8.377393692947292525e-01
8.380000394782969320e-01
8.382712162077559093e-01
8.385527473168741253e-01
8.388444706718587440e-01
8.391462143068730839e-01
8.394577965674654418e-01
8.397790262621953605e-01
8.401097028221340413e-01
8.404496164681667381e-01
8.407985483862139287e-01
8.411562709102795576e-01
8.415225477129102405e-01
8.418971340034164808e-01
8.422797767335803432e-01
8.426702148106812729e-01
8.430681793179846117e-01
8.434733937423244399e-01
8.438855742088504641e-01
8.443044297228494699e-01
8.447296624184830183e-01
8.451609678141676074e-01
8.455980350749257024e-01
8.460405472809480187e-01
8.464881817029183964e-01
8.469406100833754003e-01
8.474123918001810196e-01
8.478852094408677598e-01
8.483583410866006869e-01
8.488318137608741321e-01
8.493056522865505276e-01
8.497798792541790824e-01
8.502545539597146096e-01
8.507296633487124726e-01
8.512052150492845914e-01
8.516812224497884998e-01
8.521576965801533898e-01
8.526346460935054772e-01
8.531120772500062621e-01
8.535899939030511252e-01
8.540683974877094631e-01
8.545472870117092334e-01
8.550266590485888774e-01
8.555047777387729813e-01
8.559808176810885794e-01
8.564544072579078904e-01
8.569251763502934160e-01
8.573927567050936283e-01
8.578567823026139738e-01
8.583168897245523343e-01
8.587727185216615933e-01
8.592239115810644812e-01
8.596701154925825428e-01
8.601109809137506002e-01
8.605461629331214723e-01
8.609753214314423975e-01
8.613981214402814945e-01
8.618142334976113261e-01
8.622233340001617119e-01
8.626251055517060173e-01
8.630192373071998713e-01
8.634054253121441480e-01
8.637833728367902975e-01
8.641527907047659163e-01
8.645133976155277011e-01
8.648649204604144103e-01
8.652070946317156341e-01
8.655396643242410093e-01
8.658623828292781877e-01
8.661750128200083054e-01
8.664773266284244713e-01
8.667691065130260775e-01
8.670501449169920605e-01
8.673202447163825823e-01
8.675792194580378425e-01
8.678268935866726430e-01
8.680631026609442191e-01
8.682876935578676125e-01
8.685005246655950195e-01
8.687014660638943120e-01
8.688903996921240047e-01
8.690672195044737425e-01
8.692318316120444255e-01
8.693841544115978870e-01
8.695241187006441663e-01
8.696516677787049510e-01
8.697667575344782964e-01
8.698693565187818333e-01
8.699594460029529408e-01
8.700370200228300099e-01
8.701020854078438393e-01
8.701546617954036833e-01
8.701947816303450267e-01
8.702224901494004516e-01
8.702378453507630951e-01
8.702409179485173230e-01
8.702317913122918913e-01
8.702105613917303639e-01
8.701773366263052534e-01
8.701322378402458479e-01
8.700753981228477318e-01
8.700069626942130707e-01
8.699270887567305266e-01
8.698359453322024315e-01
8.697337130853179943e-01
8.696205841330573172e-01
8.694967618409636945e-01
8.693624606059378035e-01
8.692179056264526249e-01
8.690633326599499497e-01
8.688989877681798646e-01
8.687251270506526346e-01
8.685420163665906745e-01
8.683499310458651088e-01
8.681491555892262291e-01
8.679399833582581714e-01
8.677227162557630269e-01
8.674976643964258383e-01
8.672651457691145094e-01
8.670254858903279072e-01
8.667790174500793476e-01
8.665260799502354505e-01
8.662670193360384463e-01
8.660021876213002123e-01
8.657319425075677977e-01
8.654566469982016841e-01
8.651766690075315402e-01
8.648923809657087514e-01
8.646041594199660452e-01
8.643123846325302395e-01
8.640174401759441736e-01
8.637197125262123798e-01
8.634195906542923016e-01
8.631174656165303549e-01
8.628137301444964713e-01
8.625087782346427812e-01
8.622030047385125240e-01
8.618968049537325538e-01
8.615905742164486902e-01
8.612847074956382354e-01
8.609795989896378288e-01
8.606756417256038461e-01
8.603732271619719540e-01
8.600727447948357529e-01
8.597745817680235714e-01
8.594791224880224956e-01
8.591867482433404035e-01
8.588978368294026833e-01
8.586127621788728348e-01
8.583318939978579198e-01
8.580555974084560500e-01
8.577842325978159987e-01
8.575181544739971518e-01
8.572577123291045265e-01
8.570032495096950864e-01
8.567551030949436264e-01
8.565136035826597105e-01
8.562790745834696349e-01
8.560518325232515657e-01
8.558321863542444063e-01
8.556204372746942788e-01
8.554168784575475470e-01
8.552217947880413895e-01
8.550354626104612610e-01
8.548581494843472406e-01
8.546901139498752631e-01
8.545316053029543557e-01
nan
nan
nan
nan
nan
nan
nan
nan
nan
nan
nan
nan
nan
nan
nan
nan
nan
nan
nan
nan
nan
nan
nan
nan
nan
nan
nan
nan
nan
nan
nan
nan
nan
nan
nan
nan
nan
nan
nan
nan
nan
nan
nan
nan
nan
nan
nan
nan
nan
nan
nan
nan
nan
nan
nan
nan
nan
nan
nan
nan
nan
nan
nan
nan
nan
nan
nan
nan
nan
nan
nan
nan
nan
nan
nan
nan
nan
nan
nan
nan
nan
nan
nan
nan
nan
nan
nan
nan
nan
nan
nan
nan
nan
nan
nan
nan
nan
nan
nan
nan
nan
nan
nan
nan
nan
nan
nan
nan
nan
nan
nan
nan
nan
nan
nan
nan
nan
nan
nan
nan
nan
nan
nan
nan
nan
nan
nan
nan
nan
nan
nan
nan
nan
nan
nan
nan
nan
nan
nan
nan
nan
nan
nan
nan
nan
nan
nan
nan
nan
nan
nan
nan
nan
nan
nan
nan
nan
nan
nan
nan
nan
nan
nan
nan
nan
nan
nan
nan
nan
nan
nan
nan
nan
nan
nan
nan
nan
nan
nan
nan
nan
nan
nan
nan
nan
nan
nan
nan
nan
nan
nan
nan
nan
nan
nan
nan
nan
nan
nan
nan
