1.138619449005118245e-04
2.879385812747103923e-04
4.624844105888259449e-04
6.374526853358819523e-04
8.127977896052462903e-04
9.884753365560494665e-04
1.164442263202197791e-03
1.340656922785704586e-03
1.517079174620517001e-03
1.693670471245439790e-03
1.870393942761672257e-03
2.047214478240189095e-03
2.224098804065877122e-03
2.401015559096164598e-03
2.577935366525757610e-03
2.754830902372551460e-03
2.931676960444551394e-03
3.108450513723964859e-03
3.285130772067990090e-03
3.461699236140952651e-03
3.638139747497437515e-03
3.814438534755076882e-03
3.990584255769979993e-03
4.166568035777612478e-03
4.342383501422103498e-03
4.518026810626796230e-03
4.693496678281200429e-03
4.868794397681064368e-03
5.043923857689786017e-03
5.218891555622273692e-03
5.393706605782699892e-03
5.568380743679046674e-03
5.742928325886270668e-03
5.917366325539491489e-03
6.091714323487179561e-03
6.265994495081445015e-03
6.440231592621803447e-03
6.614452923475316881e-03
6.788688323882824394e-03
6.962970128490675314e-03
7.137333135611295676e-03
7.311814568283642179e-03
7.486454031138539689e-03
7.661293463141344295e-03
7.836377086245654988e-03
8.011751350021495410e-03
8.187464872315836084e-03
8.363568375996943693e-03
8.540114621886224500e-03
8.717158337911146138e-03
8.894756144586374313e-03
9.072966476894872567e-03
9.251849502663889169e-03
9.431467037526591879e-03
9.611882456556503085e-03
9.793160602706851847e-03
9.975367692129227803e-03
1.015857121649837991e-02
1.034283984247000299e-02
1.052824330837157096e-02
1.071485231826346807e-02
1.090273843350905714e-02
1.109197396196331953e-02
1.128263184495034710e-02
1.147478554214945157e-02
1.166850891454046524e-02
1.186387610558004013e-02
1.206096142073107003e-02
1.225983920553813666e-02
1.246058372239566836e-02
1.266326902617034844e-02
1.286796883887220133e-02
1.307475642351813017e-02
1.328370445739787686e-02
1.349488490489880732e-02
1.370836889008672510e-02
1.392422656922853719e-02
1.414252700343732183e-02
1.436333803165101841e-02
1.458672614411640756e-02
1.481275635659418111e-02
1.504149208547023164e-02
1.527299502398327125e-02
1.550732501975099487e-02
1.574453995382793514e-02
1.598469562145543588e-02
1.622784561475132392e-02
1.647404120749998424e-02
1.672333124226973999e-02
1.697576202004336121e-02
1.723137719258416301e-02
1.749021765769756542e-02
1.775232145761751479e-02
1.801772368069484709e-02
1.828645636657466600e-02
1.855854841506382469e-02
1.883402549884755084e-02
1.911290998026851651e-02
1.939522083229394678e-02
1.968097356389558739e-02
1.997018014995174950e-02
2.026284896587612905e-02
2.055898472707762270e-02
2.085858843344043367e-02
2.116165731893396296e-02
2.146818480647461058e-02
2.177816046819588958e-02
2.209156999119596398e-02
2.240839514890125006e-02
2.272861377811838390e-02
2.305219976187697362e-02
2.337912301812239413e-02
2.370934949433439742e-02
2.404284116811900018e-02
2.437955605383429480e-02
2.471944821525962066e-02
2.506246778434639833e-02
2.540856098606228408e-02
2.575767016932337117e-02
2.610973384400125386e-02
2.646468672398732958e-02
2.682245977628186506e-02
2.718298027605273171e-02
2.754617186761496028e-02
2.791195463126006082e-02
2.828024515584989795e-02
2.865095661709143871e-02
2.902399886138773422e-02
2.939927849514856195e-02
2.977669897943735489e-02
3.015616072982299500e-02
3.053756122129755446e-02
3.092079509808651205e-02
3.130575428821502637e-02
3.169232812263292343e-02
3.208040345873824917e-02
3.246986480809385678e-02
3.286059446815328688e-02
3.325247265778222272e-02
3.364537765637151678e-02
3.403918594632723837e-02
3.443377235870584419e-02
3.482901022177686823e-02
3.522477151227887404e-02
3.562092700913399579e-02
3.601734644937695795e-02
3.641389868606931257e-02
3.681045184793924063e-02
3.720687350051987696e-02
3.760303080852747670e-02
3.799879069923683961e-02
3.839402002661085334e-02
3.878858573593740866e-02
3.918235502873373965e-02
3.957519552766422533e-02
3.996697544125279999e-02
4.035756372813836812e-02
4.074683026063938285e-02
4.113464598741956024e-02
4.152088309500159835e-02
4.190541516793433452e-02
4.228811734737714101e-02
4.266886648791948233e-02
4.304754131241261828e-02
4.342402256460806131e-02
4.379819315945859826e-02
4.416993833083332488e-02
4.453914577653261819e-02
4.490570580038433235e-02
4.526951145130159171e-02
4.563045865911039001e-02
4.598844636702972832e-02
4.634337666063984007e-02
4.669515489323705637e-02
4.704368980741710504e-02
4.738889365279802535e-02
4.773068229976237808e-02
4.806897534910745118e-02
4.840369623754128825e-02
4.873477233888784399e-02
4.906213506097989452e-02
4.938571993811077809e-02
4.970546671902456581e-02
5.002131945034890559e-02
5.033322655544500424e-02
5.064114090861243644e-02
5.094501990460117979e-02
5.124482552341311226e-02
5.154052439034800814e-02
5.183208783127030150e-02
5.211949192307732681e-02
5.240271753934933052e-02
5.268175039117251046e-02
5.295658106311967872e-02
5.322720504438396838e-02
5.349362275506988618e-02
5.375583956763241300e-02
5.401386582346665022e-02
5.426771684467396328e-02
5.451741294097020574e-02
5.476297941179403272e-02
5.500420584812718006e-02
5.524092163941035638e-02
5.547321281991063335e-02
5.570116910769556950e-02
5.592488380973439921e-02
5.614445372458115591e-02
5.635997904271064507e-02
5.657156324455708818e-02
5.677931299631802653e-02
5.698333804360466992e-02
5.718375110297310715e-02
5.738066775141159592e-02
5.757420631384305154e-02
5.776448774869047398e-02
5.795163553158108605e-02
5.813577553723664471e-02
5.831703591960654687e-02
5.849554699031506155e-02
5.867144109548083630e-02
5.884485249095711135e-02
5.901591721606744279e-02
5.918477296590674008e-02
5.935155896225063898e-02
5.951641582316272161e-02
5.967948543135301320e-02
5.984091080137199370e-02
6.000083594569466383e-02
6.015940573979111639e-02
6.031676578624509122e-02
6.047306227800058887e-02
6.062844186084617726e-02
6.078305149517806982e-02
6.093703831716923425e-02
6.109054949942460677e-02
6.124373211121206251e-02
6.139673297836753529e-02
6.154969854299294219e-02
6.170277472303684063e-02
6.185610677186315076e-02
6.200983913793825519e-02
6.216411532474042101e-02
6.231907775100742342e-02
6.247486761145767953e-02
6.263162473810063302e-02
6.278948746227086541e-02
6.294859247751333209e-02
6.310907470346668879e-02
6.327106715086780464e-02
6.343470078783344790e-02
6.360010440755195504e-02
6.376740449753809381e-02
6.393672511060183306e-02
6.410818773767229528e-02
6.428191118263898440e-02
6.445801143936322197e-02
6.463660157100467596e-02
6.481779159183964634e-02
6.500168835170655468e-02
6.518839542325030600e-02
6.537801299211970507e-02
6.557063775027308083e-02
6.576636279254297057e-02
6.596527751663847083e-02
6.616746752670071841e-02
6.637301454060426376e-02
6.658199630112660028e-02
6.679448649114169689e-02
6.701055465298186298e-02
6.723026611211602166e-02
6.745368190525846686e-02
6.768085871307658041e-02
6.791184879758188631e-02
6.814669994437153044e-02
6.838545540979693027e-02
6.862815387320295168e-02
6.887482939432018614e-02
6.912551137591968486e-02
6.938022453181855176e-02
6.963898886031952284e-02
6.990181962315628050e-02
7.016872733001916496e-02
7.043971772871832071e-02
7.071479180101841733e-02
7.099394576422515812e-02
7.127717107850081724e-02
7.156445445998221855e-02
7.185577789967728668e-02
7.215111868816556639e-02
7.245044944607800796e-02
7.275373816035171637e-02
7.306094822621900242e-02
7.337203849490700480e-02
7.368696332697780016e-02
7.400567265127402927e-02
7.432811202938094386e-02
7.465422272553021155e-02
7.498394178186082448e-02
7.531720209892678319e-02
7.565393252135038660e-02
7.599405792849109331e-02
7.633749933001102161e-02
7.668417396618248949e-02
7.703399541281505392e-02
7.738687369060678889e-02
7.774271537880142469e-02
7.810142373293124662e-02
7.846289880650281212e-02
7.882703757641468245e-02
7.919373407192065173e-02
7.956287950694404532e-02
7.993436241551771237e-02
8.030806879015764399e-02
8.068388222294706202e-02
8.106168404910518710e-02
8.144135349282058400e-02
8.182276781512523578e-02
8.220580246357078735e-02
8.259033122348533040e-02
8.297622637056772943e-02
8.336335882459799951e-02
8.375159830400921712e-02
8.414081348111349112e-02
8.453087213772830788e-02
8.492164132098051210e-02
8.531298749905644185e-02
8.570477671667575681e-02
8.609687475005983748e-02
8.648914726117437612e-02
8.688145995103535579e-02
8.727367871186733628e-02
8.766566977789644333e-02
8.805729987459057218e-02
8.844843636614072024e-02
8.883894740100983789e-02
8.922870205534116916e-02
8.961757047407578614e-02
9.000542400959793410e-02
9.039213535774096031e-02
9.077757869102059951e-02
9.116162978892949909e-02
9.154416616515795302e-02
9.192506719162607531e-02
9.230421421918724723e-02
9.268149069489750591e-02
9.305678227574873396e-02
9.342997693876406440e-02
9.380096508737098548e-02
9.416963965396277225e-02
9.453589619859523174e-02
9.489963300373202570e-02
9.526075116500332118e-02
9.561915467791476386e-02
9.597475052048304311e-02
9.632744873174448053e-02
9.667716248613483776e-02
9.702380816370329009e-02
9.736730541616417378e-02
9.770757722877082552e-02
9.804454997802650174e-02
9.837815348522585546e-02
9.870832106585736287e-02
9.903498957486683851e-02
9.935809944783574599e-02
9.967759473807291659e-02
9.999342314967227252e-02
1.003055360665804085e-01
1.006138885776988734e-01
1.009184394980841559e-01
1.012191513862943648e-01
1.015159905579160471e-01
1.018089270953607961e-01
1.020979348539600984e-01
1.023829914644357186e-01
1.026640783318061301e-01
1.029411806307829746e-01
1.032142872977376280e-01
1.034833910193018458e-01
1.037484882176492595e-01
1.040095790325655523e-01
1.042666673003378452e-01
1.045197605295512810e-01
1.047688698738606650e-01
1.050140101017982275e-01
1.052551995636984150e-01
1.054924601557880037e-01
1.057258172815302155e-01
1.059552998102780696e-01
1.061809400332970610e-01
1.064027736172354355e-01
1.066208395550956312e-01
1.068351801147753022e-01
1.070458407852292737e-01
1.072528702203293105e-01
1.074563201804619450e-01
1.076562454719398598e-01
1.078527038842698460e-01
1.080457561253356236e-01
1.082354657545615828e-01
1.084218991140914468e-01
1.086051252580470805e-01
1.087852158799244850e-01
1.089622452381498741e-01
1.091362900798853452e-01
1.093074295630963588e-01
1.094757451769533263e-01
1.096413206606028368e-01
1.098042419203598685e-01
1.099645969453699745e-01
1.101224757217882100e-01
1.102779701455115779e-01
1.104311739335318843e-01
1.105821825339355080e-01
1.107310930346133704e-01
1.108780040707192660e-01
1.110230157309337329e-01
1.111662294625744007e-01
1.113077479756112431e-01
1.114476751456301706e-01
1.115861159158128280e-01
1.117231761979652072e-01
1.118589627726711278e-01
1.119935831886106903e-01
1.121271456611228068e-01
1.122597589700488618e-01
1.123915323569388280e-01
1.125225754216739593e-01
1.126529980185840552e-01
1.127829101521084232e-01
1.129124218720953254e-01
1.130416431687944478e-01
1.131706838676289906e-01
1.132996535238220415e-01
1.134286613169559199e-01
1.135578159455480352e-01
1.136872255217355465e-01
1.138169974661439043e-01
1.139472384030425223e-01
1.140780540558714029e-01
1.142095491432310039e-01
1.143418272754509468e-01
1.144749908518104264e-01
1.146091409585356380e-01
1.147443772676613738e-01
1.148807979368693388e-01
1.150184995104111541e-01
1.151575768212291517e-01
1.152981228943619763e-01
1.154402288517891728e-01
1.155839838187826263e-01
1.157294748319089017e-01
1.158767867487930925e-01
1.160260021597382674e-01
1.161772013013469274e-01
1.163304619722470290e-01
1.164858594510205514e-01
1.166434664164847645e-01
1.168033528704133517e-01
1.169655860628272814e-01
1.171302304199478561e-01
1.172973474749615386e-01
1.174669958016547056e-01
1.176392309510737588e-01
1.178141053912840075e-01
1.179916684503466706e-01
1.181719662626005973e-01
1.183550417183654169e-01
1.185409344171360624e-01
1.187296806243687275e-01
1.189213132319498489e-01
1.191158617224152838e-01
1.193133521370078054e-01
1.195138070476350900e-01
1.197172455327963347e-01
1.199236831575463402e-01
1.201331319575356382e-01
1.203456004271918900e-01
1.205610935120762783e-01
1.207796126054468122e-01
1.210011555490705937e-01
1.212257166382990636e-01
1.214532866314209369e-01
1.216838527633082312e-01
1.219173987633509482e-01
1.221539048776763836e-01
1.223933478956422405e-01
1.226357011805759289e-01
1.228809347047415956e-01
1.231290150884906121e-01
1.233799056435525010e-01
1.236335664204238349e-01
1.238899542597823866e-01
1.241490228478776825e-01
1.244107227758058098e-01
1.246750016026011709e-01
1.249418039220567822e-01
1.252110714331686192e-01
1.254827430141115807e-01
1.257567547996396584e-01
1.260330402617847179e-01
1.263115302937482809e-01
1.265921532968496133e-01
1.268748352703974458e-01
1.271594999043611229e-01
1.274460686746795024e-01
1.277344609410782650e-01
1.280245940472317379e-01
1.283163834231247635e-01
1.286097426894486362e-01
1.289045837638715108e-01
1.292008169690231356e-01
1.294983511420176592e-01
1.297970937453578333e-01
1.300969509790411704e-01
1.303978278937001356e-01
1.306996285046073403e-01
1.310022559063657444e-01
1.313056123881208015e-01
1.316095995491171899e-01
1.319141184144301260e-01
1.322190695507056979e-01
1.325243531817366094e-01
1.328298693037151257e-01
1.331355177999930806e-01
1.334411985551924029e-01
1.337468115685173931e-01
1.340522570660897250e-01
1.343574356121947366e-01
1.346622482192587344e-01
1.349665964564342180e-01
1.352703825566567430e-01
1.355735095220350628e-01
1.358758812274483974e-01
1.361774025222410589e-01
1.364779793298817601e-01
1.367775187454943475e-01
1.370759291311432482e-01
1.373731202087799530e-01
1.376690031507635248e-01
1.379634906678588180e-01
1.382564970946403848e-01
1.385479384722286544e-01
1.388377326282765056e-01
1.391257992541687638e-01
1.394120599793570447e-01
1.396964384427887285e-01
1.399788603613921767e-01
1.402592535955705932e-01
1.405375482116745511e-01
1.408136765414326474e-01
1.410875732383168324e-01
1.413591753308185428e-01
1.416284222726384157e-01
1.418952559897762589e-01
1.421596209245200304e-01
1.424214640763417361e-01
1.426807350397091279e-01
1.429373860388170880e-01
1.431913719592690926e-01
1.434426503767148586e-01
1.436911815824845617e-01
1.439369286062212872e-01
1.441798572355773578e-01
1.444199360329691262e-01
1.446571363494603135e-01
1.448914323357844425e-01
1.451228009505657612e-01
1.453512219657732141e-01
1.455766779694443736e-01
1.457991543657426170e-01
1.460186393723761356e-01
1.462351240154351195e-01
1.464486021216979128e-01
1.466590703084484637e-01
1.468665279708604443e-01
1.470709772669984150e-01
1.472724231004812756e-01
1.474708731008661511e-01
1.476663376017961493e-01
1.478588296169708327e-01
1.480483648139745145e-01
1.482349614860387077e-01
1.484186405217505222e-01
1.485994253727954129e-01
1.487773420197531504e-01
1.489524189360055817e-01
1.491246870498047494e-01
1.492941797045431451e-01
1.494609326172707808e-01
1.496249838355073747e-01
1.497863736923893407e-01
1.499451447601903020e-01
1.501013418022735524e-01
1.502550117234940918e-01
1.504062035191025548e-01
1.505549682221996033e-01
1.507013588497567447e-01
1.508454303472663016e-01
1.509872395320338567e-01
1.511268450351757608e-01
1.512643072423330848e-01
1.513996882331623828e-01
1.515330517196132598e-01
1.516644629830575519e-01
1.517939888102798340e-01
1.519216974283801869e-01
1.520476584386207253e-01
1.521719427492550236e-01
1.522946225073677773e-01
1.524157710297738277e-01
1.525354627330058332e-01
1.526537730624252798e-01
1.527707784205109554e-01
1.528865560943455659e-01
1.530011841823525343e-01
1.531147415203168438e-01
1.532273076067452999e-01
1.533389625275910495e-01
1.534497868804035603e-01
1.535598616979393094e-01
1.536692683712886920e-01
1.537780885725632818e-01
1.538864041771950686e-01
1.539942971858988818e-01
1.541018496463586462e-01
1.542091435746782702e-01
1.543162608766747435e-01
1.544232832690525803e-01
1.545302922005335755e-01
1.546373687729983570e-01
1.547445936627092622e-01
1.548520470416703265e-01
1.549598084992102887e-01
1.550679569638342692e-01
1.551765706254394639e-01
1.552857268579498073e-01
1.553955021424566207e-01
1.555059719909301919e-01
1.556172108705944357e-01
1.557292921290233390e-01
1.558422879200636879e-01
1.559562691306408400e-01
1.560713053085574509e-01
1.561874645913373383e-01
1.563048136362259199e-01
1.564234175514195302e-01
1.565433398286109057e-01
1.566646422769335523e-01
1.567873849584017210e-01
1.569116261249212108e-01
1.570374221569625917e-01
1.571648275039777554e-01
1.572938946266580484e-01
1.574246739410992135e-01
1.575572137649709770e-01
1.576915602657751048e-01
1.578277574112590953e-01
1.579658469220808492e-01
1.581058682267903748e-01
1.582478584192172077e-01
1.583918522183216937e-01
1.585378819305947873e-01
1.586859774150709002e-01
1.588361660510133333e-01
1.589884727083491767e-01
1.591429197208964197e-01
1.592995268624529392e-01
1.594583113257956597e-01
1.596192877046305469e-01
1.597824679785553315e-01
1.599478615010530014e-01
1.601154749905743524e-01
1.602853125247211130e-01
1.604573755375708621e-01
1.606316628201560903e-01
1.608081705241175274e-01
1.609868921685427001e-01
1.611678186499979071e-01
1.613509382557491711e-01
1.615362366801716132e-01
1.617236970443353128e-01
1.619132999187539168e-01
1.621050233492726811e-01
1.622988428860695775e-01
1.624947316157340782e-01
1.626926601963953056e-01
1.628925968958408466e-01
1.630945076325907017e-01
1.632983560198636441e-01
1.635041034123781156e-01
1.637117089559249339e-01
1.639211296396368700e-01
1.641323203508819606e-01
1.643452339327020062e-01
1.645598212437070218e-01
1.647760312203412625e-01
1.649938109414206266e-01
1.652131056948503984e-01
1.654338590464146663e-01
1.656560129105388857e-01
1.658795076229084564e-01
1.661042820148390942e-01
1.663302734892781187e-01
1.665574180983230013e-01
1.667856506221325474e-01
1.670149046491148370e-01
1.672451126572618851e-01
1.674762060965076516e-01
1.677081154719878286e-01
1.679407704280669322e-01
1.681740998330065462e-01
1.684080318641523188e-01
1.686424940935031536e-01
1.688774135735415793e-01
1.691127169231972094e-01
1.693483304138121426e-01
1.695841800549932610e-01
1.698201916802168088e-01
1.700562910320756183e-01
1.702924038470403356e-01
1.705284559396237631e-01
1.707643732858317442e-01
1.710000821057877651e-01
1.712355089454267731e-01
1.714705807571519081e-01
1.717052249793474261e-01
1.719393696146592765e-01
1.721729433069407733e-01
1.724058754167784313e-01
1.726380960955081756e-01
1.728695363576435162e-01
1.731001281516345025e-01
1.733298044288883455e-01
1.735584992109798219e-01
1.737861476549874828e-01
1.740126861168989070e-01
1.742380522130258791e-01
1.744621848793820318e-01
1.746850244289764598e-01
1.749065126069809795e-01
1.751265926437371723e-01
1.753452093055628269e-01
1.755623089433447359e-01
1.757778395388757964e-01
1.759917507489340560e-01
1.762039939470745609e-01
1.764145222631344212e-01
1.766232906204320829e-01
1.768302557706710743e-01
1.770353763265331004e-01
1.772386127919757526e-01
1.774399275902348305e-01
1.776392850895455733e-01
1.778366516265909858e-01
1.780319955276998822e-01
1.782252871278021400e-01
1.784164987871764141e-01
1.786056049059989159e-01
1.787925819367305880e-01
1.789774083943602989e-01
1.791600648645394478e-01
1.793405340096385081e-01
1.795188005727481328e-01
1.796948513796776947e-01
1.798686753389611148e-01
1.800402634399236868e-01
1.802096087488420928e-01
1.803767064032250900e-01
1.805415536042695446e-01
1.807041496075077747e-01
1.808644957117074015e-01
1.810225952460403631e-01
1.811784535555763243e-01
1.813320779851261555e-01
1.814834778614805855e-01
1.816326644740801077e-01
1.817796510541484778e-01
1.819244527523374011e-01
1.820670866149054490e-01
1.822075715584753342e-01
1.823459283434074318e-01
1.824821795458109186e-01
1.826163495282440152e-01
1.827484644091231791e-01
1.828785520308760792e-01
1.830066419268788769e-01
1.831327652871991840e-01
1.832569549231766182e-01
1.833792452308799503e-01
1.834996721534554176e-01
1.836182731424103320e-01
1.837350871178462797e-01
1.838501544276806288e-01
1.839635168058796622e-01
1.840752173297240113e-01
1.841853003761440011e-01
1.842938115771419749e-01
1.844007977743358784e-01
1.845063069726379790e-01
1.846103882931071638e-01
1.847130919249942438e-01
1.848144690770028853e-01
1.849145719278032229e-01
1.850134535758089782e-01
1.851111679882588845e-01
1.852077699496208762e-01
1.853033150093484627e-01
1.853978594290170423e-01
1.854914601288713827e-01
1.855841746338066089e-01
1.856760610188210037e-01
1.857671778539678187e-01
1.858575841488321889e-01
1.859473392965776961e-01
1.860365030175853418e-01
1.861251353027243427e-01
1.862132963562940224e-01
1.863010465386646941e-01
1.863884463086662446e-01
1.864755561657553684e-01
1.865624365920118266e-01
1.866491479939930143e-01
1.867357506445038728e-01
1.868223046243180918e-01
1.869088697639022245e-01
1.869955055851856007e-01
1.870822712434298818e-01
1.871692254692455815e-01
1.872564265108074555e-01
1.873439320763271854e-01
1.874317992768262386e-01
1.875200845692780172e-01
1.876088437001657838e-01
1.876981316495213159e-01
1.877880025754960491e-01
1.878785097595336850e-01
1.879697055521967197e-01
1.880616413197128134e-01
1.881543673913053938e-01
1.882479330073673351e-01
1.883423862685397465e-01
1.884377740857724748e-01
1.885341421314098986e-01
1.886315347913887497e-01
1.887299951185950064e-01
1.888295647874536909e-01
1.889302840498145730e-01
1.890321916921948453e-01
1.891353249944434378e-01
1.892397196898910894e-01
1.893454099270486246e-01
1.894524282329078380e-01
1.895608054779120144e-01
1.896705708426535408e-01
1.897817517863487069e-01
1.898943740171553374e-01
1.900084614643755831e-01
1.901240362526049332e-01
1.902411186778692198e-01
1.903597271858022133e-01
1.904798783519037753e-01
1.906015868639228394e-01
1.907248655064043563e-01
1.908497251474346179e-01
1.909761747276182697e-01
1.911042212513211491e-01
1.912338697801965748e-01
1.913651234290272840e-01
1.914979833638967566e-01
1.916324488027085216e-01
1.917685170180616350e-01
1.919061833424970387e-01
1.920454411761113311e-01
1.921862819965432234e-01
1.923286953713279623e-01
1.924726689726091733e-01
1.926181885941961880e-01
1.927652381709578366e-01
1.929137998005159282e-01
1.930638537672324517e-01
1.932153785684473379e-01
1.933683509429379166e-01
1.935227459015678719e-01
1.936785367600739327e-01
1.938356951739525491e-01
1.939941911753974291e-01
1.941539932122264556e-01
1.943150681887520492e-01
1.944773815085244772e-01
1.946408971188900994e-01
1.948055775572958559e-01
1.949713839992635311e-01
1.951382763079709259e-01
1.953062130853502887e-01
1.954751517246358650e-01
1.956450484642693888e-01
1.958158584430848281e-01
1.959875357566830123e-01
1.961600335149106533e-01
1.963333039003462011e-01
1.965072982277103752e-01
1.966819670041029811e-01
1.968572599899691411e-01
1.970331262607076528e-01
1.972095142688187752e-01
1.973863719064991584e-01
1.975636465685881582e-01
1.977412852157672818e-01
1.979192344379197832e-01
1.980974405175528474e-01
1.982758494931917415e-01
1.984544072226485101e-01
1.986330594460775090e-01
1.988117518487229896e-01
1.989904301232749140e-01
1.991690400317416842e-01
1.993475274667567965e-01
1.995258385122369860e-01
1.997039195033104009e-01
1.998817170854381986e-01
2.000591782726539314e-01
2.002362505048473074e-01
2.004128817040261301e-01
2.005890203294855012e-01
2.007646154318250276e-01
2.009396167057546367e-01
2.011139745416253011e-01
2.012876400756433148e-01
2.014605652387083112e-01
2.016327028038310265e-01
2.018040064320937577e-01
2.019744307171060516e-01
2.021439312279255107e-01
2.023124645504098540e-01
2.024799883269715051e-01
2.026464612947080635e-01
2.028118433218907557e-01
2.029760954427874131e-01
2.031391798908088742e-01
2.033010601299642395e-01
2.034617008846172082e-01
2.036210681675380829e-01
2.037791293062478359e-01
2.039358529676528475e-01
2.040912091809789219e-01
2.042451693589994455e-01
2.043977063175764219e-01
2.045487942935196590e-01
2.046984089607724322e-01
2.048465274449456919e-01
2.049931283362139978e-01
2.051381917005892785e-01
2.052816990895947602e-01
2.054236335483605735e-01
2.055639796221636617e-01
2.057027233614321104e-01
2.058398523252494283e-01
2.059753555833709893e-01
2.061092237167921892e-01
2.062414488168888560e-01
2.063720244831593331e-01
2.065009458195997405e-01
2.066282094297415550e-01
2.067538134103746872e-01
2.068777573439953277e-01
2.070000422900002135e-01
2.071206707746635345e-01
2.072396467799196562e-01
2.073569757309851047e-01
2.074726644828495115e-01
2.075867213056592497e-01
2.076991558690290118e-01
2.078099792253020051e-01
2.079192037917931835e-01
2.080268433320349442e-01
2.081329129360576236e-01
2.082374289997269978e-01
2.083404092031644617e-01
2.084418724882756979e-01
2.085418390354071283e-01
2.086403302391588721e-01
2.087373686833725317e-01
2.088329781153165643e-01
2.089271834190911670e-01
2.090200105882715487e-01
2.091114866978117937e-01
2.092016398752262474e-01
2.092904992710702128e-01
2.093780950287336962e-01
2.094644582535738764e-01
2.095496209813955957e-01
2.096336161463040193e-01
2.097164775479426480e-01
2.097982398181358343e-01
2.098789383869525960e-01
2.099586094482056020e-01
2.100372899244085101e-01
2.101150174312010899e-01
2.101918302412665585e-01
2.102677672477507032e-01
2.103428679272088819e-01
2.104171723020928364e-01
2.104907209027957748e-01
2.105635547292783460e-01
2.106357152122929899e-01
2.107072441742248448e-01
2.107781837895712773e-01
2.108485765450843208e-01
2.109184651995907323e-01
2.109878927435228368e-01
2.110569023581729264e-01
2.111255373747043806e-01
2.111938412329417147e-01
2.112618574399673099e-01
2.113296295285480020e-01
2.113972010154302472e-01
2.114646153595230171e-01
2.115319159200040877e-01
2.115991459143845566e-01
2.116663483765578169e-01
2.117335661148740666e-01
2.118008416702693575e-01
2.118682172744937309e-01
2.119357348084666137e-01
2.120034357608031883e-01
2.120713611865547576e-01
2.121395516661932212e-01
2.122080472648958660e-01
2.122768874921562854e-01
2.123461112617809621e-01
2.124157568523030171e-01
2.124858618678672484e-01
2.125564631996257337e-01
2.126275969876935401e-01
2.126992985837114492e-01
2.127716025140617695e-01
2.128445424437855338e-01
2.129181511412484018e-01
2.129924604436039814e-01
2.130675012231043886e-01
2.131433033543013444e-01
2.132198956821926283e-01
2.132973059913548242e-01
2.133755609761150973e-01
2.134546862118068267e-01
2.135347061271536395e-01
2.136156439778302829e-01
2.136975218212451566e-01
2.137803604925844758e-01
2.138641795821656644e-01
2.139489974141361994e-01
2.140348310265627330e-01
2.141216961529462948e-01
2.142096072051996591e-01
2.142985772581243453e-01
2.143886180354186155e-01
2.144797398972481117e-01
2.145719518294096628e-01
2.146652614341124088e-01
2.147596749224023327e-01
2.148551971082533762e-01
2.149518314043415146e-01
2.150495798195227459e-01
2.151484429580241553e-01
2.152484200203651221e-01
2.153495088060111695e-01
2.154517057177728068e-01
2.155550057679421483e-01
2.156594025861796604e-01
2.157648884291325786e-01
2.158714541917926277e-01
2.159790894205695921e-01
2.160877823280790699e-01
2.161975198096202644e-01
2.163082874613253548e-01
2.164200695999625446e-01
2.165328492843596186e-01
2.166466083384234464e-01
2.167613273757224013e-01
2.168769858255950589e-01
2.169935619607490929e-01
2.171110329263059580e-01
2.172293747702500055e-01
2.173485624752345691e-01
2.174685699916953374e-01
2.175893702722182799e-01
2.177109353071084163e-01
2.178332361611033663e-01
2.179562430111725568e-01
2.180799251853386689e-01
2.182042512024627567e-01
2.183291888129249014e-01
2.184547050401371149e-01
2.185807662228178572e-01
2.187073380579623860e-01
2.188343856444395497e-01
2.189618735271384176e-01
2.190897657416025768e-01
2.192180258590722963e-01
2.193466170318669750e-01
2.194755020390327938e-01
2.196046433321853508e-01
2.197340030814735889e-01
2.198635432215942376e-01
2.199932254977833568e-01
2.201230115117190633e-01
2.202528627672604988e-01
2.203827407159586471e-01
2.205126068022694730e-01
2.206424225084042956e-01
2.207721493987536976e-01
2.209017491638205766e-01
2.210311836636046079e-01
2.211604149703755295e-01
2.212894054107809871e-01
2.214181176072350932e-01
2.215465145185327445e-01
2.216745594796414032e-01
2.218022162406237119e-01
2.219294490046451462e-01
2.220562224650231287e-01
2.221825018412816599e-01
2.223082529141706676e-01
2.224334420596194017e-01
2.225580362815887669e-01
2.226820032437991370e-01
2.228053113003021501e-01
2.229279295248777493e-01
2.230498277392349571e-01
2.231709765399984835e-01
2.232913473244661773e-01
2.234109123151280241e-01
2.235296445829312861e-01
2.236475180692927556e-01
2.237645076068466021e-01
2.238805889389293424e-01
2.239957387378034570e-01
2.241099346216182675e-01
2.242231551701161230e-01
2.243353799390898629e-01
2.244465894735975242e-01
2.245567653199533054e-01
2.246658900364935374e-01
2.247739472031459740e-01
2.248809214298072567e-01
2.249867983635524260e-01
2.250915646946882731e-01
2.251952081616774570e-01
2.252977175549467082e-01
2.253990827196042379e-01
2.254992945570896690e-01
2.255983450257738332e-01
2.256962271405398013e-01
2.257929349713605482e-01
2.258884636409062840e-01
2.259828093211975475e-01
2.260759692293359824e-01
2.261679416223322248e-01
2.262587257910605998e-01
2.263483220533607509e-01
2.264367317463136797e-01
2.265239572177156491e-01
2.266100018167746533e-01
2.266948698840506871e-01
2.267785667406667371e-01
2.268610986768097859e-01
2.269424729395440321e-01
2.270226977199622798e-01
2.271017821396893732e-01
2.271797362367639073e-01
2.272565709509147269e-01
2.273322981082505356e-01
2.274069304053846774e-01
2.274804813930055014e-01
2.275529654589183992e-01
2.276243978105656207e-01
2.276947944570463511e-01
2.277641721906488448e-01
2.278325485679090490e-01
2.278999418902076524e-01
2.279663711839211016e-01
2.280318561801365773e-01
2.280964172939414780e-01
2.281600756033036470e-01
2.282228528275453971e-01
2.282847713054285410e-01
2.283458539728572267e-01
2.284061243402056574e-01
2.284656064692867916e-01
2.285243249499646634e-01
2.285823048764226706e-01
2.286395718230960217e-01
2.286961518202780541e-01
2.287520713294076413e-01
2.288073572180485127e-01
2.288620367345707562e-01
2.289161374825404716e-01
2.289696873948303402e-01
2.290227147074619385e-01
2.290752479331860381e-01
2.291273158348190730e-01
2.291789473983396608e-01
2.292301718057626614e-01
2.292810184078020175e-01
2.293315166963354190e-01
2.293816962766856427e-01
2.294315868397320268e-01
2.294812181338702628e-01
2.295306199368361832e-01
2.295798220274077039e-01
2.296288541570090658e-01
2.296777460212330590e-01
2.297265272312984385e-01
2.297752272854727829e-01
2.298238755404705125e-01
2.298725011828604836e-01
2.299211332004996722e-01
2.299698003540186220e-01
2.300185311483894657e-01
2.300673538045970579e-01
2.301162962314418081e-01
2.301653859975091865e-01
2.302146503033249136e-01
2.302641159537333060e-01
2.303138093305286127e-01
2.303637563653668230e-01
2.304139825129966623e-01
2.304645127248367009e-01
2.305153714229363215e-01
2.305665824743502457e-01
2.306181691659676958e-01
2.306701541798218680e-01
2.307225595689244013e-01
2.307754067336524606e-01
2.308287163987281232e-01
2.308825085908237928e-01
2.309368026168300003e-01
2.309916170428209792e-01
2.310469696737509071e-01
2.311028775339189767e-01
2.311593568482349370e-01
2.312164230243200780e-01
2.312740906354761317e-01
2.313323734045565072e-01
2.313912841887671989e-01
2.314508349654344210e-01
2.315110368187620060e-01
2.315718999276107637e-01
2.316334335543288048e-01
2.316956460346521196e-01
2.317585447687094125e-01
2.318221362131439589e-01
2.318864258743831563e-01
2.319514183030678411e-01
2.320171170896649648e-01
2.320835248612761192e-01
2.321506432796562047e-01
2.322184730404572295e-01
2.322870138737027912e-01
2.323562645455025388e-01
2.324262228610156356e-01
2.324968856686593366e-01
2.325682488655697600e-01
2.326403074043099928e-01
2.327130553008235903e-01
2.327864856436241692e-01
2.328605906042155449e-01
2.329353614487278401e-01
2.330107885507613774e-01
2.330868614054130983e-01
2.331635686444756550e-01
2.332408980527829467e-01
2.333188365856804503e-01
2.333973703875938388e-01
2.334764848116668845e-01
2.335561644404410275e-01
2.336363931075395584e-01
2.337171539203251880e-01
2.337984292834925648e-01
2.338802009235564638e-01
2.339624499141952640e-01
2.340451567024078028e-01
2.341283011354376720e-01
2.342118624884199918e-01
2.342958194927032001e-01
2.343801503647968687e-01
2.344648328358962808e-01
2.345498441819300617e-01
2.346351612540832632e-01
2.347207605097383076e-01
2.348066180437828609e-01
2.348927096202314824e-01
2.349790107041016540e-01
2.350654964934957569e-01
2.351521419518298739e-01
2.352389218401544635e-01
2.353258107495154183e-01
2.354127831332981924e-01
2.354998133395014293e-01
2.355868756428887434e-01
2.356739442769646697e-01
2.357609934657224626e-01
2.358479974551153102e-01
2.359349305442007272e-01
2.360217671159085817e-01
2.361084816673876541e-01
2.361950488398871506e-01
2.362814434481241843e-01
2.363676405091016952e-01
2.364536152703329563e-01
2.365393432374354732e-01
2.366248002010586104e-01
2.367099622631108069e-01
2.367948058622526553e-01
2.368793077986301732e-01
2.369634452578153749e-01
2.370471958339331886e-01
2.371305375519494607e-01
2.372134488890993709e-01
2.372959087954389090e-01
2.373778967135019291e-01
2.374593925970495956e-01
2.375403769289011202e-01
2.376208307378353812e-01
2.377007356145570405e-01
2.377800737267211917e-01
2.378588278330172334e-01
2.379369812963055830e-01
2.380145180958148643e-01
2.380914228383967934e-01
2.381676807688504205e-01
2.382432777793162815e-01
2.383182004177554492e-01
2.383924358955183398e-01
2.384659720940206229e-01
2.385387975705338670e-01
2.386109015631121544e-01
2.386822739946657668e-01
2.387529054762008163e-01
2.388227873092454989e-01
2.388919114874778205e-01
2.389602706975785251e-01
2.390278583193296280e-01
2.390946684249782572e-01
2.391606957778895370e-01
2.392259358305116879e-01
2.392903847216733271e-01
2.393540392732396160e-01
2.394168969861473761e-01
2.394789560358455416e-01
2.395402152671613494e-01
2.396006741886154423e-01
2.396603329662133630e-01
2.397191924167287047e-01
2.397772540005067843e-01
2.398345198138054912e-01
2.398909925806994026e-01
2.399466756445636784e-01
2.400015729591593872e-01
2.400556890793421883e-01
2.401090291514071384e-01
2.401615989030954357e-01
2.402134046332726758e-01
2.402644532013012424e-01
2.403147520161173778e-01
2.403643090250320857e-01
2.404131327022659970e-01
2.404612320372344347e-01
2.405086165225932271e-01
2.405552961420545643e-01
2.406012813579896936e-01
2.406465830988201160e-01
2.406912127462124129e-01
2.407351821220821142e-01
2.407785034754142406e-01
2.408211894689067656e-01
2.408632531654449072e-01
2.409047080144086084e-01
2.409455678378207011e-01
2.409858468163378342e-01
2.410255594750898567e-01
2.410647206693683486e-01
2.411033455701697137e-01
2.411414496495933868e-01
2.411790486660995991e-01
2.412161586496242016e-01
2.412527958865590128e-01
2.412889769045931110e-01
2.413247184574202064e-01
2.413600375093132022e-01
2.413949512195665004e-01
2.414294769268102159e-01
2.414636321331946334e-01
2.414974344884521229e-01
2.415309017738333230e-01
2.415640518859268893e-01
2.415969028203608648e-01
2.416294726553915029e-01
2.416617795353843967e-01
2.416938416541926371e-01
2.417256772384367147e-01
2.417573045306908863e-01
2.417887417725886334e-01
2.418200071878458257e-01
2.418511189652185200e-01
2.418820952413971992e-01
2.419129540838531323e-01
2.419437134736431017e-01
2.419743912881863745e-01
2.420050052840248822e-01
2.420355730795803462e-01
2.420661121379227843e-01
2.420966397495633027e-01
2.421271730152896318e-01
2.421577288290578667e-01
2.421883238609598421e-01
2.422189745402841821e-01
2.422496970386878168e-01
2.422805072535007265e-01
2.423114207911808426e-01
2.423424529509436709e-01
2.423736187085856475e-01
2.424049327005238508e-01
2.424364092080773248e-01
2.424680621420093052e-01
2.424999050273590750e-01
2.425319509885819069e-01
2.425642127350277621e-01
2.425967025467784532e-01
2.426294322608713028e-01
2.426624132579334459e-01
2.426956564492514790e-01
2.427291722643033778e-01
2.427629706387748887e-01
2.427970610030881493e-01
2.428314522714664081e-01
2.428661528315567697e-01
2.429011705346394157e-01
2.429365126864417579e-01
2.429721860385834764e-01
2.430081967806752008e-01
2.430445505330867950e-01
2.430812523404135561e-01
2.431183066656532332e-01
2.431557173851164877e-01
2.431934877840856435e-01
2.432316205532393527e-01
2.432701177858578867e-01
2.433089809758237632e-01
2.433482110164268686e-01
2.433878081999886478e-01
2.434277722183124382e-01
2.434681021639678589e-01
2.435087965324156389e-01
2.435498532249780190e-01
2.435912695526552818e-01
2.436330422407911867e-01
2.436751674345852270e-01
2.437176407054490734e-01
2.437604570582033170e-01
2.438036109391059081e-01
2.438470962447056301e-01
2.438909063315092274e-01
2.439350340264501149e-01
2.439794716381438189e-01
2.440242109689148842e-01
2.440692433275755413e-01
2.441145595429393411e-01
2.441601499780428342e-01
2.442060045450573924e-01
2.442521127208625853e-01
2.442984635632541868e-01
2.443450457277590582e-01
2.443918474850272082e-01
2.444388567387689726e-01
2.444860610442028959e-01
2.445334476269823976e-01
2.445810034025637514e-01
2.446287149959801288e-01
2.446765687619824325e-01
2.447245508055097274e-01
2.447726470024483292e-01
2.448208430206412489e-01
2.448691243411046936e-01
2.449174762794122107e-01
2.449658840072058141e-01
2.450143325737871858e-01
2.450628069277542564e-01
2.451112919386351507e-01
2.451597724184804983e-01
2.452082331433712292e-01
2.452566588748027188e-01
2.453050343809019818e-01
2.453533444574387823e-01
2.454015739485922165e-01
2.454497077674336336e-01
2.454977309160871757e-01
2.455456285055343524e-01
2.455933857750233762e-01
2.456409881110545312e-01
2.456884210659025791e-01
2.457356703756516381e-01
2.457827219777078409e-01
2.458295620277649307e-01
2.458761769161951771e-01
2.459225532838407724e-01
2.459686780371851678e-01
2.460145383628817295e-01
2.460601217416200082e-01
2.461054159613169923e-01
2.461504091296123908e-01
2.461950896856601734e-01
2.462394464112040160e-01
2.462834684409256902e-01
2.463271452720626475e-01
2.463704667732875830e-01
2.464134231928501173e-01
2.464560051659750450e-01
2.464982037215233956e-01
2.465400102879164446e-01
2.465814166983265610e-01
2.466224151951453003e-01
2.466629984337326276e-01
2.467031594854604548e-01
2.467428918400622895e-01
2.467821894072975974e-01
2.468210465179530855e-01
2.468594579241896458e-01
2.468974187992559188e-01
2.469349247365881794e-01
2.469719717483109811e-01
2.470085562631643694e-01
2.470446751238773719e-01
2.470803255840067769e-01
2.471155053042704830e-01
2.471502123483923508e-01
2.471844451784871444e-01
2.472182026500072127e-01
2.472514840062775554e-01
2.472842888726418942e-01
2.473166172502473670e-01
2.473484695094896324e-01
2.473798463831457239e-01
2.474107489592188014e-01
2.474411786735167262e-01
2.474711373019931882e-01
2.475006269528688685e-01
2.475296500585615067e-01
2.475582093674422168e-01
2.475863079354441443e-01
2.476139491175412266e-01
2.476411365591177360e-01
2.476678741872508083e-01
2.476941662019201129e-01
2.477200170671657597e-01
2.477454315022091513e-01
2.477704144725537128e-01
2.477949711810775724e-01
2.478191070591360956e-01
2.478428277576816274e-01
2.478661391384165413e-01
2.478890472649863952e-01
2.479115583942245737e-01
2.479336789674566055e-01
2.479554156018694278e-01
2.479767750819550365e-01
2.479977643510299090e-01
2.480183905028376934e-01
2.480386607732364135e-01
2.480585825319731041e-01
2.480781632745475418e-01
2.480974106141645152e-01
2.481163322737764410e-01
2.481349360782131308e-01
2.481532299463989899e-01
2.481712218836536199e-01
2.481889199740741625e-01
2.482063323729946647e-01
2.482234672995214941e-01
2.482403330291349519e-01
2.482569378863593024e-01
2.482732902374899797e-01
2.482893984833763057e-01
2.483052710522540285e-01
2.483209163926211605e-01
2.483363429661515631e-01
2.483515592406418393e-01
2.483665736829850090e-01
2.483813947521659737e-01
2.483960308922747440e-01
2.484104905255299367e-01
2.484247820453114319e-01
2.484389138091941396e-01
2.484528941319837092e-01
2.484667312787455784e-01
2.484804334578295804e-01
2.484940088138840042e-01
2.485074654208598022e-01
2.485208112750030007e-01
2.485340542878346215e-01
2.485472022791196389e-01
2.485602629698242805e-01
2.485732439750650002e-01
2.485861527970510687e-01
2.485989968180236931e-01
2.486117832931963867e-01
2.486245193437015832e-01
2.486372119495482147e-01
2.486498679425977465e-01
2.486624939995661643e-01
2.486750966350584346e-01
2.486876821946462646e-01
2.487002568479972087e-01
2.487128265820669204e-01
2.487253971943641229e-01
2.487379742863013443e-01
2.487505632566423819e-01
2.487631692950620366e-01
2.487757973758282504e-01
2.487884522516242702e-01
2.488011384475230514e-01
2.488138602551294432e-01
2.488266217269077818e-01
2.488394266707064095e-01
2.488522786444995194e-01
2.488651809513608981e-01
2.488781366346841384e-01
2.488911484736695823e-01
2.489042189790920123e-01
2.489173503893651884e-01
2.489305446669225208e-01
2.489438034949258138e-01
2.489571282743227587e-01
2.489705201212644159e-01
2.489839798649014224e-01
2.489975080455698875e-01
2.490111049133861276e-01
2.490247704272584295e-01
2.490385042543323546e-01
2.490523057698797171e-01
2.490661740576444183e-01
2.490801079106526317e-01
2.490941058324991353e-01
2.491081660391178398e-01
2.491222864610408150e-01
2.491364647461571935e-01
2.491506982629715372e-01
2.491649841043686031e-01
2.491793190918856205e-01
2.491936997804931886e-01
2.492081224638843795e-01
2.492225831802698244e-01
2.492370777186778130e-01
2.492516016257501077e-01
2.492661502130320839e-01
2.492807185647470669e-01
2.492953015460448729e-01
2.493098938117167818e-01
2.493244898153612610e-01
2.493390838189897540e-01
2.493536699030546311e-01
2.493682419768852854e-01
2.493827937895125302e-01
2.493973189408617286e-01
2.494118108932957822e-01
2.494262629834829992e-01
2.494406684345697178e-01
2.494550203686295153e-01
2.494693118193667958e-01
2.494835357450446434e-01
2.494976850416129321e-01
2.495117525560036631e-01
2.495257310995677158e-01
2.495396134616205408e-01
2.495533924230669554e-01
2.495670607700720134e-01
2.495806113077486676e-01
2.495940368738269743e-01
2.496073303522738929e-01
2.496204846868302352e-01
2.496334928944331233e-01
2.496463480784892608e-01
2.496590434419682092e-01
2.496715723002822240e-01
2.496839280939214256e-01
2.496961044008128017e-01
2.497080949483716783e-01
2.497198936252162382e-01
2.497314944925160818e-01
2.497428917949449934e-01
2.497540799712125170e-01
2.497650536641467245e-01
2.497758077303044444e-01
2.497863372490831402e-01
2.497966375313159793e-01
2.498067041273241418e-01
2.498165328344119362e-01
2.498261197037839054e-01
2.498354610468690729e-01
2.498445534410383140e-01
2.498533937347015288e-01
2.498619790517740691e-01
2.498703067955049262e-01
2.498783746516564097e-01
2.498861805910355949e-01
2.498937228713676850e-01
2.499010000385158692e-01
2.499080109270453154e-01
2.499147546601339365e-01
2.499212306488356183e-01
2.499274385907011842e-01
2.499333784677658377e-01
2.499390505439122445e-01
2.499444553616220199e-01
2.499495937381279731e-01
2.499544667609829296e-01
2.499590757830616461e-01
2.499634224170120544e-01
2.499675085291799825e-01
2.499713362330220623e-01
2.499749078820343029e-01
2.499782260622177010e-01
2.499812935841026762e-01
2.499841134743642501e-01
2.499866889670468439e-01
2.499890234944310285e-01
2.499911206775687345e-01
2.499929843165132892e-01
2.499946183802763400e-01
2.499960269965391391e-01
2.499972144411470587e-01
2.499981851274188371e-01
2.499989435952994221e-01
2.499994945003851388e-01
2.499998426028526843e-01
2.499999927563198443e-01
2.499999498966669342e-01
2.499997190308488049e-01
2.499993052257223902e-01
2.499987135969219954e-01
2.499979492978034179e-01
2.499970175084861856e-01
2.499959234250198614e-01
2.499946722486942607e-01
2.499932691755202274e-01
2.499917193859026165e-01
2.499900280345249137e-01
2.499882002404649195e-01
2.499862410775632870e-01
2.499841555650586522e-01
2.499819486585057315e-01
2.499796252409947073e-01
2.499771901146791153e-01
2.499746479926308329e-01
2.499720034910270228e-01
2.499692611216838833e-01
2.499664252849385926e-01
2.499635002628933234e-01
2.499604902130211914e-01
2.499573991621392710e-01
2.499542310007542290e-01
2.499509894777772467e-01
2.499476781956128102e-01
2.499443006056170646e-01
2.499408600039260131e-01
2.499373595276473126e-01
2.499338021514153907e-01
2.499301906843001686e-01
2.499265277670656427e-01
2.499228158697712476e-01
2.499190572897055929e-01
2.499152541496464652e-01
2.499114083964353028e-01
2.499075217998567022e-01
2.499035959518136618e-01
2.498996322657834335e-01
2.498956319765463507e-01
2.498915961401722285e-01
2.498875256342544815e-01
2.498834211583758624e-01
2.498792832347974946e-01
2.498751122093534338e-01
2.498709082525403524e-01
2.498666713607902712e-01
2.498624013579099634e-01
2.498580978966771782e-01
2.498537604605807760e-01
2.498493883656903447e-01
2.498449807626471064e-01
2.498405366387596027e-01
2.498360548201990217e-01
2.498315339742772367e-01
2.498269726118025613e-01
2.498223690895004512e-01
2.498177216124931876e-01
2.498130282368253574e-01
2.498082868720342964e-01
2.498034952837525913e-01
2.497986510963394469e-01
2.497937517955357845e-01
2.497887947311369650e-01
2.497837771196796675e-01
2.497786960471409801e-01
2.497735484716463727e-01
2.497683312261848865e-01
2.497630410213325103e-01
2.497576744479809707e-01
2.497522279800767908e-01
2.497466979773675655e-01
2.497410806881623924e-01
2.497353722521065966e-01
2.497295687029749134e-01
2.497236659714899276e-01
2.497176598881660492e-01
2.497115461861910968e-01
2.497053205043450741e-01
2.496989783899691839e-01
2.496925153019856347e-01
2.496859266139829503e-01
2.496792076173677544e-01
2.496723535245970460e-01
2.496653594724962399e-01
2.496582205256714371e-01
2.496509316800277212e-01
2.496434878663980617e-01
2.496358839542960062e-01
2.496281147557977143e-01
2.496201750295637400e-01
2.496120594850088914e-01
2.496037627866268260e-01
2.495952795584803485e-01
2.495866043888624042e-01
2.495777318351348473e-01
2.495686564287540044e-01
2.495593726804855306e-01
2.495498750858174408e-01
2.495401581305735361e-01
2.495302162967315274e-01
2.495200440684498810e-01
2.495096359383049134e-01
2.494989864137393820e-01
2.494880900237236854e-01
2.494769413256278656e-01
2.494655349123034438e-01
2.494538654193735605e-01
2.494419275327236507e-01
2.494297159961934851e-01
2.494172256194583659e-01
2.494044512860973950e-01
2.493913879618364637e-01
2.493780307029581922e-01
2.493643746648684101e-01
2.493504151108047462e-01
2.493361474206769179e-01
2.493215671000223455e-01
2.493066697890618244e-01
2.492914512718402698e-01
2.492759074854318524e-01
2.492600345291928754e-01
2.492438286740421283e-01
2.492272863717476250e-01
2.492104042641976602e-01
2.491931791926349504e-01
2.491756082068280476e-01
2.491576885741596248e-01
2.491394177886029071e-01
2.491207935795637651e-01
2.491018139205616877e-01
2.490824770377234043e-01
2.490627814180620958e-01
2.490427258175179070e-01
2.490223092687290918e-01
2.490015310885095035e-01
2.489803908850064806e-01
2.489588885645085958e-01
2.489370243378814795e-01
2.489147987266022988e-01
2.488922125683690201e-01
2.488692670222589221e-01
2.488459635734133202e-01
2.488223040372224137e-01
2.487982905629909647e-01
2.487739256370598284e-01
2.487492120853673772e-01
2.487241530754250030e-01
2.486987521176965699e-01
2.486730130663571126e-01
2.486469401194224549e-01
2.486205378182315684e-01
2.485938110462707074e-01
2.485667650273302998e-01
2.485394053229836309e-01
2.485117378293816293e-01
2.484837687733587597e-01
2.484555047078459977e-01
2.484269525065896378e-01
2.483981193581770441e-01
2.483690127593714270e-01
2.483396405077598068e-01
2.483100106937217999e-01
2.482801316917254697e-01
2.482500121509630120e-01
2.482196609853375147e-01
2.481890873628149474e-01
2.481583006941565084e-01
2.481273106210518664e-01
2.480961270036716182e-01
2.480647599076596377e-01
2.480332195905896042e-01
2.480015164879113831e-01
2.479696611984116839e-01
2.479376644692178611e-01
2.479055371803758068e-01
2.478732903290284395e-01
2.478409350132310118e-01
2.478084824154333510e-01
2.477759437856640046e-01
2.477433304244501533e-01
2.477106536655106217e-01
2.476779248582562654e-01
2.476451553501353431e-01
2.476123564688623158e-01
2.475795395045644887e-01
2.475467156918889633e-01
2.475138961921026504e-01
2.474810920752266996e-01
2.474483143022425391e-01
2.474155737074047734e-01
2.473828809807014639e-01
2.473502466504948205e-01
2.473176810663810232e-01
2.472851943823030363e-01
2.472527965399504146e-01
2.472204972524817690e-01
2.471883059885995881e-01
2.471562319570110022e-01
2.471242840913047412e-01
2.470924710352705167e-01
2.470608011286938577e-01
2.470292823936456883e-01
2.469979225212981522e-01
2.469667288592865273e-01
2.469357083996381874e-01
2.469048677672915082e-01
2.468742132092213715e-01
2.468437505841888924e-01
2.468134853531286921e-01
2.467834225701902306e-01
2.467535668744422206e-01
2.467239224822510846e-01
2.466944931803410901e-01
2.466652823195435162e-01
2.466362928092383222e-01
2.466075271124928969e-01
2.465789872418967799e-01
2.465506747560956835e-01
2.465225907570184338e-01
2.464947358877971062e-01
2.464671103313739731e-01
2.464397138097867979e-01
2.464125455841296997e-01
2.463856044551732127e-01
2.463588887646388226e-01
2.463323963971146557e-01
2.463061247825966416e-01
2.462800708996439047e-01
2.462542312791336785e-01
2.462286020085963090e-01
2.462031787371157798e-01
2.461779566807802133e-01
2.461529306286566743e-01
2.461280949492802850e-01
2.461034435976303114e-01
2.460789701225772619e-01
2.460546676747797645e-01
2.460305290150086033e-01
2.460065465228790382e-01
2.459827122059687898e-01
2.459590177093008700e-01
2.459354543251679459e-01
2.459120130032817209e-01
2.458886843612195783e-01
2.458654586951528054e-01
2.458423259908329439e-01
2.458192759348165612e-01
2.457962979259087355e-01
2.457733810868044377e-01
2.457505142759110195e-01
2.457276860993294620e-01
2.457048849229812038e-01
2.456820988848595899e-01
2.456593159073897081e-01
2.456365237098825927e-01
2.456137098210667280e-01
2.455908615916833904e-01
2.455679662071311165e-01
2.455450107001476423e-01
2.455219819635170997e-01
2.454988667627897025e-01
2.454756517490054579e-01
2.454523234714120483e-01
2.454288683901668933e-01
2.454052728890161739e-01
2.453815232879455466e-01
2.453576058557915829e-01
2.453335068228151838e-01
2.453092123932250346e-01
2.452847087576524865e-01
2.452599821055720386e-01
2.452350186376650587e-01
2.452098045781253566e-01
2.451843261869042501e-01
2.451585697718947077e-01
2.451325217010544288e-01
2.451061684144671682e-01
2.450794964363439687e-01
2.450524923869627780e-01
2.450251429945507486e-01
2.449974351071074197e-01
2.449693557041722480e-01
2.449408919085371839e-01
2.449120309979065102e-01
2.448827604165050575e-01
2.448530677866363192e-01
2.448229409201922724e-01
2.447923678301171246e-01
2.447613367418226271e-01
2.447298361045596726e-01
2.446978546027447909e-01
2.446653811672397372e-01
2.446324049865868100e-01
2.445989155181965691e-01
2.445649024994862863e-01
2.445303559589677433e-01
2.444952662272804889e-01
2.444596239481665323e-01
2.444234200893839748e-01
2.443866459535504188e-01
2.443492931889131026e-01
2.443113538000377116e-01
2.442728201584069836e-01
2.442336850129209203e-01
2.441939415002893077e-01
2.441535831553039160e-01
2.441126039209795540e-01
2.440709981585524602e-01
2.440287606573195156e-01
2.439858866443067598e-01
2.439423717937473646e-01
2.438982122363582417e-01
2.438534045683926621e-01
2.438079458604525129e-01
2.437618336660427043e-01
2.437150660298458005e-01
2.436676414956959191e-01
2.436195591142321926e-01
2.435708184502109741e-01
2.435214195894490341e-01
2.434713631453819249e-01
2.434206502652090653e-01
2.433692826356027850e-01
2.433172624879610668e-01
2.432645926031726247e-01
2.432112763158784940e-01
2.431573175182002999e-01
2.431027206629127191e-01
2.430474907660368222e-01
2.429916334088309815e-01
2.429351547391557509e-01
2.428780614721892661e-01
2.428203608904738742e-01
2.427620608432691507e-01
2.427031697451957626e-01
2.426436965741453344e-01
2.425836508684417470e-01
2.425230427232366592e-01
2.424618827861203807e-01
2.424001822519362970e-01
2.423379528567848329e-01
2.422752068712041851e-01
2.422119570925214405e-01
2.421482168363597864e-01
2.420839999273004250e-01
2.420193206886940562e-01
2.419541939316144363e-01
2.418886349429605342e-01
2.418226594727020118e-01
2.417562837202748283e-01
2.416895243201327981e-01
2.416223983264588482e-01
2.415549231970520738e-01
2.414871167763951720e-01
2.414189972779243187e-01
2.413505832655092609e-01
2.412818936341713794e-01
2.412129475900516573e-01
2.411437646296599180e-01
2.410743645184217077e-01
2.410047672685583509e-01
2.409349931163232150e-01
2.408650624986279076e-01
2.407949960290914349e-01
2.407248144735468776e-01
2.406545387250424994e-01
2.405841897783737859e-01
2.405137887041902678e-01
2.404433566227154317e-01
2.403729146771210745e-01
2.403024840066059209e-01
2.402320857192172254e-01
2.401617408644654561e-01
2.400914704057784121e-01
2.400212951928408500e-01
2.399512359338709655e-01
2.398813131678817490e-01
2.398115472369734269e-01
2.397419582587127784e-01
2.396725660986423478e-01
2.396033903429747869e-01
2.395344502715184010e-01
2.394657648308833042e-01
2.393973526080178660e-01
2.393292318041237432e-01
2.392614202089950182e-01
2.391939351758295973e-01
2.391267935965574187e-01
2.390600118777308492e-01
2.389936059170172378e-01
2.389275910803410896e-01
2.388619821797101361e-01
2.387967934517677693e-01
2.387320385371088927e-01
2.386677304603911087e-01
2.386038816112794059e-01
2.385405037262541827e-01
2.384776078713092551e-01
2.384152044255739844e-01
2.383533030658777085e-01
2.382919127522868663e-01
2.382310417146306369e-01
2.381706974400374377e-01
2.381108866614965736e-01
2.380516153474641905e-01
2.379928886925188058e-01
2.379347111090840405e-01
2.378770862202213288e-01
2.378200168534984338e-01
2.377635050359420965e-01
2.377075519900685718e-01
2.376521581309977427e-01
2.375973230646433176e-01
2.375430455869763369e-01
2.374893236843540756e-01
2.374361545349051861e-01
2.373835345109598371e-01
2.373314591825123610e-01
2.372799233217023906e-01
2.372289209082958927e-01
2.371784451361515222e-01
2.371284884206499577e-01
2.370790424070663704e-01
2.370300979798643792e-01
2.369816452728880363e-01
2.369336736804246446e-01
2.368861718691164797e-01
2.368391277906929659e-01
2.367925286954937480e-01
2.367463611467579554e-01
2.367006110356489890e-01
2.366552635969822183e-01
2.366103034256321347e-01
2.365657144935820466e-01
2.365214801675868950e-01
2.364775832274233769e-01
2.364340058846861603e-01
2.363907298021095116e-01
2.363477361133752008e-01
2.363050054433810110e-01
2.362625179289339072e-01
2.362202532398430255e-01
2.361781906003770914e-01
2.361363088110592090e-01
2.360945862707695964e-01
2.360530009991257394e-01
2.360115306591149820e-01
2.359701525799470789e-01
2.359288437801060345e-01
2.358875809905695842e-01
2.358463406781739768e-01
2.358050990690996329e-01
2.357638321724521424e-01
2.357225158039183421e-01
2.356811256094733242e-01
2.356396370891178371e-01
2.355980256206287315e-01
2.355562664832983044e-01
2.355143348816490789e-01
2.354722059691038982e-01
2.354298548715956507e-01
2.353872567111024716e-01
2.353443866290903796e-01
2.353012198098534957e-01
2.352577315037374106e-01
2.352138970502315463e-01
2.351696919009224618e-01
2.351250916422957526e-01
2.350800720183764125e-01
2.350346089531990534e-01
2.349886785730986860e-01
2.349422572288149824e-01
2.348953215174010012e-01
2.348478483039306841e-01
2.347998147429965210e-01
2.347511982999936353e-01
2.347019767721804373e-01
2.346521283095147348e-01
2.346016314352533660e-01
2.345504650663170210e-01
2.344986085334077597e-01
2.344460416008779802e-01
2.343927444863433407e-01
2.343386978800339471e-01
2.342838829638779763e-01
2.342282814303116301e-01
2.341718755008072306e-01
2.341146479441148787e-01
2.340565820942072661e-01
2.339976618679229237e-01
2.339378717822956921e-01
2.338771969715651433e-01
2.338156232038539339e-01
2.337531368975073742e-01
2.336897251370774475e-01
2.336253756889453137e-01
2.335600770165663365e-01
2.334938182953257002e-01
2.334265894269900443e-01
2.333583810537394332e-01
2.332891845717673107e-01
2.332189921444272063e-01
2.331477967149121755e-01
2.330755920184472696e-01
2.330023725939778245e-01
2.329281337953328923e-01
2.328528718018428589e-01
2.327765836283918199e-01
2.326992671348809827e-01
2.326209210350843604e-01
2.325415449048691408e-01
2.324611391897626889e-01
2.323797052118375950e-01
2.322972451758936741e-01
2.322137621749133241e-01
2.321292601947622103e-01
2.320437441181143201e-01
2.319572197275730774e-01
2.318696937079693654e-01
2.317811736478045392e-01
2.316916680398214967e-01
2.316011862806749422e-01
2.315097386696808590e-01
2.314173364066197947e-01
2.313239915885728637e-01
2.312297172057720118e-01
2.311345271364384502e-01
2.310384361405952436e-01
2.309414598528343465e-01
2.308436147740194899e-01
2.307449182619129846e-01
2.306453885207081222e-01
2.305450445894591249e-01
2.304439063293960144e-01
2.303419944101145478e-01
2.302393302946378895e-01
2.301359362233390549e-01
2.300318351967298169e-01
2.299270509571074705e-01
2.298216079690663938e-01
2.297155313988753778e-01
2.296088470927296066e-01
2.295015815538845039e-01
2.293937619186839361e-01
2.292854159314945683e-01
2.291765719185677452e-01
2.290672587608422184e-01
2.289575058657127016e-01
2.288473431377906209e-01
2.287368009486788478e-01
2.286259101057948329e-01
2.285147018202729474e-01
2.284032076739792028e-01
2.282914595856791462e-01
2.281794897763959884e-01
2.280673307340029543e-01
2.279550151770916300e-01
2.278425760181676529e-01
2.277300463262200980e-01
2.276174592887156289e-01
2.275048481730700123e-01
2.273922462876558359e-01
2.272796869423962529e-01
2.271672034090105319e-01
2.270548288809658144e-01
2.269425964331986401e-01
2.268305389816675788e-01
2.267186892428003919e-01
2.266070796929016418e-01
2.264957425275807013e-01
2.263847096212731613e-01
2.262740124869133673e-01
2.261636822358299714e-01
2.260537495379269513e-01
2.259442445822189283e-01
2.258351970377825424e-01
2.257266360151934104e-01
2.256185900285087587e-01
2.255110869578622057e-01
2.254041540127321719e-01
2.252978176959451184e-01
2.251921037684749549e-01
2.250870372150953758e-01
2.249826422109445223e-01
2.248789420890537349e-01
2.247759593088988206e-01
2.246737154260211589e-01
2.245722310627677742e-01
2.244715258802019997e-01
2.243716185512237282e-01
2.242725267349443552e-01
2.241742670523572123e-01
2.240768550633354117e-01
2.239803052449999832e-01
2.238846309714809246e-01
2.237898444951030852e-01
2.236959569290292160e-01
2.236029782313703196e-01
2.235109171907939674e-01
2.234197814136461291e-01
2.233295773125933137e-01
2.232403100968066711e-01
2.231519837636883330e-01
2.230646010921497058e-01
2.229781636374422726e-01
2.228926717275404867e-01
2.228081244610752298e-01
2.227245197068103422e-01
2.226418541046544519e-01
2.225601230681939491e-01
2.224793207887401647e-01
2.223994402408666082e-01
2.223204731894229402e-01
2.222424101980012556e-01
2.221652406388349710e-01
2.220889527041018663e-01
2.220135334186074116e-01
2.219389686538132678e-01
2.218652431431884786e-01
2.217923404988440816e-01
2.217202432294192171e-01
2.216489327591834868e-01
2.215783894483197569e-01
2.215085926143463280e-01
2.214395205546418333e-01
2.213711505700324822e-01
2.213034589894005699e-01
2.212364211952728976e-01
2.211700116503444169e-01
2.211042039248997670e-01
2.210389707250859370e-01
2.209742839219919208e-01
2.209101145814956757e-01
2.208464329948299498e-01
2.207832087098322849e-01
2.207204105628240987e-01
2.206580067110848475e-01
2.205959646658781081e-01
2.205342513259817006e-01
2.204728330116854929e-01
2.204116754992146987e-01
2.203507440555375896e-01
2.202900034735180701e-01
2.202294181073731483e-01
2.201689519084008839e-01
2.201085684609373205e-01
2.200482310185084001e-01
2.199879025401424437e-01
2.199275457268055900e-01
2.198671230579309077e-01
2.198065968280073224e-01
2.197459291831951878e-01
2.196850821579414414e-01
2.196240177115649228e-01
2.195626977647821554e-01
2.195010842361469483e-01
2.194391390783816120e-01
2.193768243145693964e-01
2.193141020741876113e-01
2.192509346289600591e-01
2.191872844285029653e-01
2.191231141357462275e-01
2.190583866621105547e-01
2.189930652024192625e-01
2.189271132695254363e-01
2.188604947286422464e-01
2.187931738313533825e-01
2.187251152492893091e-01
2.186562841074561614e-01
2.185866460171986825e-01
2.185161671087824942e-01
2.184448140635841806e-01
2.183725541458750308e-01
2.182993552341773447e-01
2.182251858521919163e-01
2.181500151992736558e-01
2.180738131804441093e-01
2.179965504359310247e-01
2.179181983702167813e-01
2.178387291805850001e-01
2.177581158851500664e-01
2.176763323503580483e-01
2.175933533179390256e-01
2.175091544313029202e-01
2.174237122613593975e-01
2.173370043317461586e-01
2.172490091434520210e-01
2.171597061988156385e-01
2.170690760248833451e-01
2.169771001961079415e-01
2.168837613563708022e-01
2.167890432403060674e-01
2.166929306939092970e-01
2.165954096944061602e-01
2.164964673693658970e-01
2.163960920150280465e-01
2.162942731138312036e-01
2.161910013511084139e-01
2.160862686309339420e-01
2.159800680910917148e-01
2.158723941171415694e-01
2.157632423555558288e-01
2.156526097259015007e-01
2.155404944320392369e-01
2.154268959723121268e-01
2.153118151486964338e-01
2.151952540748849896e-01
2.150772161832774365e-01
2.149577062308451192e-01
2.148367303038438425e-01
2.147142958213486830e-01
2.145904115375757426e-01
2.144650875429701675e-01
2.143383352640271244e-01
2.142101674618228369e-01
2.140805982292241783e-01
2.139496429867576710e-01
2.138173184771065272e-01
2.136836427582154696e-01
2.135486351949793249e-01
2.134123164494962366e-01
2.132747084698598250e-01
2.131358344774804403e-01
2.129957189529096961e-01
2.128543876201594021e-01
2.127118674295000456e-01
2.125681865387273051e-01
2.124233742928892388e-01
2.122774612024644347e-01
2.121304789199951468e-01
2.119824602151607063e-01
2.118334389483082780e-01
2.116834500424322196e-01
2.115325294536152256e-01
2.113807141399411116e-01
2.112280420288899230e-01
2.110745519832310513e-01
2.109202837654387819e-01
2.107652780006458171e-01
2.106095761381636400e-01
2.104532204116008054e-01
2.102962537976077462e-01
2.101387199732847322e-01
2.099806632722941990e-01
2.098221286397157492e-01
2.096631615856947572e-01
2.095038081379242689e-01
2.093441147930250046e-01
2.091841284668655154e-01
2.090238964438885516e-01
2.088634663255044266e-01
2.087028859776089706e-01
2.085422034773007360e-01
2.083814670588611528e-01
2.082207250590734082e-01
2.080600258619480503e-01
2.078994178429398321e-01
2.077389493127293485e-01
2.075786684606464871e-01
2.074186232978264544e-01
2.072588616001741491e-01
2.070994308512254245e-01
2.069403781849880886e-01
2.067817503288540970e-01
2.066235935466666229e-01
2.064659535820294323e-01
2.063088756019521020e-01
2.061524041409101837e-01
2.059965830454220381e-01
2.058414554192128376e-01
2.056870635690691285e-01
2.055334489514612506e-01
2.053806521200191026e-01
2.052287126739490986e-01
2.050776692074747498e-01
2.049275592603728990e-01
2.047784192697016392e-01
2.046302845227790379e-01
2.044831891114995415e-01
2.043371658880553665e-01
2.041922464221319899e-01
2.040484609596480980e-01
2.039058383831025834e-01
2.037644061735856271e-01
2.036241903745207582e-01
2.034852155571802157e-01
2.033475047880374531e-01
2.032110795979936990e-01
2.030759599535300608e-01
2.029421642298197270e-01
2.028097091858412082e-01
2.026786099415224529e-01
2.025488799569451215e-01
2.024205310136366343e-01
2.022935731979662310e-01
2.021680148866662752e-01
2.020438627344896265e-01
2.019211216640161288e-01
2.017997948576051581e-01
2.016798837515093590e-01
2.015613880321327767e-01
2.014443056344418503e-01
2.013286327425058142e-01
2.012143637921659511e-01
2.011014914758105232e-01
2.009900067492355336e-01
2.008798988405734176e-01
2.007711552612576056e-01
2.006637618189968664e-01
2.005577026327279300e-01
2.004529601495097513e-01
2.003495151633248594e-01
2.002473468357426900e-01
2.001464327184102054e-01
2.000467487773165132e-01
1.999482694187959542e-01
1.998509675172095712e-01
1.997548144442624907e-01
1.996597800999062866e-01
1.995658329447656809e-01
1.994729400340455872e-01
1.993810670528536888e-01
1.992901783528887305e-01
1.992002369904345704e-01
1.991112047656007356e-01
1.990230422627548013e-01
1.989357088920876149e-01
1.988491629322450271e-01
1.987633615739786697e-01
1.986782609647497200e-01
1.985938162542248697e-01
1.985099816406125928e-01
1.984267104177761532e-01
1.983439550230692294e-01
1.982616670858319829e-01
1.981797974764987202e-01
1.980982963562533117e-01
1.980171132271850432e-01
1.979361969828846712e-01
1.978554959594328033e-01
1.977749579867253693e-01
1.976945304400891390e-01
1.976141602921320517e-01
1.975337941647907491e-01
1.974533783815114740e-01
1.973728590195386601e-01
1.972921819622495965e-01
1.972112929515036639e-01
1.971301376399570149e-01
1.970486616433073102e-01
1.969668105924257673e-01
1.968845301853415497e-01
1.968017662390386668e-01
1.967184647410348541e-01
1.966345719007014936e-01
1.965500342002989009e-01
1.964647984456906193e-01
1.963788118167064667e-01
1.962920219171272740e-01
1.962043768242592578e-01
1.961158251380724915e-01
1.960263160298775231e-01
1.959357992905097490e-01
1.958442253780021125e-01
1.957515454647167086e-01
1.956577114839140596e-01
1.955626761757348064e-01
1.954663931325718862e-01
1.953688168438107164e-01
1.952699027399129594e-01
1.951696072358223566e-01
1.950678877736755634e-01
1.949647028647848168e-01
1.948600121308820265e-01
1.947537763445952863e-01
1.946459574691369876e-01
1.945365186971813320e-01
1.944254244889077887e-01
1.943126406091906511e-01
1.941981341639018033e-01
1.940818736353151774e-01
1.939638289165769580e-01
1.938439713452236313e-01
1.937222737357180424e-01
1.935987104109776480e-01
1.934732572328695666e-01
1.933458916316418974e-01
1.932165926342635509e-01
1.930853408916440028e-01
1.929521187047010533e-01
1.928169100492492516e-01
1.926797005996698509e-01
1.925404777513406440e-01
1.923992306417846021e-01
1.922559501705023433e-01
1.921106290174660891e-01
1.919632616602258424e-01
1.918138443896001688e-01
1.916623753239184158e-01
1.915088544217702360e-01
1.913532834932354931e-01
1.911956662095505577e-01
1.910360081111800445e-01
1.908743166142555514e-01
1.907106010153455933e-01
1.905448724945210670e-01
1.903771441166822453e-01
1.902074308311095530e-01
1.900357494692096749e-01
1.898621187404180011e-01
1.896865592262288180e-01
1.895090933723243831e-01
1.893297454787666589e-01
1.891485416882332515e-01
1.889655099722625797e-01
1.887806801154898184e-01
1.885940836978503010e-01
1.884057540747263726e-01
1.882157263550261750e-01
1.880240373771752127e-01
1.878307256830069605e-01
1.876358314895507085e-01
1.874393966586955507e-01
1.872414646647461989e-01
1.870420805598511926e-01
1.868412909373227959e-01
1.866391438928441393e-01
1.864356889835795672e-01
1.862309771852049822e-01
1.860250608468679012e-01
1.858179936441102520e-01
1.856098305297705642e-01
1.854006276829042732e-01
1.851904424557540563e-01
1.849793333188032296e-01
1.847673598039684117e-01
1.845545824459694784e-01
1.843410627219299602e-01
1.841268629892671427e-01
1.839120464219343165e-01
1.836966769450731896e-01
1.834808191681518152e-01
1.832645383166614517e-01
1.830479001624431279e-01
1.828309709527334292e-01
1.826138173380120744e-01
1.823965062987328856e-01
1.821791050710432069e-01
1.819616810715761479e-01
1.817443018214204287e-01
1.815270348693716340e-01
1.813099477145574401e-01
1.810931077285621305e-01
1.808765820771444932e-01
1.806604376416670599e-01
1.804447409403554803e-01
1.802295580494853167e-01
1.800149545246407246e-01
1.798009953221317569e-01
1.795877447207107347e-01
1.793752662437017587e-01
1.791636225816503614e-01
1.789528755156301332e-01
1.787430858413127654e-01
1.785343132939221089e-01
1.783266164741939552e-01
1.781200527754468743e-01
1.779146783118928932e-01
1.777105478482851608e-01
1.775077147310258341e-01
1.773062308208324389e-01
1.771061464270767827e-01
1.769075102438906477e-01
1.767103692881420718e-01
1.765147688393829684e-01
1.763207523818483002e-01
1.761283615486088083e-01
1.759376360679534845e-01
1.757486137120853331e-01
1.755613302482085525e-01
1.753758193920758324e-01
1.751921127640605758e-01
1.750102398478313448e-01
1.748302279516594782e-01
1.746521021724414813e-01
1.744758853624599204e-01
1.743015980989408298e-01
1.741292586564417710e-01
1.739588829820888638e-01
1.737904846737146902e-01
1.736240749608934653e-01
1.734596626889059467e-01
1.732972543056417181e-01
1.731368538514357902e-01
1.729784629518568706e-01
1.728220808134263431e-01
1.726677042222694858e-01
1.725153275456829671e-01
1.723649427365972486e-01
1.722165393409097467e-01
1.720701045076707125e-01
1.719256230020708986e-01
1.717830772212196322e-01
1.716424472126489020e-01
1.715037106955141777e-01
1.713668430844415835e-01
1.712318175159630029e-01
1.710986048775002544e-01
1.709671738388184037e-01
1.708374908859075503e-01
1.707095203572210618e-01
1.705832244822037824e-01
1.704585634220448509e-01
1.703354953125854609e-01
1.702139763093041269e-01
1.700939606343154775e-01
1.699754006252986172e-01
1.698582467862809475e-01
1.697424478402055625e-01
1.696279507831938149e-01
1.695147009404339433e-01
1.694026420236109665e-01
1.692917161897979084e-01
1.691818641017311942e-01
1.690730249893890313e-01
1.689651367127927017e-01
1.688581358259491627e-01
1.687519576418658462e-01
1.686465362985445360e-01
1.685418048258917334e-01
1.684376952134571115e-01
1.683341384789328876e-01
1.682310647373391754e-01
1.681284032708138532e-01
1.680260825989467188e-01
1.679240305495829921e-01
1.678221743300187252e-01
1.677204405985421865e-01
1.676187555362271264e-01
1.675170449189421207e-01
1.674152341894913354e-01
1.673132485298367556e-01
1.672110129333452544e-01
1.671084522769929193e-01
1.670054913934793106e-01
1.669020551431976696e-01
1.667980684859997342e-01
1.666934565527185275e-01
1.665881447163884699e-01
1.664820586631175769e-01
1.663751244625745473e-01
1.662672686380316234e-01
1.661584182359347739e-01
1.660485008949451335e-01
1.659374449144282448e-01
1.658251793223335102e-01
1.657116339424413720e-01
1.655967394609302035e-01
1.654804274922323792e-01
1.653626306441452476e-01
1.652432825821546769e-01
1.651223180929496659e-01
1.649996731470808331e-01
1.648752849607446058e-01
1.647490920566439809e-01
1.646210343239132290e-01
1.644910530770544999e-01
1.643590911138705091e-01
1.642250927723498677e-01
1.640890039864842387e-01
1.639507723409722173e-01
1.638103471247907839e-01
1.636676793835846466e-01
1.635227219708650093e-01
1.633754295979535087e-01
1.632257588826635519e-01
1.630736683966670098e-01
1.629191187115199002e-01
1.627620724433027910e-01
1.626024942958466390e-01
1.624403511024989644e-01
1.622756118663970515e-01
1.621082477992019655e-01
1.619382323582585492e-01
1.617655412821357441e-01
1.615901526245079600e-01
1.614120467863314201e-01
1.612312065462691291e-01
1.610476170893293535e-01
1.608612660336573852e-01
1.606721434554495009e-01
1.604802419119261137e-01
1.602855564623351103e-01
1.600880846869179308e-01
1.598878267038095213e-01
1.596847851838058274e-01
1.594789653629638537e-01
1.592703750529828044e-01
1.590590246493124582e-01
1.588449271369460347e-01
1.586280980938577223e-01
1.584085556920160343e-01
1.581863206959578660e-01
1.579614164588533098e-01
1.577338689160306950e-01
1.575037065759239685e-01
1.572709605083827400e-01
1.570356643303383315e-01
1.567978541887583843e-01
1.565575687408786443e-01
1.563148491316726507e-01
1.560697389685281045e-01
1.558222842931150653e-01
1.555725335504086482e-01
1.553205375548730172e-01
1.550663494537593556e-01
1.548100246875333541e-01
1.545516209474172287e-01
1.542911981300371105e-01
1.540288182891907942e-01
1.537645455847307108e-01
1.534984462285832185e-01
1.532305884279087926e-01
1.529610423254468277e-01
1.526898799370425552e-01
1.524171750864161679e-01
1.521430033371924673e-01
1.518674419222498795e-01
1.515905696704221428e-01
1.513124669306259440e-01
1.510332154934616866e-01
1.507528985103576136e-01
1.504716004103322236e-01
1.501894068144569994e-01
1.499064044480892532e-01
1.496226810509850014e-01
1.493383252853683341e-01
1.490534266420727449e-01
1.487680753448543391e-01
1.484823622529854448e-01
1.481963787622571360e-01
1.479102167044939187e-01
1.476239682457340663e-01
1.473377257831685883e-01
1.470515818410181308e-01
1.467656289654496737e-01
1.464799596186974751e-01
1.461946660725281510e-01
1.459098403011976908e-01
1.456255738740523664e-01
1.453419578479391017e-01
1.450590826595601901e-01
1.447770380179597138e-01
1.444959127972697543e-01
1.442157949299088804e-01
1.439367713003648908e-01
1.436589276397529091e-01
1.433823484212824739e-01
1.431071167568147284e-01
1.428333142946648648e-01
1.425610211188019227e-01
1.422903156496033161e-01
1.420212745463420023e-01
1.417539726115160659e-01
1.414884826972138965e-01
1.412248756136351424e-01
1.409632200399069113e-01
1.407035824373638333e-01
1.404460269653882987e-01
1.401906153999672722e-01
1.399374070550846172e-01
1.396864587070587027e-01
1.394378245219501933e-01
1.391915559861514606e-01
1.389477018402397734e-01
1.387063080162238837e-01
1.384674175782393823e-01
1.382310706667995437e-01
1.379973044466699383e-01
1.377661530584377292e-01
1.375376475738411541e-01
1.373118159549052697e-01
1.370886830169515402e-01
1.368682703955066693e-01
1.366505965171464776e-01
1.364356765743196531e-01
1.362235225041420750e-01
1.360141429712034833e-01
1.358075433543856625e-01
1.356037257376649374e-01
1.354026889049458893e-01
1.352044283388466328e-01
1.350089362234796475e-01
1.348162014511392059e-01
1.346262096329184366e-01
1.344389431131766399e-01
1.342543809878279926e-01
1.340724991264007071e-01
1.338932701978044759e-01
1.337166636997516589e-01
1.335426459917626874e-01
1.333711803316786626e-01
1.332022269156166172e-01
1.330357429212830622e-01
1.328716825545589453e-01
1.327099970992676181e-01
1.325506349700511510e-01
1.323935417682382820e-01
1.322386603406275341e-01
1.320859308410700372e-01
1.319352907947715647e-01
1.317866751651890211e-01
1.316400164234336756e-01
1.314952446200683134e-01
1.313522874591888101e-01
1.312110703746936780e-01
1.310715166086212635e-01
1.309335472914477383e-01
1.307970815242505414e-01
1.306620364626108477e-01
1.305283274021561135e-01
1.303958678656402803e-01
1.302645696914395135e-01
1.301343431233796533e-01
1.300050969017656211e-01
1.298767383555277100e-01
1.297491734953851172e-01
1.296223071079059819e-01
1.294960428503875993e-01
1.293702833464498159e-01
1.292449302822423762e-01
1.291198845031876763e-01
1.289950461111590008e-01
1.288703145619984891e-01
1.287455887633076612e-01
1.286207671724153012e-01
1.284957478944316611e-01
1.283704287803352773e-01
1.282447075249912305e-01
1.281184817650363184e-01
1.279916491765638320e-01
1.278641075725256426e-01
1.277357549997933106e-01
1.276064898358150734e-01
1.274762108847865560e-01
1.273448174733050886e-01
1.272122095454140955e-01
1.270782877570093838e-01
1.269429535695291988e-01
1.268061093428854424e-01
1.266676584275881756e-01
1.265275052559980407e-01
1.263855554326630271e-01
1.262417158237080783e-01
1.260958946451930240e-01
1.259480015504317596e-01
1.257979477162068926e-01
1.256456459278296189e-01
1.254910106630253985e-01
1.253339581745696596e-01
1.251744065716593746e-01
1.250122758999577810e-01
nan
nan
nan
nan
nan
nan
nan
nan
nan
nan
nan
nan
nan
nan
nan
nan
nan
nan
nan
nan
nan
nan
nan
nan
nan
nan
nan
nan
nan
nan
nan
nan
nan
nan
nan
nan
nan
nan
nan
nan
nan
nan
nan
nan
nan
nan
nan
nan
nan
nan
nan
nan
nan
nan
nan
nan
nan
nan
nan
nan
nan
nan
nan
nan
nan
nan
nan
nan
nan
nan
nan
nan
nan
nan
nan
nan
nan
nan
nan
nan
nan
nan
nan
nan
nan
nan
nan
nan
nan
nan
nan
nan
nan
nan
nan
nan
nan
nan
nan
nan
nan
nan
nan
nan
nan
nan
nan
nan
nan
nan
nan
nan
nan
nan
nan
nan
nan
nan
nan
nan
nan
nan
nan
nan
nan
nan
nan
nan
nan
nan
nan
nan
nan
nan
nan
nan
nan
nan
nan
nan
nan
nan
nan
nan
nan
nan
nan
nan
nan
nan
nan
nan
nan
nan
nan
nan
nan
nan
nan
nan
nan
nan
nan
nan
nan
nan
nan
nan
nan
nan
nan
nan
nan
nan
nan
nan
nan
nan
nan
nan
nan
nan
nan
nan
nan
nan
nan
nan
nan
nan
nan
nan
nan
nan
nan
nan
nan
nan
nan
nan
