-1.388000825386370707e-11
-3.874410351434320887e-06
-1.547811868118920131e-05
-3.482608305960255279e-05
-6.193414731070490120e-05
-9.681974341146926122e-05
-1.395025796779858496e-04
-1.900053270698087715e-04
-2.483543021869483169e-04
-3.145801455750607545e-04
-3.887184941220311885e-04
-4.708106463491290583e-04
-5.609042195409141840e-04
-6.590537977235744194e-04
-7.653215695846427025e-04
-8.797779554980955652e-04
-1.002502222902101892e-03
-1.133583089316658743e-03
-1.273119312360515565e-03
-1.421220266155653889e-03
-1.578006503561990570e-03
-1.743610303681641938e-03
-1.918176204134258711e-03
-2.101861517547209957e-03
-2.294836831771007724e-03
-2.497286493259309736e-03
-2.709409073057278405e-03
-2.931417814808767730e-03
-3.163541064121755397e-03
-3.406022678620335142e-03
-3.659122417908333702e-03
-3.923116312608554423e-03
-4.198297011591689554e-03
-4.484974106366834690e-03
-4.783474431565570839e-03
-5.094142340299478988e-03
-5.417339953128763597e-03
-5.753447379196474643e-03
-6.102862908030637357e-03
-6.466003170375600462e-03
-6.843303266296230092e-03
-7.235216858703097387e-03
-7.642216230308029878e-03
-8.064792301937240282e-03
-8.503454610007121772e-03
-8.958731240875650315e-03
-9.431168719700178116e-03
-9.921331851334702634e-03
-1.042980351074640488e-02
-1.095718438037796005e-02
-1.150409263180329766e-02
-1.207116354906667688e-02
-1.265904909101056575e-02
-1.326841738995887532e-02
-1.389995218414097344e-02
-1.455435218127965058e-02
-1.523233035086390963e-02
-1.593461314271849005e-02
-1.666193962960416108e-02
-1.741506057174380118e-02
-1.819473740136023920e-02
-1.900174112550057082e-02
-1.983685114567812491e-02
-2.070085399312415753e-02
-2.159454197875554371e-02
-2.251871175727004903e-02
-2.347416280516156917e-02
-2.446169581281631977e-02
-2.548211099129282786e-02
-2.653620629478492532e-02
-2.762477556030540349e-02
-2.874860656653099866e-02
-2.990847901435556011e-02
-3.110516243214900278e-02
-3.233941400933249000e-02
-3.361197636241208819e-02
-3.492357523817379850e-02
-3.627491715938568895e-02
-3.766668701885134141e-02
-3.909954562833162228e-02
-4.057412722935138660e-02
-4.209103697354499296e-02
-4.365084838070409923e-02
-4.525410078325631247e-02
-4.690129676638621348e-02
-4.859289961355872656e-02
-5.032933076756340718e-02
-5.211096731769893076e-02
-5.393813952403458956e-02
-5.581112839003310455e-02
-5.773016329507441036e-02
-5.969541969864544662e-02
-6.170701692810198757e-02
-6.376501606201734340e-02
-6.586941792112721572e-02
-6.802016117885223423e-02
-7.021712060325757676e-02
-7.246010544209369186e-02
-7.474885796232344504e-02
-7.708305215515909303e-02
-7.946229261724613302e-02
-8.188611361808817435e-02
-8.435397836328628607e-02
-8.686527846247904527e-02
-8.941933361016229931e-02
-9.201539148681825431e-02
-9.465262788689199347e-02
-9.733014707928533404e-02
-1.000469824050753687e-01
-1.028020971161547337e-01
-1.055943854574459273e-01
-1.084226739942895090e-01
-1.112857231854569307e-01
-1.141822292011407391e-01
-1.171108259841457944e-01
-1.200700875512983323e-01
-1.230585305310516464e-01
-1.260746169319959531e-01
-1.291167571360085642e-01
-1.321833131086003199e-01
-1.352726018179573053e-01
-1.383828988532276316e-01
-1.415124422315816588e-01
-1.446594363826803065e-01
-1.478220562983290076e-01
-1.509984518343343574e-01
-1.541867521508444305e-01
-1.573850702768297971e-01
-1.605915077838060423e-01
-1.638041595534445172e-01
-1.670211186233117040e-01
-1.702404810947066860e-01
-1.734603510863641507e-01
-1.766788457176471372e-01
-1.798941001048925958e-01
-1.831042723545961426e-01
-1.863075485373000273e-01
-1.895021476262925830e-01
-1.926863263855915775e-01
-1.958583841920313873e-01
-1.990166677768401282e-01
-2.021595758726302261e-01
-2.052855637523098853e-01
-2.083931476472489219e-01
-2.114809090326530416e-01
-2.145474987690043633e-01
-2.175916410892475561e-01
-2.206121374223224407e-01
-2.236078700445576217e-01
-2.265778055514411360e-01
-2.295209981432055901e-01
-2.324365927187821423e-01
-2.353238277735603123e-01
-2.381820380975319118e-01
-2.410106572713222040e-01
-2.438092199586860964e-01
-2.465773639950219476e-01
-2.493148322724314525e-01
-2.520214744228110870e-01
-2.546972483014364741e-01
-2.573422212743126103e-01
-2.599565713135376654e-01
-2.625405879056330605e-01
-2.650946727786873680e-01
-2.676193404548476984e-01
-2.701152186353228402e-01
-2.725830484258529030e-01
-2.750236844110287571e-01
-2.774380945864884929e-01
-2.798273601584277959e-01
-2.821926752203873789e-01
-2.845353463174671305e-01
-2.868567919087050555e-01
-2.891585417382902534e-01
-2.914422361268254047e-01
-2.937096251936699431e-01
-2.959625680217847776e-01
-2.982030317763262328e-01
-3.004330907883301371e-01
-3.026549256147315070e-01
-3.048708220858808993e-01
-3.070831703514853572e-01
-3.092944639358075065e-01
-3.115072988125300313e-01
-3.137243725096117153e-01
-3.159484832538839161e-01
-3.181825291649109655e-01
-3.204295075071417198e-01
-3.226925140089331734e-01
-3.249747422564475130e-01
-3.272794831699943341e-01
-3.296101245697247162e-01
-3.319701508369299336e-01
-3.343631426766624504e-01
-3.367927769865697307e-01
-3.392628268361896904e-01
-3.417771615601850055e-01
-3.443397469681575007e-01
-3.469546456729033501e-01
-3.496260175381082913e-01
-3.523581202455439154e-01
-3.551552937028779056e-01
-3.580217412028696700e-01
-3.609616575659713167e-01
-3.639792816195630554e-01
-3.670788955381232288e-01
-3.702648241702699572e-01
-3.735414343368614887e-01
-3.769131340834830368e-01
-3.803843718700383736e-01
-3.839596356794006127e-01
-3.876434520264715466e-01
-3.914403848483638537e-01
-3.953550342558909136e-01
-3.993920351260393797e-01
-4.035560555146511241e-01
-4.078517948681836813e-01
-4.122839820131674049e-01
-4.168573729016800122e-01
-4.215767480911802867e-01
-4.264469099369216920e-01
-4.314726794753853678e-01
-4.366588929772763361e-01
-4.420103981491274592e-01
-4.475320499629920068e-01
-4.532287060943340773e-01
-4.591052219491131847e-01
-4.651664452620007939e-01
-4.714172102488567440e-01
-4.778623312978902415e-01
-4.845065961855432590e-01
-4.913547588048172710e-01
-4.984115313956938298e-01
-5.056815762695299199e-01
-5.131694970214972784e-01
-5.208798292279104292e-01
-5.288170306278439092e-01
-5.369854707914922809e-01
-5.453894202809939085e-01
-5.540330393125425523e-01
-5.629203659323622766e-01
-5.720553037227316118e-01
-5.814416090580409868e-01
-5.910828779348653583e-01
-6.009825324041850880e-01
-6.111438066379060174e-01
-6.215697326661984157e-01
-6.322631258263156084e-01
-6.432265699679140525e-01
-6.544624024639977833e-01
-6.659726990809033964e-01
-6.777592587646896760e-01
-6.898235884052561495e-01
-7.021668876432551887e-01
-7.147900337883594801e-01
-7.276935669206718860e-01
-7.408776752502188589e-01
-7.543421808117223293e-01
-7.680865255745761289e-01
-7.821097580493785451e-01
-7.964105204740967725e-01
-8.109870366636950934e-01
-8.258371006076070664e-01
-8.409580658992610314e-01
-8.563468360814419089e-01
-8.719998559897490509e-01
-8.879131041751298081e-01
-9.040820864836207615e-01
-9.205018308690537943e-01
-9.371668835104474127e-01
-9.540713063022832063e-01
-9.712086757808224835e-01
-9.885720835446387689e-01
-1.006154138221918570e+00
-1.023946969030742338e+00
-1.041942230971995009e+00
-1.060131111687565575e+00
-1.078504340008885620e+00
-1.097052196213067488e+00
-1.115764523995984581e+00
-1.134630744163005467e+00
-1.153639870029713466e+00
-1.172780524516178202e+00
-1.192040958909559301e+00
-1.211409073260858449e+00
-1.230872438373263877e+00
-1.250418319329978933e+00
-1.270033700501818075e+00
-1.289705311965602119e+00
-1.309419657256849501e+00
-1.329163042372001335e+00
-1.348921605928284917e+00
-1.368681350381942829e+00
-1.388428174199404230e+00
-1.408147904869359035e+00
-1.427826332638834073e+00
-1.447449244851001238e+00
-1.467002460758403126e+00
-1.486471866681828846e+00
-1.505843451382188336e+00
-1.525103341510571919e+00
-1.544237837000438374e+00
-1.563233446265674953e+00
-1.582076921067896436e+00
-1.600755290918179918e+00
-1.619255896879752132e+00
-1.637566424641532237e+00
-1.655674936734999880e+00
-1.673569903772181844e+00
-1.691240234586852687e+00
-1.708675305167133285e+00
-1.725864986273918378e+00
-1.742799669647010496e+00
-1.759470292708043004e+00
-1.775868361677637175e+00
-1.791985973033418666e+00
-1.807815833243670012e+00
-1.823351276721699721e+00
-1.838586281955320034e+00
-1.853515485775836247e+00
-1.868134195740840386e+00
-1.882438400615684682e+00
-1.896424778947880530e+00
-1.910090705739188044e+00
-1.923434257229758026e+00
-1.936454213818114001e+00
-1.949150061150314306e+00
-1.961521989419932055e+00
-1.973570890929464694e+00
-1.985298355971435447e+00
-1.996706667094447774e+00
-2.007798791826887808e+00
-2.018578373936626758e+00
-2.029049723310645259e+00
-2.039217804543100865e+00
-2.049088224324938423e+00
-2.058667217731144916e+00
-2.067961633504082908e+00
-2.076978918434287724e+00
-2.085727100940323098e+00
-2.094214773950335839e+00
-2.102451077188061124e+00
-2.110445678964905092e+00
-2.118208757578631030e+00
-2.125750982417200508e+00
-2.133083494864079555e+00
-2.140217889098208204e+00
-2.147166192878556590e+00
-2.153940848399467978e+00
-2.160554693299073570e+00
-2.167020941897859210e+00
-2.173353166741146314e+00
-2.179565280512978376e+00
-2.185671518384595391e+00
-2.191686420855227801e+00
-2.197624817137793229e+00
-2.203501809136291012e+00
-2.209332756056810787e+00
-2.215133259688264467e+00
-2.220919150383768859e+00
-2.226706473768348182e+00
-2.232511478193236254e+00
-2.238350602952111412e+00
-2.244240467269686956e+00
-2.250197860067847166e+00
-2.256239730510508412e+00
-2.262383179323153914e+00
-2.268645450879147596e+00
-2.275043926040631881e+00
-2.281596115737654973e+00
-2.288319655265704800e+00
-2.295232299277853993e+00
-2.302351917444691587e+00
-2.309696490751442788e+00
-2.317284108399257914e+00
-2.325132965274160135e+00
-2.333261359944790225e+00
-2.341687693147392668e+00
-2.350430466714242606e+00
-2.359508282899218656e+00
-2.368939844052467603e+00
-2.378743952594024602e+00
-2.388939511234553503e+00
-2.399545523389907675e+00
-2.410581093734430524e+00
-2.422065428837083534e+00
-2.434017837823226671e+00
-2.446457733003442936e+00
-2.459404630411266890e+00
-2.472878150189332658e+00
-2.486898016764838903e+00
-2.501484058753718820e+00
-2.516656208533515127e+00
-2.532434501424933870e+00
-2.548839074422742712e+00
-2.565890164416857466e+00
-2.583608105845943470e+00
-2.602013327726617753e+00
-2.621126350002774608e+00
-2.640967779161575990e+00
