-1.561846119102483499e-07
-1.923862357977590420e-05
-7.145305667810575301e-05
-1.587025167537614578e-04
-2.829994674169444835e-04
-4.464728457087563385e-04
-6.513756555115435276e-04
-9.000959929927887515e-04
-1.195166778702461130e-03
-1.539260881912030143e-03
-1.935236807775186918e-03
-2.386096617463806524e-03
-2.895057073384332824e-03
-3.465513605752645887e-03
-4.101076329152686384e-03
-4.805600959921774162e-03
-5.583166440036313460e-03
-6.438114271265504840e-03
-7.375070215560608489e-03
-8.398976808270397498e-03
-9.515074330267436764e-03
-1.072895031449361269e-02
-1.204656941019344174e-02
-1.347431590572489846e-02
-1.501898926172917648e-02
-1.668783185478805997e-02
-1.848860557183917841e-02
-2.042967192226186057e-02
-2.251986054440213714e-02
-2.476871048742945725e-02
-2.718647535077223232e-02
-2.978402572100580237e-02
-3.257323879315654480e-02
-3.556661883286071912e-02
-3.877789242760387722e-02
-4.222153933282291050e-02
-4.591346114266592338e-02
-4.987053111852990384e-02
-5.411108446053858323e-02
-5.865504034516355603e-02
-6.352367887431431548e-02
-6.874017848834457212e-02
-7.432972541465687755e-02
-8.031956621459723777e-02
-8.673921481292423685e-02
-9.362083742103344264e-02
-1.009994489209908863e-01
-1.089132128746916894e-01
-1.174037786925929971e-01
-1.265166613133805740e-01
-1.363016696324126364e-01
-1.468133909728297493e-01
-1.581117401517295740e-01
-1.702625832037973908e-01
-1.833384476372057481e-01
-1.974193332870266548e-01
-2.125938772001467747e-01
-2.289599916259277279e-01
-2.466260846904366755e-01
-2.657128383689855156e-01
-2.863555547409679658e-01
-3.087681279247411759e-01
-3.330761757446254467e-01
-3.594725472976545433e-01
-3.881766344621806475e-01
-4.194370347104048324e-01
-4.535364239006400844e-01
-4.907974284681027033e-01
-5.315897434073424410e-01
-5.763388138073488598e-01
-6.255364928387396883e-01
-6.797542169385972777e-01
-7.396594121583843773e-01
-8.060360823218148951e-01
-8.798108558163675319e-01
-9.620862212758429788e-01
-1.054183318137306147e+00
-1.157697546841409686e+00
-1.274571543809865926e+00
-1.407191902096036618e+00
-1.558518661672870786e+00
-1.732260399504549353e+00
-1.933113191526044661e+00
-2.167089333889034020e+00
-2.441971819925561338e+00
-2.767942274573039541e+00
-3.158438061713252143e+00
-3.631279293195008862e+00
-4.210006392345644777e+00
-4.924994271916077082e+00
-5.812705317995214394e+00
-6.907912473669837183e+00
-8.214742707920176912e+00
-9.627702711044547002e+00
-1.079309717257785906e+01
-1.344047956311358050e+01
-1.744523885922341222e+01
-2.305432922343705826e+01
-2.939956943464270012e+01
-3.142470904343684523e+01
-2.604825666753976421e+01
-1.905445121929527375e+01
-1.624405675228177515e+01
-2.069012044189932453e+01
-2.626218733198731670e+01
-3.102142295366229163e+01
-3.066909992237612670e+01
-2.523830380599584089e+01
-1.916243000764875148e+01
-1.569654454060866122e+01
-1.932279987678927213e+01
-2.389501412770096422e+01
-2.877895505861522452e+01
-3.163108113847460956e+01
-2.991300754752119317e+01
-2.492358301484336636e+01
-1.966011846868090274e+01
-1.536657996102875146e+01
-1.787256098726527043e+01
-2.145208121532715850e+01
-2.562539706111259363e+01
-2.962371595712833638e+01
-3.166563528937987471e+01
-3.024822338813192957e+01
-2.622821122595757615e+01
-2.161303793998093070e+01
-1.753796230436736536e+01
-1.581843064481317640e+01
-1.838800919873352413e+01
-2.146578677215292430e+01
-2.497217512346477974e+01
-2.850004763129590302e+01
-3.109489652230232437e+01
-3.155241013059923461e+01
-2.994046989342026066e+01
-3.163668677944578533e+01
-3.096094989934231378e+01
-2.850606864816996122e+01
-2.535235618464005469e+01
-2.225419264187363311e+01
-1.952105754621129918e+01
-2.166058231871271289e+01
-2.456803276310474971e+01
-2.754452362975166224e+01
-3.011011259138537000e+01
-3.156375556266653248e+01
-3.134136409095538056e+01
-2.999133549272052335e+01
-3.152599153853907055e+01
-3.144140586579201369e+01
-2.993255182722670682e+01
-2.758623235254060546e+01
-2.497617362239239824e+01
-2.245174586511500081e+01
-2.016955837589341982e+01
-2.047038338117915401e+01
-2.271859477920245141e+01
-2.512054412295935890e+01
-2.752644659702195185e+01
-2.966320493367137701e+01
-3.117258695557701031e+01
-3.168886225106119525e+01
-3.105370608140500366e+01
-3.004111849242524457e+01
-3.136448636109702548e+01
-3.166379010783688486e+01
-3.094341574903585013e+01
-2.946339138090923626e+01
-2.753903321895212741e+01
-2.546461914580522645e+01
-2.341798950120740486e+01
-2.150392676662058733e+01
-1.976522195488616873e+01
-2.043148361582826666e+01
-2.218593774701190569e+01
-2.404602295353089403e+01
-2.595917452296247419e+01
-2.782430000179182983e+01
-2.949689136940599710e+01
-3.080098953306227116e+01
-3.155822664250073117e+01
-3.163640528880820924e+01
-3.101432983751492145e+01
-2.979790698856925957e+01
-3.093466778895662372e+01
-3.159894615391782224e+01
-3.162262698046444598e+01
-3.105135003899118118e+01
-3.000858305370470447e+01
-2.864796602985197893e+01
-2.711175343747430233e+01
-2.551597885414360789e+01
-2.394088490113508882e+01
-2.243560122816556301e+01
-2.102619417847374450e+01
-1.972332201669588514e+01
-2.006989592089913899e+01
-2.136699001351923854e+01
-2.273188985655286842e+01
-2.414804522385449204e+01
-2.558841125764572411e+01
-2.701397389621945777e+01
-2.836946555908532019e+01
-2.958656923755876988e+01
-3.058823632993759034e+01
-3.129829651957856029e+01
-3.165485799411808898e+01
-3.162375939224236987e+01
-3.120694215699278473e+01
-3.044201033633444808e+01
-3.006923849987884267e+01
-3.093831358421889988e+01
-3.148499564361295100e+01
-3.168483839100533928e+01
-3.154639228626964353e+01
-3.109979993051795688e+01
-3.039488280829037592e+01
-2.949256454710499398e+01
-2.845402790378344449e+01
-2.733409751630461315e+01
-2.618122718276613980e+01
-2.502737261779895661e+01
-2.389543162860284298e+01
-2.280211384165517785e+01
-2.176007925746673166e+01
-2.077349427265306403e+01
-1.984319579956460800e+01
-1.959580201152265388e+01
-2.049387245612536645e+01
-2.142680130653899084e+01
-2.239297178443353431e+01
-2.338627626932926873e+01
-2.439621496956040403e+01
-2.541448414731029359e+01
-2.642730676369266618e+01
-2.741314388162518512e+01
-2.835442095251523398e+01
-2.922873318337547843e+01
-3.000434008812138842e+01
-3.065954071817997573e+01
-3.117209239002892218e+01
-3.151354210630140784e+01
-3.167544066556698112e+01
-3.165319090581815331e+01
-3.144018067724862320e+01
-3.105444655561029066e+01
-3.051354525741873758e+01
-2.983240966739205646e+01
-3.035319782896102936e+01
-3.091694504210134653e+01
-3.133458453318301551e+01
-3.159324695896390267e+01
-3.168454850705503034e+01
-3.162952642173306472e+01
-3.142041146664135098e+01
-3.108188975541416710e+01
-3.062864864577077739e+01
-3.007693795144267312e+01
-2.945410754324091229e+01
-2.876745046321633126e+01
-2.804763017853564122e+01
-2.729577156971857477e+01
-2.653623945180773092e+01
-2.576951063608067471e+01
-2.501230973304036453e+01
-2.426373742196612326e+01
-2.353541417536868252e+01
-2.282439891977860569e+01
-2.213953252607876365e+01
-2.147609573377255288e+01
-2.084088317777966992e+01
-2.022913021904410158e+01
-1.964435666452237683e+01
-1.947900377355898627e+01
-2.004718198112174932e+01
-2.063103255219081333e+01
-2.122585033285573175e+01
-2.183501933608271983e+01
-2.245317219898679539e+01
-2.308097312574325954e+01
-2.371590859676203422e+01
-2.435354807351594530e+01
-2.499570263661574643e+01
-2.563239761586344301e+01
-2.626724321422151576e+01
-2.688967254538031426e+01
-2.749771790345105771e+01
-2.808739160055207407e+01
-2.864719743227070836e+01
-2.918270676995275537e+01
-2.967572635684730287e+01
-3.012893058385088807e+01
-3.053314367673993956e+01
-3.087989425790566145e+01
-3.117487189928680635e+01
-3.140064392821106054e+01
-3.156612301904313256e+01
-3.166227834706444355e+01
-3.168664839666777766e+01
-3.165007749299538276e+01
-3.153978281822390883e+01
-3.137062773902697543e+01
-3.113951458958204910e+01
-3.084749742556119045e+01
-3.051236618370509746e+01
-3.012449960051270992e+01
-2.978231087950351252e+01
-3.019980215041286797e+01
-3.056810356777300441e+01
-3.088262579553703802e+01
-3.115390037770306009e+01
-3.136593333154008789e+01
-3.152404402993455079e+01
-3.163257245184253108e+01
-3.168202538906319887e+01
-3.168211883463412448e+01
-3.163416502892204463e+01
-3.153349833770566946e+01
-3.139157405306770343e+01
-3.120960786916781515e+01
-3.098535282861159601e+01
-3.072936602440441334e+01
-3.044506698195228012e+01
-3.013027611886461798e+01
-2.979267100601345319e+01
-2.943942562704224741e+01
-2.906669672998724252e+01
-2.867819877458981992e+01
-2.828570841535054825e+01
-2.788276823385641379e+01
-2.747216838726658494e+01
-2.706055478258592828e+01
-2.664856198940072218e+01
-2.623487079435729896e+01
-2.582124697426982252e+01
-2.541480344576870820e+01
-2.501082276726717168e+01
-2.461030727405746532e+01
-2.421528031242489831e+01
-2.382895631248290869e+01
-2.344812468963034036e+01
-2.307338404605548021e+01
-2.270629268203877515e+01
-2.234856962228187882e+01
-2.199772981868733979e+01
-2.165402110973510830e+01
-2.131812098284497381e+01
-2.099192982739720392e+01
-2.067295668510562123e+01
-2.036125003327202165e+01
-2.005681908259261093e+01
-1.976152525645022351e+01
-1.947358470181927004e+01
-1.936869603247405891e+01
-1.965018173070871299e+01
-1.993367933300720196e+01
-2.022069901472676889e+01
-2.051014548619009048e+01
-2.080123474652526028e+01
-2.109375849478483289e+01
-2.138761436868196242e+01
-2.168507774030335256e+01
-2.198346450511624539e+01
-2.228250875736398484e+01
-2.258192697877655775e+01
-2.288216798786022466e+01
-2.318472028205784952e+01
-2.348693187154325912e+01
-2.378845702378313121e+01
-2.408893225289097018e+01
-2.438907974590261674e+01
-2.469019532078046808e+01
-2.498933664835953294e+01
-2.528608153358687716e+01
-2.557999275227429692e+01
-2.587153251431150380e+01
-2.616292203830437657e+01
-2.645037330367146566e+01
-2.673340611206395323e+01
-2.701153177208838585e+01
-2.728425515385822564e+01
-2.755603039290946654e+01
-2.782184773655202292e+01
-2.808104938529234929e+01
-2.833313596374241783e+01
-2.857761288109893627e+01
-2.881717250165513278e+01
-2.905091320875279592e+01
-2.927588812679400476e+01
-2.949164321799523947e+01
-2.969774256446508787e+01
-2.989377138810019474e+01
-3.008543061595962698e+01
-3.026677264286809077e+01
-3.043717634700082542e+01
-3.059632396529994480e+01
-3.074393050910529723e+01
-3.088076618341523272e+01
-3.101143348497349450e+01
-3.113008976822350604e+01
