-1.874994262598961292e-04
-5.825233620304626214e-05
7.107721310087300459e-05
2.004891840715061768e-04
3.299835386287586214e-04
4.595455850414653654e-04
5.891855118937694424e-04
7.189076850817877062e-04
8.487120658452751432e-04
9.785986152449632769e-04
1.108567294184903407e-03
1.238618063390262147e-03
1.368750883420088993e-03
1.498965714666483651e-03
1.629242465047142652e-03
1.759600634364116845e-03
1.890040672370557617e-03
2.020562538754544502e-03
2.151166193044146135e-03
2.281851594600342592e-03
2.412618702602870036e-03
2.543460277623782462e-03
2.674368635303264741e-03
2.805358552687153839e-03
2.936429988260325086e-03
3.067582900344312247e-03
3.198817247088148186e-03
3.330132986463923972e-03
3.461515026213918267e-03
3.592969876347468228e-03
3.724505968179386839e-03
3.856123258985655333e-03
3.987821705873639822e-03
4.119601265771960508e-03
4.251442620896717095e-03
4.380130011822774838e-03
4.503440815844805822e-03
4.626831862037245058e-03
4.750303120187593375e-03
4.873854559939716502e-03
4.997486150765950708e-03
5.121197861998050271e-03
5.244989662811644360e-03
5.368861522226930916e-03
5.492813409111035883e-03
5.616845292176347870e-03
5.740957139983848823e-03
5.865148920935203680e-03
5.989420603281780942e-03
6.113772155118546436e-03
6.238203544387393995e-03
6.362714738867569775e-03
6.487305706191909271e-03
6.611976413834902422e-03
6.736726829113942605e-03
6.861556919192657311e-03
6.986466651072442691e-03
7.111455991613141459e-03
7.236524907498348425e-03
7.361673365273296854e-03
7.486901331316825337e-03
7.612208771848455457e-03
7.737595652936163360e-03
7.863061940491383739e-03
7.988607600269981290e-03
8.114232597854764695e-03
8.239936898692956646e-03
8.365720468062332049e-03
8.491583271076214023e-03
8.617525272703874251e-03
8.743546437745414179e-03
8.869646730846753035e-03
8.995826116496297153e-03
9.122084559020360306e-03
9.248422022583441260e-03
9.374838471201268897e-03
9.501333868720679421e-03
9.627908178827110364e-03
9.754561365052788480e-03
9.881293390771456187e-03
1.000810421919212656e-02
1.013499381335741800e-02
1.026196213616409336e-02
1.038900915033419414e-02
1.051613481844418385e-02
1.064333910288858820e-02
1.077062196592051824e-02
1.089798336961808611e-02
1.102542327590855242e-02
1.115294164655014630e-02
1.128053844313775533e-02
1.140821362711721965e-02
1.153596715975355180e-02
1.166379900216049648e-02
1.179170911529026089e-02
1.191969745992629837e-02
1.204776399669219011e-02
1.217590868605067378e-02
1.230413148829739844e-02
1.243243236356605941e-02
1.256081127183117374e-02
1.268926817288615339e-02
1.281780302638660385e-02
1.294641579180882962e-02
1.307510642846135274e-02
1.320387489549920690e-02
1.333272115190256568e-02
1.346164515649519999e-02
1.359064686793101662e-02
1.371972624470294000e-02
1.384888324512778546e-02
1.397811782737443109e-02
1.410742994943370299e-02
1.423681956912947744e-02
1.436628664413103218e-02
1.449583113192473571e-02
1.462545298985012954e-02
1.475515217506592758e-02
1.488492864456944509e-02
1.501478235518674542e-02
1.514471326358665659e-02
1.527472132626175871e-02
1.540480649953920866e-02
1.553496873958143398e-02
1.566520800238266342e-02
1.579552424376823305e-02
1.592591741939194949e-02
1.605638748475024524e-02
1.618693439516219468e-02
1.631755810577437127e-02
1.644825857157763971e-02
1.657903574738467389e-02
1.670988958784425105e-02
1.684082004742987193e-02
1.697182708045502642e-02
1.710291064105237679e-02
1.723407068318999480e-02
1.736530716067802294e-02
1.749662002713717190e-02
1.762800923602717007e-02
1.775947474063732656e-02
1.789101649408583738e-02
1.802263444932436509e-02
1.815432855912707533e-02
1.828609877609937984e-02
1.841794505267946302e-02
1.854986734112898383e-02
1.868186559354237386e-02
1.881393976183948213e-02
1.894608979777459568e-02
1.907831565291687181e-02
1.921061727867975910e-02
1.934299462629060495e-02
1.947544764681341523e-02
1.960797629113567031e-02
1.974058050997359870e-02
1.987326025386940143e-02
2.000601547319791340e-02
2.013884611814467651e-02
2.027175213874701787e-02
2.040473348484284077e-02
2.053779010611544997e-02
2.067092195206690630e-02
2.080412897202565947e-02
2.093741111514488273e-02
2.107076833040330555e-02
2.120420056660785035e-02
2.133770777239335503e-02
2.147128989621355233e-02
2.160494688634509441e-02
2.173867869090392868e-02
2.187248525781282371e-02
2.200636653483412086e-02
2.214032246954489302e-02
2.227435300935026730e-02
2.240845810147829020e-02
2.254263769298367470e-02
2.267689173074113884e-02
2.281122016144956910e-02
2.294562293163757150e-02
2.308009998764903870e-02
2.321465127565619513e-02
2.334927674165071521e-02
2.348397633144622132e-02
2.361874999068883096e-02
2.375359766483675639e-02
2.388851929917362726e-02
2.402351483880252325e-02
2.415858422866193345e-02
2.429372741349189457e-02
2.442894433787215491e-02
2.456423494619094927e-02
2.469959918266678711e-02
2.483503699133762788e-02
2.497054831606018710e-02
2.510613310051340585e-02
2.524179128819692419e-02
2.537752282243385671e-02
2.551332764636260464e-02
2.564920570294768054e-02
2.578515693497263062e-02
2.592118128503281826e-02
2.605727869555665710e-02
2.619344910878493304e-02
2.632969246678010244e-02
2.646600871142129607e-02
2.660239778441236824e-02
2.673885962727051702e-02
2.687539418133405578e-02
2.701200138776754800e-02
2.714868118754085180e-02
2.728543352145076928e-02
2.742225833011577296e-02
2.755915555396087901e-02
2.769612513324568037e-02
2.783316700802937471e-02
2.797028111820712426e-02
2.810746740347397354e-02
2.824472580335968264e-02
2.838205625720097158e-02
2.851945870415151241e-02
2.865693308318970067e-02
2.879447933310436136e-02
2.893209739250474088e-02
2.906978719981148651e-02
2.920754869326774861e-02
2.934538181093238052e-02
2.948328649067827323e-02
2.962126267019388193e-02
2.975931028698558523e-02
2.989742927837490960e-02
3.003561958150116618e-02
3.017388113331923027e-02
3.031221387058968819e-02
3.045061772990270699e-02
3.058909264765680147e-02
3.072763856005966687e-02
3.086625540314982818e-02
3.100494311276347226e-02
3.114370162456164826e-02
3.128253087401874910e-02
3.142143079641460113e-02
3.156040132685500321e-02
3.169944240025271420e-02
3.183855395133911026e-02
3.197773591465405407e-02
3.211698822455630320e-02
3.225631081520921595e-02
3.239570362060420483e-02
3.253516657452895644e-02
3.267469961059754624e-02
3.281430266223211989e-02
3.295397566266206058e-02
3.309371854493675658e-02
3.323353124191838481e-02
3.337341368627733118e-02
3.351336581049746410e-02
3.365338754687086098e-02
3.379347882751376764e-02
3.393363958434286731e-02
3.407386974908444000e-02
3.421416925328490954e-02
3.435453802830168435e-02
3.449497600529469188e-02
3.463548311524650147e-02
3.477605928893595655e-02
3.491670445697162006e-02
3.505741854975957805e-02
3.519820149751440308e-02
3.533905323026595435e-02
3.547997367786492884e-02
3.562096276995121991e-02
3.576202043598944447e-02
3.590314660524993040e-02
3.604434120681246356e-02
3.618560416956684289e-02
3.632693542220871707e-02
3.646833489325068678e-02
3.660980251101161875e-02
3.675133820361844994e-02
3.689294189900049759e-02
3.703461352490861058e-02
3.717635300889393646e-02
3.731816027831777460e-02
3.746003526035102116e-02
3.760197788197389146e-02
3.774398806997314448e-02
3.788606575094222162e-02
3.802821085128374468e-02
3.817042329720465865e-02
3.831270301473108097e-02
3.845504992968665214e-02
3.859746396769656029e-02
3.873994505421279877e-02
3.888249311447072865e-02
3.902510807353862243e-02
3.916778985626645504e-02
3.931053838732712080e-02
3.945335359119672702e-02
3.959623539215362253e-02
3.973918371428769580e-02
3.988219848149093805e-02
4.002527961746299434e-02
4.016842704571546574e-02
4.031164068955581103e-02
4.045492047210261233e-02
4.059826631628071780e-02
4.074167814481596817e-02
4.088515588024699277e-02
4.102869944490883380e-02
4.117230876095084868e-02
4.131598375031839132e-02
4.145972433477237984e-02
4.160353043586445532e-02
4.174740197496570882e-02
4.189133887324295036e-02
4.203534105166731316e-02
4.217940843101605775e-02
4.232354093187465360e-02
4.246773847462567697e-02
4.261200097945644361e-02
4.275632836636747425e-02
4.290072055515195548e-02
4.304517746541267065e-02
4.318969901655062005e-02
4.333428512777529051e-02
4.347893571809452462e-02
4.362365070632867603e-02
4.376843001108909892e-02
4.391327355079743811e-02
4.405818124368146571e-02
4.420315300775357059e-02
4.434818876085697137e-02
4.449328842061298084e-02
4.463845190445098199e-02
4.478367912961495056e-02
4.492897001313625460e-02
4.507432447185460989e-02
4.521974242241280639e-02
4.536522378124602239e-02
4.551076846461388214e-02
4.565637638854078140e-02
4.580204746888999479e-02
4.594778162130552790e-02
4.609357876123529318e-02
4.623943880392861194e-02
4.638536166443774089e-02
4.653134725762203550e-02
4.667739549812505162e-02
4.682350630040299500e-02
4.696967957871250876e-02
4.711591524710831425e-02
4.726221321943863130e-02
4.740857340936724396e-02
4.755499573034421834e-02
4.770148009562713565e-02
4.784802641827137770e-02
4.799463461113526175e-02
4.814130458686199932e-02
4.828803625791397436e-02
4.843482953654595913e-02
4.858168433480539172e-02
4.872860056454833555e-02
4.887557813742463009e-02
4.902261696488594001e-02
4.916971695817881627e-02
4.931687802835607592e-02
4.946410008626056509e-02
4.961138304253723263e-02
4.975872680762827294e-02
4.990613129178186891e-02
5.005359640503512231e-02
5.020112205722113141e-02
5.034870815798953014e-02
5.049635461676832415e-02
5.064406134278734428e-02
5.079182824508324257e-02
5.093965523247950822e-02
5.108754221360450876e-02
5.123548909688024899e-02
5.138349579052847727e-02
5.153156220256666087e-02
5.167968824081242696e-02
5.182787381287370931e-02
5.197611882616734458e-02
5.212442318789520246e-02
5.227278680505625941e-02
5.242120958445797840e-02
5.256969143269410449e-02
5.271823225615465680e-02
5.286683196103439397e-02
5.301549045331865884e-02
5.316420763878684785e-02
5.331298342301712956e-02
5.346181771138242000e-02
5.361071040906384422e-02
5.375966142101160083e-02
5.390867065200213859e-02
5.405773800658889017e-02
5.420686338912239499e-02
5.435604670374960534e-02
5.450528785441735580e-02
5.465458674486847745e-02
5.480394327863638559e-02
5.495335735905049201e-02
5.510282888923342948e-02
5.525235777211076615e-02
5.540194391039435229e-02
5.555158720659161831e-02
5.570128756301098716e-02
5.585104488175021697e-02
5.600085906470653185e-02
5.615073001356010729e-02
5.630065762979932775e-02
5.645064181470080267e-02
5.660068246933463998e-02
5.675077949456486248e-02
5.690093279105412627e-02
5.705114225925317362e-02
5.720140779940915965e-02
5.735172931156273801e-02
5.750210669554486898e-02
5.765253985099402789e-02
5.780302867732400873e-02
5.795357307374890410e-02
5.810417293928296645e-02
5.825482817271951386e-02
5.840553867266215504e-02
5.855630433749980934e-02
5.870712506540337605e-02
5.885800075435321244e-02
5.900893130211748439e-02
5.915991660625549708e-02
5.931095656411894401e-02
5.946205107284899261e-02
5.961320002939793361e-02
5.976440333047991493e-02
5.991566087261868123e-02
6.006697255214174525e-02
6.021833826514846888e-02
6.036975790754309235e-02
6.052123137500864392e-02
6.067275856303400161e-02
6.082433936689599085e-02
6.097597368166007836e-02
6.112766140219050293e-02
6.127940242313612007e-02
6.143119663893512050e-02
6.158304394382987934e-02
6.173494423184530677e-02
6.188689739679134605e-02
6.203890333228809228e-02
6.219096193172610199e-02
6.234307308830275285e-02
6.249523669500503531e-02
6.264745264459206653e-02
6.279972082964727087e-02
6.295204114251759520e-02
6.310441347534931356e-02
6.325683772008247607e-02
6.340931376844577416e-02
6.356184151196070387e-02
6.371442084192865951e-02
6.386705164946188118e-02
6.401973382544279279e-02
6.417246726056410888e-02
6.432525184528706252e-02
6.447808746987679362e-02
6.463097402439096917e-02
6.478391139866590542e-02
6.493689948233974385e-02
6.508993816483413242e-02
6.524302733536185839e-02
6.539616688292865243e-02
6.554935669632819262e-02
6.570259666414168809e-02
6.585588667473440960e-02
6.600922661628427779e-02
6.616261637673315210e-02
6.631605584382985197e-02
6.646954490510018076e-02
6.662308344786413428e-02
6.677667135923506803e-02
6.693030852611692172e-02
6.708399483519283946e-02
6.723773017294307208e-02
6.739151442563554029e-02
6.754534747932652849e-02
6.769922921986332165e-02
6.785315953288642565e-02
6.800713830381083236e-02
6.816116541785155469e-02
6.831524076001793677e-02
6.846936421509422499e-02
6.862353566765913571e-02
6.877775500208474502e-02
6.893202210252621920e-02
6.908633685292916993e-02
6.924069913703270740e-02
6.939510883835195432e-02
6.954956584020718924e-02
6.970407002569345423e-02
6.985862127770012253e-02
7.001321947890506991e-02
7.016786451176496020e-02
7.032255625854744174e-02
7.047729460128895895e-02
7.063207942181431997e-02
7.078691060174654992e-02
7.094178802248912730e-02
7.109671156523514335e-02
7.125168111097424095e-02
7.140669654046818970e-02
7.156175773428169462e-02
7.171686457275366910e-02
7.187201693601902308e-02
7.202721470401060588e-02
7.218245775642340156e-02
7.233774597276629303e-02
7.249307923231126938e-02
7.264845741414296953e-02
7.280388039711593873e-02
7.295934805987572269e-02
7.311486028086400246e-02
7.327041693829541846e-02
7.342601791019004454e-02
7.358166307433633424e-02
7.373735230832262344e-02
7.389308548952283617e-02
7.404886249509648466e-02
7.420468320198603251e-02
7.436054748693424199e-02
7.451645522645169994e-02
7.467240629685664710e-02
7.482840057423820190e-02
7.498443793448494876e-02
7.514051825326106826e-02
7.529664140603062328e-02
7.545280726803355043e-02
7.560901571429759493e-02
7.576526661964594345e-02
7.592155985868709323e-02
7.607789530579930903e-02
7.623427283517489328e-02
7.639069232077494442e-02
7.654715363635100633e-02
7.670365665544784384e-02
7.686020125138290360e-02
7.701678729727226558e-02
7.717341466601940203e-02
7.733008323030948761e-02
7.748679286260995447e-02
7.764354343518825585e-02
7.780033482008300028e-02
7.795716688914058889e-02
7.811403951396289624e-02
7.827095256596805495e-02
7.842790591634535291e-02
7.858489943607077644e-02
7.874193299591575324e-02
7.889900646643202564e-02
7.905611971795789561e-02
7.921327262061489405e-02
7.937046504431624627e-02
7.952769685876298622e-02
7.968496793343687878e-02
7.984227813760833015e-02
7.999962734033957967e-02
8.015701541046610368e-02
8.031444221662617511e-02
8.047190762723172019e-02
8.062941151048663713e-02
8.078695373437458360e-02
8.094453416668367929e-02
8.110215267496237446e-02
8.125980912656607935e-02
8.141750338862316361e-02
8.157523532806243427e-02
8.173300481157982911e-02
8.189081170567769075e-02
8.204865587662923954e-02
8.220653719050410868e-02
8.236445551315141334e-02
8.252241071020724461e-02
8.268040264709744513e-02
8.283843118903219671e-02
8.299649620101073877e-02
8.315459754780901713e-02
8.331273509399925170e-02
8.347090870393786277e-02
8.362911824176380571e-02
8.378736357140079138e-02
8.394564455656991497e-02
8.410396106076634126e-02
8.426231294727498655e-02
8.442070007917107377e-02
8.457912231930472813e-02
8.473757953033303481e-02
8.489607157467410348e-02
8.505459831455050579e-02
8.521315961196082589e-02
8.537175532869895056e-02
8.553038532633394642e-02
8.568904946623670527e-02
8.584774760954094752e-02
8.600647961719082302e-02
8.616524534990663287e-02
8.632404466818482947e-02
8.648287743232702107e-02
8.664174350240069766e-02
8.680064273827975407e-02
8.695957499961604054e-02
8.711854014583964023e-02
8.727753803617163686e-02
8.743656852963285764e-02
8.759563148501001151e-02
8.775472676088802437e-02
8.791385421563019387e-02
8.807301370739928359e-02
8.823220509413032264e-02
8.839142823355905509e-02
8.855068298318363729e-02
8.870996920031529176e-02
8.886928674203445344e-02
8.902863546521963545e-02
8.918801522652397562e-02
8.934742588239563688e-02
8.950686728906823153e-02
8.966633930255429874e-02
8.982584177866126396e-02
8.998537457298283471e-02
9.014493754089067390e-02
9.030453053755535531e-02
9.046415341792235498e-02
9.062380603672995361e-02
9.078348824850493437e-02
9.094319990755703187e-02
9.110294086797920965e-02
9.126271098365681955e-02
9.142251010825927504e-02
9.158233809524768398e-02
9.174219479786221987e-02
9.190208006913266892e-02
9.206199376187537697e-02
9.222193572869741285e-02
9.238190582198907430e-02
9.254190389392499827e-02
9.270192979646665887e-02
9.286198338137582886e-02
9.302206450018446482e-02
9.318217300421635652e-02
9.334230874458573912e-02
9.350247157219562788e-02
9.366266133772088720e-02
9.382287789164361902e-02
9.398312108422013367e-02
9.414339076549926855e-02
9.430368678532349835e-02
9.446400899330326117e-02
9.462435723884971006e-02
9.478473137116499858e-02
9.494513123922618258e-02
9.510555669180617566e-02
9.526600757746736536e-02
9.542648374455342530e-02
9.558698504119431116e-02
9.574751131531375470e-02
9.590806241462343507e-02
9.606863818660840715e-02
9.622923847856360013e-02
9.638986313755371071e-02
9.655051201044123621e-02
9.671118494387176412e-02
9.687188178427896812e-02
9.703260237788460807e-02
9.719334657070158312e-02
9.735411420852282949e-02
9.751490513693700235e-02
9.767571920132139818e-02
9.783655624683154639e-02
9.799741611841911171e-02
9.815829866082953492e-02
9.831920371858052232e-02
9.848013113599021762e-02
9.864108075716290780e-02
9.880205242598777415e-02
9.896304598614694137e-02
9.912406128109979564e-02
9.928509815411837303e-02
9.944615644823365241e-02
9.960723600628842989e-02
9.976833667089984869e-02
9.992945828448077106e-02
1.000906006892259004e-01
1.002517637271367612e-01
1.004129472399779843e-01
1.005741510693250462e-01
1.007353750565243011e-01
1.008966190427300347e-01
1.010578828688736552e-01
1.012191663756688287e-01
1.013804694036370135e-01
1.015417917930719338e-01
1.017031333840745511e-01
1.018644940165129575e-01
1.020258735300673403e-01
1.021872717641876538e-01
1.023486885581265105e-01
1.025101237509197516e-01
1.026715771813961620e-01
1.028330486881751105e-01
1.029945381096651624e-01
1.031560452840568631e-01
1.033175700493443872e-01
1.034791122432993093e-01
1.036406717034905889e-01
1.038022482672774915e-01
1.039638417718093122e-01
1.041254520540210726e-01
1.042870789506396279e-01
1.044487222981861640e-01
1.046103819329667617e-01
1.047720576910886325e-01
1.049337494084352784e-01
1.050954569206923039e-01
1.052571800633264609e-01
1.054189186716071591e-01
1.055806725805823187e-01
1.057424416251036281e-01
1.059042256398043391e-01
1.060660244591049572e-01
1.062278379172319764e-01
1.063896658481901236e-01
1.065515080857873387e-01
1.067133644636059087e-01
1.068752348150421583e-01
1.070371189732595429e-01
1.071990167712366659e-01
1.073609280417241185e-01
1.075228526172788968e-01
1.076847903302448339e-01
1.078467410127496862e-01
1.080087044967327492e-01
1.081706806138986454e-01
1.083326691957729737e-01
1.084946700736527658e-01
1.086566830786352134e-01
1.088187080416126717e-01
1.089807447932644724e-01
1.091427931640663596e-01
1.093048529842886862e-01
1.094669240839823976e-01
1.096290062930140030e-01
1.097910994410203345e-01
1.099532033574464329e-01
1.101153178715207070e-01
1.102774428122733907e-01
1.104395780085198897e-01
1.106017232888871493e-01
1.107638784817611965e-01
1.109260434153569452e-01
1.110882179176686524e-01
1.112504018164751918e-01
1.114125949393698911e-01
1.115747971137248662e-01
1.117370081667151682e-01
1.118992279252924160e-01
1.120614562162340622e-01
1.122236928660864941e-01
1.123859377011970917e-01
1.125481905477104805e-01
1.127104512315660334e-01
1.128727195784977322e-01
1.130349954140281998e-01
1.131972785634889622e-01
1.133595688519944966e-01
1.135218661044587463e-01
1.136841701455933162e-01
1.138464807999003958e-01
1.140087978916823341e-01
1.141711212450319257e-01
1.143334506838490638e-01
1.144957860318135401e-01
1.146581271124169632e-01
1.148204737489363914e-01
1.149828257644468221e-01
1.151451829818291028e-01
1.153075452237418974e-01
1.154699123126606830e-01
1.156322840708426392e-01
1.157946603203544034e-01
1.159570408830455646e-01
1.161194255805769737e-01
1.162818142343939598e-01
1.164442066657510322e-01
1.166066026956930068e-01
1.167690021450597249e-01
1.169314048344924362e-01
1.170938105844375465e-01
1.172562192151235805e-01
1.174186305465931002e-01
1.175810443986723131e-01
1.177434605909992438e-01
1.179058789430015297e-01
1.180682992739016945e-01
1.182307214027365772e-01
1.183931451483263841e-01
1.185555703292998087e-01
1.187179967640765443e-01
1.188804242708797754e-01
1.190428526677306253e-01
1.192052817724510716e-01
1.193677114026685249e-01
1.195301413757980658e-01
1.196925715090604858e-01
1.198550016194788181e-01
1.200174315238670963e-01
1.201798610388526978e-01
1.203422899808576085e-01
1.205047181660955091e-01
1.206671454105932850e-01
1.208295715301710427e-01
1.209919963404533505e-01
1.211544196568706266e-01
1.213168412946392938e-01
1.214792610687875918e-01
1.216416787941468347e-01
1.218040942853465536e-01
1.219665073568175495e-01
1.221289178227905059e-01
1.222913254972977926e-01
1.224537301941856782e-01
1.226161317270854645e-01
1.227785299094395766e-01
1.229409245544921259e-01
1.231033154752973757e-01
1.232657024846899041e-01
1.234280853953342860e-01
1.235904640196829052e-01
1.237528381699905256e-01
1.239152076583184547e-01
1.240775722965406502e-01
1.242399318963176291e-01
1.244022862691268605e-01
1.245646352262388956e-01
1.247269785787413765e-01
1.248893161375118355e-01
1.250516477132476711e-01
1.252139731164372827e-01
1.253762921573858824e-01
1.255386046461849647e-01
1.257009103927515803e-01
1.258632092067975272e-01
1.260255008978433677e-01
1.261877852752060769e-01
1.263500621480256880e-01
1.265123313252325410e-01
1.266745926155643520e-01
1.268368458275727362e-01
1.269990907696084970e-01
1.271613272498385572e-01
1.273235550762205626e-01
1.274857740565341069e-01
1.276479839983571396e-01
1.278101847090748477e-01
1.279723759958868723e-01
1.281345576657898222e-01
1.282967295255932338e-01
1.284588913819169342e-01
1.286210430411867389e-01
1.287831843096269580e-01
1.289453149932852372e-01
1.291074348980102149e-01
1.292695438294605426e-01
1.294316415930951703e-01
1.295937279942016573e-01
1.297558028378505146e-01
1.299178659289433602e-01
1.300799170721834985e-01
1.302419560720806391e-01
1.304039827329554757e-01
1.305659968589377440e-01
1.307279982539731600e-01
1.308899867218145385e-01
1.310519620660201279e-01
1.312139240899634629e-01
1.313758725968307284e-01
1.315378073896118771e-01
1.316997282711163120e-01
1.318616350439598406e-01
1.320235275105698103e-01
1.321854054731853856e-01
1.323472687338579645e-01
1.325091170944535379e-01
1.326709503566443626e-01
1.328327683219149291e-01
1.329945707915780595e-01
1.331563575667368826e-01
1.333181284483156426e-01
1.334798832370616417e-01
1.336416217335192891e-01
1.338033437380550805e-01
1.339650490508553782e-01
1.341267374719085081e-01
1.342884088010228016e-01
1.344500628378107743e-01
1.346116993817211838e-01
1.347733182319957312e-01
1.349349191877013965e-01
1.350965020477210010e-01
1.352580666107433549e-01
1.354196126752828244e-01
1.355811400396632338e-01
1.357426485020279960e-01
1.359041378603310923e-01
1.360656079123484519e-01
1.362270584556680986e-01
1.363884892877000043e-01
1.365499002056570765e-01
1.367112910065890197e-01
1.368726614873469472e-01
1.370340114446080837e-01
1.371953406748628590e-01
1.373566489744182384e-01
1.375179361393999433e-01
1.376792019657598065e-01
1.378404462492523186e-01
1.380016687854686286e-01
1.381628693697992127e-01
1.383240477974698179e-01
1.384852038635121796e-01
1.386463373627892792e-01
1.388074480899784136e-01
1.389685358395754966e-01
1.391296004058924229e-01
1.392906415830721945e-01
1.394516591650664383e-01
1.396126529456584442e-01
1.397736227184422086e-01
1.399345682768336763e-01
1.400954894140818419e-01
1.402563859232422439e-01
1.404172575971952830e-01
1.405781042286560756e-01
1.407389256101419794e-01
1.408997215340071496e-01
1.410604917924204726e-01
1.412212361773750036e-01
1.413819544806969863e-01
1.415426464940169882e-01
1.417033120088008469e-01
1.418639508163350993e-01
1.420245627077300343e-01
1.421851474739249666e-01
1.423457049056735257e-01
1.425062347935610041e-01
1.426667369279932540e-01
1.428272110992068189e-01
1.429876570972575534e-01
1.431480747120288111e-01
1.433084637332246447e-01
1.434688239503832674e-01
1.436291551528667831e-01
1.437894571298564683e-01
1.439497296703683149e-01
1.441099725632467854e-01
1.442701855971448288e-01
1.444303685605649590e-01
1.445905212418281682e-01
1.447506434290804500e-01
1.449107349102964071e-01
1.450707954732828597e-01
1.452308249056689926e-01
1.453908229949159303e-01
1.455507895283152109e-01
1.457107242929873980e-01
1.458706270758752810e-01
1.460304976637577523e-01
1.461903358432377342e-01
1.463501414007585544e-01
1.465099141225792434e-01
1.466696537948015966e-01
1.468293602033528267e-01
1.469890331339908374e-01
1.471486723723043621e-01
1.473082777037124091e-01
1.474678489134723103e-01
1.476273857866657047e-01
1.477868881082065877e-01
1.479463556628465848e-01
1.481057882351642652e-01
1.482651856095736076e-01
1.484245475703230288e-01
1.485838739014917753e-01
1.487431643869946418e-01
1.489024188105769753e-01
1.490616369558213361e-01
1.492208186061430575e-01
1.493799635447914942e-01
1.495390715548503002e-01
1.496981424192446453e-01
1.498571759207253939e-01
1.500161718418843715e-01
1.501751299651463145e-01
1.503340500727778917e-01
1.504929319468731319e-01
1.506517753693696615e-01
1.508105801220384345e-01
1.509693459864953902e-01
1.511280727441702276e-01
1.512867601763651093e-01
1.514454080641915168e-01
1.516040161886138271e-01
1.517625843304264144e-01
1.519211122702694705e-01
1.520795997886169315e-01
1.522380466657852205e-01
1.523964526819243659e-01
1.525548176170317405e-01
1.527131412509394326e-01
1.528714233633242381e-01
1.530296637336966969e-01
1.531878621414135833e-01
1.533460183656699949e-01
1.535041321855035168e-01
1.536622033797918618e-01
1.538202317272598096e-01
1.539782170064629696e-01
1.541361589958098466e-01
1.542940574735482406e-01
1.544519122177677450e-01
1.546097230064008565e-01
1.547674896172247794e-01
1.549252118278612866e-01
1.550828894157725568e-01
1.552405221582678352e-01
1.553981098325016297e-01
1.555556522154681598e-01
1.557131490840124588e-01
1.558706002148230185e-01
1.560280053844335935e-01
1.561853643692227844e-01
1.563426769454177856e-01
1.564999428890882782e-01
1.566571619761554512e-01
1.568143339823820093e-01
1.569714586833853565e-01
1.571285358546262168e-01
1.572855652714094665e-01
1.574425467088948205e-01
1.575994799420829540e-01
1.577563647458334051e-01
1.579132008948438970e-01
1.580699881636664361e-01
1.582267263267081447e-01
1.583834151582162730e-01
1.585400544322940197e-01
1.586966439228898462e-01
1.588531834038098278e-01
1.590096726487062739e-01
1.591661114310860548e-01
1.593224995243028297e-01
1.594788367015663455e-01
1.596351227359363301e-01
1.597913574003277659e-01
1.599475404675045065e-01
1.601036717100838558e-01
1.602597509005383725e-01
1.604157778111990618e-01
1.605717522142395548e-01
1.607276738816970640e-01
1.608835425854587831e-01
1.610393580972671601e-01
1.611951201887211471e-01
1.613508286312746731e-01
1.615064831962392811e-01
1.616620836547791318e-01
1.618176297779126693e-01
1.619731213365248335e-01
1.621285581013463817e-01
1.622839398429722080e-01
1.624392663318538488e-01
1.625945373382971237e-01
1.627497526324672705e-01
1.629049119843929694e-01
1.630600151639537143e-01
1.632150619408956338e-01
1.633700520848169191e-01
1.635249853651825347e-01
1.636798615513158917e-01
1.638346804123948230e-01
1.639894417174650454e-01
1.641441452354275299e-01
1.642987907350515475e-01
1.644533779849577382e-01
1.646079067536392049e-01
1.647623768094473584e-01
1.649167879205924725e-01
1.650711398551489573e-01
1.652254323810588288e-01
1.653796652661247701e-01
1.655338382780162376e-01
1.656879511842579422e-01
1.658420037522460866e-01
1.659959957492433691e-01
1.661499269423721836e-01
1.663037970986258607e-01
1.664576059848529854e-01
1.666113533677829328e-01
1.667650390140040795e-01
1.669186626899656078e-01
1.670722241619922166e-01
1.672257231962764878e-01
1.673791595588731973e-01
1.675325330157079184e-01
1.676858433325707776e-01
1.678390902751281111e-01
1.679922736089091428e-01
1.681453930993137558e-01
1.682984485116111040e-01
1.684514396109440537e-01
1.686043661623194689e-01
1.687572279306225054e-01
1.689100246805999572e-01
1.690627561768781595e-01
1.692154221839500816e-01
1.693680224661839318e-01
1.695205567878184383e-01
1.696730249129667356e-01
1.698254266056109518e-01
1.699777616296087313e-01
1.701300297486928181e-01
1.702822307264692525e-01
1.704343643264184804e-01
1.705864303118949377e-01
1.707384284461259394e-01
1.708903584922205621e-01
1.710422202131535452e-01
1.711940133717887447e-01
1.713457377308534590e-01
1.714973930529621604e-01
1.716489791005980370e-01
1.718004956361277036e-01
1.719519424217932912e-01
1.721033192197127248e-01
1.722546257918862456e-01
1.724058619001898884e-01
1.725570273063883886e-01
1.727081217721047890e-01
1.728591450588651268e-01
1.730100969280594370e-01
1.731609771409725607e-01
1.733117854587540307e-01
1.734625216424470762e-01
1.736131854529705809e-01
1.737637766511264392e-01
1.739142949976033026e-01
1.740647402529667265e-01
1.742151121776649991e-01
1.743654105320366354e-01
1.745156350762949726e-01
1.746657855705435747e-01
1.748158617747724852e-01
1.749658634488467090e-01
1.751157903525277226e-01
1.752656422454547391e-01
1.754154188871570597e-01
1.755651200370493548e-01
1.757147454544324972e-01
1.758642948984907861e-01
1.760137681283019395e-01
1.761631649028308488e-01
1.763124849809225014e-01
1.764617281213226585e-01
1.766108940826592588e-01
1.767599826234451943e-01
1.769089935020910775e-01
1.770579264768912253e-01
1.772067813060390629e-01
1.773555577476054745e-01
1.775042555595660043e-01
1.776528744997736553e-01
1.778014143259856739e-01
1.779498747958455085e-01
1.780982556668915529e-01
1.782465566965490966e-01
1.783947776421469789e-01
1.785429182608967713e-01
1.786909783099130400e-01
1.788389575461996062e-01
1.789868557266560689e-01
1.791346726080773888e-01
1.792824079471602716e-01
1.794300615004801314e-01
1.795776330245284214e-01
1.797251222756821032e-01
1.798725290102193286e-01
1.800198529843106965e-01
1.801670939540329919e-01
1.803142516753528102e-01
1.804613259041394635e-01
1.806083163961630378e-01
1.807552229070864824e-01
1.809020451924794881e-01
1.810487830078089111e-01
1.811954361084441856e-01
1.813420042496508011e-01
1.814884871865983518e-01
1.816348846743603973e-01
1.817811964679069692e-01
1.819274223221203912e-01
1.820735619917725201e-01
1.822196152315491702e-01
1.823655817960345704e-01
1.825114614397202462e-01
1.826572539170005782e-01
1.828029589821734968e-01
1.829485763894410366e-01
1.830941058929141940e-01
1.832395472466137598e-01
1.833849002044547760e-01
1.835301645202724874e-01
1.836753399477966675e-01
1.838204262406747946e-01
1.839654231524624761e-01
1.841103304366120685e-01
1.842551478464986292e-01
1.843998751353974341e-01
1.845445120564986885e-01
1.846890583629004490e-01
1.848335138076066808e-01
1.849778781435394703e-01
1.851221511235304207e-01
1.852663325003192640e-01
1.854104220265587188e-01
1.855544194548201797e-01
1.856983245375778968e-01
1.858421370272249351e-01
1.859858566760694276e-01
1.861294832363306895e-01
1.862730164601447691e-01
1.864164560995569542e-01
1.865598019065368984e-01
1.867030536329601642e-01
1.868462110306290391e-01
1.869892738512519970e-01
1.871322418464640980e-01
1.872751147678081152e-01
1.874178923667489671e-01
1.875605743946723303e-01
1.877031606028822797e-01
1.878456507425937949e-01
1.879880445649556586e-01
1.881303418210206191e-01
1.882725422617713418e-01
1.884146456381101398e-01
1.885566517008596676e-01
1.886985602007619500e-01
1.888403708884882348e-01
1.889820835146187317e-01
1.891236978296692572e-01
1.892652135840734717e-01
1.894066305281902340e-01
1.895479484122983282e-01
1.896891669866082597e-01
1.898302860012456017e-01
1.899713052062740326e-01
1.901122243516711885e-01
1.902530431873496186e-01
1.903937614631391606e-01
1.905343789288056755e-01
1.906748953340388353e-01
1.908153104284575352e-01
1.909556239616053142e-01
1.910958356829582649e-01
1.912359453419183730e-01
1.913759526878223982e-01
1.915158574699325766e-01
1.916556594374456413e-01
1.917953583394815809e-01
1.919349539250986281e-01
1.920744459432902063e-01
1.922138341429692476e-01
1.923531182729940059e-01
1.924922980821484886e-01
1.926313733191549471e-01
1.927703437326658276e-01
1.929092090712675178e-01
1.930479690834874251e-01
1.931866235177827351e-01
1.933251721225445752e-01
1.934636146461053696e-01
1.936019508367323172e-01
1.937401804426334972e-01
1.938783032119427430e-01
1.940163188927435112e-01
1.941542272330568086e-01
1.942920279808345307e-01
1.944297208839762536e-01
1.945673056903164666e-01
1.947047821476298457e-01
1.948421500036381926e-01
1.949794090059939200e-01
1.951165589022992031e-01
1.952535994400943220e-01
1.953905303668644622e-01
1.955273514300349957e-01
1.956640623769756449e-01
1.958006629550014532e-01
1.959371529113694554e-01
1.960735319932836729e-01
1.962097999478906729e-01
1.963459565222858139e-01
1.964820014635053347e-01
1.966179345185384286e-01
1.967537554343182227e-01
1.968894639577230266e-01
1.970250598355817451e-01
1.971605428146734618e-01
1.972959126417213327e-01
1.974311690633996641e-01
1.975663118263332185e-01
1.977013406771001292e-01
1.978362553622209363e-01
1.979710556281741307e-01
1.981057412213896307e-01
1.982403118882433701e-01
1.983747673750727025e-01
1.985091074281586376e-01
1.986433317937422172e-01
1.987774402180154942e-01
1.989114324471281947e-01
1.990453082271773089e-01
1.991790673042204141e-01
1.993127094242790054e-01
1.994462343333122667e-01
1.995796417772514875e-01
1.997129315019784135e-01
1.998461032533326021e-01
1.999791567771157241e-01
2.001120918190803233e-01
2.002449081249470242e-01
2.003776054403902385e-01
2.005101835110457975e-01
2.006426420825102586e-01
2.007749809003409047e-01
2.009071997100561613e-01
2.010392982571389264e-01
2.011712762870289384e-01
2.013031335451326287e-01
2.014348697768199303e-01
2.015664847274246940e-01
2.016979781422421902e-01
2.018293497665328562e-01
2.019605993455296511e-01
2.020917266244216803e-01
2.022227313483651590e-01
2.023536132624915995e-01
2.024843721118901874e-01
2.026150076416237400e-01
2.027455195967180213e-01
2.028759077221742313e-01
2.030061717629526308e-01
2.031363114639971046e-01
2.032663265702053246e-01
2.033962168264599746e-01
2.035259819776061296e-01
2.036556217684649950e-01
2.037851359438223875e-01
2.039145242484484422e-01
2.040437864270745749e-01
2.041729222244129116e-01
2.043019313851481000e-01
2.044308136539386977e-01
2.045595687754155068e-01
2.046881964941889287e-01
2.048166965548442464e-01
2.049450687019417627e-01
2.050733126800205475e-01
2.052014282335938578e-01
2.053294151071576035e-01
2.054572730451828533e-01
2.055850017921184714e-01
2.057126010923969461e-01
2.058400706904270350e-01
2.059674103305988990e-01
2.060946197572835481e-01
2.062216987148349223e-01
2.063486469475847573e-01
2.064754641998536866e-01
2.066021502159363921e-01
2.067287047401215883e-01
2.068551275166712056e-01
2.069814182898412069e-01
2.071075768038636855e-01
2.072336028029618527e-01
2.073594960313449032e-01
2.074852562332039907e-01
2.076108831527197218e-01
2.077363765340631274e-01
2.078617361213890014e-01
2.079869616588414516e-01
2.081120528905522349e-01
2.082370095606474181e-01
2.083618314132382188e-01
2.084865181924275279e-01
2.086110696423104649e-01
2.087354855069720183e-01
2.088597655304905154e-01
2.089839094569335975e-01
2.091079170303686285e-01
2.092317879948500658e-01
2.093555220944265383e-01
2.094791190731472297e-01
2.096025786750495279e-01
2.097259006441710982e-01
2.098490847245398916e-01
2.099721306601880222e-01
2.100950381951416368e-01
2.102178070734231352e-01
2.103404370390507538e-01
2.104629278360477251e-01
2.105852792084332570e-01
2.107074909002243368e-01
2.108295626554410052e-01
2.109514942181049679e-01
2.110732853322343228e-01
2.111949357418532736e-01
2.113164451909851915e-01
2.114378134236601092e-01
2.115590401839108348e-01
2.116801252157668456e-01
2.118010682632733011e-01
2.119218690704702257e-01
2.120425273814138811e-01
2.121630429401516471e-01
2.122834154907521365e-01
2.124036447772818803e-01
2.125237305438197610e-01
2.126436725344466039e-01
2.127634704932594711e-01
2.128831241643604211e-01
2.130026332918605325e-01
2.131219976198837907e-01
2.132412168925615359e-01
2.133602908540400966e-01
2.134792192484727402e-01
2.135980018200304975e-01
2.137166383128911995e-01
2.138351284712547429e-01
2.139534720393257428e-01
2.140716687613275493e-01
2.141897183814969741e-01
2.143076206440922005e-01
2.144253752933752977e-01
2.145429820736377557e-01
2.146604407291807792e-01
2.147777510043241689e-01
2.148949126434078483e-01
2.150119253907892269e-01
2.151287889908426454e-01
2.152455031879692282e-01
2.153620677265807859e-01
2.154784823511178560e-01
2.155947468060416539e-01
2.157108608358294932e-01
2.158268241849850555e-01
2.159426365980354756e-01
2.160582978195313419e-01
2.161738075940476678e-01
2.162891656661815321e-01
2.164043717805592959e-01
2.165194256818271656e-01
2.166343271146639604e-01
2.167490758237720916e-01
2.168636715538799220e-01
2.169781140497473171e-01
2.170924030561614815e-01
2.172065383179365428e-01
2.173205195799170208e-01
2.174343465869819914e-01
2.175480190840316241e-01
2.176615368160082775e-01
2.177748995278762367e-01
2.178881069646415591e-01
2.180011588713333393e-01
2.181140549930221662e-01
2.182267950748092988e-01
2.183393788618263887e-01
2.184518060992503286e-01
2.185640765322831303e-01
2.186761899061695491e-01
2.187881459661870920e-01
2.188999444576553155e-01
2.190115851259254176e-01
2.191230677163900908e-01
2.192343919744853264e-01
2.193455576456779244e-01
2.194565644754797873e-01
2.195674122094443126e-01
2.196781005931630615e-01
2.197886293722703388e-01
2.198989982924458297e-01
2.200092070994065507e-01
2.201192555389148986e-01
2.202291433567812873e-01
2.203388702988533232e-01
2.204484361110310708e-01
2.205578405392540076e-01
2.206670833295126810e-01
2.207761642278414926e-01
2.208850829803236937e-01
2.209938393330863893e-01
2.211024330323119180e-01
2.212108638242268888e-01
2.213191314551081479e-01
2.214272356712834733e-01
2.215351762191328233e-01
2.216429528450822306e-01
2.217505652956155981e-01
2.218580133172637359e-01
2.219652966566160179e-01
2.220724150603113622e-01
2.221793682750450305e-01
2.222861560475626608e-01
2.223927781246710922e-01
2.224992342532290668e-01
2.226055241801534745e-01
2.227116476524179656e-01
2.228176044170519787e-01
2.229233942211443498e-01
2.230290168118423400e-01
2.231344719363533013e-01
2.232397593419428727e-01
2.233448787759360898e-01
2.234498299857234915e-01
2.235546127187523768e-01
2.236592267225359643e-01
2.237636717446439549e-01
2.238679475327164103e-01
2.239720538344559808e-01
2.240759903976242973e-01
2.241797569700526571e-01
2.242833532996374446e-01
2.243867791343398532e-01
2.244900342221876899e-01
2.245931183112777341e-01
2.246960311497742113e-01
2.247987724859074055e-01
2.249013420679775443e-01
2.250037396443571591e-01
2.251059649634865045e-01
2.252080177738770284e-01
2.253098978241102612e-01
2.254116048628410085e-01
2.255131386387977666e-01
2.256144989007796697e-01
2.257156853976600985e-01
2.258166978783854306e-01
2.259175360919821185e-01
2.260181997875454485e-01
2.261186887142500879e-01
2.262190026213477256e-01
2.263191412581627704e-01
2.264191043741041465e-01
2.265188917186540529e-01
2.266185030413751800e-01
2.267179380919091825e-01
2.268171966199783451e-01
2.269162783753862767e-01
2.270151831080158278e-01
2.271139105678331160e-01
2.272124605048853052e-01
2.273108326693056014e-01
2.274090268113064528e-01
2.275070426811877378e-01
2.276048800293330177e-01
2.277025386062116186e-01
2.278000181623777987e-01
2.278973184484714420e-01
2.279944392152237487e-01
2.280913802134494628e-01
2.281881411940539506e-01
2.282847219080283430e-01
2.283811221064580010e-01
2.284773415405139119e-01
2.285733799614605988e-01
2.286692371206525132e-01
2.287649127695355611e-01
2.288604066596507114e-01
2.289557185426284447e-01
2.290508481701938881e-01
2.291457952941666765e-01
2.292405596664644218e-01
2.293351410390938316e-01
2.294295391641629211e-01
2.295237537938735195e-01
2.296177846805259881e-01
2.297116315765172778e-01
2.298052942343443983e-01
2.298987724066015037e-01
2.299920658459833622e-01
2.300851743052850784e-01
2.301780975374009830e-01
2.302708352953294901e-01
2.303633873321687953e-01
2.304557534011204833e-01
2.305479332554891125e-01
2.306399266486822142e-01
2.307317333342129295e-01
2.308233530656998711e-01
2.309147855968665675e-01
2.310060306815399367e-01
2.310970880736573640e-01
2.311879575272640652e-01
2.312786387965098944e-01
2.313691316356547567e-01
2.314594357990691631e-01
2.315495510412307612e-01
2.316394771167311351e-01
2.317292137802669238e-01
2.318187607866541156e-01
2.319081178908154184e-01
2.319972848477858118e-01
2.320862614127187917e-01
2.321750473408776272e-01
2.322636423876396627e-01
2.323520463085021470e-01
2.324402588590729346e-01
2.325282797950792291e-01
2.326161088723631420e-01
2.327037458468882158e-01
2.327911904747316518e-01
2.328784425120933310e-01
2.329655017152898466e-01
2.330523678407592225e-01
2.331390406450591091e-01
2.332255198848713629e-01
2.333118053169942752e-01
2.333978966983554781e-01
2.334837937859991774e-01
2.335694963370979482e-01
2.336550041089467677e-01
2.337403168589656521e-01
2.338254343447003503e-01
2.339103563238210948e-01
2.339950825541288471e-01
2.340796127935486359e-01
2.341639468001348312e-01
2.342480843320676742e-01
2.343320251476627147e-01
2.344157690053591536e-01
2.344993156637291409e-01
2.345826648814758331e-01
2.346658164174343641e-01
2.347487700305704583e-01
2.348315254799872298e-01
2.349140825249140807e-01
2.349964409247196073e-01
2.350786004389074368e-01
2.351605608271128967e-01
2.352423218491103696e-01
2.353238832648105183e-01
2.354052448342598691e-01
2.354864063176434485e-01
2.355673674752843672e-01
2.356481280676453460e-01
2.357286878553267739e-01
2.358090465990737850e-01
2.358892040597679318e-01
2.359691599984335697e-01
2.360489141762357745e-01
2.361284663544871432e-01
2.362078162946384952e-01
2.362869637582865057e-01
2.363659085071741217e-01
2.364446503031843172e-01
2.365231889083520278e-01
2.366015240848548529e-01
2.366796555950177738e-01
2.367575832013145420e-01
2.368353066663676787e-01
2.369128257529461157e-01
2.369901402239703303e-01
2.370672498425097086e-01
2.371441543717858758e-01
2.372208535751708924e-01
2.372973472161869768e-01
2.373736350585133048e-01
2.374497168659775448e-01
2.375255924025644616e-01
2.376012614324117533e-01
2.376767237198135208e-01
2.377519790292176305e-01
2.378270271252289070e-01
2.379018677726098263e-01
2.379765007362807938e-01
2.380509257813182011e-01
2.381251426729606713e-01
2.381991511766017033e-01
2.382729510577991094e-01
2.383465420822689085e-01
2.384199240158892119e-01
2.384930966246991135e-01
2.385660596749024365e-01
2.386388129328628760e-01
2.387113561651109384e-01
2.387836891383396387e-01
2.388558116194081093e-01
2.389277233753397955e-01
2.389994241733262026e-01
2.390709137807234264e-01
2.391421919650568717e-01
2.392132584940204199e-01
2.392841131354739304e-01
2.393547556574501800e-01
2.394251858281490342e-01
2.394954034159418876e-01
2.395654081893726361e-01
2.396351999171550395e-01
2.397047783681761912e-01
2.397741433114974896e-01
2.398432945163514463e-01
2.399122317521465431e-01
2.399809547884679262e-01
2.400494633950711609e-01
2.401177573418944444e-01
2.401858363990476419e-01
2.402537003368210300e-01
2.403213489256815494e-01
2.403887819362757194e-01
2.404559991394283891e-01
2.405230003061457900e-01
2.405897852076130383e-01
2.406563536151981597e-01
2.407227053004494521e-01
2.407888400350989555e-01
2.408547575910610639e-01
2.409204577404337744e-01
2.409859402554999364e-01
2.410512049087266961e-01
2.411162514727673012e-01
2.411810797204616552e-01
2.412456894248349304e-01
2.413100803591022858e-01
2.413742522966623449e-01
2.414382050111080202e-01
2.415019382762188804e-01
2.415654518659637873e-01
2.416287455545024221e-01
2.416918191161876450e-01
2.417546723255610541e-01
2.418173049573595079e-01
2.418797167865120723e-01
2.419419075881394654e-01
2.420038771375594699e-01
2.420656252102837414e-01
2.421271515820198894e-01
2.421884560286702293e-01
2.422495383263364999e-01
2.423103982513165333e-01
2.423710355801048100e-01
2.424314500893967605e-01
2.424916415560858518e-01
2.425516097572665009e-01
2.426113544702325486e-01
2.426708754724794803e-01
2.427301725417047029e-01
2.427892454558087942e-01
2.428480939928941151e-01
2.429067179312681402e-01
2.429651170494405432e-01
2.430232911261280548e-01
2.430812399402522417e-01
2.431389632709403392e-01
2.431964608975273334e-01
2.432537325995555444e-01
2.433107781567736549e-01
2.433675973491421229e-01
2.434241899568281853e-01
2.434805557602096049e-01
2.435366945398764749e-01
2.435926060766267776e-01
2.436482901514740174e-01
2.437037465456404206e-01
2.437589750405647071e-01
2.438139754178968166e-01
2.438687474595030436e-01
2.439232909474634003e-01
2.439776056640720336e-01
2.440316913918426367e-01
2.440855479135031758e-01
2.441391750120010251e-01
2.441925724704985257e-01
2.442457400723808958e-01
2.442986776012485983e-01
2.443513848409249734e-01
2.444038615754530464e-01
2.444561075890958057e-01
2.445081226663399498e-01
2.445599065918940829e-01
2.446114591506881597e-01
2.446627801278787595e-01
2.447138693088440897e-01
2.447647264791889821e-01
2.448153514247430884e-01
2.448657439315626849e-01
2.449159037859306720e-01
2.449658307743571295e-01
2.450155246835798717e-01
2.450649853005668066e-01
2.451142124125131605e-01
2.451632058068460573e-01
2.452119652712218822e-01
2.452604905935283630e-01
2.453087815618849865e-01
2.453568379646443864e-01
2.454046595903912331e-01
2.454522462279436212e-01
2.454995976663557067e-01
2.455467136949147922e-01
2.455935941031446579e-01
2.456402386808045901e-01
2.456866472178906302e-01
2.457328195046362684e-01
2.457787553315143869e-01
2.458244544892329575e-01
2.458699167687437848e-01
2.459151419612348732e-01
2.459601298581365336e-01
2.460048802511198562e-01
2.460493929320965723e-01
2.460936676932228007e-01
2.461377043268951625e-01
2.461815026257563321e-01
2.462250623826912899e-01
2.462683833908307918e-01
2.463114654435502593e-01
2.463543083344715834e-01
2.463969118574646511e-01
2.464392758066440148e-01
2.464813999763734720e-01
2.465232841612660653e-01
2.465649281561832495e-01
2.466063317562351698e-01
2.466474947567842690e-01
2.466884169534425131e-01
2.467290981420744433e-01
2.467695381187964832e-01
2.468097366799773540e-01
2.468496936222397409e-01
2.468894087424609862e-01
2.469288818377715633e-01
2.469681127055579906e-01
2.470071011434640806e-01
2.470458469493874709e-01
2.470843499214855910e-01
2.471226098581719155e-01
2.471606265581186013e-01
2.471983998202571808e-01
2.472359294437787014e-01
2.472732152281337248e-01
2.473102569730351030e-01
2.473470544784553415e-01
2.473836075446303462e-01
2.474199159720580354e-01
2.474559795614994506e-01
2.474917981139808376e-01
2.475273714307905937e-01
2.475626993134845411e-01
2.475977815638828738e-01
2.476326179840719621e-01
2.476672083764064336e-01
2.477015525435075083e-01
2.477356502882643863e-01
2.477695014138352192e-01
2.478031057236476653e-01
2.478364630213999997e-01
2.478695731110593103e-01
2.479024357968659387e-01
2.479350508833308431e-01
2.479674181752375417e-01
2.479995374776426675e-01
2.480314085958766623e-01
2.480630313355439154e-01
2.480944055025240125e-01
2.480845982525488325e-01
2.480598824309486472e-01
2.480351605328928732e-01
2.480104297313658057e-01
2.479857071735273866e-01
2.479609893044348867e-01
2.479362739394067039e-01
2.479115767737143095e-01
2.478868999014254004e-01
2.478622304710083324e-01
2.478375883233946420e-01
2.478129763240378980e-01
2.477883909645388349e-01
2.477638307098818660e-01
2.477393084029656800e-01
2.477148264552597734e-01
2.476903838827344828e-01
2.476659741507444834e-01
2.476416111903813333e-01
2.476172969306103533e-01
2.475930331760319014e-01
2.475688154086878867e-01
2.475446436991475541e-01
2.475205270712477201e-01
2.474964668261056544e-01
2.474724641373746148e-01
2.474485200511256089e-01
2.474246242923262840e-01
2.474007875196028439e-01
2.473770116593262958e-01
2.473532972508435401e-01
2.473296447077695526e-01
2.473060543188432270e-01
2.472825227894212552e-01
2.472590459653939421e-01
2.472356313747102463e-01
2.472122788194737464e-01
2.471889879834722470e-01
2.471657584339352620e-01
2.471425896234327735e-01
2.471194808919116581e-01
2.470964284299353997e-01
2.470734276733764501e-01
2.470504843282740615e-01
2.470275973079966159e-01
2.470047654253795799e-01
2.469819873955075851e-01
2.469592618386085014e-01
2.469365872830514563e-01
2.469139621684510177e-01
2.468913848488653306e-01
2.468688510363425959e-01
2.468463556264845205e-01
2.468239025730614711e-01
2.468014899224249548e-01
2.467791156526739915e-01
2.467567776773518795e-01
2.467344738492095735e-01
2.467122019640315134e-01
2.466899597645194619e-01
2.466671692102646862e-01
2.466427379623363503e-01
2.466181534235355188e-01
2.465934278989675987e-01
2.465685539524627157e-01
2.465435241023389290e-01
2.465183308288010355e-01
2.464929507143220899e-01
2.464673890176510840e-01
2.464416411011918773e-01
2.464156993851598920e-01
2.463895562893228530e-01
2.463632042405397571e-01
2.463366356803128876e-01
2.463098430723495436e-01
2.462828049986312551e-01
2.462555263860770338e-01
2.462280013670951895e-01
2.462002225858778148e-01
2.461721827467755475e-01
2.461438746218358453e-01
2.461152910583265518e-01
2.460864249862436404e-01
2.460572694257995296e-01
2.460278174948876684e-01
2.459980624165206131e-01
2.459679975262385465e-01
2.459376162794831011e-01
2.459069085425538703e-01
2.458758647391624808e-01
2.458444859229523549e-01
2.458127661156998822e-01
2.457806994953078139e-01
2.457482804028741918e-01
2.457155033496964680e-01
2.456823630242052636e-01
2.456488542988184698e-01
2.456149722367148569e-01
2.455807120985167846e-01
2.455460693488764612e-01
2.455110396629596459e-01
2.454756189328199945e-01
2.454398032736529456e-01
2.454035890299262335e-01
2.453669727813752310e-01
2.453299513488571559e-01
2.452925218000527596e-01
2.452546814550095322e-01
2.452164278915144879e-01
2.451777589502891763e-01
2.451386727399966492e-01
2.450991676420491427e-01
2.450592423152084254e-01
2.450188956999663215e-01
2.449781270226988883e-01
2.449369357995785645e-01
2.448953218402377674e-01
2.448532852511721425e-01
2.448108264388712541e-01
2.447679461126690825e-01
2.447246452873018396e-01
2.446809252851619987e-01
2.446367877382393807e-01
2.445922345897402761e-01
2.445472680953700295e-01
2.445018908242763134e-01
2.444561056596356030e-01
2.444099157988809112e-01
2.443633247535563491e-01
2.443163363487939332e-01
2.442689547224022317e-01
2.442211843235607416e-01
2.441730299111115332e-01
2.441244965514437204e-01
2.440755896159629845e-01
2.440263147781422670e-01
2.439766780101465526e-01
2.439266855790332700e-01
2.438763440425179008e-01
2.438256602443084065e-01
2.437746413090045861e-01
2.437232946365607000e-01
2.436716278963133031e-01
2.436196490205731757e-01
2.435673587298711751e-01
2.435147650598422364e-01
2.434618840377292259e-01
2.434087245863905680e-01
2.433552958540657896e-01
2.433016072054321188e-01
2.432476682122582112e-01
2.431934886436622201e-01
2.431390784559835094e-01
2.430844477822796668e-01
2.430295912253616075e-01
2.429745267069026438e-01
2.429192726316160844e-01
2.428638397516855174e-01
2.428082389391968132e-01
2.427524811736292421e-01
2.426965643709068365e-01
2.426404957079983382e-01
2.425843032524557796e-01
2.425279983174034870e-01
2.424715922578228600e-01
2.424150691262927371e-01
2.423584591802128985e-01
2.423017821549061646e-01
2.422450494753236594e-01
2.421882330347829848e-01
2.421313826340155961e-01
2.420745106644547895e-01
2.420175948753415518e-01
2.419606686321516820e-01
2.419037545633397068e-01
2.418468192082817714e-01
2.417899136544607308e-01
2.417330346081790482e-01
2.416761774334463819e-01
2.416193862116035318e-01
2.415626166673012776e-01
2.415059352035188456e-01
2.414493008485459058e-01
2.413927661428966198e-01
2.413362979169765554e-01
2.412799468917764534e-01
2.412236739862672064e-01
2.411675372684443652e-01
2.411114930769241160e-01
2.410555917426369932e-01
2.409998168570633148e-01
2.409441775870385660e-01
2.408887030752199232e-01
2.408333526656687706e-01
2.407781760721770803e-01
2.407231719001329262e-01
2.406683167567202908e-01
2.406136511389814214e-01
2.405591754493859036e-01
2.405048620565533590e-01
2.404507509769199247e-01
2.403968461241332011e-01
2.403431262146316083e-01
2.402896081334419953e-01
2.402363067520590922e-01
2.401832251788295347e-01
2.401303384527861406e-01
2.400776717579929109e-01
2.400252328795345058e-01
2.399730240790987068e-01
2.399210336694858337e-01
2.398692610575629824e-01
2.398177239647455994e-01
2.397664237810133436e-01
2.397153616761180106e-01
2.396645281433146257e-01
2.396139181668448248e-01
2.395635484310305874e-01
2.395134192262626804e-01
2.394635306241435502e-01
2.394138824785639608e-01
2.393644644597200943e-01
2.393152724010295940e-01
2.392663190565227915e-01
2.392176034261113415e-01
2.391691243011602463e-01
2.391208802670655165e-01
2.390728697060692798e-01
2.390250858458223271e-01
2.389775161012865079e-01
2.389301737878921084e-01
2.388830565088653768e-01
2.388361616817748223e-01
2.387894865426824775e-01
2.387430281505002749e-01
2.386967833915445980e-01
2.386507489842848440e-01
2.386049150147316611e-01
2.385592733024589907e-01
2.385138311487024210e-01
2.384685846522661967e-01
2.384235297704938306e-01
2.383786623250323811e-01
2.383339780077448067e-01
2.382894723867567954e-01
2.382451409126390418e-01
2.382009789247092890e-01
2.381569816574539977e-01
2.381131438542810619e-01
2.380694467224724054e-01
2.380258994681629103e-01
2.379824969732802220e-01
2.379392340484996760e-01
2.378922027880646384e-01
2.378446231233863339e-01
2.377968686200170045e-01
2.377489253949058301e-01
2.377007795467403484e-01
2.376523783316103478e-01
2.376037429298925863e-01
2.375548629274930323e-01
2.375057245292150343e-01
2.374563139924855404e-01
2.374066176412911733e-01
2.373565861208201677e-01
2.373062399629211061e-01
2.372555673959339528e-01
2.372045551844663425e-01
2.371531902288784299e-01
2.371014595787419854e-01
2.370493504461913814e-01
2.369968502191591164e-01
2.369439316221802483e-01
2.368905804908293111e-01
2.368368017148035631e-01
2.367825835487526176e-01
2.367279144875364394e-01
2.366727832785535390e-01
2.366171789338973597e-01
2.365610907423273956e-01
2.365045082810456056e-01
2.364474214272736796e-01
2.363898203696215838e-01
2.363316956192328122e-01
2.362730380207081482e-01
2.362138215705592015e-01
2.361540481936881541e-01
2.360937169969759553e-01
2.360328202941359976e-01
2.359713507831508184e-01
2.359093015556026907e-01
2.358466661057105618e-01
2.357834383390634836e-01
2.357196125810449849e-01
2.356551835849313159e-01
2.355901465396585681e-01
2.355244970772478463e-01
2.354582312798737809e-01
2.353913456865736054e-01
2.353238372995775096e-01
2.352557035902563820e-01
2.351869425046729245e-01
2.351175524687261487e-01
2.350475323928780114e-01
2.349768816764535861e-01
2.349056002115013086e-01
2.348336883862023328e-01
2.347611470878240014e-01
2.346879777051992522e-01
2.346141793931050268e-01
2.345397519694268629e-01
2.344647044867510799e-01
2.343890403746431983e-01
2.343127635684034982e-01
2.342358785084806827e-01
2.341583901393474998e-01
2.340803039078352688e-01
2.340016257609106587e-01
2.339223621429023514e-01
2.338425199921526088e-01
2.337621067371069283e-01
2.336811302918209710e-01
2.335995990508885067e-01
2.335175218837845512e-01
2.334349081286211935e-01
2.333517675853118145e-01
2.332681105081431394e-01
2.331839475977569298e-01
2.330992883880260436e-01
2.330141375392703884e-01
2.329285145263725043e-01
2.328424317460260629e-01
2.327559019938039986e-01
2.326689384526457738e-01
2.325815546807682987e-01
2.324937645990149404e-01
2.324055824776447010e-01
2.323170229225748895e-01
2.322281008610885267e-01
2.321388315270124514e-01
2.320492304453861121e-01
2.319593134166299253e-01
2.318690965002277726e-01
2.317785959979466737e-01
2.316878170121662583e-01
2.315967671628114954e-01
2.315054830594522051e-01
2.314139818311344854e-01
2.313222807605481990e-01
2.312303972648077632e-01
2.311383488759055638e-01
2.310461392872618924e-01
2.309537699471705952e-01
2.308612882004552891e-01
2.307687118907875146e-01
2.306760588764195097e-01
2.305833248431589377e-01
2.304905182633475158e-01
2.303976881116052977e-01
2.303048521609826760e-01
2.302119937211874467e-01
2.301191373499389403e-01
2.300263278459260818e-01
2.299335601578750277e-01
2.298408274012507524e-01
2.297481932953135408e-01
2.296556362618182301e-01
2.295631745070568497e-01
2.294708618065961769e-01
2.293786337546734055e-01
2.292865865745054299e-01
2.291946768773291121e-01
2.291029536257370436e-01
2.290114076069865723e-01
2.289200652529556346e-01
2.288289271751661746e-01
2.287380210327973062e-01
2.286473339269519400e-01
2.285569174446042129e-01
2.284667229442054193e-01
2.283768287609322378e-01
2.282871856798923682e-01
2.281978405636990448e-01
2.281088096053952852e-01
2.280200510862068208e-01
2.279316322909805126e-01
2.278435415560244037e-01
2.277557591392563585e-01
2.276683373589742654e-01
2.275812749458963613e-01
2.274945347736853640e-01
2.274081738538945296e-01
2.273221978569132939e-01
2.272365805362869251e-01
2.271513369369670965e-01
2.270664935575665566e-01
2.269820549157955392e-01
2.268979972882853580e-01
2.268143324974160324e-01
2.267310841917986874e-01
2.266482556711514607e-01
2.265658499228247191e-01
2.264838281221788485e-01
2.264022328364989622e-01
2.263210674075781526e-01
2.262403335547912009e-01
2.261600326772286729e-01
2.260801441336306172e-01
2.260006743463909007e-01
2.259216398337222931e-01
2.258430407132136497e-01
2.257648767834383174e-01
2.256871475253079129e-01
2.256098475342878384e-01
2.255329518585032222e-01
2.254564874439600464e-01
2.253804525222516397e-01
2.253048450194496122e-01
2.252296625595805180e-01
2.251549024684466882e-01
2.250805617777794365e-01
2.250066294804567435e-01
2.249330892755244116e-01
2.248599578879337257e-01
2.247872312215998258e-01
2.247149049119358255e-01
2.246429743318846539e-01
2.245714345982338656e-01
2.245002805782141120e-01
2.244295068963658712e-01
2.243591079416724920e-01
2.242890690856033653e-01
2.242193781240311989e-01
2.241500437624165121e-01
2.240810595241451986e-01
2.240124187363290442e-01
2.239441145383234966e-01
2.238761398904412503e-01
2.238084875828540155e-01
2.237411502446674805e-01
2.236741203531693312e-01
2.236073902432264560e-01
2.235409521168313374e-01
2.234689988553753559e-01
2.233962175171705367e-01
2.233232552391424541e-01
2.232500240033140348e-01
2.231765634798012210e-01
2.231028591977343711e-01
2.230288905723887272e-01
2.229546076753523287e-01
2.228799805788996002e-01
2.228050271102245683e-01
2.227297270359389347e-01
2.226540602486200282e-01
2.225780067875623991e-01
2.225015120171913718e-01
2.224245638502497791e-01
2.223471699170329052e-01
2.222693111102806707e-01
2.221909685719460070e-01
2.221121237128714787e-01
2.220327582322435822e-01
2.219528541368079311e-01
2.218723483145215725e-01
2.217912589573331483e-01
2.217095790995764204e-01
2.216272922264031497e-01
2.215443822230959980e-01
2.214608333924790451e-01
2.213766304719921862e-01
2.212917586504099809e-01
2.212062035841932950e-01
2.211199514134612465e-01
2.210329647774034179e-01
2.209452318032542606e-01
2.208567636596280026e-01
2.207675486321840352e-01
2.206775755639620029e-01
2.205868338687122510e-01
2.204953135437510980e-01
2.204030051823266390e-01
2.203098999854859186e-01
2.202159897734221050e-01
2.201212669962961110e-01
2.200257247445176756e-01
2.199293567584717501e-01
2.198321574376767285e-01
2.197341130979507673e-01
2.196352024433018135e-01
2.195354486765174751e-01
2.194348489653669132e-01
2.193334011727925137e-01
2.192311038623243058e-01
2.191279563028367128e-01
2.190239584726409727e-01
2.189191110629029602e-01
2.188134154803680897e-01
2.187068738493923303e-01
2.185994890132625379e-01
2.184912645347969473e-01
2.183822046962201335e-01
2.182723144982988417e-01
2.181615996587346618e-01
2.180500666097988371e-01
2.179377224952143421e-01
2.178245751662635787e-01
2.177106331771264114e-01
2.175959057794407681e-01
2.174804029160803953e-01
2.173641352141447713e-01
2.172471139771617321e-01
2.171293511765021167e-01
2.170108594419960235e-01
2.168916520517659430e-01
2.167717429212646929e-01
2.166511465915262058e-01
2.165298782166313885e-01
2.164079535503937723e-01
2.162853889322709222e-01
2.161622012725068764e-01
2.160384080365135295e-01
2.159140272284995610e-01
2.157890773743628698e-01
2.156635775038501235e-01
2.155375471319956326e-01
2.154110062398702230e-01
2.152839752546285845e-01
2.151564750288961769e-01
2.150285268195026300e-01
2.149001522655771823e-01
2.147713733660389090e-01
2.146422124564932588e-01
2.145126921855619595e-01
2.143828354906705813e-01
2.142526487449994410e-01
2.141221472731585918e-01
2.139913782534233477e-01
2.138603655800867809e-01
2.137291333108111424e-01
2.135977056396980156e-01
2.134661068700230424e-01
2.133343288202368959e-01
2.132024009370088458e-01
2.130703742636372300e-01
2.129382733441001485e-01
2.128061226937222328e-01
2.126738812885345387e-01
2.125416305750711665e-01
2.124094027094466930e-01
2.122772009610875144e-01
2.121450063544974562e-01
2.120129065610980301e-01
2.118809073381180963e-01
2.117489732175553696e-01
2.116172046058295564e-01
2.114855706082460762e-01
2.113540980276075454e-01
2.112228463472233531e-01
2.110917521217883785e-01
2.109609370009740692e-01
2.108303114806719947e-01
2.106999994104377660e-01
2.105699182211795417e-01
2.104401872378358629e-01
2.103107114589963800e-01
2.101816161797842586e-01
2.100528267899900992e-01
2.099244215921280965e-01
2.097963957813878122e-01
2.096687379340160529e-01
2.095415215679266585e-01
2.094146902987022163e-01
2.092882994501191196e-01
2.091623839618379777e-01
2.090368853686604134e-01
2.089118688072158503e-01
2.087873590653775702e-01
2.086633219696859554e-01
2.085397791867907302e-01
2.084167719761288728e-01
2.082943092576584887e-01
2.081723367203319741e-01
2.080509199117661079e-01
2.079300723358974701e-01
2.078098015033270907e-01
2.076900697782024796e-01
2.075709122905973480e-01
2.074523518843665593e-01
2.073343945442715497e-01
2.072170458584424169e-01
2.071002640320029897e-01
2.069840936835347367e-01
2.068685463948707892e-01
2.067536261213105686e-01
2.066393364004581734e-01
2.065256751661323498e-01
2.064126080946224184e-01
2.063001797301991513e-01
2.061883919165005685e-01
2.060772460701359998e-01
2.059667431802600368e-01
2.058568838086209662e-01
2.057476623302428864e-01
2.056390491333209836e-01
2.055310786583704197e-01
2.054237497677219304e-01
2.053170609037155425e-01
2.052110100916042235e-01
2.051055949429145264e-01
2.050008126592690882e-01
2.048966600366636248e-01
2.047931170615491236e-01
2.046901780309293151e-01
2.045878567400574721e-01
2.044861484141501096e-01
2.043850479007777721e-01
2.042845496767257962e-01
2.041846478552609978e-01
2.040853361937904065e-01
2.039866081019066357e-01
2.038884566498043449e-01
2.037908745770652952e-01
2.036938452928524490e-01
2.035973504574439819e-01
2.035014014031993890e-01
2.034059896421319680e-01
2.033111064046473626e-01
2.032167426502812235e-01
2.031228890787167840e-01
2.030264762614825136e-01
2.029245412993743725e-01
2.028224818736329427e-01
2.027202708912270723e-01
2.026177976209024567e-01
2.025150921724884479e-01
2.024121518509403028e-01
2.023089494198539173e-01
2.022053872277687625e-01
2.021014755451429334e-01
2.019972190681273982e-01
2.018925908855483120e-01
2.017875642169508765e-01
2.016820553760725887e-01
2.015760549574319160e-01
2.014695759883942949e-01
2.013625925876863509e-01
2.012550791453279753e-01
2.011470103495867356e-01
2.010383371040239120e-01
2.009289925802543175e-01
2.008190184577744730e-01
2.007083909804764643e-01
2.005970868222166359e-01
2.004850831116850030e-01
2.003723574568726240e-01
2.002588879691148682e-01
2.001446136454400337e-01
2.000295099948476429e-01
1.999136002908635801e-01
1.997968649898024251e-01
1.996792851651219003e-01
1.995608425283587617e-01
1.994415194495072208e-01
1.993212989768028409e-01
1.992001648559149629e-01
1.990781015485158789e-01
1.989550259051331427e-01
1.988309879080277232e-01
1.987059794616569119e-01
1.985799881621698459e-01
1.984530024042650831e-01
1.983250113955349614e-01
1.981960051700662473e-01
1.980659746012852773e-01
1.979349114140269150e-01
1.978028081958178863e-01
1.976696584073510399e-01
1.975354520208565112e-01
1.974001345453908762e-01
1.972637577736301162e-01
1.971263188336024041e-01
1.969878157647236838e-01
1.968482475230121098e-01
1.967076139853991823e-01
1.965659159531306377e-01
1.964231551542437726e-01
1.962793342451087109e-01
1.961344568110275077e-01
1.959885273658812377e-01
1.958415513508099393e-01
1.956935351319269434e-01
1.955444859970553728e-01
1.953944121514789023e-01
1.952433227127021997e-01
1.950912166520148150e-01
1.949380983055370997e-01
1.947839995607135444e-01
1.946289331596197381e-01
1.944729127119762535e-01
1.943159526838096618e-01
1.941580683851176770e-01
1.939992759565369040e-01
1.938395923550262356e-01
1.936790353385629826e-01
1.935176234498667269e-01
1.933553759991496479e-01
1.931923130459078930e-01
1.930284553797721736e-01
1.928638245004136997e-01
1.926984425965326542e-01
1.925323325239360062e-01
1.923655177827307550e-01
1.921980224936389869e-01
1.920298713734597262e-01
1.918610897097057510e-01
1.916917033344235632e-01
1.915217385972289854e-01
1.913512223375851695e-01
1.911801523828064731e-01
1.910085802849881276e-01
1.908365373619681782e-01
1.906640521755274820e-01
1.904911536328780797e-01
1.903178709549545322e-01
1.901442336441659664e-01
1.899702714516278423e-01
1.897960143439214598e-01
1.896214403234351698e-01
1.894466168511201032e-01
1.892715875273752457e-01
1.890963829461229928e-01
1.889210337488614333e-01
1.887455088551343030e-01
1.885698752697446967e-01
1.883941877670312903e-01
1.882184769608724606e-01
1.880426765575327064e-01
1.878669074048461285e-01
1.876912053812994363e-01
1.875155012940891985e-01
1.873399071046412401e-01
1.871644456273016677e-01
1.869890654142525310e-01
1.868139005598383473e-01
1.866388673463705017e-01
1.864640802454928248e-01
1.862894994101134405e-01
1.861151939855472393e-01
1.859411469240256076e-01
1.857674257014804708e-01
1.855939933490921567e-01
1.854209570894783943e-01
1.852482196212150434e-01
1.850759219815543977e-01
1.849040034861439141e-01
1.847325136367289344e-01
1.845615140378015218e-01
1.843909139252698781e-01
1.842208320727373172e-01
1.840512893421593354e-01
1.838822008932282370e-01
1.837136819846615921e-01
1.835457490733807817e-01
1.833783567220945154e-01
1.832115489270964848e-01
1.830453715798903425e-01
1.828798388496753746e-01
1.827148928832758590e-01
1.825506083708260119e-01
1.823870090627909002e-01
1.822241077260536302e-01
1.820618803266693675e-01
1.819003387137754779e-01
1.817395311400282765e-01
1.815794687643580707e-01
1.814201623147794484e-01
1.812615989981049280e-01
1.811037707452925472e-01
1.809467280327771432e-01
1.807904797630356664e-01
1.806350343593017549e-01
1.804803997574441765e-01
1.803265726396978408e-01
1.801735259668177380e-01
1.800213110238216285e-01
1.798699337264793308e-01
1.797193994708508324e-01
1.795697131285228787e-01
1.794208790424292599e-01
1.792729010232572973e-01
1.791257537014903645e-01
1.789794499027581864e-01
1.788340104949438791e-01
1.786894371353363320e-01
1.785457309399630932e-01
1.784028924835819041e-01
1.782609218002799423e-01
1.781198183846585681e-01
1.779795811936286942e-01
1.778402086487892997e-01
1.777016604014299006e-01
1.775639710297129137e-01
1.774271384945885766e-01
1.772911591116649310e-01
1.771560286819291730e-01
1.770217424975874254e-01
1.768882953484748888e-01
1.767556815289945960e-01
1.766238948456079483e-01
1.764929286248440032e-01
1.763627757218305669e-01
1.762334285293340463e-01
1.761048716322842489e-01
1.759770794903345315e-01
1.758438093054950913e-01
1.757058698511115846e-01
1.755678276743100064e-01
1.754296446420935962e-01
1.752913665659325271e-01
1.751529297668558138e-01
1.750142141100208271e-01
1.748753030009844722e-01
1.747361636933172924e-01
1.745967276198681639e-01
1.744568890365250091e-01
1.743167219022968839e-01
1.741761936242580688e-01
1.740352717051572851e-01
1.738938533592332414e-01
1.737519077023463865e-01
1.736094704393761901e-01
1.734665099464206828e-01
1.733229948705847234e-01
1.731788941635369061e-01
1.730340575070087039e-01
1.728885597175709721e-01
1.727423845831732585e-01
1.725955027546323406e-01
1.724478853523009336e-01
1.722995039971543518e-01
1.721502876265129656e-01
1.720001684667038511e-01
1.718492034209542774e-01
1.716973665689795758e-01
1.715446326401891264e-01
1.713909770412708200e-01
1.712363758831193794e-01
1.710808060070978520e-01
1.709241537958360035e-01
1.707664622274178423e-01
1.706077378839263026e-01
1.704479609331685519e-01
1.702871123938662357e-01
1.701251741571850606e-01
1.699621290074249114e-01
1.697979606418580090e-01
1.696326445585774612e-01
1.694660787209936736e-01
1.692983480277862607e-01
1.691294401574677808e-01
1.689593437857588032e-01
1.687880485996548496e-01
1.686155453105044055e-01
1.684418256660737134e-01
1.682668824616018188e-01
1.680907095498013204e-01
1.679133006701570563e-01
1.677345670388344367e-01
1.675545942844232361e-01
1.673733806958270509e-01
1.671909256500907215e-01
1.670072296156654978e-01
1.668222941545460802e-01
1.666361219232710689e-01
1.664487166727689205e-01
1.662600832470646772e-01
1.660702275808038919e-01
1.658791566956273333e-01
1.656868786953603900e-01
1.654933788230575353e-01
1.652986612499814101e-01
1.651027709219859974e-01
1.649057202773783481e-01
1.647075227894947980e-01
1.645081929546464428e-01
1.643077462789090115e-01
1.641061992637420086e-01
1.639035693904476731e-01
1.636998751034869637e-01
1.634951357926410498e-01
1.632893717740568906e-01
1.630826042701565004e-01
1.628748553884551420e-01
1.626661480992779019e-01
1.624565062124086467e-01
1.622459543526745540e-01
1.620345179345045183e-01
1.618222231354575491e-01
1.616090968687727836e-01
1.613951667549376467e-01
1.611804610923174563e-01
1.609650088268746448e-01
1.607488395209896725e-01
1.605319833214360892e-01
1.603144709265212631e-01
1.600963335524470399e-01
1.598776028989035147e-01
1.596583111139514288e-01
1.594384712347443611e-01
1.592180955923376551e-01
1.589972543429302165e-01
1.587759811805122823e-01
1.585543100690774143e-01
1.583322752039083292e-01
1.581099048141974828e-01
1.578871541062837336e-01
1.576641408568658920e-01
1.574408999594133218e-01
1.572174663452872989e-01
1.569937651460634465e-01
1.567699347767086138e-01
1.565460149519523614e-01
1.563219421283047750e-01
1.560978139586095825e-01
1.558736969820702367e-01
1.556494819464873669e-01
1.554253497458622790e-01
1.552012322747919892e-01
1.549772043226239904e-01
1.547532809729076919e-01
1.545294800082092079e-01
1.543058460124752118e-01
1.540823947388551829e-01
1.538591465598929120e-01
1.536361672242862741e-01
1.534134022122315977e-01
1.531909891717560257e-01
1.529688322197418626e-01
1.527470428084287679e-01
1.525256546982139971e-01
1.523045871684429453e-01
1.520839782564709086e-01
1.518638380882604555e-01
1.516440916722698595e-01
1.514248677753218808e-01
1.512061875028888891e-01
1.509879991631662977e-01
1.507703626650729045e-01
1.505533325724783822e-01
1.503369294471461337e-01
1.501211008945790848e-01
1.499059179846645717e-01
1.496914226940410098e-01
1.494776347092938162e-01
1.492645568562690761e-01
1.490521579991940793e-01
1.488405239903355104e-01
1.486296733220711375e-01
1.484196241406485206e-01
1.482103942277344932e-01
1.480019458514611475e-01
1.477943337811093993e-01
1.475875921282605863e-01
1.473817370387658920e-01
1.471767842077163768e-01
1.469727488635683144e-01
1.467696378266283852e-01
1.465674190317335646e-01
1.463661606195307274e-01
1.461658758023282045e-01
1.459665772542247109e-01
1.457682770984784770e-01
1.455709868954857544e-01
1.453747176313646694e-01
1.451794797071805088e-01
1.449852409721487378e-01
1.447920424702765774e-01
1.445999030504056815e-01
1.444088306775601072e-01
1.442188326876714388e-01
1.440299157808141994e-01
1.438420860151441716e-01
1.436553488015419877e-01
1.434697088989726754e-01
1.432851704105667090e-01
1.431017367804257590e-01
1.429193696670087721e-01
1.427381109284069083e-01
1.425579635353069197e-01
1.423789282774748366e-01
1.422010052806359226e-01
1.420241940076595599e-01
1.418484932604650861e-01
1.416739011826714800e-01
1.415004152629405210e-01
1.413280323390585236e-01
1.411567486027177909e-01
1.409865596050026426e-01
1.408174602625715532e-01
1.406494448645342898e-01
1.404825022961829484e-01
1.403166016763526813e-01
1.401517642943589381e-01
1.399879820108197725e-01
1.398252461031757043e-01
1.396635472764809482e-01
1.395028756747945797e-01
1.393432208931845440e-01
1.391845719902970457e-01
1.390269175015054759e-01
1.388702454526040408e-01
1.387145433740412381e-01
1.385597983156632018e-01
1.384059968619701098e-01
1.382531251478479051e-01
1.381011688747690869e-01
1.379501133274425861e-01
1.377999433908766447e-01
1.376506435678803708e-01
1.375021979969212604e-01
1.373545904703739329e-01
1.372061779377699298e-01
1.370576767763444226e-01
1.369099548844454617e-01
1.367629948917199745e-01
1.366167791755583394e-01
1.364712898811176744e-01
1.363265089415684195e-01
1.361824180985418686e-01
1.360389989227732410e-01
1.358962328348906068e-01
1.357541011263609099e-01
1.356125849805317474e-01
1.354716654937918041e-01
1.353313236967872146e-01
1.351915405757014854e-01
1.350522970935605360e-01
1.349135742115431524e-01
1.347753529102804770e-01
1.346376142111331553e-01
1.345003391973803586e-01
1.343635090353723083e-01
1.342271049955440221e-01
1.340911084733419079e-01
1.339555010099838239e-01
1.338202643130768921e-01
1.336853802770396338e-01
1.335508310033349522e-01
1.334165988204649711e-01
1.332826663037403603e-01
1.331490162947772393e-01
1.330156319207215221e-01
1.328824966131679497e-01
1.327495941267622936e-01
1.326169085574753492e-01
1.324844243605149963e-01
1.323521263678635596e-01
1.322199998054442160e-01
1.320880303098607988e-01
1.319562039447334800e-01
1.318245072165803722e-01
1.316929270902643390e-01
1.315614510039558871e-01
1.314300668836168584e-01
1.312987631569961788e-01
1.311675287670935330e-01
1.310363531851188590e-01
1.309052264229049189e-01
1.307741390447589303e-01
1.306430821787717134e-01
1.305120475275362013e-01
1.303810273782837759e-01
1.302500146124319080e-01
1.301190027145102124e-01
1.299879857804900340e-01
1.298569585254703840e-01
1.297259162907404839e-01
1.295948550502012964e-01
1.294637714161303577e-01
1.293326626443028204e-01
1.292015266384390071e-01
1.290703619539866620e-01
1.289391678012391518e-01
1.288079440477696291e-01
1.286766912201756097e-01
1.285454105051617169e-01
1.284141037499154925e-01
1.282827734617986160e-01
1.281514228073590833e-01
1.280200556106382559e-01
1.278886763507987301e-01
1.277572901590530441e-01
1.276259028149101526e-01
1.274945207417338411e-01
1.273631510016194623e-01
1.272318012895785888e-01
1.271004799270712693e-01
1.269691958548364863e-01
1.268379586250838187e-01
1.267067783930099500e-01
1.265756659076672230e-01
1.264446325021814643e-01
1.263136900833483622e-01
1.261828511205764780e-01
1.260521286342444758e-01
1.259215361834190028e-01
1.257910878529949761e-01
1.256607982402517532e-01
1.255306824408242150e-01
1.254007560341281746e-01
1.252710350682342821e-01
1.251415360442113822e-01
1.250122758999577810e-01
nan
nan
nan
nan
nan
nan
nan
nan
nan
nan
nan
nan
nan
nan
nan
nan
nan
nan
nan
nan
nan
nan
nan
nan
nan
nan
nan
nan
nan
nan
nan
nan
nan
nan
nan
nan
nan
nan
nan
nan
nan
nan
nan
nan
nan
nan
nan
nan
nan
nan
nan
nan
nan
nan
nan
nan
nan
nan
nan
nan
nan
nan
nan
nan
nan
nan
nan
nan
nan
nan
nan
nan
nan
nan
nan
nan
nan
nan
nan
nan
nan
nan
nan
nan
nan
nan
nan
nan
nan
nan
nan
nan
nan
nan
nan
nan
nan
nan
nan
nan
nan
nan
nan
nan
nan
nan
nan
nan
nan
nan
nan
nan
nan
nan
nan
nan
nan
nan
nan
nan
nan
nan
nan
nan
nan
nan
nan
nan
nan
nan
nan
nan
nan
nan
nan
nan
nan
nan
nan
nan
nan
nan
nan
nan
nan
nan
nan
nan
nan
nan
nan
nan
nan
nan
nan
nan
nan
nan
nan
nan
nan
nan
nan
nan
nan
nan
nan
nan
nan
nan
nan
nan
nan
nan
nan
nan
nan
nan
nan
nan
nan
nan
nan
nan
nan
nan
nan
nan
nan
nan
nan
nan
nan
nan
nan
nan
nan
nan
nan
nan
