9.598000000000000000e+03
5.290000000000000000e+03
3.651000000000000000e+03
2.773000000000000000e+03
2.232000000000000000e+03
1.849000000000000000e+03
1.576000000000000000e+03
1.368000000000000000e+03
1.242000000000000000e+03
1.072000000000000000e+03
9.630000000000000000e+02
8.720000000000000000e+02
7.940000000000000000e+02
7.270000000000000000e+02
6.690000000000000000e+02
6.180000000000000000e+02
5.720000000000000000e+02
5.310000000000000000e+02
4.950000000000000000e+02
4.640000000000000000e+02
4.320000000000000000e+02
4.050000000000000000e+02
3.800000000000000000e+02
3.570000000000000000e+02
3.350000000000000000e+02
3.150000000000000000e+02
2.970000000000000000e+02
2.790000000000000000e+02
2.630000000000000000e+02
2.480000000000000000e+02
2.330000000000000000e+02
2.200000000000000000e+02
2.070000000000000000e+02
1.940000000000000000e+02
1.820000000000000000e+02
1.710000000000000000e+02
1.600000000000000000e+02
1.500000000000000000e+02
1.390000000000000000e+02
1.290000000000000000e+02
1.190000000000000000e+02
1.100000000000000000e+02
1.000000000000000000e+02
9.000000000000000000e+01
8.000000000000000000e+01
7.000000000000000000e+01
5.900000000000000000e+01
4.700000000000000000e+01
3.300000000000000000e+01
1.000000000000000000e+00
