6.096000000000000000e+03
3.115000000000000000e+03
2.119000000000000000e+03
1.701000000000000000e+03
1.394000000000000000e+03
1.109000000000000000e+03
9.920000000000000000e+02
8.140000000000000000e+02
7.670000000000000000e+02
6.840000000000000000e+02
5.990000000000000000e+02
5.200000000000000000e+02
4.970000000000000000e+02
4.530000000000000000e+02
4.110000000000000000e+02
3.920000000000000000e+02
3.640000000000000000e+02
3.260000000000000000e+02
3.090000000000000000e+02
2.950000000000000000e+02
2.800000000000000000e+02
2.660000000000000000e+02
2.420000000000000000e+02
2.270000000000000000e+02
2.150000000000000000e+02
2.070000000000000000e+02
1.930000000000000000e+02
1.830000000000000000e+02
1.730000000000000000e+02
1.640000000000000000e+02
1.560000000000000000e+02
1.490000000000000000e+02
1.420000000000000000e+02
1.360000000000000000e+02
1.290000000000000000e+02
1.220000000000000000e+02
1.150000000000000000e+02
1.060000000000000000e+02
9.800000000000000000e+01
9.000000000000000000e+01
8.300000000000000000e+01
7.700000000000000000e+01
7.100000000000000000e+01
6.500000000000000000e+01
5.900000000000000000e+01
5.400000000000000000e+01
4.700000000000000000e+01
4.000000000000000000e+01
3.000000000000000000e+01
1.000000000000000000e+00
6.096000000000000000e+03
3.115000000000000000e+03
2.119000000000000000e+03
1.701000000000000000e+03
1.394000000000000000e+03
1.109000000000000000e+03
9.920000000000000000e+02
8.140000000000000000e+02
7.670000000000000000e+02
6.840000000000000000e+02
5.990000000000000000e+02
5.200000000000000000e+02
4.970000000000000000e+02
4.530000000000000000e+02
4.110000000000000000e+02
3.920000000000000000e+02
3.640000000000000000e+02
3.260000000000000000e+02
3.090000000000000000e+02
2.950000000000000000e+02
2.800000000000000000e+02
2.660000000000000000e+02
2.420000000000000000e+02
2.270000000000000000e+02
2.150000000000000000e+02
2.070000000000000000e+02
1.930000000000000000e+02
1.830000000000000000e+02
1.730000000000000000e+02
1.640000000000000000e+02
1.560000000000000000e+02
1.490000000000000000e+02
1.420000000000000000e+02
1.360000000000000000e+02
1.290000000000000000e+02
1.220000000000000000e+02
1.150000000000000000e+02
1.060000000000000000e+02
9.800000000000000000e+01
9.000000000000000000e+01
8.300000000000000000e+01
7.700000000000000000e+01
7.100000000000000000e+01
6.500000000000000000e+01
5.900000000000000000e+01
5.400000000000000000e+01
4.700000000000000000e+01
4.000000000000000000e+01
3.000000000000000000e+01
1.000000000000000000e+00
