nan
0.000000000000000000e+00
0.000000000000000000e+00
0.000000000000000000e+00
0.000000000000000000e+00
0.000000000000000000e+00
0.000000000000000000e+00
0.000000000000000000e+00
0.000000000000000000e+00
0.000000000000000000e+00
0.000000000000000000e+00
0.000000000000000000e+00
0.000000000000000000e+00
0.000000000000000000e+00
0.000000000000000000e+00
0.000000000000000000e+00
0.000000000000000000e+00
0.000000000000000000e+00
0.000000000000000000e+00
0.000000000000000000e+00
0.000000000000000000e+00
0.000000000000000000e+00
0.000000000000000000e+00
0.000000000000000000e+00
0.000000000000000000e+00
0.000000000000000000e+00
0.000000000000000000e+00
0.000000000000000000e+00
0.000000000000000000e+00
0.000000000000000000e+00
0.000000000000000000e+00
0.000000000000000000e+00
0.000000000000000000e+00
0.000000000000000000e+00
0.000000000000000000e+00
0.000000000000000000e+00
0.000000000000000000e+00
0.000000000000000000e+00
0.000000000000000000e+00
0.000000000000000000e+00
0.000000000000000000e+00
0.000000000000000000e+00
0.000000000000000000e+00
0.000000000000000000e+00
1.560000000000000000e+02
2.170000000000000000e+02
3.100000000000000000e+02
4.020000000000000000e+02
4.920000000000000000e+02
5.760000000000000000e+02
6.280000000000000000e+02
7.160000000000000000e+02
8.070000000000000000e+02
8.990000000000000000e+02
9.910000000000000000e+02
1.081000000000000000e+03
1.140000000000000000e+03
1.226000000000000000e+03
1.319000000000000000e+03
1.414000000000000000e+03
1.511000000000000000e+03
1.609000000000000000e+03
1.707000000000000000e+03
1.807000000000000000e+03
1.909000000000000000e+03
2.012000000000000000e+03
2.117000000000000000e+03
2.225000000000000000e+03
2.369000000000000000e+03
2.491000000000000000e+03
2.606000000000000000e+03
2.727000000000000000e+03
2.894000000000000000e+03
3.022000000000000000e+03
3.202000000000000000e+03
3.388000000000000000e+03
3.582000000000000000e+03
3.792000000000000000e+03
4.013000000000000000e+03
4.303000000000000000e+03
4.622000000000000000e+03
5.075000000000000000e+03
5.633000000000000000e+03
6.640000000000000000e+03
0.000000000000000000e+00
nan
nan
nan
nan
nan
nan
nan
nan
nan
nan
nan
nan
nan
nan
nan
