nan
2.472770191748693280e-01
2.446109301924147550e-01
2.420845935088695444e-01
2.397630736508332139e-01
2.375373077738950067e-01
2.352560575197339410e-01
2.329754846215343622e-01
2.309242439568315319e-01
2.291377468811845730e-01
2.274105386972311571e-01
2.255407337776936250e-01
2.236275666393916228e-01
2.219527883140320623e-01
2.205704479908748017e-01
2.192395429790218453e-01
2.177400109172640819e-01
2.161763747544309666e-01
2.148284369657010029e-01
2.137682780132672544e-01
2.127515875312655513e-01
2.115767592369637018e-01
2.103416988705120449e-01
2.092959277978245214e-01
2.085001141702114702e-01
2.077403313014040132e-01
2.068515946554984608e-01
2.059240745557134322e-01
2.051586691809114127e-01
2.045919314190508820e-01
2.040522139203643226e-01
2.034229393391787377e-01
2.027849985289779389e-01
2.022810181418281950e-01
2.019201897909657928e-01
2.015796858844573769e-01
2.011957285333564882e-01
2.008349358904477910e-01
2.005763773622060431e-01
2.004061347791145642e-01
2.002571539398771971e-01
2.001163893973452457e-01
2.000263240359491101e-01
2.000001320527870496e-01
2.000000030124082784e-01
2.000000004580120838e-01
2.000000051663722578e-01
2.000000059930725216e-01
2.000000134180736910e-01
2.000000134180736910e-01
2.000000134180736910e-01
2.000000134180736910e-01
2.000000134180736910e-01
2.000000134180736910e-01
2.000000134180736910e-01
2.000000134180736910e-01
2.000000134180736910e-01
2.000000134180736910e-01
2.000000134180736910e-01
2.000000134180736910e-01
2.000000134180736910e-01
2.000000134180736910e-01
2.000000134180736910e-01
2.000000134180736910e-01
2.000000134180736910e-01
2.000000134180736910e-01
2.000000134180736910e-01
2.000000134180736910e-01
2.000000134180736910e-01
2.000000134180736910e-01
2.000000134180736910e-01
2.000000134180736910e-01
2.000000134180736910e-01
2.000000134180736910e-01
2.000000134180736910e-01
2.000000134180736910e-01
2.000000134180736910e-01
2.000000134180736910e-01
2.000000134180736910e-01
2.000000134180736910e-01
2.000000134180736910e-01
2.000000134180736910e-01
2.000000134180736910e-01
2.000000134180736910e-01
2.000000134180736910e-01
nan
nan
nan
nan
nan
nan
nan
nan
nan
nan
nan
nan
nan
nan
nan
