8.107000000000000000e+03
7.471000000000000000e+03
7.309000000000000000e+03
6.629000000000000000e+03
6.307000000000000000e+03
6.119000000000000000e+03
5.740000000000000000e+03
5.471000000000000000e+03
5.111000000000000000e+03
4.952000000000000000e+03
4.682000000000000000e+03
4.422000000000000000e+03
4.301000000000000000e+03
4.169000000000000000e+03
3.878000000000000000e+03
3.692000000000000000e+03
3.534000000000000000e+03
3.384000000000000000e+03
3.241000000000000000e+03
3.115000000000000000e+03
3.091000000000000000e+03
2.898000000000000000e+03
2.737000000000000000e+03
2.620000000000000000e+03
2.506000000000000000e+03
2.408000000000000000e+03
2.293000000000000000e+03
2.195000000000000000e+03
2.097000000000000000e+03
2.003000000000000000e+03
1.916000000000000000e+03
1.824000000000000000e+03
1.737000000000000000e+03
1.654000000000000000e+03
1.569000000000000000e+03
1.489000000000000000e+03
1.451000000000000000e+03
1.329000000000000000e+03
1.250000000000000000e+03
1.177000000000000000e+03
1.094000000000000000e+03
1.013000000000000000e+03
9.370000000000000000e+02
8.660000000000000000e+02
7.830000000000000000e+02
6.860000000000000000e+02
5.900000000000000000e+02
4.880000000000000000e+02
3.730000000000000000e+02
1.870000000000000000e+02
