4.064000000000000000e+03
3.790000000000000000e+03
3.581000000000000000e+03
3.384000000000000000e+03
3.252000000000000000e+03
3.050000000000000000e+03
2.946000000000000000e+03
2.744000000000000000e+03
2.640000000000000000e+03
2.537000000000000000e+03
2.434000000000000000e+03
2.331000000000000000e+03
2.228000000000000000e+03
2.125000000000000000e+03
2.022000000000000000e+03
1.919000000000000000e+03
1.816000000000000000e+03
1.746000000000000000e+03
1.710000000000000000e+03
1.607000000000000000e+03
1.536000000000000000e+03
1.501000000000000000e+03
1.407000000000000000e+03
1.394000000000000000e+03
1.292000000000000000e+03
1.260000000000000000e+03
1.186000000000000000e+03
1.154000000000000000e+03
1.080000000000000000e+03
1.076000000000000000e+03
9.870000000000000000e+02
9.700000000000000000e+02
9.010000000000000000e+02
8.640000000000000000e+02
8.250000000000000000e+02
7.690000000000000000e+02
7.540000000000000000e+02
6.880000000000000000e+02
6.520000000000000000e+02
6.210000000000000000e+02
5.660000000000000000e+02
5.390000000000000000e+02
4.850000000000000000e+02
4.490000000000000000e+02
4.100000000000000000e+02
3.560000000000000000e+02
3.180000000000000000e+02
2.520000000000000000e+02
1.760000000000000000e+02
1.570000000000000000e+02
