9.598000000000000000e+03
9.598000000000000000e+03
3.088000000000000000e+03
1.800000000000000000e+03
1.244000000000000000e+03
9.330000000000000000e+02
7.340000000000000000e+02
5.950000000000000000e+02
4.930000000000000000e+02
4.150000000000000000e+02
3.640000000000000000e+02
3.000000000000000000e+02
2.570000000000000000e+02
2.200000000000000000e+02
1.880000000000000000e+02
1.590000000000000000e+02
1.320000000000000000e+02
1.070000000000000000e+02
8.200000000000000000e+01
5.700000000000000000e+01
1.000000000000000000e+00
