2.465697049268027130e+21
5.292497669057247278e-02
5.988421928381611192e-02
7.041471235808517692e-02
8.952769011421440881e-02
1.519017678222158163e-01
1.099962606543140993e+02
8.251364821836801866e+01
1.252746359784043477e+02
1.000222072858443596e+02
1.211708268033955136e+02
1.026574953038645361e+02
8.773981364896572188e+01
9.896246231059841136e+01
8.731557532298133140e+01
7.641869158516114169e+01
8.363465087780913620e+01
7.525144449977452155e+01
6.814279748300293704e+01
6.213611674994547940e+01
6.691389252057136616e+01
6.124746814040254606e+01
5.719177824750851613e+01
5.334231183031111811e+01
4.941219802296950547e+01
4.978810169825793963e+01
4.934426695702137522e+01
4.585954116417705961e+01
4.358266190901657211e+01
4.136770112397432797e+01
3.887576161926241269e+01
3.986112342615011528e+01
3.891280719076239336e+01
3.793193278291754211e+01
3.611768221369778331e+01
3.433398905914302901e+01
3.269257562546585660e+01
3.186424029427922378e+01
3.189769343000284252e+01
3.185341603311499270e+01
3.074279139999573829e+01
2.960482444958580928e+01
2.831114805814494773e+01
2.825603799553246276e+01
2.641965603445625632e+01
2.626490224960518560e+01
2.512974412158688509e+01
2.514452163860938683e+01
2.526036650076078516e+01
2.476215767000718415e+01
