2.465697049268027130e+21
4.933184205922862969e-02
4.919003983697998322e-02
4.962478632835588127e-02
5.016525844450764327e-02
5.075223793630054270e-02
5.137155118926826219e-02
5.201907824253529378e-02
5.269391390856084656e-02
5.339647324378132137e-02
5.412784554357624733e-02
5.488954548607549722e-02
5.568341379694159016e-02
5.651158277114915612e-02
5.737647421913027318e-02
5.828081652995422551e-02
5.922767540029710148e-02
6.022049640735915171e-02
6.126315955267198909e-02
6.236004719031287835e-02
6.351612784335877726e-02
6.473705955638445197e-02
6.602931781710032200e-02
6.740035489204250496e-02
6.885879989310414451e-02
7.041471235808516305e-02
7.207990708947345504e-02
7.386837523203808320e-02
7.579683733137634882e-02
7.788548044864987419e-02
8.015895675741795123e-02
8.264776138414590967e-02
8.539017323425129868e-02
8.843505391376438318e-02
9.184599466346056451e-02
9.570765629618249726e-02
1.001358261093266144e-01
1.052940899352064197e-01
1.114229954729976657e-01
1.188946036102255799e-01
1.283237417679301551e-01
1.408229142219843966e-01
1.586927544266785450e-01
1.878667771271947395e-01
2.527909831365905968e-01
1.286837948403465077e+02
1.269261592635108542e+02
1.217188621167095448e+02
1.183715405485675518e+02
1.136186904883776663e+02
