1.219200000000000000e+04
1.217200000000000000e+04
1.215200000000000000e+04
1.213200000000000000e+04
1.211200000000000000e+04
1.209200000000000000e+04
1.207200000000000000e+04
1.205200000000000000e+04
1.203200000000000000e+04
1.205100000000000000e+04
1.203100000000000000e+04
1.201100000000000000e+04
1.199100000000000000e+04
1.201000000000000000e+04
1.202900000000000000e+04
1.200900000000000000e+04
1.198900000000000000e+04
1.200800000000000000e+04
1.198800000000000000e+04
1.196800000000000000e+04
1.194800000000000000e+04
1.192800000000000000e+04
1.194700000000000000e+04
1.192700000000000000e+04
1.190700000000000000e+04
1.188700000000000000e+04
1.186700000000000000e+04
1.184700000000000000e+04
1.182700000000000000e+04
1.180700000000000000e+04
1.178700000000000000e+04
1.176700000000000000e+04
1.178600000000000000e+04
1.176600000000000000e+04
1.174600000000000000e+04
1.172600000000000000e+04
1.170600000000000000e+04
1.168600000000000000e+04
1.166600000000000000e+04
1.164600000000000000e+04
1.162600000000000000e+04
1.160600000000000000e+04
1.158600000000000000e+04
1.156600000000000000e+04
1.154600000000000000e+04
1.152600000000000000e+04
1.150600000000000000e+04
1.152500000000000000e+04
1.150500000000000000e+04
1.148500000000000000e+04
1.146500000000000000e+04
1.144500000000000000e+04
1.142500000000000000e+04
1.140500000000000000e+04
1.138500000000000000e+04
1.136500000000000000e+04
1.134500000000000000e+04
1.132500000000000000e+04
1.130500000000000000e+04
1.128500000000000000e+04
1.126500000000000000e+04
1.124500000000000000e+04
1.122500000000000000e+04
1.120500000000000000e+04
1.118500000000000000e+04
1.116500000000000000e+04
1.114500000000000000e+04
1.112500000000000000e+04
1.110500000000000000e+04
1.108500000000000000e+04
1.106500000000000000e+04
1.104500000000000000e+04
1.106400000000000000e+04
1.104400000000000000e+04
1.102400000000000000e+04
1.100400000000000000e+04
1.098400000000000000e+04
1.096400000000000000e+04
1.094400000000000000e+04
1.092400000000000000e+04
1.090400000000000000e+04
1.088400000000000000e+04
1.086400000000000000e+04
1.084400000000000000e+04
1.082400000000000000e+04
1.080400000000000000e+04
1.078400000000000000e+04
1.076400000000000000e+04
1.074400000000000000e+04
1.072400000000000000e+04
1.070400000000000000e+04
1.068400000000000000e+04
1.066400000000000000e+04
1.064400000000000000e+04
1.062400000000000000e+04
1.060400000000000000e+04
1.062300000000000000e+04
1.060300000000000000e+04
1.058300000000000000e+04
1.056300000000000000e+04
1.054300000000000000e+04
1.052300000000000000e+04
1.050300000000000000e+04
1.048300000000000000e+04
1.046300000000000000e+04
1.044300000000000000e+04
1.042300000000000000e+04
1.040300000000000000e+04
1.038300000000000000e+04
1.036300000000000000e+04
1.034300000000000000e+04
1.032300000000000000e+04
1.030300000000000000e+04
1.028300000000000000e+04
1.026300000000000000e+04
1.024300000000000000e+04
1.022300000000000000e+04
1.020300000000000000e+04
1.018300000000000000e+04
1.016300000000000000e+04
1.014300000000000000e+04
1.012300000000000000e+04
1.010300000000000000e+04
1.008300000000000000e+04
1.006300000000000000e+04
1.004300000000000000e+04
1.002300000000000000e+04
1.000300000000000000e+04
9.983000000000000000e+03
9.963000000000000000e+03
9.943000000000000000e+03
9.923000000000000000e+03
9.903000000000000000e+03
9.883000000000000000e+03
9.863000000000000000e+03
9.843000000000000000e+03
9.823000000000000000e+03
9.803000000000000000e+03
9.783000000000000000e+03
9.763000000000000000e+03
9.743000000000000000e+03
9.723000000000000000e+03
9.703000000000000000e+03
9.683000000000000000e+03
9.663000000000000000e+03
9.643000000000000000e+03
9.623000000000000000e+03
9.603000000000000000e+03
9.583000000000000000e+03
9.563000000000000000e+03
9.543000000000000000e+03
9.523000000000000000e+03
9.503000000000000000e+03
9.483000000000000000e+03
9.463000000000000000e+03
9.443000000000000000e+03
9.423000000000000000e+03
9.403000000000000000e+03
9.383000000000000000e+03
9.363000000000000000e+03
9.343000000000000000e+03
9.323000000000000000e+03
9.303000000000000000e+03
9.283000000000000000e+03
9.263000000000000000e+03
9.282000000000000000e+03
9.301000000000000000e+03
9.281000000000000000e+03
9.261000000000000000e+03
9.241000000000000000e+03
9.221000000000000000e+03
9.201000000000000000e+03
9.181000000000000000e+03
9.161000000000000000e+03
9.141000000000000000e+03
9.121000000000000000e+03
9.101000000000000000e+03
9.081000000000000000e+03
9.061000000000000000e+03
9.041000000000000000e+03
9.021000000000000000e+03
9.001000000000000000e+03
9.000000000000000000e+03
8.980000000000000000e+03
8.999000000000000000e+03
8.979000000000000000e+03
8.959000000000000000e+03
8.939000000000000000e+03
8.958000000000000000e+03
8.977000000000000000e+03
8.996000000000000000e+03
9.015000000000000000e+03
9.034000000000000000e+03
9.014000000000000000e+03
8.994000000000000000e+03
9.013000000000000000e+03
9.032000000000000000e+03
9.012000000000000000e+03
9.031000000000000000e+03
9.050000000000000000e+03
