1.919800000000000000e+04
1.919800000000000000e+04
1.564600000000000000e+04
1.198500000000000000e+04
1.919800000000000000e+04
9.593000000000000000e+03
8.959000000000000000e+03
8.029000000000000000e+03
7.372000000000000000e+03
6.863000000000000000e+03
6.450000000000000000e+03
5.983000000000000000e+03
7.228000000000000000e+03
1.683800000000000000e+04
1.455000000000000000e+04
4.742000000000000000e+03
4.776000000000000000e+03
1.265800000000000000e+04
4.440000000000000000e+03
4.181000000000000000e+03
3.747000000000000000e+03
1.078000000000000000e+04
1.042900000000000000e+04
3.318000000000000000e+03
3.457000000000000000e+03
4.815000000000000000e+03
2.976000000000000000e+03
9.934000000000000000e+03
2.775000000000000000e+03
2.685000000000000000e+03
2.960000000000000000e+03
2.559000000000000000e+03
7.947000000000000000e+03
2.377000000000000000e+03
2.304000000000000000e+03
3.908000000000000000e+03
2.238000000000000000e+03
2.119000000000000000e+03
6.586000000000000000e+03
3.005000000000000000e+03
1.998000000000000000e+03
2.189000000000000000e+03
1.017700000000000000e+04
1.829000000000000000e+03
1.810000000000000000e+03
1.731000000000000000e+03
2.073000000000000000e+03
9.211000000000000000e+03
2.414000000000000000e+03
1.612000000000000000e+03
1.546000000000000000e+03
1.512000000000000000e+03
3.047000000000000000e+03
8.264000000000000000e+03
1.419000000000000000e+03
1.658000000000000000e+03
1.362000000000000000e+03
1.334000000000000000e+03
1.308000000000000000e+03
1.282000000000000000e+03
1.266000000000000000e+03
4.809000000000000000e+03
2.108000000000000000e+03
4.117000000000000000e+03
1.182000000000000000e+03
1.148000000000000000e+03
1.165000000000000000e+03
1.104000000000000000e+03
1.084000000000000000e+03
1.094000000000000000e+03
1.320000000000000000e+03
1.351000000000000000e+03
6.576000000000000000e+03
3.618000000000000000e+03
1.052000000000000000e+03
9.590000000000000000e+02
9.560000000000000000e+02
9.710000000000000000e+02
9.520000000000000000e+02
1.092000000000000000e+03
6.628000000000000000e+03
4.238000000000000000e+03
8.560000000000000000e+02
1.830000000000000000e+03
1.847000000000000000e+03
1.866000000000000000e+03
5.245000000000000000e+03
2.991000000000000000e+03
8.300000000000000000e+02
7.640000000000000000e+02
7.960000000000000000e+02
7.800000000000000000e+02
9.410000000000000000e+02
9.700000000000000000e+02
9.900000000000000000e+02
1.019000000000000000e+03
1.919800000000000000e+04
4.716000000000000000e+03
3.404000000000000000e+03
3.111000000000000000e+03
2.571000000000000000e+03
6.420000000000000000e+02
6.920000000000000000e+02
6.770000000000000000e+02
6.100000000000000000e+02
5.990000000000000000e+02
2.415000000000000000e+03
5.860000000000000000e+02
5.730000000000000000e+02
7.560000000000000000e+02
5.600000000000000000e+02
5.520000000000000000e+02
5.440000000000000000e+02
5.620000000000000000e+02
5.340000000000000000e+02
5.440000000000000000e+02
5.090000000000000000e+02
6.160000000000000000e+02
4.960000000000000000e+02
1.266000000000000000e+03
2.402000000000000000e+03
3.698000000000000000e+03
1.646800000000000000e+04
1.060500000000000000e+04
5.814000000000000000e+03
2.010000000000000000e+03
1.997000000000000000e+03
4.330000000000000000e+02
4.310000000000000000e+02
4.260000000000000000e+02
4.140000000000000000e+02
1.019000000000000000e+03
6.380000000000000000e+02
6.570000000000000000e+02
6.720000000000000000e+02
6.850000000000000000e+02
6.960000000000000000e+02
2.441000000000000000e+03
2.458000000000000000e+03
6.590000000000000000e+02
6.370000000000000000e+02
6.230000000000000000e+02
6.140000000000000000e+02
6.100000000000000000e+02
3.330000000000000000e+02
3.270000000000000000e+02
3.230000000000000000e+02
3.760000000000000000e+02
3.110000000000000000e+02
3.100000000000000000e+02
3.100000000000000000e+02
3.050000000000000000e+02
3.450000000000000000e+02
2.950000000000000000e+02
3.020000000000000000e+02
2.760000000000000000e+02
2.730000000000000000e+02
2.700000000000000000e+02
2.610000000000000000e+02
1.502000000000000000e+03
1.548000000000000000e+03
1.502000000000000000e+03
2.715000000000000000e+03
2.695000000000000000e+03
6.286000000000000000e+03
1.832600000000000000e+04
1.859100000000000000e+04
7.802000000000000000e+03
5.414000000000000000e+03
3.844000000000000000e+03
3.019000000000000000e+03
2.610000000000000000e+03
1.816000000000000000e+03
1.828000000000000000e+03
1.327000000000000000e+03
1.403000000000000000e+03
1.305000000000000000e+03
1.329000000000000000e+03
6.140000000000000000e+02
6.200000000000000000e+02
6.260000000000000000e+02
6.330000000000000000e+02
2.336000000000000000e+03
4.586000000000000000e+03
1.530900000000000000e+04
1.580000000000000000e+03
1.339200000000000000e+04
1.026800000000000000e+04
1.862800000000000000e+04
1.500000000000000000e+04
9.124000000000000000e+03
9.620000000000000000e+03
8.779000000000000000e+03
1.262500000000000000e+04
1.224000000000000000e+03
1.207000000000000000e+03
1.088000000000000000e+03
1.430100000000000000e+04
1.658900000000000000e+04
1.321800000000000000e+04
