5.738589986027919529e-09
5.000629115807822024e-03
7.071974800726171968e-03
8.661401130670381629e-03
1.000138490662981321e-02
1.118197768240488006e-02
1.224936632246287696e-02
1.323099053141722423e-02
1.414473117834764461e-02
1.500301062225269967e-02
1.581487570882342958e-02
1.658715825323388987e-02
1.732516807893836469e-02
1.803313002148874272e-02
1.871447182251399430e-02
1.937202076172947485e-02
2.000814208771805117e-02
2.062483902377045680e-02
2.122382664380892056e-02
2.180658751943027190e-02
2.237441436336625594e-02
2.292844321321678078e-02
2.346967961311417425e-02
2.399901953194117504e-02
2.451726627026586114e-02
2.502514427256292626e-02
2.552331052566506747e-02
2.601236405631732890e-02
2.649285391908936041e-02
2.696528597675560898e-02
2.743012870914919230e-02
2.788781823697841777e-02
2.833876270966622160e-02
2.878334617778588456e-02
2.922193204886677081e-02
2.965486620860823333e-02
3.008247987671149384e-02
3.050509225674540720e-02
3.092301303209312596e-02
3.133654475461753602e-02
3.174598516890717731e-02
3.215162951259486340e-02
3.255377283211946526e-02
3.295271235333127602e-02
3.334874994750107458e-02
3.374219473557597826e-02
3.413336587700495361e-02
3.452259559423141722e-02
3.491023249018793129e-02
3.529664522403992699e-02
3.568222662030316739e-02
3.606739829867808972e-02
3.645261592695976660e-02
3.683837521781424540e-02
3.722521881278565564e-02
3.761374422459220351e-02
3.800461304274953267e-02
3.839856164938097033e-02
3.879641374362614858e-02
3.919909503682836305e-02
3.960765055978316546e-02
4.002326512179646412e-02
4.044728758433266402e-02
4.088125976632479841e-02
4.132695099254367344e-02
4.178639954220152858e-02
4.226196256724971956e-02
4.275637644855393577e-02
4.327283006982231284e-02
4.381505414947393928e-02
4.438743062775928755e-02
4.499512722617145938e-02
4.564426376916217581e-02
4.634211881059642490e-02
4.709738771692886100e-02
4.792050687926370511e-02
4.882406352315252218e-02
4.982331719481195714e-02
5.093686822188714380e-02
5.218752147683162340e-02
5.360341244325633747e-02
5.521948972629552033e-02
5.707948814460360454e-02
5.923858620320201357e-02
6.176703149635935641e-02
6.475515275028072282e-02
6.832037801462283177e-02
7.261716352264482865e-02
7.785109253420614828e-02
8.429866550672925063e-02
9.233378465586555839e-02
1.024583337395593430e-01
1.153213272615287305e-01
1.316793602880092229e-01
1.522262743394148798e-01
1.773937122078208806e-01
2.076013287723240397e-01
2.430137182881113578e-01
2.774912784885211203e-01
2.886050188774269554e-01
2.682707901158235542e-01
2.463052617977786185e-01
2.402686523449258371e-01
2.508057209819841149e-01
2.725029619974770889e-01
2.918979775438643731e-01
2.894342776626823710e-01
2.677280393482269760e-01
2.481477726107790827e-01
2.411036722121146225e-01
2.471524430823609786e-01
2.633756415647298676e-01
2.833005364682744665e-01
2.944721223491645334e-01
2.865859050786541684e-01
2.669811025024522166e-01
2.499210712572444426e-01
2.420799308797433602e-01
2.442355088938682195e-01
2.549802302112714192e-01
2.714842900629355626e-01
2.882467142307395536e-01
2.966541155991729295e-01
2.911107942504400081e-01
2.766085079930792334e-01
2.628784729398093711e-01
2.558483244461105532e-01
2.572626218175277923e-01
2.668873091491416050e-01
2.837030597562509304e-01
3.060432737592930219e-01
3.310859269921272441e-01
3.544080288979786220e-01
3.711671714293231505e-01
3.788340571948730084e-01
3.775205374597457308e-01
3.688367530161789087e-01
3.564142427853965733e-01
3.447519940234111679e-01
3.370956775685250428e-01
3.349565922287621733e-01
3.385968231767126357e-01
3.474085356548114456e-01
3.599478849518262802e-01
3.738385425166269038e-01
3.860678229278414197e-01
3.940613311449240319e-01
3.966721899072430668e-01
3.938901630945615961e-01
3.863578813969614778e-01
3.756744963333171761e-01
3.642119539519384497e-01
3.542008701602142873e-01
3.471355290749247868e-01
3.437613691226683033e-01
3.442791185608659599e-01
3.485027334067570814e-01
3.559069045802657483e-01
3.655928689601088410e-01
3.762572871823088305e-01
3.863059929384886071e-01
3.942180546131668351e-01
3.989972153714661518e-01
4.003008748961232044e-01
3.981849455741157673e-01
3.929448862643635243e-01
3.852495628591593446e-01
3.761860830146016577e-01
3.670049666396059673e-01
3.587982409368927761e-01
3.523381530237112425e-01
3.480781908449409601e-01
3.462222242195803767e-01
3.467928790382352466e-01
3.496731950539403444e-01
3.546194149581681776e-01
3.612526626962883070e-01
3.690441803674858190e-01
3.773177461217224749e-01
3.852990756298917407e-01
3.922286646900992602e-01
3.975075209527128006e-01
4.007927147583116856e-01
4.019769818651276472e-01
4.010914357148785969e-01
3.982443001995101817e-01
3.936475059619270467e-01
3.876679602991923157e-01
3.808182253226667369e-01
3.736764615440311688e-01
3.667887488090185721e-01
3.606027113152259767e-01
3.554446080925744433e-01
3.515268926377125291e-01
3.489686860286261849e-01
3.478171402577813209e-01
3.480640575780122870e-01
3.496562129161313037e-01
3.524997953870975809e-01
3.564602437912603450e-01
3.613593181869150239e-01
3.669719766998846278e-01
3.730265648646237664e-01
3.792125058452145425e-01
3.851990273384271468e-01
3.906651859192353804e-01
3.953354174763830664e-01
3.990088476009460150e-01
4.015700388598797410e-01
4.029771571446009171e-01
4.032366486912248860e-01
4.023812846087346240e-01
4.004640179188731497e-01
3.975671641707249071e-01
3.938155466166873842e-01
3.893810526125186522e-01
3.844733722781807916e-01
3.793204542749754604e-01
3.741464681660293112e-01
3.691539611185825631e-01
3.645132271788015799e-01
3.603586067115008840e-01
3.567897467704615466e-01
3.538755874097406773e-01
3.516593090480250039e-01
3.501631217611002045e-01
3.493923184851429609e-01
3.493383764953579274e-01
3.499810993060889497e-01
3.512898957585501858e-01
3.532243416308505357e-01
3.557341956207702438e-01
3.587590673029009136e-01
3.622279703626490877e-01
3.660590410165998065e-01
3.701597491411029450e-01
3.744279556128665698e-01
3.787541386253169273e-01
3.830249838133519824e-01
3.871282803536691408e-01
3.909587020759556220e-01
3.944236622129255743e-01
3.974481649915380665e-01
3.999776069939164347e-01
4.019778966957168187e-01
4.034329822952507638e-01
4.043406492113293393e-01
4.047079457076220299e-01
4.045475980558841944e-01
4.038762892999455123e-01
4.027149181737456618e-01
4.010902435232555630e-01
3.990369152817546672e-01
3.965988969569301803e-01
3.938296229482622368e-01
3.907907208858296677e-01
3.875495654399657708e-01
3.841761860265450745e-01
3.807400977203060366e-01
3.773075137005979518e-01
3.739392129291115863e-01
3.706891533400763494e-01
3.676037828330381840e-01
3.647219208590179451e-01
3.620750547947174658e-01
3.596879014316481382e-01
3.575791085155211046e-01
3.557620020755946078e-01
3.542453147629846533e-01
3.530338549600337550e-01
3.521290950152998200e-01
3.515296700143281106e-01
3.512317870418480426e-01
3.512295500789607838e-01
3.515152085497444401e-01
3.520793389215490232e-01
3.529109692997973169e-01
3.539976570831847580e-01
3.553255297538551183e-01
3.568792989496213375e-01
3.586422581907174334e-01
3.605962750270464978e-01
3.627217888795722933e-01
3.649978263540629153e-01
3.674020461234440149e-01
3.699108253654853629e-01
3.724993989170643505e-01
3.751420604628908917e-01
3.778124319424408517e-01
3.804838027689119162e-01
3.831295344267953151e-01
3.857235188447371010e-01
3.882406712525503512e-01
3.906574309850499027e-01
3.929522380980694507e-01
3.951059509847151818e-01
3.971021714837209560e-01
3.989274498115594758e-01
4.005713518207733581e-01
4.020263845236798916e-01
4.032877907004782658e-01
4.043532374655914863e-01
4.052224346411900102e-01
4.058967249202694028e-01
4.063786881923492911e-01
4.066717971767843665e-01
4.067801517353150653e-01
4.067083066686662529e-01
4.064611944938832377e-01
4.060441326092705805e-01
4.054628949358261569e-01
4.047238225233435460e-01
4.038339460029069516e-01
4.028010948159524984e-01
4.016339730434682065e-01
4.003421883138845727e-01
3.989362275336649222e-01
3.974273800285225144e-01
3.958276143223048438e-01
3.941494187518569947e-01
3.924056182752269639e-01
3.906091803051465194e-01
3.887730215049648441e-01
3.869098256318276308e-01
3.850318801274245084e-01
3.831509366159174812e-01
3.812780980637613948e-01
3.794237332813226726e-01
3.775974178019184113e-01
3.758078989890331068e-01
3.740630824669267107e-01
3.723700365846744909e-01
3.707350115319792416e-01
3.691634698492528566e-01
3.676601253427933536e-01
3.662289877685348527e-01
3.648734110374055040e-01
3.635961430876356593e-01
3.623993759404378623e-01
3.612847947918285674e-01
3.602536252872334255e-01
3.593066783744377490e-01
3.584443923366319451e-01
3.576668717731105174e-01
3.569739234252755633e-01
3.563650888458226862e-01
3.558396739825614996e-01
3.553967758017642087e-01
3.550353061117816345e-01
3.547540127705562929e-01
3.545514984730799846e-01
3.544262373196711557e-01
3.543765893649454823e-01
3.544008133425515239e-01
3.544970777529194983e-01
3.546634704920004766e-01
3.548980071887178900e-01
3.551986384078857362e-01
3.555632558649656216e-01
3.559896977882998637e-01
3.564757535547583567e-01
3.570191677151620668e-01
3.576176435172373491e-01
3.582688460255344931e-01
3.589704049303753530e-01
3.597199171306509347e-01
3.605149491688993679e-01
3.613530395906448534e-01
3.622317012942845027e-01
3.631484239318384932e-01
3.641006764153338904e-01
3.650859095778262176e-01
3.661015590323734581e-01
3.671450482663253245e-01
3.682137920021221200e-01
3.693051998494005783e-01
3.704166802665372904e-01
3.715456448426268099e-01
3.726895129036384979e-01
3.738457164388268583e-01
3.750117053357072128e-01
3.761849529038386875e-01
3.773629616597268255e-01
3.785432693372124402e-01
3.797234550800661634e-01
3.809011457661224953e-01
3.820740224058228884e-01
3.832398265518331959e-01
3.843963666517590250e-01
3.855415242718276958e-01
3.866732601172030992e-01
3.877896197732444428e-01
3.888887390927857624e-01
3.899688491563675918e-01
3.910282807363238411e-01
3.920654682009805936e-01
3.930789528022890500e-01
3.940673852985446812e-01
3.950295278737935289e-01
3.959642553261117914e-01
