7.953201269552358428e-06
1.250168924085780838e-03
1.767806819251950589e-03
2.164883118357584409e-03
2.499531169736939930e-03
2.794271325998096654e-03
3.060654714543503685e-03
3.305543984039698013e-03
3.533411006800472702e-03
3.747362282999597456e-03
3.949659872754870439e-03
4.142011626237425762e-03
4.325744510683274605e-03
4.501913902738761963e-03
4.671375586345788075e-03
4.834834923307368588e-03
4.992881464834860936e-03
5.146013950063954220e-03
5.294658766482945519e-03
5.439183848250254104e-03
5.579909319131019438e-03
5.717115766201271744e-03
5.851050758753361357e-03
5.981934046948009231e-03
6.109961753033009771e-03
6.235309783950526534e-03
6.358136635154637561e-03
6.478585713347339778e-03
6.596787275337292686e-03
6.712860057832763065e-03
6.826912656335471299e-03
6.939044698791340879e-03
7.049347850147722264e-03
7.157906676674478941e-03
7.264799393260438706e-03
7.370098512487870124e-03
7.473871410818758339e-03
7.576180824474178233e-03
7.677085285392693144e-03
7.776639505886727595e-03
7.874894719188554534e-03
7.971898981914537358e-03
8.067697443527489451e-03
8.162332587093486247e-03
8.255844444984868427e-03
8.348270792643516444e-03
8.439647323071997748e-03
8.530007804344378469e-03
8.619384222113586971e-03
8.707806908825634767e-03
8.795304661125491474e-03
8.881904846746845744e-03
8.967633502014672048e-03
9.052515420948339248e-03
9.136574236833488322e-03
9.219832497025218579e-03
9.302311731657542451e-03
9.384032516853985442e-03
9.465014532968083621e-03
9.545276618322979731e-03
9.624836818867756050e-03
9.703712434123474770e-03
9.781920059752020544e-03
9.859475627045921620e-03
9.936394439607219853e-03
1.001269120745598880e-02
1.008838007878476613e-02
1.016347466955487208e-02
1.023798809111081676e-02
1.031193297597261457e-02
1.038532150195076859e-02
1.045816541471535771e-02
1.053047604893806929e-02
1.060226434811682196e-02
1.067354088318071478e-02
1.074431586996690488e-02
1.081459918565087254e-02
1.088440038420617276e-02
1.095372871096280190e-02
1.102259311632705109e-02
1.109100226872193271e-02
1.115896456680091041e-02
1.122648815098431160e-02
1.129358091436421553e-02
1.136025051301889008e-02
1.142650437577599938e-02
1.149234971345972425e-02
1.155779352765500152e-02
1.162284261901952616e-02
1.168750359517115901e-02
1.175178287817767522e-02
1.181568671167283931e-02
1.187922116762115884e-02
1.194239215275284642e-02
1.200520541468795728e-02
1.206766654776839087e-02
1.212978099861445648e-02
1.219155407142166921e-02
1.225299093301308526e-02
1.231409661766031186e-02
1.237487603168652833e-02
1.243533395786334574e-02
1.249547505961306863e-02
1.255530388502643438e-02
1.261482487070647238e-02
1.267404234544709449e-02
1.273296053375537126e-02
1.279158355922628901e-02
1.284991544777618587e-02
1.290796013074435068e-02
1.296572144786714044e-02
1.302320315013307493e-02
1.308040890252408495e-02
1.313734228664820147e-02
1.319400680326976438e-02
1.325040587474260456e-02
1.330654284734927861e-02
1.336242099355314586e-02
1.341804351416572491e-02
1.347341354043419571e-02
1.352853413605314449e-02
1.358340829910352487e-02
1.363803896392245564e-02
1.369242900290724117e-02
1.374658122825720384e-02
1.380049839365460329e-02
1.385418319588966295e-02
1.390763827643022935e-02
1.396086622293995008e-02
1.401386957074692366e-02
1.406665080426454904e-02
1.411921235836752740e-02
1.417155661972447668e-02
1.422368592808924068e-02
1.427560257755249550e-02
1.432730881775599353e-02
1.437880685507013888e-02
1.443009885373717181e-02
1.448118693698130510e-02
1.453207318808666382e-02
1.458275965144516587e-02
1.463324833357509611e-02
1.468354120411139406e-02
1.473364019676917137e-02
1.478354721028147037e-02
1.483326410931182227e-02
1.488279272534299112e-02
1.493213485754300504e-02
1.498129227360822310e-02
1.503026671058560471e-02
1.507905987567403037e-02
1.512767344700552755e-02
1.517610907440722703e-02
1.522436838014477878e-02
1.527245295964714533e-02
1.532036438221416955e-02
1.536810419170686615e-02
1.541567390722085526e-02
1.546307502374396139e-02
1.551030901279764306e-02
1.555737732306303536e-02
1.560428138099202722e-02
1.565102259140323943e-02
1.569760233806389779e-02
1.574402198425706861e-02
1.579028287333532690e-02
1.583638632926006110e-02
1.588233365712802062e-02
1.592812614368369767e-02
1.597376505781919823e-02
1.601925165106038440e-02
1.606458715804083906e-02
1.610977279696253206e-02
1.615480977004390278e-02
1.619969926395559492e-02
1.624444245024362146e-02
1.628904048574005697e-02
1.633349451296156260e-02
1.637780566049563610e-02
1.642197504337467723e-02
1.646600376343795510e-02
1.650989290968175871e-02
1.655364355859715447e-02
1.659725677449622877e-02
1.664073360982618738e-02
1.668407510547199879e-02
1.672728229104684938e-02
1.677035618517133328e-02
1.681329779574078365e-02
1.685610812018135257e-02
1.689878814569427748e-02
1.694133884948923960e-02
1.698376119900592979e-02
1.702605615212511234e-02
1.706822465736814939e-02
1.711026765408535377e-02
1.715218607263471057e-02
1.719398083454842102e-02
1.723565285269012745e-02
1.727720303140119207e-02
1.731863226663686930e-02
1.735994141155886711e-02
1.740113132342139407e-02
1.744220289573473678e-02
1.748315701271522388e-02
1.752399454935832726e-02
1.756471637150773535e-02
1.760532333591949966e-02
1.764581629032291668e-02
1.768619607347788822e-02
1.772646351522874641e-02
1.776661943655538298e-02
1.780666464962186654e-02
1.784659995782241979e-02
1.788642615582588385e-02
1.792614402961800052e-02
1.796575435654242797e-02
1.800525790534097600e-02
1.804465543619190177e-02
1.808394770074870511e-02
1.812313544217760211e-02
1.816221939519522752e-02
1.820120028610631296e-02
1.824007883284135476e-02
1.827885574499500676e-02
1.831753172386457046e-02
1.835610746248983113e-02
1.839458364569342141e-02
1.843296095012234709e-02
1.847124004429057803e-02
1.850942158862340509e-02
1.854750623550239716e-02
1.858549462931304019e-02
1.862338740649260860e-02
1.866118519558104469e-02
1.869888861727256671e-02
1.873649828446961527e-02
1.877401480233875652e-02
1.881143876836740073e-02
1.884877077242417404e-02
1.888601139681931815e-02
1.892316121636830259e-02
1.896022079845642930e-02
1.899719070310597682e-02
1.903407148304433333e-02
1.907086368377494331e-02
1.910756784364866720e-02
1.914418449393784014e-02
1.918071415891160064e-02
1.921715735591219415e-02
1.925351459543356639e-02
1.928978638120065064e-02
1.932597321025034467e-02
1.936207557301295595e-02
1.939809395339560372e-02
1.943402882886601651e-02
1.946988067053725957e-02
1.950564994325301033e-02
1.954133710567402399e-02
1.957694261036476216e-02
1.961246690388028166e-02
1.964791042685371664e-02
1.968327361408387169e-02
1.971855689462296071e-02
1.975376069186397798e-02
1.978888542362861047e-02
1.982393150225433137e-02
1.985889933468133750e-02
1.989378932253916404e-02
1.992860186223287602e-02
1.996333734502822935e-02
1.999799615713657164e-02
2.003257867979905266e-02
2.006708528936940877e-02
2.010151635739614376e-02
2.013587225070447018e-02
2.017015333147555850e-02
2.020435995732642112e-02
2.023849248138769735e-02
2.027255125238014086e-02
2.030653661469071503e-02
2.034044890844662057e-02
2.037428846958838982e-02
2.040805562994172512e-02
2.044175071728808468e-02
2.047537405543341585e-02
2.050892596427671133e-02
2.054240675987576564e-02
2.057581675451303910e-02
2.060915625675938806e-02
2.064242557153646990e-02
2.067562500017880792e-02
2.070875484049351095e-02
2.074181538681960091e-02
2.077480693008593171e-02
2.080772975786798068e-02
2.084058415444382112e-02
2.087337040084879039e-02
2.090608877492936349e-02
2.093873955139623558e-02
2.097132300187635329e-02
2.100383939496468233e-02
2.103628899627443122e-02
2.106867206848738253e-02
2.110098887140359272e-02
2.113323966198984993e-02
2.116542469442868682e-02
2.119754422016643589e-02
2.122959848796112173e-02
2.126158774392995429e-02
2.129351223159702683e-02
2.132537219194053507e-02
2.135716786343996865e-02
2.138889948212387843e-02
2.142056728161702284e-02
2.145217149318761826e-02
2.148371234579541517e-02
2.151519006613965973e-02
2.154660487870733998e-02
2.157795700582139029e-02
2.160924666769009281e-02
2.164047408245631590e-02
2.167163946624705781e-02
2.170274303322394099e-02
2.173378499563404648e-02
2.176476556386073430e-02
2.179568494647586563e-02
2.182654335029209428e-02
2.185734098041547738e-02
2.188807804029910611e-02
2.191875473179698969e-02
2.194937125521860891e-02
2.197992780938384794e-02
2.201042459167847076e-02
2.204086179811027418e-02
2.207123962336537265e-02
2.210155826086499659e-02
2.213181790282292907e-02
2.216201874030258867e-02
2.219216096327555204e-02
2.222224476067888310e-02
2.225227032047392972e-02
2.228223782970411432e-02
2.231214747455384853e-02
2.234199944040652849e-02
2.237179391190296032e-02
2.240153107299942131e-02
2.243121110702541582e-02
2.246083419674133053e-02
2.249040052439544440e-02
2.251991027178055008e-02
2.254936362028992641e-02
2.257876075097286356e-02
2.260810184458889732e-02
2.263738708166188746e-02
2.266661664253233344e-02
2.269579070740957577e-02
2.272490945642188093e-02
2.275397306966609606e-02
2.278298172725545453e-02
2.281193560936623649e-02
2.284083489628287514e-02
2.286967976844113751e-02
2.289847040647019494e-02
2.292720699123258071e-02
2.295588970386196540e-02
2.298451872579992949e-02
2.301309423882961364e-02
2.304161642510801217e-02
2.307008546719583469e-02
2.309850154808533798e-02
2.312686485122559740e-02
2.315517556054539836e-02
2.318343386047414661e-02
2.321163993596008640e-02
2.323979397248558676e-02
2.326789615608074527e-02
2.329594667333377209e-02
2.332394571139913969e-02
2.335189345800258581e-02
2.337979010144451003e-02
2.340763583059946723e-02
2.343543083491396797e-02
2.346317530440143392e-02
2.349086942963388852e-02
2.351851340173213151e-02
2.354610741235237809e-02
2.357365165367068457e-02
2.360114631836512933e-02
2.362859159959479136e-02
2.365598769097687626e-02
2.368333478656136498e-02
2.371063308080298762e-02
2.373788276853131679e-02
2.376508404491825197e-02
2.379223710544380727e-02
2.381934214585955042e-02
2.384639936214984907e-02
2.387340895049197206e-02
2.390037110721355065e-02
2.392728602874880095e-02
2.395415391159293542e-02
2.398097495225558901e-02
2.400774934721263548e-02
2.403447729285666107e-02
2.406115898544688644e-02
2.408779462105739219e-02
2.411438439552446647e-02
2.414092850439307839e-02
2.416742714286298360e-02
2.419388050573335197e-02
2.422028878734790863e-02
2.424665218153878796e-02
2.427297088157067545e-02
2.429924508008467210e-02
2.432547496904201301e-02
2.435166073966819195e-02
2.437780258239673550e-02
2.440390068681428867e-02
2.442995524160501003e-02
2.445596643449639979e-02
2.448193445220530132e-02
2.450785948038537373e-02
2.453374170357442915e-02
2.455958130514374407e-02
2.458537846724776973e-02
2.461113337077555641e-02
2.463684619530299297e-02
2.466251711904685756e-02
2.468814631881990559e-02
2.471373396998768207e-02
2.473928024642668005e-02
2.476478532048474041e-02
2.479024936294236398e-02
2.481567254297600139e-02
2.484105502812394145e-02
2.486639698425256728e-02
2.489169857552571766e-02
2.491695996437548813e-02
2.494218131147492301e-02
2.496736277571254270e-02
2.499250451416915042e-02
2.501760668209641533e-02
2.504266943289727362e-02
2.506769291810868536e-02
2.509267728738563338e-02
2.511762268848812332e-02
2.514252926726872478e-02
2.516739716766335649e-02
2.519222653168288681e-02
2.521701749940723561e-02
2.524177020898071833e-02
2.526648479660971100e-02
2.529116139656145679e-02
2.531580014116485006e-02
2.534040116081288235e-02
2.536496458396617776e-02
2.538949053715861687e-02
2.541397914500397731e-02
2.543843053020415287e-02
2.546284481355843426e-02
2.548722211397431298e-02
2.551156254847915597e-02
2.553586623223375734e-02
2.556013327854555345e-02
2.558436379888432560e-02
2.560855790289755587e-02
2.563271569842771186e-02
2.565683729152951759e-02
2.568092278648832077e-02
2.570497228583907764e-02
2.572898589038570202e-02
2.575296369922183692e-02
2.577690580975033202e-02
2.580081231770537525e-02
2.582468331717315685e-02
2.584851890061401480e-02
2.587231915888406689e-02
2.589608418125780021e-02
2.591981405545015771e-02
2.594350886763965858e-02
2.596716870249030085e-02
2.599079364317524732e-02
2.601438377139881838e-02
2.603793916741993855e-02
2.606145991007462540e-02
2.608494607679919669e-02
2.610839774365305080e-02
2.613181498534068378e-02
2.615519787523558695e-02
2.617854648540195867e-02
2.620186088661772758e-02
2.622514114839682303e-02
2.624838733901195195e-02
2.627159952551620312e-02
2.629477777376646938e-02
2.631792214844464600e-02
2.634103271308060185e-02
2.636410953007389812e-02
2.638715266071621143e-02
2.641016216521339249e-02
2.643313810270782674e-02
2.645608053130066306e-02
2.647898950807431318e-02
2.650186508911466302e-02
2.652470732953361374e-02
2.654751628349212231e-02
2.657029200422295762e-02
2.659303454405368555e-02
2.661574395443013635e-02
2.663842028594006622e-02
2.666106358833664203e-02
2.668367391056307089e-02
2.670625130077671286e-02
2.672879580637413377e-02
2.675130747401643916e-02
2.677378634965443815e-02
2.679623247855508067e-02
2.681864590532769335e-02
2.684102667395111413e-02
2.686337482780064637e-02
2.688569040967636603e-02
2.690797346183087038e-02
2.693022402599888274e-02
2.695244214342547642e-02
2.697462785489724429e-02
2.699678120077099799e-02
2.701890222100618993e-02
2.704099095519463258e-02
2.706304744259343045e-02
2.708507172215659023e-02
2.710706383256802909e-02
2.712902381227431589e-02
2.715095169951817211e-02
2.717284753237290615e-02
2.719471134877616408e-02
2.721654318656464497e-02
2.723834308350884734e-02
2.726011107734864838e-02
2.728184720582845640e-02
2.730355150673234935e-02
2.732522401792052830e-02
2.734686477736460522e-02
2.736847382318379276e-02
2.739005119368057711e-02
2.741159692737638043e-02
2.743311106304776106e-02
2.745459363976134395e-02
2.747604469690993409e-02
2.749746427424664547e-02
2.751885241192050802e-02
2.754020915051037452e-02
2.756153453105919526e-02
2.758282859510654064e-02
2.760409138472257745e-02
2.762532294253944309e-02
2.764652331178326164e-02
2.766769253630433842e-02
2.768883066060754544e-02
2.770993772988166251e-02
2.773101379002648054e-02
2.775205888768069590e-02
2.777307307024802149e-02
2.779405638592205574e-02
2.781500888370965277e-02
2.783593061345429609e-02
2.785682162585700200e-02
2.787768197249633831e-02
2.789851170584747159e-02
2.791931087929921951e-02
2.794007954716984377e-02
2.796081776472186808e-02
2.798152558817453353e-02
2.800220307471554954e-02
2.802285028251065221e-02
2.804346727071200737e-02
2.806405409946481980e-02
2.808461082991204477e-02
2.810513752419846467e-02
2.812563424547153551e-02
2.814610105788216757e-02
2.816653802658275474e-02
2.818694521772395142e-02
2.820732269844995060e-02
2.822767053689177394e-02
2.824798880215937877e-02
2.826827756433112834e-02
2.828853689444341124e-02
2.830876686447705154e-02
2.832896754734275449e-02
2.834913901686533788e-02
2.836928134776615235e-02
2.838939461564369410e-02
2.840947889695400602e-02
2.842953426898806729e-02
2.844956080984923849e-02
2.846955859842840303e-02
2.848952771437911549e-02
2.850946823808994668e-02
2.852938025065691191e-02
2.854926383385479258e-02
2.856911907010671950e-02
2.858894604245319424e-02
2.860874483452054834e-02
2.862851553048827505e-02
2.864825821505510156e-02
2.866797297340572051e-02
2.868765989117491588e-02
2.870731905441331611e-02
2.872695054955102731e-02
2.874655446336148862e-02
2.876613088292477236e-02
2.878567989559098136e-02
2.880520158894249796e-02
2.882469605075741598e-02
2.884416336897165783e-02
2.886360363164159823e-02
2.888301692690688899e-02
2.890240334295291619e-02
2.892176296797343421e-02
2.894109589013418166e-02
2.896040219753540784e-02
2.897968197817631444e-02
2.899893531991821691e-02
2.901816231044997488e-02
2.903736303725146239e-02
2.905653758756028895e-02
2.907568604833714668e-02
2.909480850623216014e-02
2.911390504755262398e-02
2.913297575823085156e-02
2.915202072379188131e-02
2.917104002932411483e-02
2.919003375944834860e-02
2.920900199828931759e-02
2.922794482944698902e-02
2.924686233596938620e-02
2.926575460032608197e-02
2.928462170438190376e-02
2.930346372937276886e-02
2.932228075588125260e-02
2.934107286381373858e-02
2.935984013237808929e-02
2.937858264006255188e-02
2.939730046461536128e-02
2.941599368302493314e-02
2.943466237150178105e-02
2.945330660546046503e-02
2.947192645950272999e-02
2.949052200740161570e-02
2.950909332208657629e-02
2.952764047562860331e-02
2.954616353922726035e-02
2.956466258319780452e-02
2.958313767695900515e-02
2.960158888902236773e-02
2.962001628698191641e-02
2.963841993750376130e-02
2.965679990631774413e-02
2.967515625820870556e-02
2.969348905700928271e-02
2.971179836559230056e-02
2.973008424586474560e-02
2.974834675876169079e-02
2.976658596424112610e-02
2.978480192127927473e-02
2.980299468786584000e-02
2.982116432100113609e-02
2.983931087669179291e-02
2.985743440994894499e-02
2.987553497478497369e-02
2.989361262421226864e-02
2.991166741024126052e-02
2.992969938387922066e-02
2.994770859512976835e-02
2.996569509299236087e-02
2.998365892546208528e-02
3.000160013953009214e-02
3.001951878118425121e-02
3.003741489540995291e-02
3.005528852619150301e-02
3.007313971651389556e-02
3.009096850836428041e-02
3.010877494273511007e-02
3.012655905962550659e-02
3.014432089804541803e-02
3.016206049601828990e-02
3.017977789058459703e-02
3.019747311780605209e-02
3.021514621276990067e-02
3.023279720959384104e-02
3.025042614143042680e-02
3.026803304047361379e-02
3.028561793796364851e-02
3.030318086419426377e-02
3.032072184851869467e-02
3.033824091935761330e-02
3.035573810420651858e-02
3.037321342964401441e-02
3.039066692134035491e-02
3.040809860406715887e-02
3.042550850170676682e-02
3.044289663726315598e-02
3.046026303287219239e-02
3.047760770981393016e-02
3.049493068852429656e-02
3.051223198860821689e-02
3.052951162885295805e-02
3.054676962724215544e-02
3.056400600097104389e-02
3.058122076646159829e-02
3.059841393937858325e-02
3.061558553464704957e-02
3.063273556646941426e-02
3.064986404834423722e-02
3.066697099308505342e-02
3.068405641283996135e-02
3.070112031911267220e-02
3.071816272278337506e-02
3.073518363413084778e-02
3.075218306285525810e-02
3.076916101810125981e-02
3.078611750848239681e-02
3.080305254210568416e-02
3.081996612659714321e-02
3.083685826912764896e-02
3.085372897644012707e-02
3.087057825487636922e-02
3.088740611040518419e-02
3.090421254865087161e-02
3.092099757492198717e-02
3.093776119424088145e-02
3.095450341137370720e-02
3.097122423086067292e-02
3.098792365704677865e-02
3.100460169411254491e-02
3.102125834610585525e-02
3.103789361697347621e-02
3.105450751059221637e-02
3.107110003080163982e-02
3.108767118143559993e-02
3.110422096635493544e-02
3.112074938947894526e-02
3.113725645481780352e-02
3.115374216650447156e-02
3.117020652882678683e-02
3.118664954625871566e-02
3.120307122349191137e-02
3.121947156546667212e-02
3.123585057740299598e-02
3.125220826483042502e-02
3.126854463361803532e-02
3.128485969000373290e-02
3.130115344062293914e-02
3.131742589253677655e-02
3.133367705325915131e-02
3.134990693078380797e-02
3.136611553360992705e-02
3.138230287076733405e-02
3.139846895184079945e-02
3.141461378699315909e-02
3.143073738698769215e-02
3.144683976320968716e-02
3.146292092768651627e-02
3.147898089310723069e-02
3.149501967284055320e-02
3.151103728095207973e-02
3.152703373222032202e-02
3.154300904215150136e-02
3.155896322699292683e-02
3.157489630374591544e-02
3.159080829017660991e-02
3.160669920482650497e-02
3.162256906702053116e-02
3.163841789687529826e-02
3.165424571530499331e-02
3.167005254402695952e-02
3.168583840556495057e-02
3.170160332325248215e-02
3.171734732123383804e-02
3.173307042446445875e-02
3.174877265871016430e-02
3.176445405054499627e-02
3.178011462734801201e-02
3.179575441729909357e-02
3.181137344937345901e-02
3.182697175333522310e-02
3.184254935973006989e-02
3.185810629987647496e-02
3.187364260585692777e-02
3.188915831050674610e-02
3.190465344740355674e-02
3.192012805085504140e-02
3.193558215588591237e-02
3.195101579822436089e-02
3.196642901428810996e-02
3.198182184116903776e-02
3.199719431661747493e-02
3.201254647902643941e-02
3.202787836741470551e-02
3.204319002140925549e-02
3.205848148122843189e-02
3.207375278766326498e-02
3.208900398205898064e-02
3.210423510629688976e-02
3.211944620277525780e-02
3.213463731438949422e-02
3.214980848451388928e-02
3.216495975698133863e-02
3.218009117606403929e-02
3.219520278645390809e-02
3.221029463324301401e-02
3.222536676190360799e-02
3.224041921826924229e-02
3.225545204851458514e-02
3.227046529913660949e-02
3.228545901693515019e-02
3.230043324899374568e-02
3.231538804266120141e-02
3.233032344553272291e-02
3.234523950543137516e-02
3.236013627039051321e-02
3.237501378863543583e-02
3.238987210856599658e-02
3.240471127873945784e-02
3.241953134785342805e-02
3.243433236472907655e-02
3.244911437829553491e-02
3.246387743757275790e-02
3.247862159165707668e-02
3.249334688970466345e-02
3.250805338091772301e-02
3.252274111452877620e-02
3.253741013978671964e-02
3.255206050594268430e-02
3.256669226223614377e-02
3.258130545788156390e-02
3.259590014205450414e-02
3.261047636387952309e-02
3.262503417241636311e-02
3.263957361664830692e-02
3.265409474546895896e-02
3.266859760767048398e-02
3.268308225193141542e-02
3.269754872680498414e-02
3.271199708070666318e-02
3.272642736190310014e-02
3.274083961850039748e-02
3.275523389843203875e-02
3.276961024944825829e-02
3.278396871910331523e-02
3.279830935474532805e-02
3.281263220350360416e-02
3.282693731227774581e-02
3.284122472772581930e-02
3.285549449625244783e-02
3.286974666399748030e-02
3.288398127682348737e-02
3.289819838030435400e-02
3.291239801971271306e-02
3.292658024000800349e-02
3.294074508582364724e-02
3.295489260145482990e-02
3.296902283084572616e-02
3.298313581757619795e-02
3.299723160484934609e-02
3.301131023547795862e-02
3.302537175187085505e-02
3.303941619602011881e-02
3.305344360948641452e-02
3.306745403338606781e-02
3.308144750837650749e-02
3.309542407464237390e-02
3.310938377188121090e-02
3.312332663928958809e-02
3.313725271554789076e-02
3.315116203880709433e-02
3.316505464667303393e-02
3.317893057619292208e-02
3.319278986384074231e-02
3.320663254550230287e-02
3.322045865646165025e-02
3.323426823138635189e-02
3.324806130431384038e-02
3.326183790863726508e-02
3.327559807709184331e-02
3.328934184174141275e-02
3.330306923396543495e-02
3.331678028444597789e-02
3.333047502315521216e-02
3.334415347934342050e-02
3.335781568152747234e-02
3.337146165747924276e-02
3.338509143421525271e-02
3.339870503798633705e-02
3.341230249426851290e-02
3.342588382775366768e-02
3.343944906234116304e-02
3.345299822113116661e-02
3.346653132641697059e-02
3.348004839967941987e-02
3.349354946158179802e-02
3.350703453196527543e-02
3.352050362984565490e-02
3.353395677341086678e-02
3.354739398001901907e-02
3.356081526619846683e-02
3.357422064764767344e-02
3.358761013923668159e-02
3.360098375500966683e-02
3.361434150818866373e-02
3.362768341117765986e-02
3.364100947556875054e-02
3.365431971214850881e-02
3.366761413090618021e-02
3.368089274104239111e-02
3.369415555097965420e-02
3.370740256837292254e-02
3.372063380012267630e-02
3.373384925238763488e-02
3.374704893059984195e-02
3.376023283947972992e-02
3.377340098305312704e-02
3.378655336466864639e-02
3.379968998701653182e-02
3.381281085214860732e-02
3.382591596149785163e-02
3.383900531590130351e-02
3.385207891562152377e-02
3.386513676037042342e-02
3.387817884933293222e-02
3.389120518119218689e-02
3.390421575415498989e-02
3.391721056597803846e-02
3.393018961399502792e-02
3.394315289514364398e-02
3.395610040599388729e-02
3.396903214277672417e-02
3.398194810141239031e-02
3.399484827753972149e-02
3.400773266654578270e-02
3.402060126359547632e-02
3.403345406366139331e-02
3.404629106155361573e-02
3.405911225194990788e-02
3.407191762942550495e-02
3.408470718848296416e-02
3.409748092358215465e-02
3.411023882916906086e-02
3.412298089970591114e-02
3.413570712969930809e-02
3.414841751372909434e-02
3.416111204647622607e-02
3.417379072275028573e-02
3.418645353751642579e-02
3.419910048592172958e-02
3.421173156332092680e-02
3.422434676530113767e-02
3.423694608770621456e-02
3.424952952666011213e-02
3.426209707858930698e-02
3.427464874024434976e-02
3.428718450872071666e-02
3.429970438147877942e-02
3.431220835636211719e-02
3.432469643161547429e-02
3.433716860590176750e-02
3.434962487831728917e-02
3.436206524840693805e-02
3.437448971617745874e-02
3.438689828210966110e-02
3.439929094717043834e-02
3.441166771282287706e-02
3.442402858103522229e-02
3.443637355428940533e-02
3.444870263558822560e-02
3.446101582846093636e-02
3.447331313696898325e-02
3.448559456570952225e-02
3.449786011981882672e-02
3.451010980497377922e-02
3.452234362739414752e-02
3.453456159384158536e-02
3.454676371161997939e-02
3.455894998857357570e-02
3.457112043308479404e-02
3.458327505407160496e-02
3.459541386098329008e-02
3.460753686379663963e-02
3.461964407301084540e-02
3.463173549964185249e-02
3.464381115521644738e-02
3.465587105176594351e-02
3.466791520181884689e-02
3.467994361839410455e-02
3.469195631499299992e-02
3.470395330559163105e-02
3.471593460463263947e-02
3.472790022701714024e-02
3.473985018809605529e-02
3.475178450366183530e-02
3.476370318993986241e-02
3.477560626358026236e-02
3.478749374164918917e-02
3.479936564162046386e-02
3.481122198136775425e-02
3.482306277915627607e-02
3.483488805363502139e-02
3.484669782382952830e-02
3.485849210913432444e-02
3.487027092930611999e-02
3.488203430445694503e-02
3.489378225504857073e-02
3.490551480188559819e-02
3.491723196611083713e-02
3.492893376919988663e-02
3.494062023295639585e-02
3.495229137950782439e-02
3.496394723130173687e-02
3.497558781110238907e-02
3.498721314198739718e-02
3.499882324734574640e-02
3.501041815087510556e-02
3.502199787658052954e-02
3.503356244877249559e-02
3.504511189206679922e-02
3.505664623138272235e-02
3.506816549194372024e-02
3.507966969927699824e-02
3.509115887921364363e-02
3.510263305788917376e-02
3.511409226174426468e-02
3.512553651752556988e-02
3.513696585228674729e-02
3.514838029338960418e-02
3.515977986850515880e-02
3.517116460561467428e-02
3.518253453301117134e-02
3.519388967930016376e-02
3.520523007340086580e-02
3.521655574454702481e-02
3.522786672228735150e-02
3.523916303648574194e-02
3.525044471732215884e-02
3.526171179529145883e-02
3.527296430120344800e-02
3.528420226618145250e-02
3.529542572166079195e-02
3.530663469938730842e-02
3.531782923141423003e-02
3.532900935009934684e-02
3.534017508810109037e-02
3.535132647837452985e-02
3.536246355416568232e-02
3.537358634900635013e-02
3.538469489670691831e-02
3.539578923134974187e-02
3.540686938728038191e-02
3.541793539909905697e-02
3.542898730165062321e-02
3.544002513001435345e-02
3.545104891949178716e-02
3.546205870559502454e-02
3.547305452403307774e-02
3.548403641069786119e-02
3.549500440164912035e-02
3.550595853309887473e-02
3.551689884139377917e-02
3.552782536299876892e-02
3.553873813447756824e-02
3.554963719247376114e-02
3.556052257369073794e-02
3.557139431487075371e-02
3.558225245277334831e-02
3.559309702415280885e-02
3.560392806573523666e-02
3.561474561419504525e-02
3.562554970613025784e-02
3.563634037803771470e-02
3.564711766628778783e-02
3.565788160709855437e-02
3.566863223650935943e-02
3.567936959035391403e-02
3.569009370423377459e-02
3.570080461349033063e-02
3.571150235317861743e-02
3.572218695803802690e-02
3.573285846246617575e-02
3.574351690049018537e-02
3.575416230573962018e-02
3.576479471141847527e-02
3.577541415027842703e-02
3.578602065459140363e-02
3.579661425612253728e-02
3.580719498610449719e-02
3.581776287521086510e-02
3.582831795353148829e-02
3.583886025054666691e-02
3.584938979510390866e-02
3.585990661539409374e-02
3.587041073892869442e-02
3.588090219251806323e-02
3.589138100225066491e-02
3.590184719347271070e-02
3.591230079076963150e-02
3.592274181794812005e-02
3.593317029801854079e-02
3.594358625318064965e-02
3.595398970480830070e-02
3.596438067343625533e-02
3.597475917874867063e-02
3.598512523956832326e-02
3.599547887384773465e-02
3.600582009866042099e-02
3.601614893019577240e-02
3.602646538375314789e-02
3.603676947373857936e-02
3.604706121366271082e-02
3.605734061614001423e-02
3.606760769288971935e-02
3.607786245473827702e-02
3.608810491162295353e-02
3.609833507259670171e-02
3.610855294583516228e-02
3.611875853864494890e-02
3.612895185747250215e-02
3.613913290791546939e-02
3.614930169473444532e-02
3.615945822186672487e-02
3.616960249244103448e-02
3.617973450879370667e-02
3.618985427248508358e-02
3.619996178431907768e-02
3.621005704436139339e-02
3.622014005196116937e-02
3.623021080577121245e-02
3.624026930377108324e-02
3.625031554329059824e-02
3.626034952103308895e-02
3.627037123310054845e-02
3.628038067501905550e-02
3.629037784176502440e-02
3.630036272779117723e-02
3.631033532705409128e-02
3.632029563304135789e-02
3.633024363879917840e-02
3.634017933696055691e-02
3.635010271977295176e-02
3.636001377912712051e-02
3.636991250658451469e-02
3.637979889340614559e-02
3.638967293058008312e-02
3.639953460884980813e-02
3.640938391874123936e-02
3.641922085059014907e-02
3.642904539456950225e-02
3.643885754071510968e-02
3.644865727895200969e-02
3.645844459911991992e-02
3.646821949099742638e-02
3.647798194432687324e-02
3.648773194883692117e-02
3.649746949426564691e-02
3.650719457038222732e-02
3.651690716700792955e-02
3.652660727403630320e-02
3.653629488145245657e-02
3.654596997935123659e-02
3.655563255795487437e-02
3.656528260762924309e-02
3.657492011889987987e-02
3.658454508246543335e-02
3.659415748921296396e-02
3.660375733022882411e-02
3.661334459681157838e-02
3.662291928048198864e-02
3.663248137299358886e-02
3.664203086634067186e-02
3.665156775276708079e-02
3.666109202477268320e-02
3.667060367512041397e-02
3.668010269684068847e-02
3.668958908323722429e-02
3.669906282789038576e-02
3.670852392466040365e-02
3.671797236769036576e-02
3.672740815140788234e-02
3.673683127052684849e-02
3.674624172004807565e-02
3.675563949526005486e-02
3.676502459173905391e-02
3.677439700534849282e-02
3.678375673223863856e-02
3.679310376884610545e-02
3.680243811189218978e-02
3.681175975838259229e-02
3.682106870560521161e-02
3.683036495113004710e-02
3.683964849280729759e-02
3.684891932876650789e-02
3.685817745741561818e-02
3.686742287744061708e-02
3.687665558780404973e-02
3.688587558774587133e-02
3.689508287678348181e-02
3.690427745471151766e-02
3.691345932160322585e-02
3.692262847781185853e-02
3.693178492397288654e-02
3.694092866100559536e-02
3.695005969011655456e-02
3.695917801280335785e-02
3.696828363085795377e-02
3.697737654637184290e-02
3.698645676174176083e-02
3.699552427967476437e-02
3.700457910319536470e-02
3.701362123565278550e-02
3.702265068072851939e-02
3.703166744244460601e-02
3.704067152517365874e-02
3.704966293364767016e-02
3.705864167296815670e-02
3.706760774861774660e-02
3.707656116647058131e-02
3.708550193280511775e-02
3.709443005431536933e-02
3.710334553812463798e-02
3.711224839179750462e-02
3.712113862335460895e-02
3.713001624128472317e-02
3.713888125456023259e-02
3.714773367265021553e-02
3.715657350553510513e-02
3.716540076372124718e-02
3.717421545825468077e-02
3.718301760073627893e-02
3.719180720333454399e-02
3.720058427880122698e-02
3.720934884048408831e-02
3.721810090234029672e-02
3.722684047895032100e-02
3.723556758552965668e-02
3.724428223794136461e-02
3.725298445270771447e-02
3.726167424702041264e-02
3.727035163875194040e-02
3.727901664646382507e-02
3.728766928941567443e-02
3.729630958757301079e-02
3.730493756161347430e-02
3.731355323293270021e-02
3.732215662364943981e-02
3.733074775660798206e-02
3.733932665538104712e-02
3.734789334427097984e-02
3.735644784830888243e-02
3.736499019325419807e-02
3.737352040558990229e-02
3.738203851252017845e-02
3.739054454196368005e-02
3.739903852254648081e-02
3.740752048359360926e-02
3.741599045511855709e-02
3.742444846781239898e-02
3.743289455302980379e-02
3.744132874277493472e-02
3.744975106968513601e-02
3.745816156701327337e-02
3.746656026860881866e-02
3.747494720889672087e-02
3.748332242285552091e-02
3.749168594599409238e-02
3.750003781432636324e-02
3.750837806434464267e-02
3.751670673299301734e-02
3.752502385763681336e-02
3.753332947603371661e-02
3.754162362630145827e-02
3.754990634688547962e-02
3.755817767652552819e-02
3.756643765422008896e-02
3.757468631919131524e-02
3.758292371084828026e-02
3.759114986874921571e-02
3.759936483256365314e-02
3.760756864203355920e-02
3.761576133693321500e-02
3.762394295703004599e-02
3.763211354204356457e-02
3.764027313160487470e-02
3.764842176521551731e-02
3.765655948220641980e-02
3.766468632169629044e-02
3.767280232255084543e-02
3.768090752334098126e-02
3.768900196230271643e-02
3.769708567729544019e-02
3.770515870576268691e-02
3.771322108469150891e-02
3.772127285057375046e-02
3.772931403936716221e-02
3.773734468645774387e-02
3.774536482662253084e-02
3.775337449399381734e-02
3.776137372202347658e-02
3.776936254344952226e-02
3.777734099026291981e-02
3.778530909367563972e-02
3.779326688409069546e-02
3.780121439107320819e-02
3.780915164332195044e-02
3.781707866864417178e-02
3.782499549393013305e-02
3.783290214513096439e-02
3.784079864723658565e-02
3.784868502425579873e-02
3.785656129919886398e-02
3.786442749406106201e-02
3.787228362980719909e-02
3.788012972636027598e-02
3.788796580258932400e-02
3.789579187630079393e-02
3.790360796423114520e-02
3.791141408204085766e-02
3.791921024431121195e-02
3.792699646454222862e-02
3.793477275515222402e-02
3.794253912747915652e-02
3.795029559178521306e-02
3.795804215726036879e-02
3.796577883202997827e-02
3.797350562316237355e-02
3.798122253668011206e-02
3.798892957756995481e-02
3.799662674979691068e-02
3.800431405631828768e-02
3.801199149909933322e-02
3.801965907913063686e-02
3.802731679644669877e-02
3.803496465014459538e-02
3.804260263840588546e-02
3.805023075851731579e-02
3.805784900689421213e-02
3.806545737910339150e-02
3.807305586988825319e-02
3.808064447319339796e-02
3.808822318219048236e-02
3.809579198930466287e-02
3.810335088624154654e-02
3.811089986401382246e-02
3.811843891296985698e-02
3.812596802282003372e-02
3.813348718266630633e-02
3.814099638102925321e-02
3.814849560587633970e-02
3.815598484464999968e-02
3.816346408429538428e-02
3.817093331128827705e-02
3.817839251166253722e-02
3.818584167103665494e-02
3.819328077464066717e-02
3.820070980734275451e-02
3.820812875367433914e-02
3.821553759785600163e-02
3.822293632382072620e-02
3.823032491523949139e-02
3.823770335554282224e-02
3.824507162794464621e-02
3.825242971546316539e-02
3.825977760094227687e-02
3.826711526707141792e-02
3.827444269640516150e-02
3.828175987138199288e-02
3.828906677434135153e-02
3.829636338754130453e-02
3.830364969317408969e-02
3.831092567338182514e-02
3.831819131027021375e-02
3.832544658592342002e-02
3.833269148241570667e-02
3.833992598182439648e-02
3.834715006624122430e-02
3.835436371778267600e-02
3.836156691860041767e-02
3.836875965089091289e-02
3.837594189690425595e-02
3.838311363895229728e-02
3.839027485941687995e-02
3.839742554075740305e-02
3.840456566551760098e-02
3.841169521633262807e-02
3.841881417593575460e-02
3.842592252716429957e-02
3.843302025296589652e-02
3.844010733640459976e-02
3.844718376066742077e-02
3.845424950906935202e-02
3.846130456506043765e-02
3.846834891223161607e-02
3.847538253432106897e-02
3.848240541522146563e-02
3.848941753898631191e-02
3.849641888983751370e-02
3.850340945217313460e-02
3.851038921057595155e-02
3.851735814982158723e-02
3.852431625488782901e-02
3.853126351096475971e-02
3.853819990346472185e-02
3.854512541803371134e-02
3.855204004056257683e-02
3.855894375720019668e-02
3.856583655436563590e-02
3.857271841876265539e-02
3.857958933739384644e-02
3.858644929757671510e-02
3.859329828695835102e-02
3.860013629353359343e-02
3.860696330566200374e-02
3.861377931208617720e-02
3.862058430195045022e-02
3.862737826482108561e-02
3.863416119070679777e-02
3.864093307007879230e-02
3.864769389389338672e-02
3.865444365361360435e-02
3.866118234123253061e-02
3.866790994929542730e-02
3.867462647092452521e-02
3.868133189984211684e-02
3.868802623039584165e-02
3.869470945758200775e-02
3.870138157707160576e-02
3.870804258523419250e-02
3.871469247916392575e-02
3.872133125670308706e-02
3.872795891646836630e-02
3.873457545787425960e-02
3.874118088115850733e-02
3.874777518740542964e-02
3.875435837856981702e-02
3.876093045750036992e-02
3.876749142796167419e-02
3.877404129465643334e-02
3.878058006324638235e-02
3.878710774037303494e-02
3.879362433367645330e-02
3.880012985181406637e-02
3.880662430447761463e-02
3.881310770240935931e-02
3.881958005741693862e-02
3.882604138238691938e-02
3.883249169129671108e-02
3.883893099922576531e-02
3.884535932236373584e-02
3.885177667801905516e-02
3.885818308462407611e-02
3.886457856173926306e-02
3.887096313005598824e-02
3.887733681139651787e-02
3.888369962871308927e-02
3.889005160608438594e-02
3.889639276871027784e-02
3.890272314290484090e-02
3.890904275608725316e-02
3.891535163677049131e-02
3.892164981454774436e-02
3.892793732007755053e-02
3.893421418506650550e-02
3.894048044224938943e-02
3.894673612536821844e-02
3.895298126914834708e-02
3.895921590927344663e-02
3.896544008235756917e-02
3.897165382591621235e-02
3.897785717833433805e-02
3.898405017883371793e-02
3.899023286743761446e-02
3.899640528493404645e-02
3.900256747283672998e-02
3.900871947334569323e-02
3.901486132930455375e-02
3.902099308415808709e-02
3.902711478190627747e-02
3.903322646705918719e-02
3.903932818458908521e-02
3.904541997988156266e-02
3.905150189868623195e-02
3.905757398706553862e-02
3.906363629134362164e-02
3.906968885805350150e-02
3.907573173388368543e-02
3.908176496562547342e-02
3.908778860011739159e-02
3.909380268419170024e-02
3.909980726461880635e-02
3.910580238805275166e-02
3.911178810097652031e-02
3.911776444964622929e-02
3.912373148003703976e-02
3.912968923778862435e-02
3.913563776815150164e-02
3.914157711593338473e-02
3.914750732544612644e-02
3.915342844045426735e-02
3.915934050412386846e-02
3.916524355897205156e-02
3.917113764681843385e-02
3.917702280873655574e-02
3.918289908500834778e-02
3.918876651507765402e-02
3.919462513750771038e-02
3.920047498993832480e-02
3.920631610904511816e-02
3.921214853050094401e-02
3.921797228893912635e-02
3.922378741791752998e-02
3.922959394988551063e-02
3.923539191615267596e-02
3.924118134685923576e-02
3.924696227094894713e-02
3.925273471614353082e-02
3.925849870891960636e-02
3.926425427448815980e-02
3.927000143677535082e-02
3.927574021840558871e-02
3.928147064068789746e-02
3.928719272360291226e-02
3.929290648579317896e-02
3.929861194455561840e-02
3.930430911583494141e-02
3.930999801422119244e-02
3.931567865294745973e-02
3.932135104389086755e-02
3.932701519757517139e-02
3.933267112317589964e-02
3.933831882852609207e-02
3.934395832012592409e-02
3.934958960315234483e-02
3.935521268147133128e-02
3.936082755765236973e-02
3.936643423298354788e-02
3.937203270748856204e-02
3.937762297994559096e-02
3.938320504790728677e-02
3.938877890772236878e-02
3.939434455455755740e-02
3.939990198242220021e-02
3.940545118419266218e-02
3.941099215163821473e-02
3.941652487544776429e-02
3.942204934525778137e-02
3.942756554968025740e-02
3.943307347633133453e-02
3.943857311186155234e-02
3.944406444198485240e-02
3.944954745150965753e-02
3.945502212436856337e-02
3.946048844365007691e-02
3.946594639162855078e-02
3.947139594979530430e-02
3.947683709888986925e-02
3.948226981893022958e-02
3.948769408924343582e-02
3.949310988849623338e-02
3.949851719472442790e-02
3.950391598536305560e-02
3.950930623727515884e-02
3.951468792678046460e-02
3.952006102968379231e-02
3.952542552130240694e-02
3.953078137649330970e-02
3.953612856967915479e-02
3.954146707487422863e-02
3.954679686570972824e-02
3.955211791545727718e-02
3.955743019705361407e-02
3.956273368312279021e-02
3.956802834599838087e-02
3.957331415774550248e-02
3.957859109018108112e-02
3.958385911489410713e-02
3.958911820326532771e-02
3.959436832648578070e-02
3.959960945557498141e-02
3.960484156139861683e-02
3.961006461468527529e-02
3.961527858604350222e-02
3.962048344597730865e-02
3.962567916490190162e-02
3.963086571315917184e-02
3.963604306103172409e-02
3.964121117875869793e-02
3.964637003654883363e-02
3.965151960459537689e-02
3.965665985308980401e-02
3.966179075223573436e-02
3.966691227226309263e-02
3.967202438344179238e-02
3.967712705609593299e-02
3.968222026061783703e-02
3.968730396748268441e-02
3.969237814726347263e-02
3.969744277064519988e-02
3.970249780844102572e-02
3.970754323160761989e-02
3.971257901126184348e-02
3.971760511869714544e-02
3.972262152540116664e-02
3.972762820307377402e-02
3.973262512364503229e-02
3.973761225929559049e-02
3.974258958247505608e-02
3.974755706592430354e-02
3.975251468269571514e-02
3.975746240617569066e-02
3.976240021010753883e-02
3.976732806861501407e-02
3.977224595622728953e-02
3.977715384790343062e-02
3.978205171905873500e-02
3.978693954559153062e-02
3.979181730391039701e-02
3.979668497096220531e-02
3.980154252426149064e-02
3.980638994191910973e-02
3.981122720267289694e-02
3.981605428591814683e-02
3.982087117173848528e-02
3.982567784093760110e-02
3.983047427507145632e-02
3.983526045648011493e-02
3.984003636832068179e-02
3.984480199459998484e-02
3.984955732020750013e-02
3.985430233094831853e-02
3.985903701357584872e-02
3.986376135582510999e-02
3.986847534644506752e-02
3.987317897523061372e-02
3.987787223305527123e-02
3.988255511190214042e-02
3.988722760489493702e-02
3.989188970632832898e-02
3.989654141169712148e-02
3.990118271772537251e-02
3.990581362239355168e-02
3.991043412496574072e-02
3.991504422601428737e-02
3.991964392744519474e-02
3.992423323251974299e-02
3.992881214587691574e-02
3.993338067355275967e-02
3.993793882299926518e-02
3.994248660310009691e-02
3.994702402418655318e-02
3.995155109804954946e-02
3.995606783795115080e-02
3.996057425863358548e-02
3.996507037632583692e-02
3.996955620874882709e-02
3.997403177511764383e-02
3.997849709614188785e-02
3.998295219402390327e-02
3.998739709245391349e-02
3.999183181660358188e-02
3.999625639311671366e-02
4.000067085009721690e-02
4.000507521709549541e-02
4.000946952509097654e-02
4.001385380647378559e-02
4.001822809502219441e-02
4.002259242587853649e-02
4.002694683552319305e-02
4.003129136174400637e-02
4.003562604360564464e-02
4.003995092141502538e-02
4.004426603668493484e-02
4.004857143209454573e-02
4.005286715144917853e-02
4.005715323963575381e-02
4.006142974257791839e-02
4.006569670718784781e-02
4.006995418131645281e-02
4.007420221370183028e-02
4.007844085391495254e-02
4.008267015230485009e-02
4.008689015994114369e-02
4.009110092855490415e-02
4.009530251047914440e-02
4.009949495858636248e-02
4.010367832622614009e-02
4.010785266716081210e-02
4.011201803550075440e-02
4.011617448563735422e-02
4.012032207217785390e-02
4.012446084987621869e-02
4.012859087356653726e-02
4.013271219809400048e-02
4.013682487824633133e-02
4.014092896868565880e-02
4.014502452387930242e-02
4.014911159803166013e-02
4.015319024501577683e-02
4.015726051830599552e-02
4.016132247091028229e-02
4.016537615530450106e-02
4.016942162336615413e-02
4.017345892630969778e-02
4.017748811462412001e-02
4.018150923800914431e-02
4.018552234531536094e-02
4.018952748448392093e-02
4.019352470248949150e-02
4.019751404528300320e-02
4.020149555773813721e-02
4.020546928359801375e-02
4.020943526542493374e-02
4.021339354455183424e-02
4.021734416103602688e-02
4.022128715361433099e-02
4.022522255966233529e-02
4.022915041515412460e-02
4.023307075462528165e-02
4.023698361113848404e-02
4.024088901625137021e-02
4.024478699998685488e-02
4.024867759080635876e-02
4.025256081558541837e-02
4.025643669959162729e-02
4.026030526646608154e-02
4.026416653820680258e-02
4.026802053515408236e-02
4.027186727598051214e-02
4.027570677768159413e-02
4.027953905556967695e-02
4.028336412327074290e-02
4.028718199272331851e-02
4.029099267417973057e-02
4.029479617620999182e-02
4.029859250570853868e-02
4.030238166790166277e-02
4.030616366635945969e-02
4.030993850300752107e-02
4.031370617814303281e-02
4.031746669045049858e-02
4.032122003702191815e-02
4.032496621337640363e-02
4.032870521348313336e-02
4.033243702978511758e-02
4.033616165322496949e-02
4.033987907327212658e-02
4.034358927795081429e-02
4.034729225387031354e-02
4.035098798625515182e-02
4.035467645897700822e-02
4.035835765458777036e-02
4.036203155435315326e-02
4.036569813828689429e-02
4.036935738518571126e-02
4.037300927266480183e-02
4.037665377719405063e-02
4.038029087413410462e-02
4.038392053777334345e-02
4.038754274136393402e-02
4.039115745715934902e-02
4.039476465645096964e-02
4.039836430960471597e-02
4.040195638609760109e-02
4.040554085455475009e-02
4.040911768278451083e-02
4.041268683781490401e-02
4.041624828592896984e-02
4.041980199269939317e-02
4.042334792302267055e-02
4.042688604115388107e-02
4.043041631073907016e-02
4.043393869484819547e-02
4.043745315600754536e-02
4.044095965623044353e-02
4.044445815704884872e-02
4.044794861954266463e-02
4.045143100436963263e-02
4.045490527179377432e-02
4.045837138171372305e-02
4.046182929369011860e-02
4.046527896697228732e-02
4.046872036052421434e-02
4.047215343305065466e-02
4.047557814302195356e-02
4.047899444869849928e-02
4.048240230815475932e-02
4.048580167930302537e-02
4.048919251991633245e-02
4.049257478765209972e-02
4.049594844007341210e-02
4.049931343467257083e-02
4.050266972889254163e-02
4.050601728014872199e-02
4.050935604585155503e-02
4.051268598342801230e-02
4.051600705034315297e-02
4.051931920412246702e-02
4.052262240237400337e-02
4.052591660281035929e-02
4.052920176327168278e-02
4.053247784174793256e-02
4.053574479640262296e-02
4.053900258559606923e-02
4.054225116790978467e-02
4.054549050217048228e-02
4.054872054747586663e-02
4.055194126321953058e-02
4.055515260911811415e-02
4.055835454523719352e-02
4.056154703201951539e-02
4.056473003031316193e-02
4.056790350140050683e-02
4.057106740702744185e-02
4.057422170943450479e-02
4.057736637138724400e-02
4.058050135620878962e-02
4.058362662781155733e-02
4.058674215073149877e-02
4.058984789016090167e-02
4.059294381198412516e-02
4.059602988281205138e-02
4.059910607001805671e-02
4.060217234177462137e-02
4.060522866708993900e-02
4.060827501584538674e-02
4.061131135883351562e-02
4.061433766779569410e-02
4.061735391546073687e-02
4.062036007558340878e-02
4.062335612298322018e-02
4.062634203358320845e-02
4.062931778444865694e-02
4.063228335382536305e-02
4.063523872117891927e-02
4.063818386723190568e-02
4.064111877400236605e-02
4.064404342484023019e-02
4.064695780446485329e-02
4.064986189900024471e-02
4.065275569601093514e-02
4.065563918453533182e-02
4.065851235511955264e-02
4.066137519984934501e-02
4.066422771238088762e-02
4.066706988797059302e-02
4.066990172350264110e-02
4.067272321751607550e-02
4.067553437022920770e-02
4.067833518356318151e-02
4.068112566116263706e-02
4.068390580841555609e-02
4.068667563247014424e-02
4.068943514225015906e-02
4.069218434846747640e-02
4.069492326363270684e-02
4.069765190206351552e-02
4.070037027988997885e-02
4.070307841505786672e-02
4.070577632732920448e-02
4.070846403827952514e-02
4.071114157129382405e-02
4.071380895155811419e-02
4.071646620604921218e-02
4.071911336352120048e-02
4.072175045448984954e-02
4.072437751121189137e-02
4.072699456766467468e-02
4.072960165951992201e-02
4.073219882411650838e-02
4.073478610042902126e-02
4.073736352903408603e-02
4.073993115207406174e-02
4.074248901321668448e-02
4.074503715761373240e-02
4.074757563185488901e-02
4.075010448392026030e-02
4.075262376312984575e-02
4.075513352009037249e-02
4.075763380663909030e-02
4.076012467578638693e-02
4.076260618165469807e-02
4.076507837941557161e-02
4.076754132522521223e-02
4.076999507615708396e-02
4.077243969013261832e-02
4.077487522585123564e-02
4.077730174271673724e-02
4.077971930076369766e-02
4.078212796058190009e-02
4.078452778323908567e-02
4.078691883020344605e-02
4.078930116326354161e-02
4.079167484444920500e-02
4.079403993595033528e-02
4.079639650003556023e-02
4.079874459897069039e-02
4.080108429493661121e-02
4.080341564994730691e-02
4.080573872576739175e-02
4.080805358383079312e-02
4.081036028515935138e-02
4.081265889028087845e-02
4.081494945915051936e-02
4.081723205106974062e-02
4.081950672460933627e-02
4.082177353753114329e-02
4.082403254671257420e-02
4.082628380807231533e-02
4.082852737649690644e-02
4.083076330576992236e-02
4.083299164850268115e-02
4.083521245606656913e-02
4.083742577852829403e-02
4.083963166458648431e-02
4.084183016151114731e-02
4.084402131508550748e-02
4.084620516955028702e-02
4.084838176755049149e-02
4.085055115008544291e-02
4.085271335646055435e-02
4.085486842424373294e-02
4.085701638922206030e-02
4.085915728536441971e-02
4.086129114478480318e-02
4.086341799771008726e-02
4.086553787245005703e-02
4.086765079537081624e-02
4.086975679087160446e-02
4.087185588136450082e-02
4.087394808725671597e-02
4.087603342693747061e-02
4.087811191676578304e-02
4.088018357106373846e-02
4.088224840211047290e-02
4.088430642014115324e-02
4.088635763334751150e-02
4.088840204788193877e-02
4.089043966786395229e-02
4.089247049538991680e-02
4.089449453054512518e-02
4.089651177141835625e-02
4.089852221411928446e-02
4.090052585279814468e-02
4.090252267966766608e-02
4.090451268502713622e-02
4.090649585728898391e-02
4.090847218300672217e-02
4.091044164690568058e-02
4.091240423191456338e-02
4.091435991919932513e-02
4.091630868819877420e-02
4.091825051666041213e-02
4.092018538067918043e-02
4.092211325473656125e-02
4.092403411174071193e-02
4.092594792306789714e-02
4.092785465860445532e-02
4.092975428679014593e-02
4.093164677466100410e-02
4.093353208789389519e-02
4.093541019085106952e-02
4.093728104662416878e-02
4.093914461708016844e-02
4.094100086290596713e-02
4.094284974365348245e-02
4.094469121778501752e-02
4.094652524271769067e-02
4.094835177486867706e-02
4.095017076969934694e-02
4.095198218175893218e-02
4.095378596472875471e-02
4.095558207146483137e-02
4.095737045404100607e-02
4.095915106378986842e-02
4.096092385134559449e-02
4.096268876668336667e-02
4.096444575916002168e-02
4.096619477755358146e-02
4.096793577010118120e-02
4.096966868453773974e-02
4.097139346813255534e-02
4.097311006772612341e-02
4.097481842976590655e-02
4.097651850034102206e-02
4.097821022521665191e-02
4.097989354986826538e-02
4.098156841951412777e-02
4.098323477914797563e-02
4.098489257357103288e-02
4.098654174742312473e-02
4.098818224521374315e-02
4.098981401135259883e-02
4.099143699017964576e-02
4.099305112599470335e-02
4.099465636308714800e-02
4.099625264576500783e-02
4.099783991838434200e-02
4.099941812537759300e-02
4.100098721128346557e-02
4.100254712077500835e-02
4.100409779868905563e-02
4.100563919005539848e-02
4.100717124012583092e-02
4.100869389440391088e-02
4.101020709867465169e-02
4.101171079903506017e-02
4.101320494192414734e-02
4.101468947415401467e-02
4.101616434294192565e-02
4.101762949594141977e-02
4.101908488127537639e-02
4.102053044756904382e-02
4.102196614398338076e-02
4.102339192024963277e-02
4.102480772670437370e-02
4.102621351432479690e-02
4.102760923476504729e-02
4.102899484039329581e-02
4.103037028432905686e-02
4.103173552048142853e-02
4.103309050358789484e-02
4.103443518925385669e-02
4.103576953399228067e-02
4.103709349526472178e-02
4.103840703152152047e-02
4.103971010224406052e-02
4.104100266798622193e-02
4.104228469041691640e-02
4.104355613236165823e-02
4.104481695784657769e-02
4.104606713214026259e-02
4.104730662179686962e-02
4.104853539469959650e-02
4.104975342010219741e-02
4.105096066867280902e-02
4.105215711253585448e-02
4.105334272531351025e-02
4.105451748216740193e-02
4.105568135983965472e-02
4.105683433669243820e-02
4.105797639274733069e-02
4.105910750972437129e-02
4.106022767107826016e-02
4.106133686203489175e-02
4.106243506962692358e-02
4.106352228272565352e-02
4.106459849207429180e-02
4.106566369031793701e-02
4.106671787203138024e-02
4.106776103374671499e-02
4.106879317397739426e-02
4.106981429324114280e-02
4.107082439408015623e-02
4.107182348107915604e-02
4.107281156088161272e-02
4.107378864220200682e-02
4.107475473583716008e-02
4.107570985467363933e-02
4.107665401369316183e-02
4.107758722997451040e-02
4.107850952269325590e-02
4.107942091311776733e-02
4.108032142460234931e-02
4.108121108257766635e-02
4.108208991453730224e-02
4.108295795002174511e-02
4.108381522059882662e-02
4.108466175984074042e-02
4.108549760329818085e-02
4.108632278847056812e-02
4.108713735477360907e-02
4.108794134350308991e-02
4.108873479779559523e-02
4.108951776258579908e-02
4.109029028456049476e-02
4.109105241210977283e-02
4.109180419527445893e-02
4.109254568569103983e-02
4.109327693653277297e-02
4.109399800244870754e-02
4.109470893949922904e-02
4.109540980508890468e-02
4.109610065789645605e-02
4.109678155780292080e-02
4.109745256581578271e-02
4.109811374399256062e-02
4.109876515536040054e-02
4.109940686383479341e-02
4.110003893413577414e-02
4.110066143170216374e-02
4.110127442260440994e-02
4.110187797345569299e-02
4.110247215132170617e-02
4.110305702362933300e-02
4.110363265807389505e-02
4.110419912252578911e-02
4.110475648493648604e-02
4.110530481324424501e-02
4.110584417527810008e-02
4.110637463866387287e-02
4.110689627072803415e-02
4.110740913840356392e-02
4.110791330813483996e-02
4.110840884578352561e-02
4.110889581653580371e-02
4.110937428480944400e-02
4.110984431416296603e-02
4.111030596720528091e-02
4.111075930550751184e-02
4.111120438951541833e-02
4.111164127846521354e-02
4.111207003029957591e-02
4.111249070158660285e-02
4.111290334744137354e-02
4.111330802144898267e-02
4.111370477559084941e-02
4.111409366017363537e-02
4.111447472376021650e-02
4.111484801310454074e-02
4.111521357308890040e-02
4.111557144666468794e-02
4.111592167479553861e-02
4.111626429640520552e-02
4.111659934832710694e-02
4.111692686525909857e-02
4.111724687972010545e-02
4.111755942201140990e-02
4.111786452018072191e-02
4.111816219999082228e-02
4.111845248489093274e-02
4.111873539599201349e-02
4.111901095204607837e-02
4.111927916942853534e-02
4.111954006212485691e-02
4.111979364171992196e-02
4.112003991739189568e-02
4.112027889590907231e-02
4.112051058163043726e-02
4.112073497650897691e-02
4.112095208009946407e-02
4.112116188956867202e-02
4.112136439970903723e-02
4.112155960295527796e-02
4.112174748940413543e-02
4.112192804683736241e-02
4.112210126074655053e-02
4.112226711436149651e-02
4.112242558868144104e-02
4.112257666250686283e-02
4.112272031247623388e-02
4.112285651310272627e-02
4.112298523681437445e-02
4.112310645399533393e-02
4.112322013302956852e-02
4.112332624034570339e-02
4.112342474046360580e-02
4.112351559604209006e-02
4.112359876792864161e-02
4.112367421520916888e-02
4.112374189525971890e-02
4.112380176379799857e-02
4.112385377493678329e-02
4.112389788123713835e-02
4.112393403376212592e-02
4.112396218213117127e-02
4.112398227457454702e-02
4.112399425798800301e-02
4.112399807798700069e-02
4.112399367896181490e-02
4.112398100413101887e-02
4.112395999559641246e-02
4.112393059439625048e-02
4.112389274055814475e-02
4.112384637315261854e-02
4.112379143034430168e-02
4.112372784944439558e-02
4.112365556696082752e-02
4.112357451864855074e-02
4.112348463955893541e-02
4.112338586408834790e-02
4.112327812602575849e-02
4.112316135859934996e-02
4.112303549452317464e-02
4.112290046604170218e-02
4.112275620497445050e-02
4.112260264275899302e-02
4.112243971049418800e-02
4.112226733898126374e-02
4.112208545876545884e-02
4.112189400017551844e-02
4.112169289336386341e-02
4.112148206834476127e-02
4.112126145503301744e-02
4.112103098328080686e-02
4.112079058291542161e-02
4.112054018377511028e-02
4.112027971574548635e-02
4.112000910879475696e-02
4.111972829300932636e-02
4.111943719862887203e-02
4.111913575608096977e-02
4.111882389601566323e-02
4.111850154934029722e-02
4.111816864725422599e-02
4.111782512128273753e-02
4.111747090331265009e-02
4.111710592562646538e-02
4.111673012093770840e-02
4.111634342242655171e-02
4.111594576377482213e-02
4.111553707920258260e-02
4.111511730350441568e-02
4.111468637208597759e-02
4.111424422100215526e-02
4.111379078699378686e-02
4.111332600752708871e-02
4.111284982083200645e-02
4.111236216594217618e-02
4.111186298273471207e-02
4.111135221197084744e-02
4.111082979533781795e-02
4.111029567549007863e-02
4.110974979609206131e-02
4.110919210186109174e-02
4.110862253861080617e-02
4.110804105329544239e-02
4.110744759405374205e-02
4.110684211025419227e-02
4.110622455254013541e-02
4.110559487287487185e-02
4.110495302458768568e-02
4.110429896241979408e-02
4.110363264256969296e-02
4.110295402273957815e-02
4.110226306218069114e-02
4.110155972173952510e-02
4.110084396390249750e-02
4.110011575284135826e-02
4.109937505445750150e-02
4.109862183642572914e-02
4.109785606823767451e-02
4.109707772124370634e-02
4.109628676869477720e-02
4.109548318578246789e-02
4.109466694967787992e-02
4.109383803956999370e-02
4.109299643670155655e-02
4.109214212440390201e-02
4.109127508813030516e-02
4.109039531548699248e-02
4.108950279626251423e-02
4.108859752245495878e-02
4.108767948829701588e-02
4.108674869027836851e-02
4.108580512716659972e-02
4.108484880002412354e-02
4.108387971222370039e-02
4.108289786946053151e-02
4.108190327976141143e-02
4.108089595349150025e-02
4.107987590335706457e-02
4.107884314440605339e-02
4.107779769402462172e-02
4.107673957193076764e-02
4.107566880016454841e-02
4.107458540307440398e-02
4.107348940730058684e-02
4.107238084175472703e-02
4.107125973759536558e-02
4.107012612820074710e-02
4.106898004913726169e-02
4.106782153812416070e-02
4.106665063499546908e-02
4.106546738165674226e-02
4.106427182203982451e-02
4.106306400205236851e-02
4.106184396952525933e-02
4.106061177415496616e-02
4.105936746744372895e-02
4.105811110263525576e-02
4.105684273464780404e-02
4.105556242000317491e-02
4.105427021675329274e-02
4.105296618440289202e-02
4.105165038382976167e-02
4.105032287720198486e-02
4.104898372789176492e-02
4.104763300038770379e-02
4.104627076020365972e-02
4.104489707378530111e-02
4.104351200841522412e-02
4.104211563211493385e-02
4.104070801354588183e-02
4.103928922190819284e-02
4.103785932683780974e-02
4.103641839830312471e-02
4.103496650649932076e-02
4.103350372174251887e-02
4.103203011436264147e-02
4.103054575459658126e-02
4.102905071247971158e-02
4.102754505773800048e-02
4.102602885968088808e-02
4.102450218709259577e-02
4.102296510812539210e-02
4.102141769019312934e-02
4.101985999986523107e-02
4.101829210276253246e-02
4.101671406345368948e-02
4.101512594535315637e-02
4.101352781062142516e-02
4.101191972006662523e-02
4.101030173304791998e-02
4.100867390738226204e-02
4.100703629925189081e-02
4.100538896311584774e-02
4.100373195162399648e-02
4.100206531553297895e-02
4.100038910362673039e-02
4.099870336263876369e-02
4.099700813717866571e-02
4.099530346966228506e-02
4.099358940024411951e-02
4.099186596675535171e-02
4.099013320464386934e-02
4.098839114691945479e-02
4.098663982410188922e-02
4.098487926417426763e-02
4.098310949253895774e-02
4.098133053197901277e-02
4.097954240262273451e-02
4.097774512191329488e-02
4.097593870458153542e-02
4.097412316262381837e-02
4.097229850528385370e-02
4.097046473903824537e-02
4.096862186758664509e-02
4.096676989184621503e-02
4.096490880994928946e-02
4.096303861724575474e-02
4.096115930630913476e-02
4.095927086694664543e-02
4.095737328621255197e-02
4.095546654842581458e-02
4.095355063519098837e-02
4.095162552542230133e-02
4.094969119537185398e-02
4.094774761866000479e-02
4.094579476630960668e-02
4.094383260678326891e-02
4.094186110602245771e-02
4.093988022749057293e-02
4.093788993221747496e-02
4.093589017884716880e-02
4.093388092368693137e-02
4.093186212075917985e-02
4.092983372185506757e-02
4.092779567658937079e-02
4.092574793245778997e-02
4.092369043489491043e-02
4.092162312733383517e-02
4.091954595126696265e-02
4.091745884630738905e-02
4.091536175025174693e-02
4.091325459914300910e-02
4.091113732733434039e-02
4.090900986755306723e-02
4.090687215096498741e-02
4.090472410723888091e-02
4.090256566461110410e-02
4.090039674994912916e-02
4.089821728881690155e-02
4.089602720553742188e-02
4.089382642325668782e-02
4.089161486400647721e-02
4.088939244876612505e-02
4.088715909752435596e-02
4.088491472933997173e-02
4.088265926240154668e-02
4.088039261408658864e-02
4.087811470101972156e-02
4.087582543912955668e-02
4.087352474370480049e-02
4.087121252944989069e-02
4.086888871053818983e-02
4.086655320066576169e-02
4.086420591310255257e-02
4.086184676074441913e-02
4.085947565616163818e-02
4.085709251164861000e-02
4.085469723927179914e-02
4.085228975091582948e-02
4.084986995833018997e-02
4.084743777317413616e-02
4.084499310706043995e-02
4.084253587159940996e-02
4.084006597844125341e-02
4.083758333931829243e-02
4.083508786608589652e-02
4.083257947076370659e-02
4.083005806557589434e-02
4.082752356299102631e-02
4.082497587576140036e-02
4.082241491696241703e-02
4.081984060003181203e-02
4.081725283880827809e-02
4.081465154756999669e-02
4.081203664107412032e-02
4.080940803459471439e-02
4.080676564396234357e-02
4.080410938560283945e-02
4.080143917657648445e-02
4.079875493461773694e-02
4.079605657817551162e-02
4.079334402645271723e-02
4.079061719944740427e-02
4.078787601799384321e-02
4.078512040380413012e-02
4.078235027951034736e-02
4.077956556870706434e-02
4.077676619599476804e-02
4.077395208702335599e-02
4.077112316853658686e-02
4.076827936841688482e-02
4.076542061573041470e-02
4.076254684077330881e-02
4.075965797511785921e-02
4.075675395165902215e-02
4.075383470466199809e-02
4.075090016980930513e-02
4.074795028424925414e-02
4.074498498664315405e-02
4.074200421721417553e-02
4.073900791779556246e-02
4.073599603187853802e-02
4.073296850466147367e-02
4.072992528309701127e-02
4.072686631594042705e-02
4.072379155379696886e-02
4.072070094916906136e-02
4.071759445650203341e-02
4.071447203223077516e-02
4.071133363482364043e-02
4.070817922482701523e-02
4.070500876490776299e-02
4.070182221989483012e-02
4.069861955681957494e-02
4.069540074495466703e-02
4.069216575585039852e-02
4.068891456337116186e-02
4.068564714372792379e-02
4.068236347551003329e-02
4.067906353971444816e-02
4.067574731977251223e-02
4.067241480157413047e-02
4.066906597349005670e-02
4.066570082639079514e-02
4.066231935366280276e-02
4.065892155122184659e-02
4.065550741752314151e-02
4.065207695356863604e-02
4.064863016291046793e-02
4.064516705165122784e-02
4.064168762844083682e-02
4.063819190446973928e-02
4.063467989345832809e-02
4.063115161164279621e-02
4.062760707775674857e-02
4.062404631300969848e-02
4.062046934106054025e-02
4.061687618798838495e-02
4.061326688225776887e-02
4.060964145468137082e-02
4.060599993837783750e-02
4.060234236872548030e-02
4.059866878331234996e-02
4.059497922188198826e-02
4.059127372627554381e-02
4.058755234036916237e-02
4.058381511000822006e-02
4.058006208293733763e-02
4.057629330872671025e-02
4.057250883869460006e-02
4.056870872582616500e-02
4.056489302468915814e-02
4.056106179134565115e-02
4.055721508326061431e-02
4.055335295920792227e-02
4.054947547917241157e-02
4.054558270424962751e-02
4.054167469654267747e-02
4.053775151905671115e-02
4.053381323559063915e-02
4.052985991062707516e-02
4.052589160921998834e-02
4.052190839688076668e-02
4.051791033946210152e-02
4.051389750304155990e-02
4.050986995380272820e-02
4.050582775791618240e-02
4.050177098141949372e-02
4.049769969009671400e-02
4.049361394935734049e-02
4.048951382411564159e-02
4.048539937866978133e-02
4.048127067658161687e-02
4.047712778055671812e-02
4.047297075232596242e-02
4.046879965252707378e-02
4.046461454058910417e-02
4.046041547461655397e-02
4.045620251127722555e-02
4.045197570569038226e-02
4.044773511131822402e-02
4.044348077985918805e-02
4.043921276114446212e-02
4.043493110303612859e-02
4.043063585133026272e-02
4.042632704966134249e-02
4.042200473941080785e-02
4.041766895961958900e-02
4.041331974690333395e-02
4.040895713537275696e-02
4.040458115655635313e-02
4.040019183932880287e-02
4.039578920984285282e-02
4.039137329146518657e-02
4.038694410471772162e-02
4.038250166722227863e-02
4.037804599365073938e-02
4.037357709567930553e-02
4.036909498194799634e-02
4.036459965802395577e-02
4.036009112637042873e-02
4.035556938632008095e-02
4.035103443405300971e-02
4.034648626257972964e-02
4.034192486172848841e-02
4.033735021813789068e-02
4.033276231525332461e-02
4.032816113332896024e-02
4.032354664943284261e-02
4.031891883745822996e-02
4.031427766813752700e-02
4.030962310906145707e-02
4.030495512470192582e-02
4.030027367643926328e-02
4.029557872259272727e-02
4.029087021845523947e-02
4.028614811633170201e-02
4.028141236558027694e-02
4.027666291265741272e-02
4.027189970116571566e-02
4.026712267190504790e-02
4.026233176292615124e-02
4.025752690958667168e-02
4.025270804461049401e-02
4.024787509814801989e-02
4.024302799784006124e-02
4.023816666888187232e-02
4.023329103409044316e-02
4.022840101397255619e-02
4.022349652679418214e-02
4.021857748865151350e-02
4.021364381354210898e-02
4.020869541343834175e-02
4.020373219835966794e-02
4.019875407644697696e-02
4.019376095403645599e-02
4.018875273573378759e-02
4.018372932448864565e-02
4.017869062166867788e-02
4.017363652713352995e-02
4.016856693930859201e-02
4.016348175525789876e-02
4.015838087075700169e-02
4.015326418036446743e-02
4.014813157749310552e-02
4.014298295448016918e-02
4.013781820265662631e-02
4.013263721241507043e-02
4.012743987327723610e-02
4.012222607395960622e-02
4.011699570243866531e-02
4.011174864601380757e-02
4.010648479137013389e-02
4.010120402463963896e-02
4.009590623146038618e-02
4.009059129703551605e-02
4.008525910619039484e-02
4.007990954342834089e-02
4.007454249298585125e-02
4.006915783888553850e-02
4.006375546498890799e-02
4.005833525504741421e-02
4.005289709275282328e-02
4.004744086178590318e-02
4.004196644586498210e-02
4.003647372879290400e-02
4.003096259450339423e-02
4.002543292710673828e-02
4.001988461093471117e-02
4.001431753058466712e-02
4.000873157096308114e-02
4.000312661732918079e-02
3.999750255533728038e-02
3.999185927107926780e-02
3.998619665112710525e-02
3.998051458257455976e-02
3.997481295307924593e-02
3.996909165090438421e-02
3.996335056496096161e-02
3.995758958484935813e-02
3.995180860090215280e-02
3.994600750422590274e-02
3.994018618674448351e-02
3.993434454124161065e-02
3.992848246140487389e-02
3.992259984186909832e-02
3.991669657826107942e-02
3.991077256724422789e-02
3.990482770656393618e-02
3.989886189509345843e-02
3.989287503288053982e-02
3.988686702119399047e-02
3.988083776257159152e-02
3.987478716086758496e-02
3.986871512130167605e-02
3.986262155050765421e-02
3.985650635658287422e-02
3.985036944913799423e-02
3.984421073934712315e-02
3.983803013999805825e-02
3.983182756554284887e-02
3.982560293214881808e-02
3.981935615774864073e-02
3.981308716209164267e-02
3.980679586679386484e-02
3.980048219538884213e-02
3.979414607337685567e-02
3.978778742827514259e-02
3.978140618966639203e-02
3.977500228924667203e-02
3.976857566087320384e-02
3.976212624061045697e-02
3.975565396677534225e-02
3.974915877998123209e-02
3.974264062318054458e-02
3.973609944170554409e-02
3.972953518330795547e-02
3.972294779819584426e-02
3.971633723906965036e-02
3.970970346115514776e-02
3.970304642223426023e-02
3.969636608267378131e-02
3.968966240545133972e-02
3.968293535617792300e-02
3.967618490311890234e-02
3.966941101721065122e-02
3.966261367207465915e-02
3.965579284402809962e-02
3.964894851209118526e-02
3.964208065799072755e-02
3.963518926616012295e-02
3.962827432373534908e-02
3.962133582054724878e-02
3.961437374910990739e-02
3.960738810460455450e-02
3.960037888485973961e-02
3.959334609032660185e-02
3.958628972405096869e-02
3.957920979163984804e-02
3.957210630122396516e-02
3.956497926341665666e-02
3.955782869126671375e-02
3.955065460020828344e-02
3.954345700800538516e-02
3.953623593469239583e-02
3.952899140250962229e-02
3.952172343583516129e-02
3.951443206111175666e-02
3.950711730676996492e-02
3.949977920314627633e-02
3.949241778239806488e-02
3.948503307841351451e-02
3.947762512671855462e-02
3.947019396437911193e-02
3.946273962990019812e-02
3.945526216312132683e-02
3.944776160510818364e-02
3.944023799804151353e-02
3.943269138510280963e-02
3.942512181035669194e-02
3.941752931863114207e-02
3.940991395539485825e-02
3.940227576663230674e-02
3.939461479871707306e-02
3.938693109828264594e-02
3.937922471209221592e-02
3.937149568690672535e-02
3.936374406935175263e-02
3.935596990578374421e-02
3.934817324215524048e-02
3.934035412387969222e-02
3.933251259569665870e-02
3.932464870153622172e-02
3.931676248438466248e-02
3.930885398614989562e-02
3.930092324752876981e-02
3.929297030787455569e-02
3.928499520506629344e-02
3.927699797537990284e-02
3.926897865336112514e-02
3.926093727170015119e-02
3.925287386110951765e-02
3.924478845020383522e-02
3.923668106538306943e-02
3.922855173071829876e-02
3.922040046784126127e-02
3.921222729583711403e-02
3.920403223114114766e-02
3.919581528743937282e-02
3.918757647557317980e-02
3.917931580344797410e-02
3.917103327594705781e-02
3.916272889484898739e-02
3.915440265875071157e-02
3.914605456299481701e-02
3.913768459960194346e-02
3.912929275720831990e-02
3.912087902100866432e-02
3.911244337270357307e-02
3.910398579045275269e-02
3.909550624883376818e-02
3.908700471880534322e-02
3.907848116767665553e-02
3.906993555908168381e-02
3.906136785295918901e-02
3.905277800553765694e-02
3.904416596932572953e-02
3.903553169310784027e-02
3.902687512194515096e-02
3.901819619718092935e-02
3.900949485645209547e-02
3.900077103370453574e-02
3.899202465921373928e-02
3.898325565961007627e-02
3.897446395790858664e-02
3.896564947354304309e-02
3.895681212240430930e-02
3.894795181688280594e-02
3.893906846591500825e-02
3.893016197503328113e-02
3.892123224641965556e-02
3.891227917896294269e-02
3.890330266831877604e-02
3.889430260697274155e-02
3.888527888430633184e-02
3.887623138666560646e-02
3.886715999743196870e-02
3.885806459709501004e-02
3.884894506332804698e-02
3.883980127106418517e-02
3.883063309257524937e-02
3.882144039755117820e-02
3.881222305318071664e-02
3.880298092423359324e-02
3.879371387314253794e-02
3.878442176008690956e-02
3.877510444307579601e-02
3.876576177803191248e-02
3.875639361887548567e-02
3.874699981760762468e-02
3.873758022439395543e-02
3.872813468764736006e-02
3.871866305411077180e-02
3.870916516893835313e-02
3.869964087577679179e-02
3.869009001684525773e-02
3.868051243301411785e-02
3.867090796388288065e-02
3.866127644785705836e-02
3.865161772222309305e-02
3.864193162322267228e-02
3.863221798612519187e-02
3.862247664529898372e-02
3.861270743428095453e-02
3.860291018584475348e-02
3.859308473206755213e-02
3.858323090439491621e-02
3.857334853370494865e-02
3.856343745036974746e-02
3.855349748431649570e-02
3.854352851006678099e-02
3.853353044581853126e-02
3.852350320724041988e-02
3.851344670741672915e-02
3.850336085679683523e-02
3.849324556314749624e-02
3.848310073150996991e-02
3.847292626416091293e-02
3.846272206057808896e-02
3.845248801741069783e-02
3.844222402845477032e-02
3.843192998463360044e-02
3.842160577398358312e-02
3.841125128164614433e-02
3.840086638986439649e-02
3.839045097798722550e-02
3.838000492247822804e-02
3.836952809693200406e-02
3.835902037209609067e-02
3.834848161590059812e-02
3.833791169349375083e-02
3.832731046728470037e-02
3.831667779699370058e-02
3.830601353970905509e-02
3.829531754995157966e-02
3.828458967974608662e-02
3.827382977870097402e-02
3.826303769409444139e-02
3.825221327096891416e-02
3.824135635223247648e-02
3.823046677876830446e-02
3.821954438955105227e-02
3.820858902177170363e-02
3.819760051096861980e-02
3.818657869116696968e-02
3.817552339502515435e-02
3.816443445398837869e-02
3.815331169844965453e-02
3.814215495791731941e-02
3.813096406119000081e-02
3.811973883653772821e-02
3.810847911189024773e-02
3.809718471503089482e-02
3.808585547379728098e-02
3.807449121628752459e-02
3.806309177107237984e-02
3.805165696741248660e-02
3.804018663548123375e-02
3.802868060659221616e-02
3.801713871343134071e-02
3.800556079029308865e-02
3.799394667332101072e-02
3.798229620075171953e-02
3.797060921316212229e-02
3.795888555371958184e-02
3.794712506843463118e-02
3.793532760641596391e-02
3.792349302012713169e-02
3.791162116564473356e-02
3.789971190291718112e-02
3.788776509602477527e-02
3.787578061343922081e-02
3.786375832828330068e-02
3.785169811858962036e-02
3.783959986755836002e-02
3.782746346381326424e-02
3.781528880165592466e-02
3.780307578131721080e-02
3.779082430920589070e-02
3.777853429815419828e-02
3.776620566765909182e-02
3.775383834411962652e-02
3.774143226106942833e-02
3.772898735940413695e-02
3.771650358760304106e-02
3.770398090194519714e-02
3.769141926671826237e-02
3.767881865442148509e-02
3.766617904596029909e-02
3.765350043083426357e-02
3.764078280731614906e-02
3.762802618262274523e-02
3.761523057307707141e-02
3.760239600426078938e-02
3.758952251115756787e-02
3.757661013828595548e-02
3.756365893982245574e-02
3.755066897971361117e-02
3.753764033177720005e-02
3.752457307979230328e-02
3.751146731757799835e-02
3.749832314905981318e-02
3.748514068832446006e-02
3.747192005966235723e-02
3.745866139759759100e-02
3.744536484690504097e-02
3.743203056261494577e-02
3.741865871000390337e-02
3.740524946457352701e-02
3.739180301201487644e-02
3.737831954816027424e-02
3.736479927892116804e-02
3.735124242021243407e-02
3.733764919786316389e-02
3.732401984751404500e-02
3.731035461450067647e-02
3.729665375372330505e-02
3.728291752950333576e-02
3.726914621542580519e-02
3.725534009416863607e-02
3.724149945731849987e-02
3.722762460517315547e-02
3.721371584653097170e-02
3.719977349846698145e-02
3.718579788609664011e-02
3.717178934232666376e-02
3.715774820759302349e-02
3.714367482958763622e-02
3.712956956297198963e-02
3.711543276908006728e-02
3.710126481560903355e-02
3.708706607629908003e-02
3.707283693060269003e-02
3.705857776334277320e-02
3.704428896436119667e-02
3.702997092815719926e-02
3.701562405351628560e-02
3.700124874313039103e-02
3.698684540320894970e-02
3.697241444308212166e-02
3.695795627479577655e-02
3.694347131269930945e-02
3.692895997302644839e-02
3.691442267346953243e-02
3.689985983274764181e-02
3.688527187016928804e-02
3.687065920518990680e-02
3.685602225696480577e-02
3.684136144389770634e-02
3.682667718318639871e-02
3.681196989036399081e-02
3.679723997883897757e-02
3.678248785943212529e-02
3.676771393991226655e-02
3.675291862453102659e-02
3.673810231355663369e-02
3.672326540280824309e-02
3.670840828319020532e-02
3.669353134022788204e-02
3.667863495360450254e-02
3.666371949670051145e-02
3.664878533613519923e-02
3.663383283131164958e-02
3.661886233396520474e-02
3.660387418771616358e-02
3.658886872762694142e-02
3.657384627976476010e-02
3.655880716076955611e-02
3.654375167742847375e-02
3.652868012625681837e-02
3.651359279308608735e-02
3.649848995265990437e-02
3.648337186823792655e-02
3.646823879120805051e-02
3.645309096070863814e-02
3.643792860325875682e-02
3.642275193239989661e-02
3.640756114834714507e-02
3.639235643765145745e-02
3.637713797287343148e-02
3.636190591226850372e-02
3.634666039948406674e-02
3.633140156326972875e-02
3.631612951719985494e-02
3.630084435940964666e-02
3.628554617234468899e-02
3.627023502252479242e-02
3.625491096032192051e-02
3.623957401975279324e-02
3.622422421828672828e-02
3.620886155666863671e-02
3.619348601875765209e-02
3.617809757138167048e-02
3.616269616420833555e-02
3.614728172963210806e-02
3.613185418267830101e-02
3.611641342092410806e-02
3.610095932443679878e-02
3.608549175572911549e-02
3.607001055973253073e-02
3.605451556378834466e-02
3.603900657765650439e-02
3.602348339354275591e-02
3.600794578614400360e-02
3.599239351271198151e-02
3.597682631313568052e-02
3.596124391004214965e-02
3.594564600891617112e-02
3.593003229823842765e-02
3.591440244964290429e-02
3.591420870470747595e-02
3.591401928460711407e-02
3.591383409571279051e-02
3.591365304420161830e-02
3.591347603612625450e-02
3.591330297748326211e-02
3.591313377428125703e-02
3.591296833260798627e-02
3.591280655869712179e-02
3.591264835899429797e-02
3.591249364022179591e-02
3.591234230944351236e-02
3.591219427412810361e-02
3.591204944221197681e-02
3.591190772216108079e-02
3.591176902303204466e-02
3.591163325453192862e-02
3.591150032707779438e-02
3.591137015185439513e-02
3.591124264087166423e-02
3.591111770702036521e-02
3.591099526412733917e-02
3.591087522700937146e-02
3.591075751152549012e-02
3.591064203462886184e-02
3.591052871441664796e-02
3.591041747017918034e-02
3.591030822244752757e-02
3.591020089303972873e-02
3.591009540510568809e-02
3.590999168317066809e-02
3.590988965317720716e-02
3.590978924252554577e-02
3.590969038011272013e-02
3.590959299636954649e-02
3.590949702329662013e-02
3.590940239449812166e-02
3.590930904521431877e-02
3.590921691235181984e-02
3.590912593451264789e-02
3.590903605202103860e-02
3.590894720694839948e-02
3.590885934313702010e-02
3.590877240622071531e-02
3.590868634364470513e-02
3.590860110468270527e-02
3.590851664045228986e-02
3.590843290392845694e-02
3.590834984995469603e-02
3.590826743525243198e-02
3.590818561842792217e-02
3.590810435997757871e-02
3.590802362229070233e-02
3.590794336965050931e-02
3.590786356823254949e-02
3.590778418610168082e-02
3.590770519320622689e-02
3.590762656137035796e-02
3.590754826428443208e-02
3.590747027749310177e-02
3.590739257838121423e-02
3.590731514615796288e-02
3.590723796183867278e-02
3.590716100822484436e-02
3.590708426988179630e-02
3.590700773311499006e-02
3.590693138594364814e-02
3.590685521807325531e-02
3.590677922086544377e-02
3.590670338730676814e-02
3.590662771197532938e-02
3.590655219100574030e-02
3.590647682205265478e-02
3.590640160425234706e-02
3.590632653818323639e-02
3.590625162582443408e-02
3.590617687051327750e-02
3.590610227690153866e-02
3.590602785091002308e-02
3.590595359968244693e-02
3.590587953153777379e-02
3.590580565592197543e-02
3.590573198335849509e-02
3.590565852539796821e-02
3.590558529456724240e-02
3.590551230431768270e-02
3.590543956897263717e-02
3.590536710367479845e-02
3.590529492433271186e-02
3.590522304756728345e-02
3.590515149065785783e-02
3.590508027148807402e-02
3.590500940849168654e-02
3.590493892059866410e-02
3.590486882718084416e-02
3.590479914799822592e-02
3.590472990314536733e-02
3.590466111299811525e-02
3.590459279816076571e-02
3.590452497941377247e-02
3.590445767766214935e-02
3.590439091388424736e-02
3.590432470908162810e-02
3.590425908422960333e-02
3.590419406022858639e-02
3.590412965785663713e-02
3.590406589772277696e-02
3.590400280022162938e-02
3.590394038548908734e-02
3.590387867335924355e-02
3.590381768332256279e-02
3.590375743448546292e-02
3.590369794553118638e-02
3.590363923468199020e-02
3.590358131966321642e-02
3.590352421766832003e-02
3.590346794532577046e-02
3.590341251866747962e-02
3.590335795309878425e-02
3.590330426337003805e-02
3.590325146354990393e-02
3.590319956700026988e-02
3.590314858635286488e-02
3.590309853348758184e-02
3.590304941951245193e-02
3.590300125474530507e-02
3.590295404869730395e-02
3.590290781005794213e-02
3.590286254668191568e-02
3.590281826557754907e-02
3.590277497289708769e-02
3.590273267392839196e-02
3.590269137308858827e-02
3.590265107391906602e-02
3.590261177908215390e-02
3.590257349035957946e-02
3.590253620865216377e-02
3.590249993398132722e-02
3.590246466549177479e-02
3.590243040145597864e-02
3.590239713927983328e-02
3.590236487550980959e-02
3.590233360584139943e-02
3.590230332512892725e-02
3.590227402739647189e-02
3.590224570585030806e-02
3.590221835289219426e-02
3.590219196013397923e-02
3.590216651841327683e-02
3.590214201781006392e-02
3.590211844766448557e-02
3.590209579659534023e-02
3.590207405251976541e-02
3.590205320267340905e-02
3.590203323363179433e-02
3.590201413133205927e-02
3.590199588109577872e-02
3.590197846765205703e-02
3.590196187516159210e-02
3.590194608724100317e-02
3.590193108698788022e-02
3.590191685700625662e-02
3.590190337943234555e-02
3.590189063596099101e-02
3.590187860787212581e-02
3.590186727605764599e-02
3.590185662104866671e-02
3.590184662304272967e-02
3.590183726193141994e-02
3.590182851732796887e-02
3.590182036859498882e-02
3.590181279487229121e-02
3.590180577510464210e-02
3.590179928806954551e-02
3.590179331240504063e-02
3.590178782663723533e-02
3.590178280920790915e-02
3.590177823850179695e-02
3.590177409287375471e-02
3.590177035067572409e-02
3.590176699028345408e-02
3.590176399012285496e-02
3.590176132869611625e-02
3.590175898460749859e-02
3.590175693658868156e-02
3.590175516352384771e-02
3.590175364447419776e-02
3.590175235870220888e-02
3.590175128569515761e-02
3.590175040518844840e-02
3.590174969718824827e-02
3.590174914199359413e-02
3.590174872021800745e-02
3.590174841281042195e-02
3.590174820107563253e-02
3.590174806669398089e-02
3.590174799174049997e-02
3.590174795870330199e-02
3.590174795050131429e-02
3.590174795050131429e-02
