7.953201269552358428e-06
9.999429534414754853e-04
1.413971508407069677e-03
1.731574948896760042e-03
1.999248617359010178e-03
2.235004497077672063e-03
2.448081286054233641e-03
2.643967784287661396e-03
2.826240620232922576e-03
2.997384381277066415e-03
3.159208261694887269e-03
3.313078192312153732e-03
3.460055469566884583e-03
3.600984168811156242e-03
3.736548729021379415e-03
3.867313279929891160e-03
3.993749324675218565e-03
4.116255733837630507e-03
4.235173510239552928e-03
4.350796904922551479e-03
4.463381929439431441e-03
4.573152973213511982e-03
4.680308017396420453e-03
4.785022792778226633e-03
4.887454131946790577e-03
4.987742698710231903e-03
5.086015230607488120e-03
5.182386396648972979e-03
5.276960348032261675e-03
5.369832021667098401e-03
5.461088243032347946e-03
5.550808664880297477e-03
5.639066570701199710e-03
5.725929566028108327e-03
5.811460176146723139e-03
5.895716365248477794e-03
5.978751989290892292e-03
6.060617192627713173e-03
6.141358756715467604e-03
6.221020407789677742e-03
6.299643089262468680e-03
6.377265203663844487e-03
6.453922828188454405e-03
6.529649907284875918e-03
6.604478425207405308e-03
6.678438561021370068e-03
6.751558828195112702e-03
6.823866200611697005e-03
6.895386226581523385e-03
6.966143132223341812e-03
7.036159915401625324e-03
7.105458431253304161e-03
7.174059470207093739e-03
7.241982829285282912e-03
7.309247377381956901e-03
7.375871115128322664e-03
7.441871229884051975e-03
7.507264146330858492e-03
7.572065573091328952e-03
7.636290545747687064e-03
7.699953466595231902e-03
7.763068141428042593e-03
7.825647813623687332e-03
7.887705195765586097e-03
7.949252499016979182e-03
8.010301460439170351e-03
8.070863368427111037e-03
8.130949086418802832e-03
8.190569075019795905e-03
8.249733412670122445e-03
8.308451814969752824e-03
8.366733652767879142e-03
8.424587969110653579e-03
8.482023495135189786e-03
8.539048664988451928e-03
8.595671629843417913e-03
8.651900271078502222e-03
8.707742212680728150e-03
8.763204832927730392e-03
8.818295275399437930e-03
8.873020459366038823e-03
8.927387089594725905e-03
8.981401665614927726e-03
9.035070490477832908e-03
9.088399679044133900e-03
9.141395165830269731e-03
9.194062712441931212e-03
9.246407914621092294e-03
9.298436208931074032e-03
9.350152879101484779e-03
9.401563062055244557e-03
9.452671753635628893e-03
9.503483814052214596e-03
9.554003973062401636e-03
9.604236834903752407e-03
9.654186882991567381e-03
9.703858484395854259e-03
9.753255894109146701e-03
9.802383259118047781e-03
9.851244622288543931e-03
9.899843926075678133e-03
9.948185016066960276e-03
9.996271644368942902e-03
1.004410747284426031e-02
1.009169607620799200e-02
1.013904094499018874e-02
1.018614548837124684e-02
1.023301303689705920e-02
1.027964684507949242e-02
1.032605009388800135e-02
1.037222589313812650e-02
1.041817728378107918e-02
1.046390724009984424e-02
1.050941867181565299e-02
1.055471442610978611e-02
1.059979728956364844e-02
1.064466999002161747e-02
1.068933519837973051e-02
1.073379553030400294e-02
1.077805354788047634e-02
1.082211176120152080e-02
1.086597262988961247e-02
1.090963856456251754e-02
1.095311192824117638e-02
1.099639503770400741e-02
1.103949016478879969e-02
1.108239953764474442e-02
1.112512534193699741e-02
1.116766972200504068e-02
1.121003478197716251e-02
1.125222258684301785e-02
1.129423516348509668e-02
1.133607450167194337e-02
1.137774255501334056e-02
1.141924124188037348e-02
1.146057244629032634e-02
1.150173801875911499e-02
1.154273977712140867e-02
1.158357950732078270e-02
1.162425896417009982e-02
1.166477987208413419e-02
1.170514392578504183e-02
1.174535279098183095e-02
1.178540810502529297e-02
1.182531147753879477e-02
1.186506449102641900e-02
1.190466870145914617e-02
1.194412563884010917e-02
1.198343680774970749e-02
1.202260368787168646e-02
1.206162773450075373e-02
1.210051037903256063e-02
1.213925302943740306e-02
1.217785707071724829e-02
1.221632386534837744e-02
1.225465475370885945e-02
1.229285105449270249e-02
1.233091406511077279e-02
1.236884506207936926e-02
1.240664530139702973e-02
1.244431601891020020e-02
1.248185843066837962e-02
1.251927373326960913e-02
1.255656310419619136e-02
1.259372770214216633e-02
1.263076866733194026e-02
1.266768712183181413e-02
1.270448416985381877e-02
1.274116089805331885e-02
1.277771837581959113e-02
1.281415765556153698e-02
1.285047977298728675e-02
1.288668574737900432e-02
1.292277658186346059e-02
1.295875326367756930e-02
1.299461676443128787e-02
1.303036804036566444e-02
1.306600803260864543e-02
1.310153766742750900e-02
1.313695785647878665e-02
1.317226949705598872e-02
1.320747347233474332e-02
1.324257065161632899e-02
1.327756189056983858e-02
1.331244803147196322e-02
1.334722990344643957e-02
1.338190832270137395e-02
1.341648409276627839e-02
1.345095800472764780e-02
1.348533083746403585e-02
1.351960335787990262e-02
1.355377632113964267e-02
1.358785047090008483e-02
1.362182653954267450e-02
1.365570524840549471e-02
1.368948730801404501e-02
1.372317341831217133e-02
1.375676426889161849e-02
1.379026053922173013e-02
1.382366289887778689e-02
1.385697200776954061e-02
1.389018849581400220e-02
1.392331298265237806e-02
1.395634609775855614e-02
1.398928846235876489e-02
1.402214068964535709e-02
1.405490338498654145e-02
1.408757714613252665e-02
1.412016256341781274e-02
1.415266021995965386e-02
1.418507069185250338e-02
1.421739454835839987e-02
1.424963235209301959e-02
1.428178465920767505e-02
1.431385201956719699e-02
1.434583497692274411e-02
1.437773406908106864e-02
1.440954982806844607e-02
1.444128278029046218e-02
1.447293344668731593e-02
1.450450234288387132e-02
1.453598997933574014e-02
1.456739686146986401e-02
1.459872348982115854e-02
1.462997036016349707e-02
1.466113796363673928e-02
1.469222678686842032e-02
1.472323731209075094e-02
1.475417001725301026e-02
1.478502537612911595e-02
1.481580385842038751e-02
1.484650592985364316e-02
1.487713205227484715e-02
1.490768268373785475e-02
1.493815827858891929e-02
1.496855928754640616e-02
1.499888615777654130e-02
1.502913933296447235e-02
1.505931925338123943e-02
1.508942635594682016e-02
1.511946107428872518e-02
1.514942383879699060e-02
1.517931507667550327e-02
1.520913521198902739e-02
1.523888466570745212e-02
1.526856385574607358e-02
1.529817319700268498e-02
1.532771310139165524e-02
1.535718397787496844e-02
1.538658623248999845e-02
1.541592026837531812e-02
1.544518648579307207e-02
1.547438528214976558e-02
1.550351705201410100e-02
1.553258218713298236e-02
1.556158107644570188e-02
1.559051410609604491e-02
1.561938165944291336e-02
1.564818411706953363e-02
1.567692185679098529e-02
1.570559525366096304e-02
1.573420467997723587e-02
1.576275050528626320e-02
1.579123309638711184e-02
1.581965281733466872e-02
1.584801002944247889e-02
1.587630509128510475e-02
1.590453835870055121e-02
1.593271018479212181e-02
1.596082091993072244e-02
1.598887091175716854e-02
1.601686050518446106e-02
1.604479004240096443e-02
1.607265986287315790e-02
1.610047030335005208e-02
1.612822169786683538e-02
1.615591437775029671e-02
1.618354867162444602e-02
1.621112490541681481e-02
1.623864340236595011e-02
1.626610448302951914e-02
1.629350846529322577e-02
1.632085566438093438e-02
1.634814639286552226e-02
1.637538096068063762e-02
1.640255967513382443e-02
1.642968284091991110e-02
1.645675076013588048e-02
1.648376373229668707e-02
1.651072205435145240e-02
1.653762602070135007e-02
1.656447592321754966e-02
1.659127205126029181e-02
1.661801469169903872e-02
1.664470412893270454e-02
1.667134064491113815e-02
1.669792451915673784e-02
1.672445602878697146e-02
1.675093544853707359e-02
1.677736305078339485e-02
1.680373910556689013e-02
1.683006388061693975e-02
1.685633764137550034e-02
1.688256065102101966e-02
1.690873317049286506e-02
1.693485545851506485e-02
1.696092777162071241e-02
1.698695036417545434e-02
1.701292348840115903e-02
1.703884739439902665e-02
1.706472233017258811e-02
1.709054854164959378e-02
1.711632627270396820e-02
1.714205576517693203e-02
1.716773725889748914e-02
1.719337099170175145e-02
1.721895719945228803e-02
1.724449611605600660e-02
1.726998797348115733e-02
1.729543300177391676e-02
1.732083142907330994e-02
1.734618348162591042e-02
1.737148938379879867e-02
1.739674935809188902e-02
1.742196362514933719e-02
1.744713240376944210e-02
1.747225591091385033e-02
1.749733436171560866e-02
1.752236796948605790e-02
1.754735694572095300e-02
1.757230150010531330e-02
1.759720184051722508e-02
1.762205817303136302e-02
1.764687070192035023e-02
1.767163962965652771e-02
1.769636515691211387e-02
1.772104748255880907e-02
1.774568680366662640e-02
1.777028331550235471e-02
1.779483721152650549e-02
1.781934868339115491e-02
1.784381792093606145e-02
1.786824511218480099e-02
1.789263044334110653e-02
1.791697409878384092e-02
1.794127626106297932e-02
1.796553711089485944e-02
1.798975682715760888e-02
1.801393558688641969e-02
1.803807356526940936e-02
1.806217093564365522e-02
1.808622786949113173e-02
1.811024453643576837e-02
1.813422110424036532e-02
1.815815773880444586e-02
1.818205460416314617e-02
1.820591186248541465e-02
1.822972967407555239e-02
1.825350819737276559e-02
1.827724758895413887e-02
1.830094800353675513e-02
1.832460959398257358e-02
1.834823251130316552e-02
1.837181690466632364e-02
1.839536292140393076e-02
1.841887070702081033e-02
1.844234040520532220e-02
1.846577215784124190e-02
1.848916610502080241e-02
1.851252238505957798e-02
1.853584113451289123e-02
1.855912248819337890e-02
1.858236657918976159e-02
1.860557353888873597e-02
1.862874349699627369e-02
1.865187658156165426e-02
1.867497291900316325e-02
1.869803263413451905e-02
1.872105585019324947e-02
1.874404268887046657e-02
1.876699327034214021e-02
1.878990771330137088e-02
1.881278613499232436e-02
1.883562865124526614e-02
1.885843537651349378e-02
1.888120642390983539e-02
1.890394190524645121e-02
1.892664193107382320e-02
1.894930661072169106e-02
1.897193605234055377e-02
1.899453036294434724e-02
1.901708964845352096e-02
1.903961401373862120e-02
1.906210356266527239e-02
1.908455839813872137e-02
1.910697862214925588e-02
1.912936433581806719e-02
1.915171563944301214e-02
1.917403263254452775e-02
1.919631541391179225e-02
1.921856408164872645e-02
1.924077873321972110e-02
1.926295946549538146e-02
1.928510637479727632e-02
1.930721955694311362e-02
1.932929910729041037e-02
1.935134512078034302e-02
1.937335769198068186e-02
1.939533691512744171e-02
1.941728288416636264e-02
1.943919569279276699e-02
1.946107543449118044e-02
1.948292220257250712e-02
1.950473609021163499e-02
1.952651719048206086e-02
1.954826559639067513e-02
1.956998140090969798e-02
1.959166469700843530e-02
1.961331557768258155e-02
1.963493413598200316e-02
1.965652046503753997e-02
1.967807465808512832e-02
1.969959680848917122e-02
1.972108700976330994e-02
1.974254535558968987e-02
1.976397193983703976e-02
1.978536685657558344e-02
1.980673020009143803e-02
1.982806206489832676e-02
1.984936254574769937e-02
1.987063173763704491e-02
1.989186973581651835e-02
1.991307663579331561e-02
1.993425253333453925e-02
1.995539752446818388e-02
1.997651170548286892e-02
1.999759517292470576e-02
2.001864802359369991e-02
2.003967035453836643e-02
2.006066226304759406e-02
2.008162384664274533e-02
2.010255520306683530e-02
2.012345643027331141e-02
2.014432762641300834e-02
2.016516888981973940e-02
2.018598031899505527e-02
2.020676201259204510e-02
2.022751406939706995e-02
2.024823658831216219e-02
2.026892966833503812e-02
2.028959340853910345e-02
2.031022790805281711e-02
2.033083326603792040e-02
2.035140958166762465e-02
2.037195695410422974e-02
2.039247548247590316e-02
2.041296526585416327e-02
2.043342640323031478e-02
2.045385899349183231e-02
2.047426313539957993e-02
2.049463892756386157e-02
2.051498646842149498e-02
2.053530585621278493e-02
2.055559718895902388e-02
2.057586056443962835e-02
2.059609608017085730e-02
2.061630383338403788e-02
2.063648392100485285e-02
2.065663643963308940e-02
2.067676148552314436e-02
2.069685915456517117e-02
2.071692954226705269e-02
2.073697274373718230e-02
2.075698885366801874e-02
2.077697796632093155e-02
2.079694017551110552e-02
2.081687557459454413e-02
2.083678425645488566e-02
2.085666631349207545e-02
2.087652183761157590e-02
2.089635092021455490e-02
2.091615365218943423e-02
2.093593012390397926e-02
2.095568042519868959e-02
2.097540464538093924e-02
2.099510287322031016e-02
2.101477519694477242e-02
2.103442170423719046e-02
2.105404248223410879e-02
2.107363761752370501e-02
2.109320719614580716e-02
2.111275130359192148e-02
2.113227002480653691e-02
2.115176344418863430e-02
2.117123164559421220e-02
2.119067471233900685e-02
2.121009272720204841e-02
2.122948577242965776e-02
2.124885392973955428e-02
2.126819728032577558e-02
2.128751590486368389e-02
2.130680988351482674e-02
2.132607929593296342e-02
2.134532422126903320e-02
2.136454473817727545e-02
2.138374092482049973e-02
2.140291285887566120e-02
2.142206061753979679e-02
2.144118427753494496e-02
2.146028391511333941e-02
2.147935960606246752e-02
2.149841142570958416e-02
2.151743944892585414e-02
2.153644375013032825e-02
2.155542440329350634e-02
2.157438148193996028e-02
2.159331505915117883e-02
2.161222520756730589e-02
2.163111199938870868e-02
2.164997550637665080e-02
2.166881579985385081e-02
2.168763295070379182e-02
2.170642702936990270e-02
2.172519810585426397e-02
2.174394624971497103e-02
2.176267153006374022e-02
2.178137401556202654e-02
2.180005377441762704e-02
2.181871087437936216e-02
2.183734538273264178e-02
2.185595736629303287e-02
2.187454689140049674e-02
2.189311402391228359e-02
2.191165882919604915e-02
2.193018137212174312e-02
2.194868171705401799e-02
2.196715992784358668e-02
2.198561606781829214e-02
2.200405019977441298e-02
2.202246238596728550e-02
2.204085268810188070e-02
2.205922116732328409e-02
2.207756788420720678e-02
2.209589289875012186e-02
2.211419627036002172e-02
2.213247805784642613e-02
2.215073831941152468e-02
2.216897711264081625e-02
2.218719449449409534e-02
2.220539052129711158e-02
2.222356524873319097e-02
2.224171873183553721e-02
2.225985102497986950e-02
2.227796218187750102e-02
2.229605225556949288e-02
2.231412129842063469e-02
2.233216936211498277e-02
2.235019649765111402e-02
2.236820275533909358e-02
2.238618818479783112e-02
2.240415283495308593e-02
2.242209675403655789e-02
2.244001998958590482e-02
2.245792258844572092e-02
2.247580459676920550e-02
2.249366606002111552e-02
2.251150702298155420e-02
2.252932752975068259e-02
2.254712762375479795e-02
2.256490734775289109e-02
2.258266674384485848e-02
2.260040585348028694e-02
2.261812471746835196e-02
2.263582337598898583e-02
2.265350186860462522e-02
2.267116023427343668e-02
2.268879851136304873e-02
2.270641673766580007e-02
2.272401495041426536e-02
2.274159318629808205e-02
2.275915148148180064e-02
2.277668987162310282e-02
2.279420839189211928e-02
2.281170707699166703e-02
2.282918596117764973e-02
2.284664507828077298e-02
2.286408446172842265e-02
2.288150414456736545e-02
2.289890415948686586e-02
2.291628453884225758e-02
2.293364531467909431e-02
2.295098651875714449e-02
2.296830818257566270e-02
2.298561033739780768e-02
2.300289301427585129e-02
2.302015624407645691e-02
2.303740005750584338e-02
2.305462448513510496e-02
2.307182955742513933e-02
2.308901530475217234e-02
2.310618175743182207e-02
2.312332894574465128e-02
2.314045689995939542e-02
2.315756565035781075e-02
2.317465522725730559e-02
2.319172566103435557e-02
2.320877698214694057e-02
2.322580922115604143e-02
2.324282240874705335e-02
2.325981657575019665e-02
2.327679175316007751e-02
2.329374797215475953e-02
2.331068526411372507e-02
2.332760366063519122e-02
2.334450319355222195e-02
2.336138389494813936e-02
2.337824579717084558e-02
2.339508893284628424e-02
2.341191333489055920e-02
2.342871903652116866e-02
2.344550607126746206e-02
2.346227447297930674e-02
2.347902427583552568e-02
2.349575551435040266e-02
2.351246822337939996e-02
2.352916243812432431e-02
2.354583819413625864e-02
2.356249552731830635e-02
2.357913447392671891e-02
2.359575507057120464e-02
2.361235735421443604e-02
2.362894136216935059e-02
2.364550713209704821e-02
2.366205470200232613e-02
2.367858411022888410e-02
2.369509539545368998e-02
2.371158859667984661e-02
2.372806375322909084e-02
2.374452090473324478e-02
2.376096009112499755e-02
2.377738135262777094e-02
2.379378472974476993e-02
2.381017026324760977e-02
2.382653799416448864e-02
2.384288796376709749e-02
2.385922021355769626e-02
2.387553478525535761e-02
2.389183172078193640e-02
2.390811106224754665e-02
2.392437285193588226e-02
2.394061713228908678e-02
2.395684394589250171e-02
2.397305333545947728e-02
2.398924534381549969e-02
2.400542001388309907e-02
2.402157738866596629e-02
2.403771751123329192e-02
2.405384042470512171e-02
2.406994617223604666e-02
2.408603479700091587e-02
2.410210634217982428e-02
2.411816085094331888e-02
2.413419836643851402e-02
2.415021893177485279e-02
2.416622259001113132e-02
2.418220938414192625e-02
2.419817935708526435e-02
2.421413255167064599e-02
2.423006901062723512e-02
2.424598877657279522e-02
2.426189189200362792e-02
2.427777839928392176e-02
2.429364834063736309e-02
2.430950175813743203e-02
2.432533869370019294e-02
2.434115918907618636e-02
2.435696328584384396e-02
2.437275102540312557e-02
2.438852244896989527e-02
2.440427759757100162e-02
2.442001651203970503e-02
2.443573923301193065e-02
2.445144580092288925e-02
2.446713625600446460e-02
2.448281063828297924e-02
2.449846898757759156e-02
2.451411134349904680e-02
2.452973774544897623e-02
2.454534823261973753e-02
2.456094284399436972e-02
2.457652161834737378e-02
2.459208459424522958e-02
2.460763181004788080e-02
2.462316330390992847e-02
2.463867911378265357e-02
2.465417927741547777e-02
2.466966383235844745e-02
2.468513281596406220e-02
2.470058626538999477e-02
2.471602421760088833e-02
2.473144670937113890e-02
2.474685377728720950e-02
2.476224545774968061e-02
2.477762178697595630e-02
2.479298280100173529e-02
2.480832853568340490e-02
2.482365902669974450e-02
2.483897430955335148e-02
2.485427441957212616e-02
2.486955939191010795e-02
2.488482926154861330e-02
2.490008406329622878e-02
2.491532383178943558e-02
2.493054860149187049e-02
2.494575840669425656e-02
2.496095328151305345e-02
2.497613325988943048e-02
2.499129837558728209e-02
2.500644866219117746e-02
2.502158415310390405e-02
2.503670488154342497e-02
2.505181088053974950e-02
2.506690218293092243e-02
2.508197882135890233e-02
2.509704082826557173e-02
2.511208823588712002e-02
2.512712107624969285e-02
2.514213938116288682e-02
2.515714318221484030e-02
2.517213251076536734e-02
2.518710739793996248e-02
2.520206787462304573e-02
2.521701397145096821e-02
2.523194571880537154e-02
2.524686314680498270e-02
2.526176628529970200e-02
2.527665516386198158e-02
2.529152981177990728e-02
2.530639025804948261e-02
2.532123653136738456e-02
2.533606866012312955e-02
2.535088667239188825e-02
2.536569059592768544e-02
2.538048045815519127e-02
2.539525628616400715e-02
2.541001810670159844e-02
2.542476594616660535e-02
2.543949983060318082e-02
2.545421978569480798e-02
2.546892583675976901e-02
2.548361800874505631e-02
2.549829632622257342e-02
2.551296081338532210e-02
2.552761149404296145e-02
2.554224839161944871e-02
2.555687152915064181e-02
2.557148092928199223e-02
2.558607661426733418e-02
2.560065860596866943e-02
2.561522692585540065e-02
2.562978159500555603e-02
2.564432263410675733e-02
2.565885006345813152e-02
2.567336390297327714e-02
2.568786417218354989e-02
2.570235089024154249e-02
2.571682407592660452e-02
2.573128374764979687e-02
2.574572992346031361e-02
2.576016262105174787e-02
2.577458185777038030e-02
2.578898765062302353e-02
2.580338001628548761e-02
2.581775897111295362e-02
2.583212453114897694e-02
2.584647671213720702e-02
2.586081552953196222e-02
2.587514099851081356e-02
2.588945313398636344e-02
2.590375195061922486e-02
2.591803746283225657e-02
2.593230968482317794e-02
2.594656863057963683e-02
2.596081431389393041e-02
2.597504674837746233e-02
2.598926594747657387e-02
2.600347192448767414e-02
2.601766469257364364e-02
2.603184426477952312e-02
2.604601065404840710e-02
2.606016387323832964e-02
2.607430393513834183e-02
2.608843085248489096e-02
2.610254463797834906e-02
2.611664530429899655e-02
2.613073286412403995e-02
2.614480733014277677e-02
2.615886871507325934e-02
2.617291703167798356e-02
2.618695229277880412e-02
2.620097451127278293e-02
2.621498370014656645e-02
2.622897987249148827e-02
2.624296304151705825e-02
2.625693322056450035e-02
2.627089042312106409e-02
2.628483466283129677e-02
2.629876595351017185e-02
2.631268430915439244e-02
2.632658974395347615e-02
2.634048227229981998e-02
2.635436190879918844e-02
2.636822866827945311e-02
2.638208256579878744e-02
2.639592361665398651e-02
2.640975183638715265e-02
2.642356724079264474e-02
2.643736984592197012e-02
2.645115966808940164e-02
2.646493672387566568e-02
2.647870103013189036e-02
2.649245260398195786e-02
2.650619146282483934e-02
2.651991762433562536e-02
2.653363110646626138e-02
2.654733192744519049e-02
2.656102010577692657e-02
2.657469566024008370e-02
2.658835860988523203e-02
2.660200897403237549e-02
2.661564677226714928e-02
2.662927202443653857e-02
2.664288475064464229e-02
2.665648497124712551e-02
2.667007270684521036e-02
2.668364797827973978e-02
2.669721080662403739e-02
2.671076121317674315e-02
2.672429921945390641e-02
2.673782484718124561e-02
2.675133811828512426e-02
2.676483905488449833e-02
2.677832767928078894e-02
2.679180401394938224e-02
2.680526808152967205e-02
2.681871990481520668e-02
2.683215950674387035e-02
2.684558691038775244e-02
2.685900213894275648e-02
2.687240521571902449e-02
2.688579616412979309e-02
2.689917500768180397e-02
2.691254176996503780e-02
2.692589647464230934e-02
2.693923914543949055e-02
2.695256980613582737e-02
2.696588848055367360e-02
2.697919519254961956e-02
2.699248996600496844e-02
2.700577282481623695e-02
2.701904379288734906e-02
2.703230289412015402e-02
2.704555015240712665e-02
2.705878559162262081e-02
2.707200923561624631e-02
2.708522110820504175e-02
2.709842123316709081e-02
2.711160963423480189e-02
2.712478633508901699e-02
2.713795135935389083e-02
2.715110473059049317e-02
2.716424647229294040e-02
2.717737660788379500e-02
2.719049516070979472e-02
2.720360215403795981e-02
2.721669761105333096e-02
2.722978155485463597e-02
2.724285400845319338e-02
2.725591499476977958e-02
2.726896453663340408e-02
2.728200265677920705e-02
2.729502937784805683e-02
2.730804472238521768e-02
2.732104871283985714e-02
2.733404137156470945e-02
2.734702272081630109e-02
2.735999278275462118e-02
2.737295157944386048e-02
2.738589913285294219e-02
2.739883546485573709e-02
2.741176059723261088e-02
2.742467455167062890e-02
2.743757734976510348e-02
2.745046901302021850e-02
2.746334956285038237e-02
2.747621902058140428e-02
2.748907740745096251e-02
2.750192474461064449e-02
2.751476105312579065e-02
2.752758635397723960e-02
2.754040066806156400e-02
2.755320401619197959e-02
2.756599641909872681e-02
2.757877789742944549e-02
2.759154847174915409e-02
2.760430816254024269e-02
2.761705699020256671e-02
2.762979497505210769e-02
2.764252213732092470e-02
2.765523849715594354e-02
2.766794407461755506e-02
2.768063888967807820e-02
2.769332296222022302e-02
2.770599631203453719e-02
2.771865895881752209e-02
2.773131092216861784e-02
2.774395222158747981e-02
2.775658287647065833e-02
2.776920290610818826e-02
2.778181232968003969e-02
2.779441116625165978e-02
2.780699943477037486e-02
2.781957715406049164e-02
2.783214434281879382e-02
2.784470101960967447e-02
2.785724720286021985e-02
2.786978291085472417e-02
2.788230816172951321e-02
2.789482297346760828e-02
2.790732736389251595e-02
2.791982135066373161e-02
2.793230495126969304e-02
2.794477818302276012e-02
2.795724106305354575e-02
2.796969360830451473e-02
2.798213583552489059e-02
2.799456776126469509e-02
2.800698940186933245e-02
2.801940077347392366e-02
2.803180189199806077e-02
2.804419277314103981e-02
2.805657343237644152e-02
2.806894388494748926e-02
2.808130414586275728e-02
2.809365422989217737e-02
2.810599415156229616e-02
2.811832392515356549e-02
2.813064356469674454e-02
2.814295308396994738e-02
2.815525249649613454e-02
2.816754181554086828e-02
2.817982105411099419e-02
2.819209022495307998e-02
2.820434934055250989e-02
2.821659841313324188e-02
2.822883745465776945e-02
2.824106647682795776e-02
2.825328549108564388e-02
2.826549450861459006e-02
2.827769354034249602e-02
2.828988259694312224e-02
2.830206168883987392e-02
2.831423082620902407e-02
2.832639001898369993e-02
2.833853927685891019e-02
2.835067860929590955e-02
2.836280802552839167e-02
2.837492753456791889e-02
2.838703714521062516e-02
2.839913686604443252e-02
2.841122670545581652e-02
2.842330667163815022e-02
2.843537677259959720e-02
2.844743701617168802e-02
2.845948741001840324e-02
2.847152796164556521e-02
2.848355867841028191e-02
2.849557956753085916e-02
2.850759063609743446e-02
2.851959189108194820e-02
2.853158333934927016e-02
2.854356498766790276e-02
2.855553684272128454e-02
2.856749891111872580e-02
2.857945119940738521e-02
2.859139371408288624e-02
2.860332646160173090e-02
2.861524944839239845e-02
2.862716268086710689e-02
2.863906616543313022e-02
2.865095990850473687e-02
2.866284391651433006e-02
2.867471819592368187e-02
2.868658275323564960e-02
2.869843759500439323e-02
2.871028272784698770e-02
2.872211815845357452e-02
2.873394389359777354e-02
2.874575994014709132e-02
2.875756630507217415e-02
2.876936299545677228e-02
2.878115001850678478e-02
2.879292738155883602e-02
2.880469509208878273e-02
2.881645315771985683e-02
2.882820158622992346e-02
2.883994038555911382e-02
2.885166956381592443e-02
2.886338912928409009e-02
2.887509909042774645e-02
2.888679945589694986e-02
2.889849023453285384e-02
2.891017143537134154e-02
2.892184306764739032e-02
2.893350514079777100e-02
2.894515766446430563e-02
2.895680064849605675e-02
2.896843410295082966e-02
2.898005803809663994e-02
2.899167246441241089e-02
2.900327739258800122e-02
2.901487283352460755e-02
2.902645879833300538e-02
2.903803529833322988e-02
2.904960234505264000e-02
2.906115995022357651e-02
2.907270812578133246e-02
2.908424688386053100e-02
2.909577623679240888e-02
2.910729619710063915e-02
2.911880677749739688e-02
2.913030799087889047e-02
2.914179985032055997e-02
2.915328236907192491e-02
2.916475556055130730e-02
2.917621943834022846e-02
2.918767401617746587e-02
2.919911930795294694e-02
2.921055532770144153e-02
2.922198208959624760e-02
2.923339960794266862e-02
2.924480789717098794e-02
2.925620697182983523e-02
2.926759684657953553e-02
2.927897753618470891e-02
2.929034905550799081e-02
2.930171141950220839e-02
2.931306464320444088e-02
2.932440874172821330e-02
2.933574373025746307e-02
2.934706962403901831e-02
2.935838643837692524e-02
2.936969418862491604e-02
2.938099289018088547e-02
2.939228255848019833e-02
2.940356320898978096e-02
2.941483485720244873e-02
2.942609751863074427e-02
2.943735120880224682e-02
2.944859594325376778e-02
2.945983173752648662e-02
2.947105860716161055e-02
2.948227656769537158e-02
2.949348563465507486e-02
2.950468582355509836e-02
2.951587714989304528e-02
2.952705962914660073e-02
2.953823327676993737e-02
2.954939810819121743e-02
2.956055413880943547e-02
2.957170138399240616e-02
2.958283985907479360e-02
2.959396957935517963e-02
2.960509056009564752e-02
2.961620281651955455e-02
2.962730636381034205e-02
2.963840121711098716e-02
2.964948739152221263e-02
2.966056490210296909e-02
2.967163376386881476e-02
2.968269399179261983e-02
2.969374560080360534e-02
2.970478860578752017e-02
2.971582302158636349e-02
2.972684886299926249e-02
2.973786614478168139e-02
2.974887488164642407e-02
2.975987508826309288e-02
2.977086677925962904e-02
2.978184996922118508e-02
2.979282467269136342e-02
2.980379090417207763e-02
2.981474867812377097e-02
2.982569800896589518e-02
2.983663891107665028e-02
2.984757139879268967e-02
2.985849548640975154e-02
2.986941118818174992e-02
2.988031851832062546e-02
2.989121749099597422e-02
2.990210812033403109e-02
2.991299042041711820e-02
2.992386440528233688e-02
2.993473008892056503e-02
2.994558748527532607e-02
2.995643660824052687e-02
2.996727747165918096e-02
2.997811008932137894e-02
2.998893447496220332e-02
2.999975064225863380e-02
3.001055860482818721e-02
3.002135837622500400e-02
3.003214996993771105e-02
3.004293339938550120e-02
3.005370867791550341e-02
3.006447581879888656e-02
3.007523483522703267e-02
3.008598574030809172e-02
3.009672854706272813e-02
3.010746326841998860e-02
3.011818991721321864e-02
3.012890850617536143e-02
3.013961904793500610e-02
3.015032155501138483e-02
3.016101603981002910e-02
3.017170251461818650e-02
3.018238099159985949e-02
3.019305148279124995e-02
3.020371400009628712e-02
3.021436855528188484e-02
3.022501515997320226e-02
3.023565382564902954e-02
3.024628456363797485e-02
3.025690738511318395e-02
3.026752230108899558e-02
3.027812932241621263e-02
3.028872845977866393e-02
3.029931972368898191e-02
3.030990312448593807e-02
3.032047867233002986e-02
3.033104637720114224e-02
3.034160624889563687e-02
3.035215829702357301e-02
3.036270253100661204e-02
3.037323896007595309e-02
3.038376759327083773e-02
3.039428843943687772e-02
3.040480150722548597e-02
3.041530680509282880e-02
3.042580434129981207e-02
3.043629412391190073e-02
3.044677616079978152e-02
3.045725045963991115e-02
3.046771702791615730e-02
3.047817587292051683e-02
3.048862700175601279e-02
3.049907042133854357e-02
3.050950613839961689e-02
3.051993415948966309e-02
3.053035449098122703e-02
3.054076713907293711e-02
3.055117210979407805e-02
3.056156940900874378e-02
3.057195904242083345e-02
3.058234101557967197e-02
3.059271533388531819e-02
3.060308200259462263e-02
3.061344102682758000e-02
3.062379241157385176e-02
3.063413616169954196e-02
3.064447228195414305e-02
3.065480077697849831e-02
3.066512165131161580e-02
3.067543490939917891e-02
3.068574055560104388e-02
3.069603859419949704e-02
3.070632902940805334e-02
3.071661186537927302e-02
3.072688710621366420e-02
3.073715475596845367e-02
3.074741481866621884e-02
3.075766729830359258e-02
3.076791219886030812e-02
3.077814952430777892e-02
3.078837927861811236e-02
3.079860146577286309e-02
3.080881608977179692e-02
3.081902315464107867e-02
3.082922266444281661e-02
3.083941462328228938e-02
3.084959903531684505e-02
3.085977590476431456e-02
3.086994523591016226e-02
3.088010703311565991e-02
3.089026130082565477e-02
3.090040804357512341e-02
3.091054726599691896e-02
3.092067897282780795e-02
3.093080316891587758e-02
3.094091985922570870e-02
3.095102904884485320e-02
3.096113074298919091e-02
3.097122494700823084e-02
3.098131166638975337e-02
3.099139090676481662e-02
3.100146267391126753e-02
3.101152697375801279e-02
3.102158381238828699e-02
3.103163319604291398e-02
3.104167513112256541e-02
3.105170962419061612e-02
3.106173668197458743e-02
3.107175631136803104e-02
3.108176851943168090e-02
3.109177331339407074e-02
3.110177070065229740e-02
3.111176068877178832e-02
3.112174328548625302e-02
3.113171849869707589e-02
3.114168633647230316e-02
3.115164680704538003e-02
3.116159991881335342e-02
3.117154568033557796e-02
3.118148410033073220e-02
3.119141518767498678e-02
3.120133895139872576e-02
3.121125540068399665e-02
3.122116454486118658e-02
3.123106639340499438e-02
3.124096095593167921e-02
3.125084824219434565e-02
3.126072826207947075e-02
3.127060102560232091e-02
3.128046654290284057e-02
3.129032482424090600e-02
3.130017587999217588e-02
3.131001972064290789e-02
3.131985635678546931e-02
3.132968579911360463e-02
3.133950805841733550e-02
3.134932314557840882e-02
3.135913107156494684e-02
3.136893184742715196e-02
3.137872548429193609e-02
3.138851199335850051e-02
3.139829138589315949e-02
3.140806367322532960e-02
3.141782886674208269e-02
3.142758697788430172e-02
3.143733801814189988e-02
3.144708199904985152e-02
3.145681893218342517e-02
3.146654882915503326e-02
3.147627170160945814e-02
3.148598756122079900e-02
3.149569641968837791e-02
3.150539828873374915e-02
3.151509318009718119e-02
3.152478110553448565e-02
3.153446207681448454e-02
3.154413610571591559e-02
3.155380320402514233e-02
3.156346338353349656e-02
3.157311665603528689e-02
3.158276303332548107e-02
3.159240252719835995e-02
3.160203514944510961e-02
3.161166091185291238e-02
3.162127982620288602e-02
3.163089190426934816e-02
3.164049715781846323e-02
3.165009559860735427e-02
3.165968723838293031e-02
3.166927208888154627e-02
3.167885016182785118e-02
3.168842146893467715e-02
3.169798602190211645e-02
3.170754383241729257e-02
3.171709491215397858e-02
3.172663927277211138e-02
3.173617692591761130e-02
3.174570788322197273e-02
3.175523215630197960e-02
3.176474975675950413e-02
3.177426069618095872e-02
3.178376498613736528e-02
3.179326263818326587e-02
3.180275366385690305e-02
3.181223807467950526e-02
3.182171588215446795e-02
3.183118709776695809e-02
3.184065173298290113e-02
3.185010979924819685e-02
3.185956130798792141e-02
3.186900627060461344e-02
3.187844469847771200e-02
3.188787660296163451e-02
3.189730199538464567e-02
3.190672088704669951e-02
3.191613328921822507e-02
3.192553921313760062e-02
3.193493867000931491e-02
3.194433167100155235e-02
3.195371822724385469e-02
3.196309834982459519e-02
3.197247204978784924e-02
3.198183933813113222e-02
3.199120022580172196e-02
3.200055472369407739e-02
3.200990284264614016e-02
3.201924459343586521e-02
3.202857998677809126e-02
3.203790903332044693e-02
3.204723174363994370e-02
3.205654812823911792e-02
3.206585819754165928e-02
3.207516196188891361e-02
3.208445943153588609e-02
3.209375061664694606e-02
3.210303552729140003e-02
3.211231417344034139e-02
3.212158656496140463e-02
3.213085271161571221e-02
3.214011262305293409e-02
3.214936630880795010e-02
3.215861377829655476e-02
3.216785504081139113e-02
3.217709010551887683e-02
3.218631898145481174e-02
3.219554167752101959e-02
3.220475820248224624e-02
3.221396856496257927e-02
3.222317277344251274e-02
3.223237083625606070e-02
3.224156276158791912e-02
3.225074855747107894e-02
3.225992823178462643e-02
3.226910179225164071e-02
3.227826924643733414e-02
3.228743060174775470e-02
3.229658586542819704e-02
3.230573504456255018e-02
3.231487814607247877e-02
3.232401517671699975e-02
3.233314614309232976e-02
3.234227105163232918e-02
3.235138990860888381e-02
3.236050272013261953e-02
3.236960949215407501e-02
3.237871023046554747e-02
3.238780494070246652e-02
3.239689362834560771e-02
3.240597629872360441e-02
3.241505295701570949e-02
3.242412360825461248e-02
3.243318825733028377e-02
3.244224690899301378e-02
3.245129956785795800e-02
3.246034623840900191e-02
3.246938692500347251e-02
3.247842163187684289e-02
3.248745036314792944e-02
3.249647312282397116e-02
3.250548991480656930e-02
3.251450074289689157e-02
3.252350561080217389e-02
3.253250452214176414e-02
3.254149748045316592e-02
3.255048448919922038e-02
3.255946555177408747e-02
3.256844067151062200e-02
3.257740985168696563e-02
3.258637309553374939e-02
3.259533040624130323e-02
3.260428178696670592e-02
3.261322724084109170e-02
3.262216677097713041e-02
3.263110038047597333e-02
3.264002807243487903e-02
3.264894984995430488e-02
3.265786571614542888e-02
3.266677567413690808e-02
3.267567972708258078e-02
3.268457787816805155e-02
3.269347013061778273e-02
3.270235648770208198e-02
3.271123695274346516e-02
3.272011152912346343e-02
3.272898022028904175e-02
3.273784302975861482e-02
3.274669996112795911e-02
3.275555101807627045e-02
3.276439620437195804e-02
3.277323552387725880e-02
3.278206898055405216e-02
3.279089657846852301e-02
3.279971832179570668e-02
3.280853421482387428e-02
3.281734426195862669e-02
3.282614846772694689e-02
3.283494683678023912e-02
3.284373937389790943e-02
3.285252608399034241e-02
3.286130697210136453e-02
3.287008204341061030e-02
3.287885130323588145e-02
3.288761475703450010e-02
3.289637241040520299e-02
3.290512426908891175e-02
3.291387033896994718e-02
3.292261062607641786e-02
3.293134513658082380e-02
3.294007387679957766e-02
3.294879685319360846e-02
3.295751407236686970e-02
3.296622554106654751e-02
3.297493126618130516e-02
3.298363125474070012e-02
3.299232551391310941e-02
3.300101405100468177e-02
3.300969687345672865e-02
3.301837398884437114e-02
3.302704540487378521e-02
3.303571112937978699e-02
3.304437117032347354e-02
3.305302553578938485e-02
3.306167423398227029e-02
3.307031727322455594e-02
3.307895466195281964e-02
3.308758640871482803e-02
3.309621252216599779e-02
3.310483301106620369e-02
3.311344788427621200e-02
3.312205715075398904e-02
3.313066081955180070e-02
3.313925889981164663e-02
3.314785140076279696e-02
3.315643833171730975e-02
3.316501970206708200e-02
3.317359552127999156e-02
3.318216579889660123e-02
3.319073054452638394e-02
3.319928976784501662e-02
3.320784347859008501e-02
3.321639168655857871e-02
3.322493440160347034e-02
3.323347163363056522e-02
3.324200339259545528e-02
3.325052968850066709e-02
3.325905053139311535e-02
3.326756593136089013e-02
3.327607589853107811e-02
3.328458044306702168e-02
3.329307957516625116e-02
3.330157330505783414e-02
3.331006164300069627e-02
3.331854459928120654e-02
3.332702218421151191e-02
3.333549440812753895e-02
3.334396128138770315e-02
3.335242281437075795e-02
3.336087901747482320e-02
3.336932990111561581e-02
3.337777547572554765e-02
3.338621575175212963e-02
3.339465073965712516e-02
3.340308044991546071e-02
3.341150489301397686e-02
3.341992407945076904e-02
3.342833801973430635e-02
3.343674672438246703e-02
3.344515020392173354e-02
3.345354846888644318e-02
3.346194152981799008e-02
3.347032939726411749e-02
3.347871208177806424e-02
3.348708959391770434e-02
3.349546194424504741e-02
3.350382914332487166e-02
3.351219120172435617e-02
3.352054813001170697e-02
3.352889993875553254e-02
3.353724663852343524e-02
3.354558823988119942e-02
3.355392475339114000e-02
3.356225618961120039e-02
3.357058255909327327e-02
3.357890387238177815e-02
3.358722014001196826e-02
3.359553137250827215e-02
3.360383758038230917e-02
3.361213877413114087e-02
3.362043496423477301e-02
3.362872616115435837e-02
3.363701237532944893e-02
3.364529361717590039e-02
3.365356989708281205e-02
3.366184122541018842e-02
3.367010761248581674e-02
3.367836906860243590e-02
3.368662560401446127e-02
3.369487722893494547e-02
3.370312395353219914e-02
3.371136578792605781e-02
3.371960274218500919e-02
3.372783482632193269e-02
3.373606205029079652e-02
3.374428442398261924e-02
3.375250195722186153e-02
3.376071465976238778e-02
3.376892254128352477e-02
3.377712561138632857e-02
3.378532387958935873e-02
3.379351735532473699e-02
3.380170604793424072e-02
3.380988996666522278e-02
3.381806912066690624e-02
3.382624351898611686e-02
3.383441317056377906e-02
3.384257808423080105e-02
3.385073826870503566e-02
3.385889373258683943e-02
3.386704448435622766e-02
3.387519053236918293e-02
3.388333188485467135e-02
3.389146854991138824e-02
3.389960053550498259e-02
3.390772784946521901e-02
3.391585049948336178e-02
3.392396849311030832e-02
3.393208183775361236e-02
3.394019054067634600e-02
3.394829460899520535e-02
3.395639404967857461e-02
3.396448886954592933e-02
3.397257907526686493e-02
3.398066467335981999e-02
3.398874567019229131e-02
3.399682207198036210e-02
3.400489388478902808e-02
3.401296111453246812e-02
3.402102376697464098e-02
3.402908184773072164e-02
3.403713536226767727e-02
3.404518431590676519e-02
3.405322871382449046e-02
3.406126856105518713e-02
3.406930386249358567e-02
3.407733462289715826e-02
3.408536084688931073e-02
3.409338253896287280e-02
3.410139970348294997e-02
3.410941234469151706e-02
3.411742046671098483e-02
3.412542407354856450e-02
3.413342316910081276e-02
3.414141775715855143e-02
3.414940784141147490e-02
3.415739342545380530e-02
3.416537451278907345e-02
3.417335110683616950e-02
3.418132321093477616e-02
3.418929082835150263e-02
3.419725396228538716e-02
3.420521261587476658e-02
3.421316679220283430e-02
3.422111649430430169e-02
3.422906172517207329e-02
3.423700248776307548e-02
3.424493878500559779e-02
3.425287061980526043e-02
3.426079799505197393e-02
3.426872091362650335e-02
3.427663937840691455e-02
3.428455339227538812e-02
3.429246295812456158e-02
3.430036807886439887e-02
3.430826875742802595e-02
3.431616499677862808e-02
3.432405679991545888e-02
3.433194416987984943e-02
3.433982710976171693e-02
3.434770562270476890e-02
3.435557971191285226e-02
3.436344938065531013e-02
3.437131463227201256e-02
3.437917547017929620e-02
3.438703189787460646e-02
3.439488391894125752e-02
3.440273153705321330e-02
3.441057475597954218e-02
3.441841357958851100e-02
3.442624801185167893e-02
3.443407805684742945e-02
3.444190371876461321e-02
3.444972500190586484e-02
3.445754191069043404e-02
3.446535444965705131e-02
3.447316262346640514e-02
3.448096643690348045e-02
3.448876589487938349e-02
3.449656100243331941e-02
3.450435176473392457e-02
3.451213818708044612e-02
3.451992027490433795e-02
3.452769803376903868e-02
3.453547146937140100e-02
3.454324058754164317e-02
3.455100539424341144e-02
3.455876589557347472e-02
3.456652209776194667e-02
3.457427400717105748e-02
3.458202163029470283e-02
3.458976497375752107e-02
3.459750404431369275e-02
3.460523884884565693e-02
3.461296939436248749e-02
3.462069568799860247e-02
3.462841773701165471e-02
3.463613554878069295e-02
3.464384913080426759e-02
3.465155849069816163e-02
3.465926363619310779e-02
3.466696457513258889e-02
3.467466131547034675e-02
3.468235386526773850e-02
3.469004223269145371e-02
3.469772642601037099e-02
3.470540645359371928e-02
3.471308232390771242e-02
3.472075404551279443e-02
3.472842162706181457e-02
3.473608507729591954e-02
3.474374440504307548e-02
3.475139961921462628e-02
3.475905072880278168e-02
3.476669774287821646e-02
3.477434067058704503e-02
3.478197952114839286e-02
3.478961430385206499e-02
3.479724502805570108e-02
3.480487170318261742e-02
3.481249433871939913e-02
3.482011294421354097e-02
3.482772752927121990e-02
3.483533810355522731e-02
3.484294467678275553e-02
3.485054725872355902e-02
3.485814585919793512e-02
3.486574048807480203e-02
3.487333115526995708e-02
3.488091787074444616e-02
3.488850064450284977e-02
3.489607948659163156e-02
3.490365440709782691e-02
3.491122541614749553e-02
3.491879252390429206e-02
3.492635574056800196e-02
3.493391507637370885e-02
3.494147054158996957e-02
3.494902214651802314e-02
3.495656990149040300e-02
3.496411381686991698e-02
3.497165390304826649e-02
3.497919017044522766e-02
3.498672262950722200e-02
3.499425129070646290e-02
3.500177616453943596e-02
3.500929726152616356e-02
3.501681459220861575e-02
3.502432816714965563e-02
3.503183799693176254e-02
3.503934409215574142e-02
3.504684646343918242e-02
3.505434512141499676e-02
3.506184007673002201e-02
3.506933134004343311e-02
3.507681892202490354e-02
3.508430283335291916e-02
3.509178308471269658e-02
3.509925968679460800e-02
3.510673265029159995e-02
3.511420198589753489e-02
3.512166770430422830e-02
3.512912981619974173e-02
3.513658833226517009e-02
3.514404326317247668e-02
3.515149461958148869e-02
3.515894241213694815e-02
3.516638665146571557e-02
3.517382734817342538e-02
3.518126451284123851e-02
3.518869815602263668e-02
3.519612828823980716e-02
3.520355491998027053e-02
3.521097806169272426e-02
3.521839772378390632e-02
3.522581391661434858e-02
3.523322665049440083e-02
3.524063593568042829e-02
3.524804178237068986e-02
3.525544420070105683e-02
3.526284320074096756e-02
3.527023879248916693e-02
3.527763098586948753e-02
3.528501979072655448e-02
3.529240521682157350e-02
3.529978727382797332e-02
3.530716597132739498e-02
3.531454131880513991e-02
3.532191332564622172e-02
3.532928200113143180e-02
3.533664735443293320e-02
3.534400939461053437e-02
3.535136813060783811e-02
3.535872357124842519e-02
3.536607572523216281e-02
3.537342460113198500e-02
3.538077020739012479e-02
3.538811255231547742e-02
3.539545164407989497e-02
3.540278749071597286e-02
3.541012010011408695e-02
3.541744948002002735e-02
3.542477563803268781e-02
3.543209858160226156e-02
3.543941831802824294e-02
3.544673485445809513e-02
3.545404819788593176e-02
3.546135835515125401e-02
3.546866533293848572e-02
3.547596913777655708e-02
3.548326977603825927e-02
3.549056725394066775e-02
3.549786157754551003e-02
3.550515275275943627e-02
3.551244078533535853e-02
3.551972568087339438e-02
3.552700744482241435e-02
3.553428608248178355e-02
3.554156159900365153e-02
3.554883399939490207e-02
3.555610328852004676e-02
3.556336947110408375e-02
3.557063255173560645e-02
3.557789253487033537e-02
3.558514942483454596e-02
3.559240322582949562e-02
3.559965394193491395e-02
3.560690157711407511e-02
3.561414613521808603e-02
3.562138761999074366e-02
3.562862603507378767e-02
3.563586138401182019e-02
3.564309367025810665e-02
3.565032289717982167e-02
3.565754906806407887e-02
3.566477218612366940e-02
3.567199225450308486e-02
3.567920927628474848e-02
3.568642325449507963e-02
3.569363419211096788e-02
3.570084209206624698e-02
3.570804695725780797e-02
3.571524879055256591e-02
3.572244759479339948e-02
3.572964337280637448e-02
3.573683612740662097e-02
3.574402586140544569e-02
3.575121257761637583e-02
3.575839627886177874e-02
3.576557696797936364e-02
3.577275464782821157e-02
3.577992932129549219e-02
3.578710099130211902e-02
3.579426966080886258e-02
3.580143533282282436e-02
3.580859801040233575e-02
3.581575769666334869e-02
3.582291439478427902e-02
3.583006810801200176e-02
3.583721883966656946e-02
3.584436659314601398e-02
3.585151137193193227e-02
3.585865317959287951e-02
3.586579201978976061e-02
3.587292789627963274e-02
3.588006081291938987e-02
3.588719077366988447e-02
3.589431778259952882e-02
3.590144184388695259e-02
3.590856296182461105e-02
3.591568114082165086e-02
3.592279638540600561e-02
3.592990870022721300e-02
3.593701809005844794e-02
3.594412455979818094e-02
3.595122811447223898e-02
3.595832875923486022e-02
3.596542649937022745e-02
3.597252134029326615e-02
3.597961328755036603e-02
3.598670234682045665e-02
3.599378852391459799e-02
3.600087182477688247e-02
3.600795225548379663e-02
3.601502982224452643e-02
3.602210453140018004e-02
3.602917638942344791e-02
3.603624540291781864e-02
3.604331157861663526e-02
3.605037492338215854e-02
3.605743544420423469e-02
3.606449314819922675e-02
3.607154804260839093e-02
3.607860013479639860e-02
3.608564943224982363e-02
3.609269594257516478e-02
3.609973967349728446e-02
3.610678063285719525e-02
3.611381882861049858e-02
3.612085426882523376e-02
3.612788696167930358e-02
3.613491691545933637e-02
3.614194413855758431e-02
3.614896863947046624e-02
3.615599042679616681e-02
3.616300950923197199e-02
3.617002589557304082e-02
3.617703959470920660e-02
3.618405061562375569e-02
3.619105896739018002e-02
3.619806465917128901e-02
3.620506770021614251e-02
3.621206809985817732e-02
3.621906586751359042e-02
3.622606101267884793e-02
3.623305354492895730e-02
3.624004347391557301e-02
3.624703080936488714e-02
3.625401556107614442e-02
3.626099773891953287e-02
3.626797735283474738e-02
3.627495441282915095e-02
3.628192892897601218e-02
3.628890091141313834e-02
3.629587037034114061e-02
3.630283731602206715e-02
3.630980175877780713e-02
3.631676370898860584e-02
3.632372317709165604e-02
3.633068017358007107e-02
3.633763470900060882e-02
3.634458679395306813e-02
3.635153643908885929e-02
3.635848365510919999e-02
3.636542845276414387e-02
3.637237084285094291e-02
3.637931083621277761e-02
3.638624844373727907e-02
3.639318367635507173e-02
3.640011654503809424e-02
3.640704706079857939e-02
3.641397523468656305e-02
3.642090107778913483e-02
3.642782460122813426e-02
3.643474581615839536e-02
3.644166473376610899e-02
3.644858136526669956e-02
3.645549572190280585e-02
3.646240781494182459e-02
3.646931765567397454e-02
3.647622525541018013e-02
3.648313062547862973e-02
3.649003377722335323e-02
3.649693472200064848e-02
3.650383347117647920e-02
3.651073003612361617e-02
3.651762442821863963e-02
3.652451665883834492e-02
3.653140673935683508e-02
3.653829468114148937e-02
3.654518049555020853e-02
3.655206419392677958e-02
3.655894578759769781e-02
3.656582528786796182e-02
3.657270270601673673e-02
3.657957805329394713e-02
3.658645134091517009e-02
3.659332258005752736e-02
3.660019178185551503e-02
3.660705895739609084e-02
3.661392411771401123e-02
3.662078727378755005e-02
3.662764843653314867e-02
3.663450761680106527e-02
3.664136482537040662e-02
3.664822007294395168e-02
3.665507337014386330e-02
3.666192472750626208e-02
3.666877415547646624e-02
3.667562166440402338e-02
3.668246726453846390e-02
3.668931096602338904e-02
3.669615277889291816e-02
3.670299271306617928e-02
3.670983077834309716e-02
3.671666698439975812e-02
3.672350134078415651e-02
3.673033385691198971e-02
3.673716454206210624e-02
3.674399340537314040e-02
3.675082045583936280e-02
3.675764570230712069e-02
3.676446915347116040e-02
3.677129081787232356e-02
3.677811070389311321e-02
3.678492881975591045e-02
3.679174517352010870e-02
3.679855977308000431e-02
3.680537262616223604e-02
3.681218374032427937e-02
3.681899312295301707e-02
3.682580078126351103e-02
3.683260672229755200e-02
3.683941095292363188e-02
3.684621347983597917e-02
3.685301430955469082e-02
3.685981344842632207e-02
3.686661090262374763e-02
3.687340667814735518e-02
3.688020078082620418e-02
3.688699321631926098e-02
3.689378399011738335e-02
3.690057310754532582e-02
3.690736057376378665e-02
3.691414639377253726e-02
3.692093057241312148e-02
3.692771311437197113e-02
3.693449402418450683e-02
3.694127330623768468e-02
3.694805096477586648e-02
3.695482700390373410e-02
3.696160142759101486e-02
3.696837423967823388e-02
3.697514544388059987e-02
3.698191504379440275e-02
3.698868304290143377e-02
3.699544944457503620e-02
3.700221425208680831e-02
3.700897746861132875e-02
3.701573909723306077e-02
3.702249914095261107e-02
3.702925760269320382e-02
3.703601448530720319e-02
3.704276979158259431e-02
3.704952352425025519e-02
3.705627568599022953e-02
3.706302627943890843e-02
3.706977530719625380e-02
3.707652277183174500e-02
3.708326867589258058e-02
3.709001302190987476e-02
3.709675581240563791e-02
3.710349704989990977e-02
3.711023673691749014e-02
3.711697487599492640e-02
3.712371146968669600e-02
3.713044652057252010e-02
3.713718003126310896e-02
3.714391200440746166e-02
3.715064244269829230e-02
3.715737134887877463e-02
3.716409872574808620e-02
3.717082457616766034e-02
3.717754890306641108e-02
3.718427170944654803e-02
3.719099299838892619e-02
3.719771277305754936e-02
3.720443103670526691e-02
3.721114779267811062e-02
3.721786304441931925e-02
3.722457679547437615e-02
3.723128904949484647e-02
3.723799981024170785e-02
3.724470908158954152e-02
3.725141686752946740e-02
3.725812317217262748e-02
3.726482799975264215e-02
3.727153135462876743e-02
3.727823324128794191e-02
3.728493366434705580e-02
3.729163262855529626e-02
3.729833013879532005e-02
3.730502620008514097e-02
3.731172081757930248e-02
3.731841399657027242e-02
3.732510574248901203e-02
3.733179606090530900e-02
3.733848495752956076e-02
3.734517243821162957e-02
3.735185850894170989e-02
3.735854317585028672e-02
3.736522644520746950e-02
3.737190832342343616e-02
3.737858881704685110e-02
3.738526793276487903e-02
3.739194567740224823e-02
3.739862205792036931e-02
3.740529708141589887e-02
3.741197075512010806e-02
3.741864308639718251e-02
3.742531408274313298e-02
3.743198375178422715e-02
3.743865210127535204e-02
3.744531913909877885e-02
3.745198487326208137e-02
3.745864931189704650e-02
3.746531246325705833e-02
3.747197433571623770e-02
3.747863493776703442e-02
3.748529427801870068e-02
3.749195236519536206e-02
3.749860920813406773e-02
3.750526481578340954e-02
3.751191919720100326e-02
3.751857236155194120e-02
3.752522431810745990e-02
3.753187507624215768e-02
3.753852464543337708e-02
3.754517303525832517e-02
3.755182025539299806e-02
3.755846631561045312e-02
3.756511122577842199e-02
3.757175499585897055e-02
3.757839763590565402e-02
3.758503915606214996e-02
3.759167956656141174e-02
3.759831887772313586e-02
3.760495709995269331e-02
3.761159424373958227e-02
3.761823031965617209e-02
3.762486533835558700e-02
3.763149931057070685e-02
3.763813224711254346e-02
3.764476415886862382e-02
3.765139505680192844e-02
3.765802495194860156e-02
3.766465385541727107e-02
3.767128177838691833e-02
3.767790873210565689e-02
3.768453472788858838e-02
3.769115977711669230e-02
3.769778389123486229e-02
3.770440708175016448e-02
3.771102936022983909e-02
3.771765073829945469e-02
3.772427122764100693e-02
3.773089083999067728e-02
3.773750958713673748e-02
3.774412748091708625e-02
3.775074453321727169e-02
3.775736075596752145e-02
3.776397616114011285e-02
3.777059076074713861e-02
3.777720456683681532e-02
3.778381759149148506e-02
3.779042984682342426e-02
3.779704134497235968e-02
3.780365209810147842e-02
3.781026211839438184e-02
3.781687141805038094e-02
3.782348000928227594e-02
3.783008790431054147e-02
3.783669511536031510e-02
3.784330165465664420e-02
3.784990753442023237e-02
3.785651276686274186e-02
3.786311736418186691e-02
3.786972133855669165e-02
3.787632470214294389e-02
3.788292746706703462e-02
3.788952964542200569e-02
3.789613124926076437e-02
3.790273229059217680e-02
3.790933278137444129e-02
3.791593273350939847e-02
3.792253215883774342e-02
3.792913106913241295e-02
3.793572947609327034e-02
3.794232739134091592e-02
3.794892482641105264e-02
3.795552179274837984e-02
3.796211830170080626e-02
3.796871436451357967e-02
3.797530999232340276e-02
3.798190519615267380e-02
3.798849998690324165e-02
3.799509437535170120e-02
3.800168837214257245e-02
3.800828198778385264e-02
3.801487523264077822e-02
3.802146811693110640e-02
3.802806065071993868e-02
3.803465284391422535e-02
3.804124470625856735e-02
3.804783624733031056e-02
3.805442747653533381e-02
3.806101840310351092e-02
3.806760903608503999e-02
3.807419938434707801e-02
3.808078945656896697e-02
3.808737926124071416e-02
3.809396880665895380e-02
3.810055810092451839e-02
3.810714715194056523e-02
3.811373596740984249e-02
3.812032455483357896e-02
3.812691292150976324e-02
3.813350107453227639e-02
3.814008902078989960e-02
3.814667676696625875e-02
3.815326431953967867e-02
3.815985168478323863e-02
3.816643886876582015e-02
3.817302587735305758e-02
3.817961271620826796e-02
3.818619939079465758e-02
3.819278590637727872e-02
3.819937226802533337e-02
3.820595848061489330e-02
3.821254454883205032e-02
3.821913047717646200e-02
3.822571626996482119e-02
3.823230193133513727e-02
3.823888746525098969e-02
3.824547287550640606e-02
3.825205816573029605e-02
3.825864333939249518e-02
3.826522839980846247e-02
3.827181335014570585e-02
3.827839819342933325e-02
3.828498293254851970e-02
3.829156757026294655e-02
3.829815210920924085e-02
3.830473655190835131e-02
3.831132090077177949e-02
3.831790515810955255e-02
3.832448932613698178e-02
3.833107340698225368e-02
3.833765740269427097e-02
3.834424131524968860e-02
3.835082514656097674e-02
3.835740889848444912e-02
3.836399257282756270e-02
3.837057617135693904e-02
3.837715969580633713e-02
3.838374314788441100e-02
3.839032652928221073e-02
3.839690984168145360e-02
3.840349308676201112e-02
3.841007626620926430e-02
3.841665938172216660e-02
3.842324243502020370e-02
3.842982542785107480e-02
3.843640836199781197e-02
3.844299123928563572e-02
3.844957406158917845e-02
3.845615683083906250e-02
3.846273954902839493e-02
3.846932221821949827e-02
3.847590484054957960e-02
3.848248741823731556e-02
3.848906995358803568e-02
3.849565244899975230e-02
3.850223490696833006e-02
3.850881733009269003e-02
3.851539972107931309e-02
3.852198208274727753e-02
3.852856441803281101e-02
3.853514672999272528e-02
3.854172902180892646e-02
3.854831129679223839e-02
3.855489355838472021e-02
3.856147581016429460e-02
3.856805805584662128e-02
3.857464029928814320e-02
3.858122254448837635e-02
3.858780479559244248e-02
3.859438705689259563e-02
3.860096933283006099e-02
3.860755162799675566e-02
3.861413394713643366e-02
3.862071629514594873e-02
3.862729867707530296e-02
3.863388109812970067e-02
3.864046356366885454e-02
3.864704607920776969e-02
3.865362865041684082e-02
3.866021128312169264e-02
3.866679398330304107e-02
3.867337675709651978e-02
3.867995961079156997e-02
3.868654255083160687e-02
3.869312558381278466e-02
3.869970871648317073e-02
3.870629195574189219e-02
3.871287530863783827e-02
3.871945878236897343e-02
3.872604238428049156e-02
3.873262612186417764e-02
3.873921000275624971e-02
3.874579403473674133e-02
3.875237822572730195e-02
3.875896258379052384e-02
3.876554711712755508e-02
3.877213183407697550e-02
3.877871674311332562e-02
3.878530185284519149e-02
3.879188717201379616e-02
3.879847270949136895e-02
3.880505847427954957e-02
3.881164447550757707e-02
3.881823072243112405e-02
3.882481722443011790e-02
3.883140399100787343e-02
3.883799103178877526e-02
3.884457835651748681e-02
3.885116597505665348e-02
3.885775389738606311e-02
3.886434213360053652e-02
3.887093069390872013e-02
3.887751958863182311e-02
3.888410882820148712e-02
3.889069842315887732e-02
3.889728838415292683e-02
3.890387872193869223e-02
3.891046944737625024e-02
3.891706057142867159e-02
3.892365210516072344e-02
3.893024405973728730e-02
3.893683644642163821e-02
3.894342927657375858e-02
3.895002256164854099e-02
3.895661631319443513e-02
3.896321054285090818e-02
3.896980526234702924e-02
3.897640048349922115e-02
3.898299621820926902e-02
3.898959247846210674e-02
3.899618927632361731e-02
3.900278662393788509e-02
3.900938453352485735e-02
3.901598301737805446e-02
3.902258208786111432e-02
3.902918175740517637e-02
3.903578203850600892e-02
3.904238294372047724e-02
3.904898448566303248e-02
3.905558667700259612e-02
3.906218953045848680e-02
3.906879305879671499e-02
3.907539727482558373e-02
3.908200219139181669e-02
3.908860782137596468e-02
3.909521417768772877e-02
3.910182127326137375e-02
3.910842912105027408e-02
3.911503773402243839e-02
3.912164712515447257e-02
3.912825730742661851e-02
3.913486829381660620e-02
3.914148009729419286e-02
3.914809273081487628e-02
3.915470620731380247e-02
3.916132053969938881e-02
3.916793574084690560e-02
3.917455182359186328e-02
3.918116880072313596e-02
3.918778668497637646e-02
3.919440548902693167e-02
3.920102522548239710e-02
3.920764590687648293e-02
3.921426754566092326e-02
3.922089015419838454e-02
3.922751374475570013e-02
3.923413832949589064e-02
3.924076392047133599e-02
3.924739052961646879e-02
3.925401816874014849e-02
3.926064684951863920e-02
3.926727658348878186e-02
3.927390738204013243e-02
3.928053925640882793e-02
3.928717221767018264e-02
3.929380627673202675e-02
3.930044144432812137e-02
3.930707773101172614e-02
3.931371514714972898e-02
3.932035370291580428e-02
3.932699340828525736e-02
3.933363427302930676e-02
3.934027630670934583e-02
3.934691951867251569e-02
3.935356391804631371e-02
3.936020951373463139e-02
3.936685631441309147e-02
3.937350432852545351e-02
3.938015356428010982e-02
3.938680402964691435e-02
3.939345573235429609e-02
3.940010867988693460e-02
3.940676287948340073e-02
3.941341833813505335e-02
3.942007506258428384e-02
3.942673305932391237e-02
3.943339233459649401e-02
3.944005289439468653e-02
3.944671474446111159e-02
3.945337789028961067e-02
3.946004233712598064e-02
3.946670808996999985e-02
3.947337515357745436e-02
3.948004353246210851e-02
3.948671323089909813e-02
3.949338425292790028e-02
3.950005660235613586e-02
3.950673028276345533e-02
3.951340529750623637e-02
3.952008164972202475e-02
3.952675934233500915e-02
3.953343837806128080e-02
3.954011875941484955e-02
3.954680048871418024e-02
3.955348356808770921e-02
3.956016799948162271e-02
3.956685378466644198e-02
3.957354092524464212e-02
3.958022942265773669e-02
3.958691927819488893e-02
3.959361049300014201e-02
3.960030306808141193e-02
3.960699700431827286e-02
3.961369230247104023e-02
3.962038896318911124e-02
3.962708698702005483e-02
3.963378637441863916e-02
3.964048712575553302e-02
3.964718924132654837e-02
3.965389272136219528e-02
3.966059756603630693e-02
3.966730377547536546e-02
3.967401134976782096e-02
3.968072028897312586e-02
3.968743059313093596e-02
3.969414226226984643e-02
3.970085529641678018e-02
3.970756969560548799e-02
3.971428545988519437e-02
3.972100258932967365e-02
3.972772108404524355e-02
3.973444094417916128e-02
3.974116216992780448e-02
3.974788476154463707e-02
3.975460871934771712e-02
3.976133404372754476e-02
3.976806073515395945e-02
3.977478879418338414e-02
3.978151822146586136e-02
3.978824901775113859e-02
3.979498118389536432e-02
3.980171472086720119e-02
3.980844962975323142e-02
3.981518591176368138e-02
3.982192356823780616e-02
3.982866260064869129e-02
3.983540301060782551e-02
3.984214479986987467e-02
3.984888797033664387e-02
3.985563252406056772e-02
3.986237846324895695e-02
3.986912579026689885e-02
3.987587450764022018e-02
3.988262461805856807e-02
3.988937612437781777e-02
3.989612902962214741e-02
3.990288333698617518e-02
3.990963904983690913e-02
3.991639617171507254e-02
3.992315470633629737e-02
3.992991465759253289e-02
3.993667602955264934e-02
3.994343882646329835e-02
3.995020305274915584e-02
3.995696871301365055e-02
3.996373581203851305e-02
3.997050435478412961e-02
3.997727434638937566e-02
3.998404579217106070e-02
3.999081869762341479e-02
3.999759306841783879e-02
4.000436891040189819e-02
4.001114622959852513e-02
4.001792503220528985e-02
4.002470532459327657e-02
4.003148711330595938e-02
4.003827040505815449e-02
4.004505520673484753e-02
4.005184152538989600e-02
4.005862936824471088e-02
4.006541874268709086e-02
4.007220965626959175e-02
4.007900211670841623e-02
4.008579613188169993e-02
4.009259170982869963e-02
4.009938885874762132e-02
4.010618758699453779e-02
4.011298790308221590e-02
4.011978981567824315e-02
4.012659333360397984e-02
4.013339846583281745e-02
4.014020522148891573e-02
4.014701360984582884e-02
4.015382364032495099e-02
4.016063532249428136e-02
4.016744866606680731e-02
4.017426368089919986e-02
4.018108037699042595e-02
4.018789876447999981e-02
4.019471885364697683e-02
4.020154065490812167e-02
4.020836417881631930e-02
4.021518943605951329e-02
4.022201643745840910e-02
4.022884519396521807e-02
4.023567571666204074e-02
4.024250801675874345e-02
4.024934210559129311e-02
4.025617799461965463e-02
4.026301569542604236e-02
4.026985521971247761e-02
4.027669657929851960e-02
4.028353978611916297e-02
4.029038485222193738e-02
4.029723178976442333e-02
4.030408061101160844e-02
4.031093132833258458e-02
4.031778395419770983e-02
4.032463850117488230e-02
4.033149498192664661e-02
4.033835340920582935e-02
4.034521379585208345e-02
4.035207615478778737e-02
4.035894049901340291e-02
4.036580684160320093e-02
4.037267519570052199e-02
4.037954557451259308e-02
4.038641799130563564e-02
4.039329245939913410e-02
4.040016899216027774e-02
4.040704760299797943e-02
4.041392830535689429e-02
4.042081111271088323e-02
4.042769603855676103e-02
4.043458309640672599e-02
4.044147229978205249e-02
4.044836366220574270e-02
4.045525719719442193e-02
4.046215291825138588e-02
4.046905083885841276e-02
4.047595097246776963e-02
4.048285333249367068e-02
4.048975793230471382e-02
4.049666478521425639e-02
4.050357390447246325e-02
4.051048530325739722e-02
4.051739899466590134e-02
4.052431499170455059e-02
4.053123330728126278e-02
4.053815395419500117e-02
4.054507694512768379e-02
4.055200229263444811e-02
4.055893000913434604e-02
4.056586010690178129e-02
4.057279259805665617e-02
4.057972749455579509e-02
4.058666480818383382e-02
4.059360455054420586e-02
4.060054673305053125e-02
4.060749136691811645e-02
4.061443846315514195e-02
4.062138803255485597e-02
4.062834008568735888e-02
4.063529463289168586e-02
4.064225168426843782e-02
4.064921124967259269e-02
4.065617333870615024e-02
4.066313796071201192e-02
4.067010512476730566e-02
4.067707483967757109e-02
4.068404711397106271e-02
4.069102195589389265e-02
4.069799937340470158e-02
4.070497937417066198e-02
4.071196196556340491e-02
4.071894715465578657e-02
4.072593494821845350e-02
4.073292535271759440e-02
4.073991837431265722e-02
4.074691401885492670e-02
4.075391229188619902e-02
4.076091319863876100e-02
4.076791674403428684e-02
4.077492293268529522e-02
4.078193176889539223e-02
4.078894325666107545e-02
4.079595739967334378e-02
4.080297420132057706e-02
4.080999366469103412e-02
4.081701579257664136e-02
4.082404058747678144e-02
4.083106805160268554e-02
4.083809818688252657e-02
4.084513099496649841e-02
4.085216647723270006e-02
4.085920463479365827e-02
4.086624546850257944e-02
4.087328897896094770e-02
4.088033516652524874e-02
4.088738403131571969e-02
4.089443557322382239e-02
4.090148979192140960e-02
4.090854668686892681e-02
4.091560625732514750e-02
4.092266850235665859e-02
4.092973342084690880e-02
4.093680101150685285e-02
4.094387127288498518e-02
4.095094420337740126e-02
4.095801980123863623e-02
4.096509806459209396e-02
4.097217899144105918e-02
4.097926257967958452e-02
4.098634882710313482e-02
4.099343773142002240e-02
4.100052929026219706e-02
4.100762350119643157e-02
4.101472036173538227e-02
4.102181986934826108e-02
4.102892202147224998e-02
4.103602681552311754e-02
4.104313424890598805e-02
4.105024431902588172e-02
4.105735702329858794e-02
4.106447235916042132e-02
4.107159032407896315e-02
4.107871091556267173e-02
4.108583413117065236e-02
4.109295996852247584e-02
4.110008842530708112e-02
4.110721949929198316e-02
4.111435318833239760e-02
4.112148949037913032e-02
4.112862840348732035e-02
4.113576992582394787e-02
4.114291405567583465e-02
4.115006079145674261e-02
4.115721013171456943e-02
4.116436207513778089e-02
4.117151662056196815e-02
4.117867376697594700e-02
4.118583351352730904e-02
4.119299585952782006e-02
4.120016080445883244e-02
4.120732834797555255e-02
4.121449848991180775e-02
4.122167123028414731e-02
4.122884656929542285e-02
4.123602450733850067e-02
4.124320504499943973e-02
4.125038818306028809e-02
4.125757392250172656e-02
4.126476226450574714e-02
4.127195321045694365e-02
4.127914676194520405e-02
4.128634292076681367e-02
4.129354168892562099e-02
4.130074306863472378e-02
4.130794706231673274e-02
4.131515367260471527e-02
4.132236290234281295e-02
4.132957475458617913e-02
4.133678923260146465e-02
4.134400633986648477e-02
4.135122608007021222e-02
4.135844845711249274e-02
4.136567347510327480e-02
4.137290113836249172e-02
4.138013145141918037e-02
4.138736441901049584e-02
4.139460004608146171e-02
4.140183833778332545e-02
4.140907929947323235e-02
4.141632293671276832e-02
4.142356925526708561e-02
4.143081826110365379e-02
4.143806996039139934e-02
4.144532435949914440e-02
4.145258146499451041e-02
4.145984128364307852e-02
4.146710382240675202e-02
4.147436908844267384e-02
4.148163708910195674e-02
4.148890783192853843e-02
4.149618132465794640e-02
4.150345757521599344e-02
4.151073659171735514e-02
4.151801838246484133e-02
4.152530295594761972e-02
4.153259032084002239e-02
4.153988048600083804e-02
4.154717346047098747e-02
4.155446925347319048e-02
4.156176787440996057e-02
4.156906933286241140e-02
4.157637363858892460e-02
4.158368080152347046e-02
4.159099083177397044e-02
4.159830373962097871e-02
4.160561953551560055e-02
4.161293823007785470e-02
4.162025983409463337e-02
4.162758435851784955e-02
4.163491181446184186e-02
4.164224221320163288e-02
4.164957556616993850e-02
4.165691188495480868e-02
4.166425118129686578e-02
4.167159346708598083e-02
4.167893875435845635e-02
4.168628705529330014e-02
4.169363838220903340e-02
4.170099274755913188e-02
4.170835016392866745e-02
4.171571064402950640e-02
4.172307420069568812e-02
4.173044084687898420e-02
4.173781059564311835e-02
4.174518346015883286e-02
4.175255945369773375e-02
4.175993858962680216e-02
4.176732088140146237e-02
4.177470634255935067e-02
4.178209498671344585e-02
4.178948682754433236e-02
4.179688187879333772e-02
4.180428015425408095e-02
4.181168166776474959e-02
4.181908643319949548e-02
4.182649446445958763e-02
4.183390577546466232e-02
4.184132038014325150e-02
4.184873829242301974e-02
4.185615952622147307e-02
4.186358409543541881e-02
4.187101201393077926e-02
4.187844329553210704e-02
4.188587795401187835e-02
4.189331600307949488e-02
4.190075745637020233e-02
4.190820232743382862e-02
4.191565062972351513e-02
4.192310237658407324e-02
4.193055758124051430e-02
4.193801625678627437e-02
4.194547841617175810e-02
4.195294407219218868e-02
4.196041323747655427e-02
4.196788592447521504e-02
4.197536214544883570e-02
4.198284191245651303e-02
4.199032523734465283e-02
4.199781213173522237e-02
4.200530260701528656e-02
4.201279667432544773e-02
4.202029434454949974e-02
4.202779562830390864e-02
4.203530053592755694e-02
4.204280907747204310e-02
4.205032126269170334e-02
4.205783710103501438e-02
4.206535660163538554e-02
4.207287977330268630e-02
4.208040662451561359e-02
4.208793716341383689e-02
4.209547139779100389e-02
4.210300933508828031e-02
4.211055098238823680e-02
4.211809634640920758e-02
4.212564543350041935e-02
4.213319824963772386e-02
4.214075480041939298e-02
4.214831509106323898e-02
4.215587912640365864e-02
4.216344691088991931e-02
4.217101844858445192e-02
4.217859374316233756e-02
4.218617279791080088e-02
4.219375561573013300e-02
4.220134219913444784e-02
4.220893255025368052e-02
4.221652667083565513e-02
4.222412456224959587e-02
4.223172622548930499e-02
4.223933166117765925e-02
4.224694086957135608e-02
4.225455385056667984e-02
4.226217060370508066e-02
4.226979112818021744e-02
4.227741542284482734e-02
4.228504348621885123e-02
4.229267531649723300e-02
4.230031091155903727e-02
4.230795026897636590e-02
4.231559338602448178e-02
4.232324025969162046e-02
4.233089088668956501e-02
4.233854526346487318e-02
4.234620338620988245e-02
4.235386525087455473e-02
4.236153085317842515e-02
4.236920018862287696e-02
4.237687325250362458e-02
4.238455003992347425e-02
4.239223054580523731e-02
4.239991476490510142e-02
4.240760269182547448e-02
4.241529432102873753e-02
4.242298964685069923e-02
4.243068866351377283e-02
4.243839136514092336e-02
4.244609774576921235e-02
4.245380779936305804e-02
4.246152151982780787e-02
4.246923890102340116e-02
4.247695993677745585e-02
4.248468462089836917e-02
4.249241294718849454e-02
4.250014490945687451e-02
4.250788050153190417e-02
4.251561971727398082e-02
4.252336255058708492e-02
4.253110899543151302e-02
4.253885904583477873e-02
4.254661269590340883e-02
4.255436993983387900e-02
4.256213077192320948e-02
4.256989518657956773e-02
4.257766317833208691e-02
4.258543474184077471e-02
4.259320987190541585e-02
4.260098856347513396e-02
4.260877081165637126e-02
4.261655661172139564e-02
4.262434595911595431e-02
4.263213884946676774e-02
4.263993527858843391e-02
4.264773524249011738e-02
4.265553873738183593e-02
4.266334575968015047e-02
4.267115630601379939e-02
4.267897037322876397e-02
4.268678795839282725e-02
4.269460905880002877e-02
4.270243367197491813e-02
4.271026179567584402e-02
4.271809342789840980e-02
4.272592856687860291e-02
4.273376721109526516e-02
4.274160935927269478e-02
4.274945501038265872e-02
4.275730416364612041e-02
4.276515681853489126e-02
4.277301297477299064e-02
4.278087263233770754e-02
4.278873579146026673e-02
4.279660245262680018e-02
4.280447261657858299e-02
4.281234628431223460e-02
4.282022345708021843e-02
4.282810413639042552e-02
4.283598832400607043e-02
4.284387602194562883e-02
4.285176723248221992e-02
4.285966195814312762e-02
4.286756020170942594e-02
4.287546196621494499e-02
4.288336725494594492e-02
4.289127607144010285e-02
4.289918841948584666e-02
4.290710430279125881e-02
4.291502372493366524e-02
4.292294668963757970e-02
4.293087320077047797e-02
4.293880326233766309e-02
4.294673687847845589e-02
4.295467405346180267e-02
4.296261479168249353e-02
4.297055909765785248e-02
4.297850697602421943e-02
4.298645843153399426e-02
4.299441346905278488e-02
4.300237209355714518e-02
4.301033431013213948e-02
4.301830012396931635e-02
4.302626954036541107e-02
4.303424256472028475e-02
4.304221920253626515e-02
4.305019945941684911e-02
4.305818334106609191e-02
4.306617085328796196e-02
4.307416200198614653e-02
4.308215679316376029e-02
4.309015523292357430e-02
4.309815732746793970e-02
4.310616308309932893e-02
4.311417250622077285e-02
4.312218560333627021e-02
4.313020238105137738e-02
4.313822284607442270e-02
4.314624700521640238e-02
4.315427486539270135e-02
4.316230643362292674e-02
4.317034171703247603e-02
4.317838072285278689e-02
4.318642345842198943e-02
4.319446993118579436e-02
4.320252014869761792e-02
4.321057411861899122e-02
4.321863184872000441e-02
4.322669334687889026e-02
4.323475862108230872e-02
4.324282767942464606e-02
4.325090053010763325e-02
4.325897718143940918e-02
4.326705764183337577e-02
4.327514191980701141e-02
4.328323002398005992e-02
4.329132196307262231e-02
4.329941774590304743e-02
4.330751738138508694e-02
4.331562087852524473e-02
4.332372824641930742e-02
4.333183949424899983e-02
4.333995463127778003e-02
4.334807366684671759e-02
4.335619661036996253e-02
4.336432347132947174e-02
4.337245425926992970e-02
4.338058898379296147e-02
4.338872765455102642e-02
4.339687028124136065e-02
4.340501687359903799e-02
4.341316744138994793e-02
4.342132199440375262e-02
4.342948054244628875e-02
4.343764309533137274e-02
4.344580966287316104e-02
4.345398025487754584e-02
4.346215488113355091e-02
4.347033355140485222e-02
4.347851627542054925e-02
4.348670306286620685e-02
4.349489392337457794e-02
4.350308886651634011e-02
4.351128790179061012e-02
4.351949103861547236e-02
4.352769828631852800e-02
4.353590965412726388e-02
4.354412515115964333e-02
4.355234478641466234e-02
4.356056856876287797e-02
4.356879650693733924e-02
4.357702860952412938e-02
4.358526488495366447e-02
4.359350534149171452e-02
4.360174998723088946e-02
4.360999883008219447e-02
4.361825187776701557e-02
4.362650913780923012e-02
4.363477061752753933e-02
4.364303632402855015e-02
4.365130626419969767e-02
4.365958044470279187e-02
4.366785887196793225e-02
4.367614155218770694e-02
4.368442849131203010e-02
4.369271969504311126e-02
4.370101516883127812e-02
4.370931491787049400e-02
4.371761894709541574e-02
4.372592726117789652e-02
4.373423986452461276e-02
4.374255676127493386e-02
4.375087795529916668e-02
4.375920345019746610e-02
4.376753324929925915e-02
4.377586735566283554e-02
4.378420577207577102e-02
4.379254850105548935e-02
4.380089554485060155e-02
4.380924690544240468e-02
4.381760258454701906e-02
4.382596258361771968e-02
4.383432690384791997e-02
4.384269554617440529e-02
4.385106851128096894e-02
4.385944579960231182e-02
4.386782741132844166e-02
4.387621334640935677e-02
4.388460360455977843e-02
4.389299818526455621e-02
4.390139708778390687e-02
4.390980031115929855e-02
4.391820785421905043e-02
4.392661971558459860e-02
4.393503589367653284e-02
4.394345638672107063e-02
4.395188119275617034e-02
4.396031030963838682e-02
4.396874373504911643e-02
4.397718146650129306e-02
4.398562350134596621e-02
4.399406983677873334e-02
4.400252046984642895e-02
4.401097539745331411e-02
4.401943461636762672e-02
4.402789812322759067e-02
4.403636591454786198e-02
4.404483798672512163e-02
4.405331433604403601e-02
4.406179495868290524e-02
4.407027985071904075e-02
4.407876900813376825e-02
4.408726242681787477e-02
4.409576010257575118e-02
4.410426203113042287e-02
4.411276820812752575e-02
4.412127862913934467e-02
4.412979328966860210e-02
4.413831218515183730e-02
4.414683531096284808e-02
4.415536266241523039e-02
4.416389423476550780e-02
4.417243002321517842e-02
4.418097002291315051e-02
4.418951422895743553e-02
4.419806263639711880e-02
4.420661524023354605e-02
4.421517203542162100e-02
4.422373301687091557e-02
4.423229817944653725e-02
4.424086751796963562e-02
4.424944102721793671e-02
4.425801870192630494e-02
4.426660053678665302e-02
4.427518652644849007e-02
4.428377666551849834e-02
4.429237094856088020e-02
4.430096937009724012e-02
4.430957192460632799e-02
4.431817860652421948e-02
4.432678941024415648e-02
4.433540433011655402e-02
4.434402336044918069e-02
4.435264649550726967e-02
4.436127372951385178e-02
4.436990505665028978e-02
4.437854047105681266e-02
4.438717996683354261e-02
4.439582353804123749e-02
4.440447117870290061e-02
4.441312288280512693e-02
4.442177864429999040e-02
4.443043845710727136e-02
4.443910231511665615e-02
4.444777021219079721e-02
4.445644214216828982e-02
4.446511809886720401e-02
4.447379807608898422e-02
4.448248206762271673e-02
4.449117006724970930e-02
4.449986206874868150e-02
4.450855806590130886e-02
4.451725805249787810e-02
4.452596202234388595e-02
4.453466996926681853e-02
4.454338188712296531e-02
4.455209776980560005e-02
4.456081761125250257e-02
4.456112206880858545e-02
4.456142559086138932e-02
4.456172811829672148e-02
4.456202959119285462e-02
4.456232994890295396e-02
4.456262913013735172e-02
4.456292707304656403e-02
4.456322371530434950e-02
4.456351899419096901e-02
4.456381284667643161e-02
4.456410520950375431e-02
4.456439601927223576e-02
4.456468521251989723e-02
4.456497272580641628e-02
4.456525849579502652e-02
4.456554245933407044e-02
4.456582455353798322e-02
4.456610471586743699e-02
4.456638288420883970e-02
4.456665899695284871e-02
4.456693299307175338e-02
4.456720481219597629e-02
4.456747439468932565e-02
4.456774168172293604e-02
4.456800661534798119e-02
4.456826913856658245e-02
4.456852919540192637e-02
4.456878673096585641e-02
4.456904169152550721e-02
4.456929402456780154e-02
4.456954367886216406e-02
4.456979060452150032e-02
4.457003475306093448e-02
4.457027607745452091e-02
4.457051453219004755e-02
4.457075007332149397e-02
4.457098265851911628e-02
4.457121224711744351e-02
4.457143880016085913e-02
4.457166228044669165e-02
4.457188265256586263e-02
4.457209988294103670e-02
4.457231393986225976e-02
4.457252479351994645e-02
4.457273241603531416e-02
4.457293678148812471e-02
4.457313786594162275e-02
4.457333564746499693e-02
4.457353010615310029e-02
4.457372122414306193e-02
4.457390898562881704e-02
4.457409337687218143e-02
4.457427438621153204e-02
4.457445200406788544e-02
4.457462622294788152e-02
4.457479703744408189e-02
4.457496444423276333e-02
4.457512844206891478e-02
4.457528903177830626e-02
4.457544621624714293e-02
4.457560000040920734e-02
4.457575039123000404e-02
4.457589739768864218e-02
4.457604103075714364e-02
4.457618130337717699e-02
4.457631823043457786e-02
4.457645182873119782e-02
4.457658211695473410e-02
4.457670911564613758e-02
4.457683284716471017e-02
4.457695333565148826e-02
4.457707060699010043e-02
4.457718468876593204e-02
4.457729561022330533e-02
4.457740340222070968e-02
4.457750809718446366e-02
4.457760972906071179e-02
4.457770833326551302e-02
4.457780394663397872e-02
4.457789660736740517e-02
4.457798635497954576e-02
4.457807323024146062e-02
4.457815727512529774e-02
4.457823853274686665e-02
4.457831704730751826e-02
4.457839286403512957e-02
4.457846602912414469e-02
4.457853658967513705e-02
4.457860459363386513e-02
4.457867008972971057e-02
4.457873312741389427e-02
4.457879375679739409e-02
4.457885202858869605e-02
4.457890799403149695e-02
4.457896170484239307e-02
4.457901321314879789e-02
4.457906257142705414e-02
4.457910983244074699e-02
4.457915504917968341e-02
4.457919827479901731e-02
4.457923956255930437e-02
4.457927896576706350e-02
4.457931653771603914e-02
4.457935233162953204e-02
4.457938640060342406e-02
4.457941879755030617e-02
4.457944957514465428e-02
4.457947878576926787e-02
4.457950648146269401e-02
4.457953271386820571e-02
4.457955753418394590e-02
4.457958099311458422e-02
4.457960314082430597e-02
4.457962402689156362e-02
4.457964370026523682e-02
4.457966220922242317e-02
4.457967960132799140e-02
4.457969592339576514e-02
4.457971122145153869e-02
4.457972554069787596e-02
4.457973892548060257e-02
4.457975141925745594e-02
4.457976306456822024e-02
4.457977390300710968e-02
4.457978397519692798e-02
4.457979332076512924e-02
4.457980197832189101e-02
4.457980998544021356e-02
4.457981737863783017e-02
4.457982419336128238e-02
4.457983046397170218e-02
4.457983622373289101e-02
4.457984150480116814e-02
4.457984633821707177e-02
4.457985075389935686e-02
4.457985478064049878e-02
4.457985844610441034e-02
4.457986177682595613e-02
4.457986479821230558e-02
4.457986753454612483e-02
4.457987000899066299e-02
4.457987224359656608e-02
4.457987425931035641e-02
4.457987607598489638e-02
4.457987771239119157e-02
4.457987918623209506e-02
4.457988051415749664e-02
4.457988171178112885e-02
4.457988279369877460e-02
4.457988377350807080e-02
4.457988466382975523e-02
4.457988547633008614e-02
4.457988622174481608e-02
4.457988690990423442e-02
4.457988754975965306e-02
4.457988814941078737e-02
4.457988871613448312e-02
4.457988925641431094e-02
4.457988977597131253e-02
4.457989027979549629e-02
4.457989077217845708e-02
4.457989125674653719e-02
4.457989173649497955e-02
4.457989221382258754e-02
4.457989269056718273e-02
4.457989316804155527e-02
4.457989364706992086e-02
4.457989412802482176e-02
4.457989461086450667e-02
4.457989509517053944e-02
4.457989558018572024e-02
4.457989606485220774e-02
4.457989654784982186e-02
4.457989702763430484e-02
4.457989750247579736e-02
4.457989797049709269e-02
4.457989842971197408e-02
4.457989887806319135e-02
4.457989931346041657e-02
4.457989973381779741e-02
4.457990013709121901e-02
4.457990052131521885e-02
4.457990088463942291e-02
4.457990122536445443e-02
4.457990154197731536e-02
4.457990183318621263e-02
4.457990209795463510e-02
4.457990233553480591e-02
4.457990254550030229e-02
4.457990272777791196e-02
4.457990288267864309e-02
4.457990301092777663e-02
4.457990311369404435e-02
4.457990319261772444e-02
4.457990324983780728e-02
4.457990328801800239e-02
4.457990331037167686e-02
4.457990332068557243e-02
4.457990332334246797e-02
4.457990332334246797e-02
